TN:
SF:/root/project/include/xlnt/cell/cell_reference.hpp
FNL:0,265,270
FNA:0,91123,_ZNKSt4hashIN4xlnt14cell_referenceEEclERKS1_
FNF:1
FNH:1
BRDA:269,0,0,91123
BRDA:269,e0,1,0
BRDA:269,0,2,91123
BRDA:269,e0,3,0
BRF:4
BRH:2
DA:265,91123
DA:269,91123
LF:2
LH:2
end_of_record
TN:
SF:/root/project/include/xlnt/cell/comment.hpp
FNF:0
FNH:0
LF:0
LH:0
end_of_record
TN:
SF:/root/project/include/xlnt/cell/index_types.hpp
FNL:0,302,306
FNA:0,46353,_ZNKSt4hashIN4xlnt8column_tEEclERKS1_
FNF:1
FNH:1
DA:302,46353
DA:305,46353
LF:2
LH:2
end_of_record
TN:
SF:/root/project/include/xlnt/cell/phonetic_run.hpp
FNF:0
FNH:0
LF:0
LH:0
end_of_record
TN:
SF:/root/project/include/xlnt/cell/rich_text.hpp
FNL:0,167,177
FNA:0,11362,_ZNK4xlnt14rich_text_hashclERKNS_9rich_textE
FNL:1,47,47
FNA:1,12582,_ZN4xlnt9rich_textC2Ev
FNF:2
FNH:2
BRDA:171,0,0,11362
BRDA:171,e0,1,0
BRDA:171,0,2,11383
BRDA:171,e0,3,0
BRDA:171,0,4,11383
BRDA:171,0,5,11362
BRF:6
BRH:4
DA:47,12582
DA:167,11362
DA:169,11362
DA:171,22745
DA:173,11383
DA:174,22745
DA:176,11362
LF:7
LH:7
end_of_record
TN:
SF:/root/project/include/xlnt/cell/rich_text_run.hpp
FNF:0
FNH:0
LF:0
LH:0
end_of_record
TN:
SF:/root/project/include/xlnt/drawing/spreadsheet_drawing.hpp
FNF:0
FNH:0
LF:0
LH:0
end_of_record
TN:
SF:/root/project/include/xlnt/packaging/ext_list.hpp
FNL:0,77,81
FNA:0,0,_ZN4xlnteqERKNS_8ext_list3extES3_
FNF:1
FNH:0
BRDA:80,0,0,-
BRDA:80,0,1,-
BRDA:80,0,2,-
BRDA:80,0,3,-
BRF:4
BRH:0
DA:77,0
DA:79,0
DA:80,0
LF:3
LH:0
end_of_record
TN:
SF:/root/project/include/xlnt/packaging/manifest.hpp
FNF:0
FNH:0
LF:0
LH:0
end_of_record
TN:
SF:/root/project/include/xlnt/packaging/relationship.hpp
FNF:0
FNH:0
LF:0
LH:0
end_of_record
TN:
SF:/root/project/include/xlnt/packaging/uri.hpp
FNF:0
FNH:0
LF:0
LH:0
end_of_record
TN:
SF:/root/project/include/xlnt/styles/alignment.hpp
FNF:0
FNH:0
LF:0
LH:0
end_of_record
TN:
SF:/root/project/include/xlnt/styles/border.hpp
FNF:0
FNH:0
LF:0
LH:0
end_of_record
TN:
SF:/root/project/include/xlnt/styles/color.hpp
FNF:0
FNH:0
LF:0
LH:0
end_of_record
TN:
SF:/root/project/include/xlnt/styles/conditional_format.hpp
FNL:0,56,59
FNA:0,0,_ZNK4xlnt9conditioneqERKS0_
FNF:1
FNH:0
DA:56,0
DA:58,0
LF:2
LH:0
end_of_record
TN:
SF:/root/project/include/xlnt/styles/fill.hpp
FNF:0
FNH:0
LF:0
LH:0
end_of_record
TN:
SF:/root/project/include/xlnt/styles/font.hpp
FNF:0
FNH:0
LF:0
LH:0
end_of_record
TN:
SF:/root/project/include/xlnt/styles/number_format.hpp
FNF:0
FNH:0
LF:0
LH:0
end_of_record
TN:
SF:/root/project/include/xlnt/utils/date.hpp
FNL:0,59,59
FNA:0,0,_ZN4xlnt4dateC2Ev
FNL:1,95,98
FNA:1,100,_ZNK4xlnt4date7is_nullEv
FNF:2
FNH:1
DA:59,0
DA:95,100
DA:97,100
LF:3
LH:2
end_of_record
TN:
SF:/root/project/include/xlnt/utils/exceptions.hpp
FNL:0,111,111
FNA:0,11,_ZN4xlnt19invalid_sheet_titleC2ERKS0_
FNL:1,134,134
FNA:1,1,_ZN4xlnt12invalid_fileC2ERKS0_
FNL:2,157,157
FNA:2,29,_ZN4xlnt17illegal_characterC2ERKS0_
FNL:3,201,201
FNA:3,4,_ZN4xlnt20invalid_column_indexC2ERKS0_
FNL:4,228,228
FNA:4,3,_ZN4xlnt22invalid_cell_referenceC2ERKS0_
FNL:5,250,250
FNA:5,21,_ZN4xlnt17invalid_attributeC2ERKS0_
FNL:6,272,272
FNA:6,9,_ZN4xlnt13key_not_foundC2ERKS0_
FNL:7,50,50
FNA:7,111,_ZN4xlnt9exceptionC2ERKS0_
FNL:8,89,89
FNA:8,8,_ZN4xlnt17invalid_parameterC2ERKS0_
FNF:9
FNH:9
BRDA:50,0,0,111
BRDA:50,e0,1,0
BRF:2
BRH:1
DA:50,111
DA:89,8
DA:111,11
DA:134,1
DA:157,29
DA:201,4
DA:228,3
DA:250,21
DA:272,9
LF:9
LH:9
end_of_record
TN:
SF:/root/project/include/xlnt/utils/numeric.hpp
FNL:0,41,44
FNA:0,12571,_ZN4xlnt6detail3absIdEET_S2_
FNA:0,8,_ZN4xlnt6detail3absIfEET_S2_
FNA:0,3,_ZN4xlnt6detail3absIiEET_S2_
FNL:1,50,53
FNA:1,12568,_ZN4xlnt6detail3maxIddEENSt11common_typeIJT_T0_EE4typeES3_S4_
FNA:1,3,_ZN4xlnt6detail3maxIdiEENSt11common_typeIJT_T0_EE4typeES3_S4_
FNA:1,8,_ZN4xlnt6detail3maxIffEENSt11common_typeIJT_T0_EE4typeES3_S4_
FNA:1,3,_ZN4xlnt6detail3maxIidEENSt11common_typeIJT_T0_EE4typeES3_S4_
FNA:1,6,_ZN4xlnt6detail3maxIiiEENSt11common_typeIJT_T0_EE4typeES3_S4_
FNL:2,59,62
FNA:2,3,_ZN4xlnt6detail3minIdiEENSt11common_typeIJT_T0_EE4typeES3_S4_
FNA:2,3,_ZN4xlnt6detail3minIidEENSt11common_typeIJT_T0_EE4typeES3_S4_
FNA:2,6,_ZN4xlnt6detail3minIiiEENSt11common_typeIJT_T0_EE4typeES3_S4_
FNL:3,75,103
FNA:3,4,_ZN4xlnt6detail12float_equalsIdddEEbRKT0_RKT1_i
FNA:3,9,_ZN4xlnt6detail12float_equalsIddfEEbRKT0_RKT1_i
FNA:3,6266,_ZN4xlnt6detail12float_equalsIfddEEbRKT0_RKT1_i
FNA:3,5,_ZN4xlnt6detail12float_equalsIfdfEEbRKT0_RKT1_i
FNA:3,4,_ZN4xlnt6detail12float_equalsIfffEEbRKT0_RKT1_i
FNF:4
FNH:4
BRDA:43,0,0,21
BRDA:43,0,1,12558
BRDA:52,0,0,99
BRDA:52,0,1,12489
BRDA:61,0,0,6
BRDA:61,0,1,6
BRDA:87,0,0,6288
BRDA:87,0,1,0
BRDA:87,0,2,0
BRDA:87,0,3,6288
BRDA:87,0,4,0
BRDA:87,0,5,6288
BRDA:102,0,0,6274
BRDA:102,0,1,14
BRDA:102,0,2,6267
BRDA:102,0,3,7
BRF:16
BRH:13
DA:41,12582
DA:43,12582
DA:50,12588
DA:52,12588
DA:59,12
DA:61,12
DA:75,6288
DA:87,6288
DA:89,0
DA:94,6288
DA:99,6288
DA:102,6288
LF:12
LH:11
end_of_record
TN:
SF:/root/project/include/xlnt/utils/optional.hpp
FNL:0,105,112
FNA:0,1,_ZN4xlnt8optionalIN12_GLOBAL__N_111alive_countEEC2ERKS3_
FNA:0,96,_ZN4xlnt8optionalINS_10paper_sizeEEC2ERKS2_
FNA:0,96,_ZN4xlnt8optionalINS_11orientationEEC2ERKS2_
FNA:0,155,_ZN4xlnt8optionalINS_11phonetic_pr13phonetic_typeEEC2ERKS3_
FNA:0,155,_ZN4xlnt8optionalINS_11phonetic_pr5alignEEC2ERKS3_
FNA:0,38574,_ZN4xlnt8optionalINS_12border_styleEEC2ERKS2_
FNA:0,717,_ZN4xlnt8optionalINS_14cell_referenceEEC2ERKS2_
FNA:0,854,_ZN4xlnt8optionalINS_18diagonal_directionEEC2ERKS2_
FNA:0,243,_ZN4xlnt8optionalINS_18vertical_alignmentEEC2ERKS2_
FNA:0,193,_ZN4xlnt8optionalINS_20horizontal_alignmentEEC2ERKS2_
FNA:0,40061,_ZN4xlnt8optionalINS_4fontEEC2ERKS2_
FNA:0,421,_ZN4xlnt8optionalINS_4paneEEC2ERKS2_
FNA:0,60802,_ZN4xlnt8optionalINS_5colorEEC2ERKS2_
FNA:0,30298,_ZN4xlnt8optionalINS_6border15border_propertyEEC2ERKS3_
FNA:0,11502,_ZN4xlnt8optionalINS_6detail14hyperlink_implEEC2ERKS3_
FNA:0,19582,_ZN4xlnt8optionalINSt7__cxx1112basic_stringIcSt11char_traitsIcESaIcEEEEC2ERKS7_
FNA:0,11502,_ZN4xlnt8optionalIPNS_6detail11format_implEEC2ERKS4_
FNA:0,11502,_ZN4xlnt8optionalIPNS_7commentEEC2ERKS3_
FNA:0,10,_ZN4xlnt8optionalISt4pairINS_8column_tES2_EEC2ERKS4_
FNA:0,10,_ZN4xlnt8optionalISt4pairIjjEEC2ERKS3_
FNA:0,27217,_ZN4xlnt8optionalIbEC2ERKS1_
FNA:0,19091,_ZN4xlnt8optionalIdEC2ERKS1_
FNA:0,1212,_ZN4xlnt8optionalIiEC2ERKS1_
FNA:0,32546,_ZN4xlnt8optionalImEC2ERKS1_
FNL:1,118,126
FNA:1,1,_ZN4xlnt8optionalIN12_GLOBAL__N_111alive_countEEC2EOS3_
FNA:1,10,_ZN4xlnt8optionalINS_12border_styleEEC2EOS2_
FNA:1,12,_ZN4xlnt8optionalINS_14cell_referenceEEC2EOS2_
FNA:1,184,_ZN4xlnt8optionalINS_18diagonal_directionEEC2EOS2_
FNA:1,655,_ZN4xlnt8optionalINS_18vertical_alignmentEEC2EOS2_
FNA:1,655,_ZN4xlnt8optionalINS_20horizontal_alignmentEEC2EOS2_
FNA:1,42,_ZN4xlnt8optionalINS_4fontEEC2EOS2_
FNA:1,0,_ZN4xlnt8optionalINS_4paneEEC2EOS2_
FNA:1,2609,_ZN4xlnt8optionalINS_5colorEEC2EOS2_
FNA:1,1288,_ZN4xlnt8optionalINS_6border15border_propertyEEC2EOS3_
FNA:1,2046,_ZN4xlnt8optionalINS_6detail14hyperlink_implEEC2EOS3_
FNA:1,102,_ZN4xlnt8optionalINS_9rich_textEEC2EOS2_
FNA:1,11404,_ZN4xlnt8optionalINSt7__cxx1112basic_stringIcSt11char_traitsIcESaIcEEEEC2EOS7_
FNA:1,2046,_ZN4xlnt8optionalIPNS_6detail11format_implEEC2EOS4_
FNA:1,2046,_ZN4xlnt8optionalIPNS_7commentEEC2EOS3_
FNA:1,17920,_ZN4xlnt8optionalIbEC2EOS1_
FNA:1,15019,_ZN4xlnt8optionalIdEC2EOS1_
FNA:1,1312,_ZN4xlnt8optionalIiEC2EOS1_
FNA:1,21047,_ZN4xlnt8optionalImEC2EOS1_
FNL:2,132,143
FNA:2,1,_ZN4xlnt8optionalIN12_GLOBAL__N_111alive_countEEaSERKS3_
FNA:2,296,_ZN4xlnt8optionalINS_10page_setupEEaSERKS2_
FNA:2,0,_ZN4xlnt8optionalINS_10paper_sizeEEaSERKS2_
FNA:2,0,_ZN4xlnt8optionalINS_11orientationEEaSERKS2_
FNA:2,0,_ZN4xlnt8optionalINS_11phonetic_pr13phonetic_typeEEaSERKS3_
FNA:2,0,_ZN4xlnt8optionalINS_11phonetic_pr5alignEEaSERKS3_
FNA:2,18278,_ZN4xlnt8optionalINS_11phonetic_prEEaSERKS2_
FNA:2,0,_ZN4xlnt8optionalINS_12border_styleEEaSERKS2_
FNA:2,296,_ZN4xlnt8optionalINS_12page_marginsEEaSERKS2_
FNA:2,296,_ZN4xlnt8optionalINS_13header_footerEEaSERKS2_
FNA:2,296,_ZN4xlnt8optionalINS_13print_optionsEEaSERKS2_
FNA:2,196,_ZN4xlnt8optionalINS_13workbook_viewEEaSERKS2_
FNA:2,0,_ZN4xlnt8optionalINS_14cell_referenceEEaSERKS2_
FNA:2,592,_ZN4xlnt8optionalINS_15range_referenceEEaSERKS2_
FNA:2,0,_ZN4xlnt8optionalINS_4fontEEaSERKS2_
FNA:2,0,_ZN4xlnt8optionalINS_4paneEEaSERKS2_
FNA:2,5,_ZN4xlnt8optionalINS_5colorEEaSERKS2_
FNA:2,196,_ZN4xlnt8optionalINS_5themeEEaSERKS2_
FNA:2,196,_ZN4xlnt8optionalINS_6detail13workbook_impl14file_version_tEEaSERKS4_
FNA:2,41,_ZN4xlnt8optionalINS_6detail14hyperlink_implEEaSERKS3_
FNA:2,296,_ZN4xlnt8optionalINS_8ext_listEEaSERKS2_
FNA:2,296,_ZN4xlnt8optionalINS_8sheet_prEEaSERKS2_
FNA:2,567,_ZN4xlnt8optionalINSt7__cxx1112basic_stringIcSt11char_traitsIcESaIcEEEEaSERKS7_
FNA:2,41,_ZN4xlnt8optionalIPNS_6detail11format_implEEaSERKS4_
FNA:2,40,_ZN4xlnt8optionalIPNS_7commentEEaSERKS3_
FNA:2,296,_ZN4xlnt8optionalISt4pairINS_8column_tES2_EEaSERKS4_
FNA:2,296,_ZN4xlnt8optionalISt4pairIjjEEaSERKS3_
FNA:2,10687,_ZN4xlnt8optionalIbEaSERKS1_
FNA:2,44771,_ZN4xlnt8optionalIdEaSERKS1_
FNA:2,4,_ZN4xlnt8optionalIiEaSERKS1_
FNA:2,52653,_ZN4xlnt8optionalImEaSERKS1_
FNL:3,149,161
FNA:3,1,_ZN4xlnt8optionalIN12_GLOBAL__N_111alive_countEEaSEOS3_
FNA:3,0,_ZN4xlnt8optionalINS_12border_styleEEaSEOS2_
FNA:3,0,_ZN4xlnt8optionalINS_18diagonal_directionEEaSEOS2_
FNA:3,0,_ZN4xlnt8optionalINS_18vertical_alignmentEEaSEOS2_
FNA:3,0,_ZN4xlnt8optionalINS_20horizontal_alignmentEEaSEOS2_
FNA:3,12,_ZN4xlnt8optionalINS_4fontEEaSEOS2_
FNA:3,921,_ZN4xlnt8optionalINS_5colorEEaSEOS2_
FNA:3,0,_ZN4xlnt8optionalINS_6border15border_propertyEEaSEOS3_
FNA:3,0,_ZN4xlnt8optionalINS_9rich_textEEaSEOS2_
FNA:3,38,_ZN4xlnt8optionalINSt7__cxx1112basic_stringIcSt11char_traitsIcESaIcEEEEaSEOS7_
FNA:3,0,_ZN4xlnt8optionalIbEaSEOS1_
FNA:3,1345,_ZN4xlnt8optionalIdEaSEOS1_
FNA:3,2,_ZN4xlnt8optionalIiEaSEOS1_
FNA:3,4990,_ZN4xlnt8optionalImEaSEOS1_
FNL:4,166,169
FNA:4,3,_ZN4xlnt8optionalI2tmED2Ev
FNA:4,1,_ZN4xlnt8optionalIN12_GLOBAL__N_110no_defaultEED2Ev
FNA:4,9,_ZN4xlnt8optionalIN12_GLOBAL__N_111alive_countEED2Ev
FNA:4,1,_ZN4xlnt8optionalIN12_GLOBAL__N_111convertibleEED2Ev
FNA:4,705,_ZN4xlnt8optionalINS_10page_setupEED2Ev
FNA:4,123,_ZN4xlnt8optionalINS_10paper_sizeEED2Ev
FNA:4,123,_ZN4xlnt8optionalINS_11orientationEED2Ev
FNA:4,202,_ZN4xlnt8optionalINS_11phonetic_pr13phonetic_typeEED2Ev
FNA:4,202,_ZN4xlnt8optionalINS_11phonetic_pr5alignEED2Ev
FNA:4,41446,_ZN4xlnt8optionalINS_11phonetic_prEED2Ev
FNA:4,40735,_ZN4xlnt8optionalINS_12border_styleEED2Ev
FNA:4,705,_ZN4xlnt8optionalINS_12page_marginsEED2Ev
FNA:4,705,_ZN4xlnt8optionalINS_13header_footerEED2Ev
FNA:4,705,_ZN4xlnt8optionalINS_13print_optionsEED2Ev
FNA:4,445,_ZN4xlnt8optionalINS_13workbook_viewEED2Ev
FNA:4,1208,_ZN4xlnt8optionalINS_14cell_referenceEED2Ev
FNA:4,1410,_ZN4xlnt8optionalINS_15range_referenceEED2Ev
FNA:4,1472,_ZN4xlnt8optionalINS_18diagonal_directionEED2Ev
FNA:4,1374,_ZN4xlnt8optionalINS_18vertical_alignmentEED2Ev
FNA:4,1324,_ZN4xlnt8optionalINS_20horizontal_alignmentEED2Ev
FNA:4,445,_ZN4xlnt8optionalINS_22calculation_propertiesEED2Ev
FNA:4,51326,_ZN4xlnt8optionalINS_4fontEED2Ev
FNA:4,782,_ZN4xlnt8optionalINS_4paneEED2Ev
FNA:4,46558,_ZN4xlnt8optionalINS_5colorEED2Ev
FNA:4,445,_ZN4xlnt8optionalINS_5themeEED2Ev
FNA:4,34624,_ZN4xlnt8optionalINS_6border15border_propertyEED2Ev
FNA:4,445,_ZN4xlnt8optionalINS_6detail10stylesheetEED2Ev
FNA:4,445,_ZN4xlnt8optionalINS_6detail13workbook_impl14file_version_tEED2Ev
FNA:4,25220,_ZN4xlnt8optionalINS_6detail14hyperlink_implEED2Ev
FNA:4,705,_ZN4xlnt8optionalINS_7drawing19spreadsheet_drawingEED2Ev
FNA:4,1150,_ZN4xlnt8optionalINS_8ext_listEED2Ev
FNA:4,705,_ZN4xlnt8optionalINS_8sheet_prEED2Ev
FNA:4,204,_ZN4xlnt8optionalINS_9rich_textEED2Ev
FNA:4,50426,_ZN4xlnt8optionalINSt7__cxx1112basic_stringIcSt11char_traitsIcESaIcEEEED2Ev
FNA:4,25220,_ZN4xlnt8optionalIPNS_6detail11format_implEED2Ev
FNA:4,25220,_ZN4xlnt8optionalIPNS_7commentEED2Ev
FNA:4,715,_ZN4xlnt8optionalISt4pairINS_8column_tES2_EED2Ev
FNA:4,715,_ZN4xlnt8optionalISt4pairIjjEED2Ev
FNA:4,108,_ZN4xlnt8optionalISt5arrayINS0_INS_9rich_textEEELm3EEED2Ev
FNA:4,54771,_ZN4xlnt8optionalIbED2Ev
FNA:4,121035,_ZN4xlnt8optionalIdED2Ev
FNA:4,4164,_ZN4xlnt8optionalIiED2Ev
FNA:4,177526,_ZN4xlnt8optionalImED2Ev
FNL:5,175,178
FNA:5,3,_ZNK4xlnt8optionalI2tmE6is_setEv
FNA:5,1,_ZNK4xlnt8optionalIN12_GLOBAL__N_111convertibleEE6is_setEv
FNA:5,244,_ZNK4xlnt8optionalINS_10page_setupEE6is_setEv
FNA:5,9,_ZNK4xlnt8optionalINS_10paper_sizeEE6is_setEv
FNA:5,9,_ZNK4xlnt8optionalINS_11orientationEE6is_setEv
FNA:5,8,_ZNK4xlnt8optionalINS_11phonetic_pr13phonetic_typeEE6is_setEv
FNA:5,8,_ZNK4xlnt8optionalINS_11phonetic_pr5alignEE6is_setEv
FNA:5,509,_ZNK4xlnt8optionalINS_11phonetic_prEE6is_setEv
FNA:5,11970,_ZNK4xlnt8optionalINS_12border_styleEE6is_setEv
FNA:5,57,_ZNK4xlnt8optionalINS_12page_marginsEE6is_setEv
FNA:5,57,_ZNK4xlnt8optionalINS_13header_footerEE6is_setEv
FNA:5,56,_ZNK4xlnt8optionalINS_13print_optionsEE6is_setEv
FNA:5,196,_ZNK4xlnt8optionalINS_13workbook_viewEE6is_setEv
FNA:5,93,_ZNK4xlnt8optionalINS_14cell_referenceEE6is_setEv
FNA:5,174,_ZNK4xlnt8optionalINS_15range_referenceEE6is_setEv
FNA:5,88,_ZNK4xlnt8optionalINS_18diagonal_directionEE6is_setEv
FNA:5,143,_ZNK4xlnt8optionalINS_18vertical_alignmentEE6is_setEv
FNA:5,143,_ZNK4xlnt8optionalINS_20horizontal_alignmentEE6is_setEv
FNA:5,47,_ZNK4xlnt8optionalINS_22calculation_propertiesEE6is_setEv
FNA:5,589,_ZNK4xlnt8optionalINS_4fontEE6is_setEv
FNA:5,64,_ZNK4xlnt8optionalINS_4paneEE6is_setEv
FNA:5,22995,_ZNK4xlnt8optionalINS_5colorEE6is_setEv
FNA:5,1,_ZNK4xlnt8optionalINS_5themeEE6is_setEv
FNA:5,16811,_ZNK4xlnt8optionalINS_6border15border_propertyEE6is_setEv
FNA:5,56,_ZNK4xlnt8optionalINS_6detail10stylesheetEE6is_setEv
FNA:5,47,_ZNK4xlnt8optionalINS_6detail13workbook_impl14file_version_tEE6is_setEv
FNA:5,11229,_ZNK4xlnt8optionalINS_6detail14hyperlink_implEE6is_setEv
FNA:5,5,_ZNK4xlnt8optionalINS_7drawing19spreadsheet_drawingEE6is_setEv
FNA:5,56,_ZNK4xlnt8optionalINS_8ext_listEE6is_setEv
FNA:5,56,_ZNK4xlnt8optionalINS_8sheet_prEE6is_setEv
FNA:5,102,_ZNK4xlnt8optionalINS_9rich_textEE6is_setEv
FNA:5,22581,_ZNK4xlnt8optionalINSt7__cxx1112basic_stringIcSt11char_traitsIcESaIcEEEE6is_setEv
FNA:5,13799,_ZNK4xlnt8optionalIPNS_6detail11format_implEE6is_setEv
FNA:5,11329,_ZNK4xlnt8optionalIPNS_7commentEE6is_setEv
FNA:5,65,_ZNK4xlnt8optionalISt4pairINS_8column_tES2_EE6is_setEv
FNA:5,61,_ZNK4xlnt8optionalISt4pairIjjEE6is_setEv
FNA:5,108,_ZNK4xlnt8optionalISt5arrayINS0_INS_9rich_textEEELm3EEE6is_setEv
FNA:5,3450,_ZNK4xlnt8optionalIbE6is_setEv
FNA:5,59333,_ZNK4xlnt8optionalIdE6is_setEv
FNA:5,382,_ZNK4xlnt8optionalIiE6is_setEv
FNA:5,226488,_ZNK4xlnt8optionalImE6is_setEv
FNL:6,183,201
FNA:6,3,_ZN4xlnt8optionalI2tmE3setERKS1_
FNA:6,1,_ZN4xlnt8optionalIN12_GLOBAL__N_111alive_countEE3setERKS2_
FNA:6,25,_ZN4xlnt8optionalINS_10page_setupEE3setERKS1_
FNA:6,18,_ZN4xlnt8optionalINS_10paper_sizeEE3setERKS1_
FNA:6,0,_ZN4xlnt8optionalINS_11orientationEE3setERKS1_
FNA:6,43,_ZN4xlnt8optionalINS_11phonetic_pr13phonetic_typeEE3setERKS2_
FNA:6,1,_ZN4xlnt8optionalINS_11phonetic_pr5alignEE3setERKS2_
FNA:6,155,_ZN4xlnt8optionalINS_11phonetic_prEE3setERKS1_
FNA:6,259,_ZN4xlnt8optionalINS_12border_styleEE3setERKS1_
FNA:6,357,_ZN4xlnt8optionalINS_12page_marginsEE3setERKS1_
FNA:6,18,_ZN4xlnt8optionalINS_13header_footerEE3setERKS1_
FNA:6,12,_ZN4xlnt8optionalINS_13print_optionsEE3setERKS1_
FNA:6,334,_ZN4xlnt8optionalINS_13workbook_viewEE3setERKS1_
FNA:6,83,_ZN4xlnt8optionalINS_14cell_referenceEE3setERKS1_
FNA:6,2,_ZN4xlnt8optionalINS_15range_referenceEE3setERKS1_
FNA:6,1,_ZN4xlnt8optionalINS_18diagonal_directionEE3setERKS1_
FNA:6,399,_ZN4xlnt8optionalINS_18vertical_alignmentEE3setERKS1_
FNA:6,114,_ZN4xlnt8optionalINS_20horizontal_alignmentEE3setERKS1_
FNA:6,331,_ZN4xlnt8optionalINS_22calculation_propertiesEE3setERKS1_
FNA:6,6,_ZN4xlnt8optionalINS_4fontEE3setERKS1_
FNA:6,10,_ZN4xlnt8optionalINS_4paneEE3setERKS1_
FNA:6,1716,_ZN4xlnt8optionalINS_5colorEE3setERKS1_
FNA:6,323,_ZN4xlnt8optionalINS_5themeEE3setERKS1_
FNA:6,2151,_ZN4xlnt8optionalINS_6border15border_propertyEE3setERKS2_
FNA:6,328,_ZN4xlnt8optionalINS_6detail13workbook_impl14file_version_tEE3setERKS3_
FNA:6,7,_ZN4xlnt8optionalINS_6detail14hyperlink_implEE3setERKS2_
FNA:6,3,_ZN4xlnt8optionalINS_7drawing19spreadsheet_drawingEE3setERKS2_
FNA:6,4,_ZN4xlnt8optionalINS_8ext_listEE3setERKS1_
FNA:6,24,_ZN4xlnt8optionalINS_8sheet_prEE3setERKS1_
FNA:6,50,_ZN4xlnt8optionalINS_9rich_textEE3setERKS1_
FNA:6,3443,_ZN4xlnt8optionalINSt7__cxx1112basic_stringIcSt11char_traitsIcESaIcEEEE3setERKS6_
FNA:6,349,_ZN4xlnt8optionalIPNS_6detail11format_implEE3setERKS3_
FNA:6,0,_ZN4xlnt8optionalIPNS_7commentEE3setERKS2_
FNA:6,0,_ZN4xlnt8optionalISt4pairINS_8column_tES2_EE3setERKS3_
FNA:6,0,_ZN4xlnt8optionalISt4pairIjjEE3setERKS2_
FNA:6,2225,_ZN4xlnt8optionalIbE3setERKb
FNA:6,88447,_ZN4xlnt8optionalIdE3setERKd
FNA:6,81,_ZN4xlnt8optionalIiE3setERKi
FNA:6,138366,_ZN4xlnt8optionalImE3setERKm
FNL:7,206,228
FNA:7,3,_ZN4xlnt8optionalIN12_GLOBAL__N_111alive_countEE3setEOS2_
FNA:7,26,_ZN4xlnt8optionalINS_11orientationEE3setEOS1_
FNA:7,0,_ZN4xlnt8optionalINS_12border_styleEE3setEOS1_
FNA:7,3,_ZN4xlnt8optionalINS_14cell_referenceEE3setEOS1_
FNA:7,2,_ZN4xlnt8optionalINS_15range_referenceEE3setEOS1_
FNA:7,0,_ZN4xlnt8optionalINS_18diagonal_directionEE3setEOS1_
FNA:7,0,_ZN4xlnt8optionalINS_18vertical_alignmentEE3setEOS1_
FNA:7,0,_ZN4xlnt8optionalINS_20horizontal_alignmentEE3setEOS1_
FNA:7,91,_ZN4xlnt8optionalINS_4fontEE3setEOS1_
FNA:7,876,_ZN4xlnt8optionalINS_5colorEE3setEOS1_
FNA:7,0,_ZN4xlnt8optionalINS_6border15border_propertyEE3setEOS2_
FNA:7,335,_ZN4xlnt8optionalINS_6detail10stylesheetEE3setEOS2_
FNA:7,44,_ZN4xlnt8optionalINS_6detail14hyperlink_implEE3setEOS2_
FNA:7,0,_ZN4xlnt8optionalINS_9rich_textEE3setEOS1_
FNA:7,93,_ZN4xlnt8optionalINSt7__cxx1112basic_stringIcSt11char_traitsIcESaIcEEEE3setEOS6_
FNA:7,850,_ZN4xlnt8optionalIPNS_6detail11format_implEE3setEOS3_
FNA:7,34,_ZN4xlnt8optionalIPNS_7commentEE3setEOS2_
FNA:7,2,_ZN4xlnt8optionalISt4pairINS_8column_tES2_EE3setEOS3_
FNA:7,2,_ZN4xlnt8optionalISt4pairIjjEE3setEOS2_
FNA:7,34,_ZN4xlnt8optionalISt5arrayINS0_INS_9rich_textEEELm3EEE3setEOS4_
FNA:7,3241,_ZN4xlnt8optionalIbE3setEOb
FNA:7,2137,_ZN4xlnt8optionalIdE3setEOd
FNA:7,659,_ZN4xlnt8optionalIiE3setEOi
FNA:7,14644,_ZN4xlnt8optionalImE3setEOm
FNL:8,233,237
FNA:8,3,_ZN4xlnt8optionalI2tmEaSERKS1_
FNA:8,25,_ZN4xlnt8optionalINS_10page_setupEEaSERKS1_
FNA:8,18,_ZN4xlnt8optionalINS_10paper_sizeEEaSERKS1_
FNA:8,259,_ZN4xlnt8optionalINS_12border_styleEEaSERKS1_
FNA:8,353,_ZN4xlnt8optionalINS_12page_marginsEEaSERKS1_
FNA:8,18,_ZN4xlnt8optionalINS_13header_footerEEaSERKS1_
FNA:8,333,_ZN4xlnt8optionalINS_13workbook_viewEEaSERKS1_
FNA:8,68,_ZN4xlnt8optionalINS_14cell_referenceEEaSERKS1_
FNA:8,2,_ZN4xlnt8optionalINS_15range_referenceEEaSERKS1_
FNA:8,1,_ZN4xlnt8optionalINS_18diagonal_directionEEaSERKS1_
FNA:8,399,_ZN4xlnt8optionalINS_18vertical_alignmentEEaSERKS1_
FNA:8,114,_ZN4xlnt8optionalINS_20horizontal_alignmentEEaSERKS1_
FNA:8,331,_ZN4xlnt8optionalINS_22calculation_propertiesEEaSERKS1_
FNA:8,6,_ZN4xlnt8optionalINS_4fontEEaSERKS1_
FNA:8,10,_ZN4xlnt8optionalINS_4paneEEaSERKS1_
FNA:8,1715,_ZN4xlnt8optionalINS_5colorEEaSERKS1_
FNA:8,322,_ZN4xlnt8optionalINS_5themeEEaSERKS1_
FNA:8,2151,_ZN4xlnt8optionalINS_6border15border_propertyEEaSERKS2_
FNA:8,327,_ZN4xlnt8optionalINS_6detail13workbook_impl14file_version_tEEaSERKS3_
FNA:8,7,_ZN4xlnt8optionalINS_6detail14hyperlink_implEEaSERKS2_
FNA:8,3,_ZN4xlnt8optionalINS_7drawing19spreadsheet_drawingEEaSERKS2_
FNA:8,50,_ZN4xlnt8optionalINS_9rich_textEEaSERKS1_
FNA:8,3430,_ZN4xlnt8optionalINSt7__cxx1112basic_stringIcSt11char_traitsIcESaIcEEEEaSERKS6_
FNA:8,349,_ZN4xlnt8optionalIPNS_6detail11format_implEEaSERKS3_
FNA:8,44803,_ZN4xlnt8optionalIdEaSERKd
FNA:8,72,_ZN4xlnt8optionalIiEaSERKi
FNA:8,89318,_ZN4xlnt8optionalImEaSERKm
FNL:9,242,246
FNA:9,3,_ZN4xlnt8optionalINS_14cell_referenceEEaSEOS1_
FNA:9,2,_ZN4xlnt8optionalINS_15range_referenceEEaSEOS1_
FNA:9,91,_ZN4xlnt8optionalINS_4fontEEaSEOS1_
FNA:9,335,_ZN4xlnt8optionalINS_6detail10stylesheetEEaSEOS2_
FNA:9,44,_ZN4xlnt8optionalINS_6detail14hyperlink_implEEaSEOS2_
FNA:9,57,_ZN4xlnt8optionalINSt7__cxx1112basic_stringIcSt11char_traitsIcESaIcEEEEaSEOS6_
FNA:9,850,_ZN4xlnt8optionalIPNS_6detail11format_implEEaSEOS3_
FNA:9,2,_ZN4xlnt8optionalISt4pairINS_8column_tES2_EEaSEOS3_
FNA:9,2,_ZN4xlnt8optionalISt4pairIjjEEaSEOS2_
FNA:9,34,_ZN4xlnt8optionalISt5arrayINS0_INS_9rich_textEEELm3EEEaSEOS4_
FNA:9,3174,_ZN4xlnt8optionalIbEaSEOb
FNA:9,2137,_ZN4xlnt8optionalIdEaSEOd
FNA:9,658,_ZN4xlnt8optionalIiEaSEOi
FNA:9,9669,_ZN4xlnt8optionalImEaSEOm
FNL:10,251,258
FNA:10,3,_ZN4xlnt8optionalI2tmE5clearEv
FNA:10,1,_ZN4xlnt8optionalIN12_GLOBAL__N_110no_defaultEE5clearEv
FNA:10,12,_ZN4xlnt8optionalIN12_GLOBAL__N_111alive_countEE5clearEv
FNA:10,1,_ZN4xlnt8optionalIN12_GLOBAL__N_111convertibleEE5clearEv
FNA:10,1001,_ZN4xlnt8optionalINS_10page_setupEE5clearEv
FNA:10,123,_ZN4xlnt8optionalINS_10paper_sizeEE5clearEv
FNA:10,123,_ZN4xlnt8optionalINS_11orientationEE5clearEv
FNA:10,202,_ZN4xlnt8optionalINS_11phonetic_pr13phonetic_typeEE5clearEv
FNA:10,202,_ZN4xlnt8optionalINS_11phonetic_pr5alignEE5clearEv
FNA:10,79144,_ZN4xlnt8optionalINS_11phonetic_prEE5clearEv
FNA:10,40735,_ZN4xlnt8optionalINS_12border_styleEE5clearEv
FNA:10,997,_ZN4xlnt8optionalINS_12page_marginsEE5clearEv
FNA:10,1001,_ZN4xlnt8optionalINS_13header_footerEE5clearEv
FNA:10,1001,_ZN4xlnt8optionalINS_13print_optionsEE5clearEv
FNA:10,640,_ZN4xlnt8optionalINS_13workbook_viewEE5clearEv
FNA:10,1220,_ZN4xlnt8optionalINS_14cell_referenceEE5clearEv
FNA:10,2002,_ZN4xlnt8optionalINS_15range_referenceEE5clearEv
FNA:10,1472,_ZN4xlnt8optionalINS_18diagonal_directionEE5clearEv
FNA:10,1920,_ZN4xlnt8optionalINS_18vertical_alignmentEE5clearEv
FNA:10,1460,_ZN4xlnt8optionalINS_20horizontal_alignmentEE5clearEv
FNA:10,540,_ZN4xlnt8optionalINS_22calculation_propertiesEE5clearEv
FNA:10,51379,_ZN4xlnt8optionalINS_4fontEE5clearEv
FNA:10,784,_ZN4xlnt8optionalINS_4paneEE5clearEv
FNA:10,47520,_ZN4xlnt8optionalINS_5colorEE5clearEv
FNA:10,640,_ZN4xlnt8optionalINS_5themeEE5clearEv
FNA:10,34634,_ZN4xlnt8optionalINS_6border15border_propertyEE5clearEv
FNA:10,640,_ZN4xlnt8optionalINS_6detail10stylesheetEE5clearEv
FNA:10,640,_ZN4xlnt8optionalINS_6detail13workbook_impl14file_version_tEE5clearEv
FNA:10,25261,_ZN4xlnt8optionalINS_6detail14hyperlink_implEE5clearEv
FNA:10,705,_ZN4xlnt8optionalINS_7drawing19spreadsheet_drawingEE5clearEv
FNA:10,1446,_ZN4xlnt8optionalINS_8ext_listEE5clearEv
FNA:10,1001,_ZN4xlnt8optionalINS_8sheet_prEE5clearEv
FNA:10,254,_ZN4xlnt8optionalINS_9rich_textEE5clearEv
FNA:10,53480,_ZN4xlnt8optionalINSt7__cxx1112basic_stringIcSt11char_traitsIcESaIcEEEE5clearEv
FNA:10,25263,_ZN4xlnt8optionalIPNS_6detail11format_implEE5clearEv
FNA:10,25261,_ZN4xlnt8optionalIPNS_7commentEE5clearEv
FNA:10,1011,_ZN4xlnt8optionalISt4pairINS_8column_tES2_EE5clearEv
FNA:10,1011,_ZN4xlnt8optionalISt4pairIjjEE5clearEv
FNA:10,108,_ZN4xlnt8optionalISt5arrayINS0_INS_9rich_textEEELm3EEE5clearEv
FNA:10,60777,_ZN4xlnt8optionalIbE5clearEv
FNA:10,130527,_ZN4xlnt8optionalIdE5clearEv
FNA:10,4200,_ZN4xlnt8optionalIiE5clearEv
FNA:10,186216,_ZN4xlnt8optionalImE5clearEv
FNL:11,264,272
FNA:11,9,_ZN4xlnt8optionalI2tmE3getEv
FNA:11,1,_ZN4xlnt8optionalIN12_GLOBAL__N_111convertibleEE3getEv
FNA:11,71,_ZN4xlnt8optionalINS_10page_setupEE3getEv
FNA:11,9,_ZN4xlnt8optionalINS_11orientationEE3getEv
FNA:11,4,_ZN4xlnt8optionalINS_11phonetic_prEE3getEv
FNA:11,116,_ZN4xlnt8optionalINS_12border_styleEE3getEv
FNA:11,301,_ZN4xlnt8optionalINS_12page_marginsEE3getEv
FNA:11,21,_ZN4xlnt8optionalINS_13header_footerEE3getEv
FNA:11,2,_ZN4xlnt8optionalINS_13print_optionsEE3getEv
FNA:11,174,_ZN4xlnt8optionalINS_13workbook_viewEE3getEv
FNA:11,5,_ZN4xlnt8optionalINS_14cell_referenceEE3getEv
FNA:11,7,_ZN4xlnt8optionalINS_15range_referenceEE3getEv
FNA:11,0,_ZN4xlnt8optionalINS_18diagonal_directionEE3getEv
FNA:11,98,_ZN4xlnt8optionalINS_18vertical_alignmentEE3getEv
FNA:11,48,_ZN4xlnt8optionalINS_20horizontal_alignmentEE3getEv
FNA:11,88,_ZN4xlnt8optionalINS_22calculation_propertiesEE3getEv
FNA:11,330,_ZN4xlnt8optionalINS_4fontEE3getEv
FNA:11,50,_ZN4xlnt8optionalINS_4paneEE3getEv
FNA:11,2428,_ZN4xlnt8optionalINS_5colorEE3getEv
FNA:11,0,_ZN4xlnt8optionalINS_5themeEE3getEv
FNA:11,8125,_ZN4xlnt8optionalINS_6border15border_propertyEE3getEv
FNA:11,2862,_ZN4xlnt8optionalINS_6detail10stylesheetEE3getEv
FNA:11,172,_ZN4xlnt8optionalINS_6detail13workbook_impl14file_version_tEE3getEv
FNA:11,150,_ZN4xlnt8optionalINS_6detail14hyperlink_implEE3getEv
FNA:11,2,_ZN4xlnt8optionalINS_7drawing19spreadsheet_drawingEE3getEv
FNA:11,2,_ZN4xlnt8optionalINS_8ext_listEE3getEv
FNA:11,5,_ZN4xlnt8optionalINS_8sheet_prEE3getEv
FNA:11,50,_ZN4xlnt8optionalINS_9rich_textEE3getEv
FNA:11,70,_ZN4xlnt8optionalINSt7__cxx1112basic_stringIcSt11char_traitsIcESaIcEEEE3getEv
FNA:11,665,_ZN4xlnt8optionalIPNS_6detail11format_implEE3getEv
FNA:11,88,_ZN4xlnt8optionalIPNS_7commentEE3getEv
FNA:11,8,_ZN4xlnt8optionalISt4pairINS_8column_tES2_EE3getEv
FNA:11,8,_ZN4xlnt8optionalISt4pairIjjEE3getEv
FNA:11,152,_ZN4xlnt8optionalISt5arrayINS0_INS_9rich_textEEELm3EEE3getEv
FNA:11,15,_ZN4xlnt8optionalIbE3getEv
FNA:11,43613,_ZN4xlnt8optionalIdE3getEv
FNA:11,73,_ZN4xlnt8optionalIiE3getEv
FNA:11,147406,_ZN4xlnt8optionalImE3getEv
FNL:12,278,286
FNA:12,4,_ZNK4xlnt8optionalINS_10paper_sizeEE3getEv
FNA:12,5,_ZNK4xlnt8optionalINS_11phonetic_pr13phonetic_typeEE3getEv
FNA:12,0,_ZNK4xlnt8optionalINS_11phonetic_pr5alignEE3getEv
FNA:12,11,_ZNK4xlnt8optionalINS_11phonetic_prEE3getEv
FNA:12,47,_ZNK4xlnt8optionalINS_14cell_referenceEE3getEv
FNA:12,226,_ZNK4xlnt8optionalINS_4fontEE3getEv
FNA:12,3,_ZNK4xlnt8optionalINS_4paneEE3getEv
FNA:12,1969,_ZNK4xlnt8optionalINS_5colorEE3getEv
FNA:12,99,_ZNK4xlnt8optionalINS_6detail10stylesheetEE3getEv
FNA:12,4340,_ZNK4xlnt8optionalINSt7__cxx1112basic_stringIcSt11char_traitsIcESaIcEEEE3getEv
FNA:12,12,_ZNK4xlnt8optionalIPNS_6detail11format_implEE3getEv
FNA:12,0,_ZNK4xlnt8optionalIPNS_7commentEE3getEv
FNA:12,594,_ZNK4xlnt8optionalIbE3getEv
FNA:12,4940,_ZNK4xlnt8optionalIdE3getEv
FNA:12,89,_ZNK4xlnt8optionalIiE3getEv
FNA:12,7428,_ZNK4xlnt8optionalImE3getEv
FNL:13,293,305
FNA:13,15,_ZNK4xlnt8optionalINS_10page_setupEEeqERKS2_
FNA:13,12,_ZNK4xlnt8optionalINS_10paper_sizeEEeqERKS2_
FNA:13,2,_ZNK4xlnt8optionalINS_11phonetic_pr13phonetic_typeEEeqERKS3_
FNA:13,2,_ZNK4xlnt8optionalINS_11phonetic_pr5alignEEeqERKS3_
FNA:13,9957,_ZNK4xlnt8optionalINS_11phonetic_prEEeqERKS2_
FNA:13,15,_ZNK4xlnt8optionalINS_12page_marginsEEeqERKS2_
FNA:13,15,_ZNK4xlnt8optionalINS_13header_footerEEeqERKS2_
FNA:13,15,_ZNK4xlnt8optionalINS_13print_optionsEEeqERKS2_
FNA:13,14,_ZNK4xlnt8optionalINS_13workbook_viewEEeqERKS2_
FNA:13,20,_ZNK4xlnt8optionalINS_14cell_referenceEEeqERKS2_
FNA:13,30,_ZNK4xlnt8optionalINS_15range_referenceEEeqERKS2_
FNA:13,14,_ZNK4xlnt8optionalINS_22calculation_propertiesEEeqERKS2_
FNA:13,9950,_ZNK4xlnt8optionalINS_4fontEEeqERKS2_
FNA:13,8,_ZNK4xlnt8optionalINS_4paneEEeqERKS2_
FNA:13,14,_ZNK4xlnt8optionalINS_5themeEEeqERKS2_
FNA:13,14,_ZNK4xlnt8optionalINS_6detail10stylesheetEEeqERKS3_
FNA:13,14,_ZNK4xlnt8optionalINS_6detail13workbook_impl14file_version_tEEeqERKS4_
FNA:13,7,_ZNK4xlnt8optionalINS_6detail14hyperlink_implEEeqERKS3_
FNA:13,29,_ZNK4xlnt8optionalINS_8ext_listEEeqERKS2_
FNA:13,15,_ZNK4xlnt8optionalINS_8sheet_prEEeqERKS2_
FNA:13,891,_ZNK4xlnt8optionalINSt7__cxx1112basic_stringIcSt11char_traitsIcESaIcEEEEeqERKS7_
FNA:13,15,_ZNK4xlnt8optionalISt4pairINS_8column_tES2_EEeqERKS4_
FNA:13,15,_ZNK4xlnt8optionalISt4pairIjjEEeqERKS3_
FNA:13,23667,_ZNK4xlnt8optionalIbEeqERKS1_
FNA:13,6232,_ZNK4xlnt8optionalIdEeqERKS1_
FNA:13,26,_ZNK4xlnt8optionalIiEeqERKS1_
FNA:13,38045,_ZNK4xlnt8optionalImEeqERKS1_
FNL:14,312,315
FNA:14,9942,_ZNK4xlnt8optionalINS_11phonetic_prEEneERKS2_
FNA:14,10,_ZNK4xlnt8optionalIiEneERKS1_
FNA:14,19,_ZNK4xlnt8optionalImEneERKS1_
FNL:15,319,322
FNA:15,9,_ZN4xlnt8optionalI2tmE9value_refEv
FNA:15,3,_ZN4xlnt8optionalIN12_GLOBAL__N_111alive_countEE9value_refEv
FNA:15,1,_ZN4xlnt8optionalIN12_GLOBAL__N_111convertibleEE9value_refEv
FNA:15,71,_ZN4xlnt8optionalINS_10page_setupEE9value_refEv
FNA:15,0,_ZN4xlnt8optionalINS_10paper_sizeEE9value_refEv
FNA:15,9,_ZN4xlnt8optionalINS_11orientationEE9value_refEv
FNA:15,0,_ZN4xlnt8optionalINS_11phonetic_pr13phonetic_typeEE9value_refEv
FNA:15,0,_ZN4xlnt8optionalINS_11phonetic_pr5alignEE9value_refEv
FNA:15,4,_ZN4xlnt8optionalINS_11phonetic_prEE9value_refEv
FNA:15,116,_ZN4xlnt8optionalINS_12border_styleEE9value_refEv
FNA:15,302,_ZN4xlnt8optionalINS_12page_marginsEE9value_refEv
FNA:15,21,_ZN4xlnt8optionalINS_13header_footerEE9value_refEv
FNA:15,2,_ZN4xlnt8optionalINS_13print_optionsEE9value_refEv
FNA:15,175,_ZN4xlnt8optionalINS_13workbook_viewEE9value_refEv
FNA:15,17,_ZN4xlnt8optionalINS_14cell_referenceEE9value_refEv
FNA:15,8,_ZN4xlnt8optionalINS_15range_referenceEE9value_refEv
FNA:15,0,_ZN4xlnt8optionalINS_18diagonal_directionEE9value_refEv
FNA:15,644,_ZN4xlnt8optionalINS_18vertical_alignmentEE9value_refEv
FNA:15,184,_ZN4xlnt8optionalINS_20horizontal_alignmentEE9value_refEv
FNA:15,88,_ZN4xlnt8optionalINS_22calculation_propertiesEE9value_refEv
FNA:15,376,_ZN4xlnt8optionalINS_4fontEE9value_refEv
FNA:15,50,_ZN4xlnt8optionalINS_4paneEE9value_refEv
FNA:15,3279,_ZN4xlnt8optionalINS_5colorEE9value_refEv
FNA:15,1,_ZN4xlnt8optionalINS_5themeEE9value_refEv
FNA:15,8135,_ZN4xlnt8optionalINS_6border15border_propertyEE9value_refEv
FNA:15,2863,_ZN4xlnt8optionalINS_6detail10stylesheetEE9value_refEv
FNA:15,173,_ZN4xlnt8optionalINS_6detail13workbook_impl14file_version_tEE9value_refEv
FNA:15,158,_ZN4xlnt8optionalINS_6detail14hyperlink_implEE9value_refEv
FNA:15,2,_ZN4xlnt8optionalINS_7drawing19spreadsheet_drawingEE9value_refEv
FNA:15,2,_ZN4xlnt8optionalINS_8ext_listEE9value_refEv
FNA:15,5,_ZN4xlnt8optionalINS_8sheet_prEE9value_refEv
FNA:15,100,_ZN4xlnt8optionalINS_9rich_textEE9value_refEv
FNA:15,2510,_ZN4xlnt8optionalINSt7__cxx1112basic_stringIcSt11char_traitsIcESaIcEEEE9value_refEv
FNA:15,673,_ZN4xlnt8optionalIPNS_6detail11format_implEE9value_refEv
FNA:15,88,_ZN4xlnt8optionalIPNS_7commentEE9value_refEv
FNA:15,8,_ZN4xlnt8optionalISt4pairINS_8column_tES2_EE9value_refEv
FNA:15,8,_ZN4xlnt8optionalISt4pairIjjEE9value_refEv
FNA:15,152,_ZN4xlnt8optionalISt5arrayINS0_INS_9rich_textEEELm3EEE9value_refEv
FNA:15,143,_ZN4xlnt8optionalIbE9value_refEv
FNA:15,50654,_ZN4xlnt8optionalIdE9value_refEv
FNA:15,108,_ZN4xlnt8optionalIiE9value_refEv
FNA:15,200520,_ZN4xlnt8optionalImE9value_refEv
FNL:16,324,327
FNA:16,2,_ZNK4xlnt8optionalIN12_GLOBAL__N_111alive_countEE9value_refEv
FNA:16,12,_ZNK4xlnt8optionalINS_10page_setupEE9value_refEv
FNA:16,72,_ZNK4xlnt8optionalINS_10paper_sizeEE9value_refEv
FNA:16,96,_ZNK4xlnt8optionalINS_11orientationEE9value_refEv
FNA:16,154,_ZNK4xlnt8optionalINS_11phonetic_pr13phonetic_typeEE9value_refEv
FNA:16,1,_ZNK4xlnt8optionalINS_11phonetic_pr5alignEE9value_refEv
FNA:16,123,_ZNK4xlnt8optionalINS_11phonetic_prEE9value_refEv
FNA:16,839,_ZNK4xlnt8optionalINS_12border_styleEE9value_refEv
FNA:16,20,_ZNK4xlnt8optionalINS_12page_marginsEE9value_refEv
FNA:16,12,_ZNK4xlnt8optionalINS_13header_footerEE9value_refEv
FNA:16,12,_ZNK4xlnt8optionalINS_13print_optionsEE9value_refEv
FNA:16,17,_ZNK4xlnt8optionalINS_13workbook_viewEE9value_refEv
FNA:16,342,_ZNK4xlnt8optionalINS_14cell_referenceEE9value_refEv
FNA:16,0,_ZNK4xlnt8optionalINS_15range_referenceEE9value_refEv
FNA:16,3,_ZNK4xlnt8optionalINS_18diagonal_directionEE9value_refEv
FNA:16,208,_ZNK4xlnt8optionalINS_18vertical_alignmentEE9value_refEv
FNA:16,108,_ZNK4xlnt8optionalINS_20horizontal_alignmentEE9value_refEv
FNA:16,16,_ZNK4xlnt8optionalINS_22calculation_propertiesEE9value_refEv
FNA:16,1091,_ZNK4xlnt8optionalINS_4fontEE9value_refEv
FNA:16,12,_ZNK4xlnt8optionalINS_4paneEE9value_refEv
FNA:16,15356,_ZNK4xlnt8optionalINS_5colorEE9value_refEv
FNA:16,5,_ZNK4xlnt8optionalINS_5themeEE9value_refEv
FNA:16,23902,_ZNK4xlnt8optionalINS_6border15border_propertyEE9value_refEv
FNA:16,115,_ZNK4xlnt8optionalINS_6detail10stylesheetEE9value_refEv
FNA:16,17,_ZNK4xlnt8optionalINS_6detail13workbook_impl14file_version_tEE9value_refEv
FNA:16,0,_ZNK4xlnt8optionalINS_6detail14hyperlink_implEE9value_refEv
FNA:16,0,_ZNK4xlnt8optionalINS_8ext_listEE9value_refEv
FNA:16,12,_ZNK4xlnt8optionalINS_8sheet_prEE9value_refEv
FNA:16,8108,_ZNK4xlnt8optionalINSt7__cxx1112basic_stringIcSt11char_traitsIcESaIcEEEE9value_refEv
FNA:16,12,_ZNK4xlnt8optionalIPNS_6detail11format_implEE9value_refEv
FNA:16,0,_ZNK4xlnt8optionalIPNS_7commentEE9value_refEv
FNA:16,8,_ZNK4xlnt8optionalISt4pairINS_8column_tES2_EE9value_refEv
FNA:16,8,_ZNK4xlnt8optionalISt4pairIjjEE9value_refEv
FNA:16,3443,_ZNK4xlnt8optionalIbE9value_refEv
FNA:16,63480,_ZNK4xlnt8optionalIdE9value_refEv
FNA:16,1123,_ZNK4xlnt8optionalIiE9value_refEv
FNA:16,116414,_ZNK4xlnt8optionalImE9value_refEv
FNL:17,58,61
FNA:17,6,_ZNK4xlnt8optionalINS_10page_setupEE13compare_equalIS1_LPv0EEEbRKT_S7_
FNA:17,12,_ZNK4xlnt8optionalINS_10paper_sizeEE13compare_equalIS1_LPv0EEEbRKT_S7_
FNA:17,2,_ZNK4xlnt8optionalINS_11phonetic_pr13phonetic_typeEE13compare_equalIS2_LPv0EEEbRKT_S8_
FNA:17,0,_ZNK4xlnt8optionalINS_11phonetic_pr5alignEE13compare_equalIS2_LPv0EEEbRKT_S8_
FNA:17,2,_ZNK4xlnt8optionalINS_11phonetic_prEE13compare_equalIS1_LPv0EEEbRKT_S7_
FNA:17,8,_ZNK4xlnt8optionalINS_12page_marginsEE13compare_equalIS1_LPv0EEEbRKT_S7_
FNA:17,6,_ZNK4xlnt8optionalINS_13header_footerEE13compare_equalIS1_LPv0EEEbRKT_S7_
FNA:17,6,_ZNK4xlnt8optionalINS_13print_optionsEE13compare_equalIS1_LPv0EEEbRKT_S7_
FNA:17,8,_ZNK4xlnt8optionalINS_13workbook_viewEE13compare_equalIS1_LPv0EEEbRKT_S7_
FNA:17,12,_ZNK4xlnt8optionalINS_14cell_referenceEE13compare_equalIS1_LPv0EEEbRKT_S7_
FNA:17,0,_ZNK4xlnt8optionalINS_15range_referenceEE13compare_equalIS1_LPv0EEEbRKT_S7_
FNA:17,8,_ZNK4xlnt8optionalINS_22calculation_propertiesEE13compare_equalIS1_LPv0EEEbRKT_S7_
FNA:17,17,_ZNK4xlnt8optionalINS_4fontEE13compare_equalIS1_LPv0EEEbRKT_S7_
FNA:17,0,_ZNK4xlnt8optionalINS_4paneEE13compare_equalIS1_LPv0EEEbRKT_S7_
FNA:17,2,_ZNK4xlnt8optionalINS_5themeEE13compare_equalIS1_LPv0EEEbRKT_S7_
FNA:17,8,_ZNK4xlnt8optionalINS_6detail10stylesheetEE13compare_equalIS2_LPv0EEEbRKT_S8_
FNA:17,8,_ZNK4xlnt8optionalINS_6detail13workbook_impl14file_version_tEE13compare_equalIS3_LPv0EEEbRKT_S9_
FNA:17,0,_ZNK4xlnt8optionalINS_6detail14hyperlink_implEE13compare_equalIS2_LPv0EEEbRKT_S8_
FNA:17,0,_ZNK4xlnt8optionalINS_8ext_listEE13compare_equalIS1_LPv0EEEbRKT_S7_
FNA:17,6,_ZNK4xlnt8optionalINS_8sheet_prEE13compare_equalIS1_LPv0EEEbRKT_S7_
FNA:17,268,_ZNK4xlnt8optionalINSt7__cxx1112basic_stringIcSt11char_traitsIcESaIcEEEE13compare_equalIS6_LPv0EEEbRKT_SC_
FNA:17,0,_ZNK4xlnt8optionalISt4pairINS_8column_tES2_EE13compare_equalIS3_LPv0EEEbRKT_S9_
FNA:17,0,_ZNK4xlnt8optionalISt4pairIjjEE13compare_equalIS2_LPv0EEEbRKT_S8_
FNA:17,248,_ZNK4xlnt8optionalIbE13compare_equalIbLPv0EEEbRKT_S6_
FNA:17,14,_ZNK4xlnt8optionalIiE13compare_equalIiLPv0EEEbRKT_S6_
FNA:17,23263,_ZNK4xlnt8optionalImE13compare_equalImLPv0EEEbRKT_S6_
FNL:18,67,70
FNA:18,6186,_ZNK4xlnt8optionalIdE13compare_equalIdLPv0EEEbRKT_S6_
FNL:19,76,79
FNA:19,3,_ZN4xlnt8optionalI2tmEC2Ev
FNA:19,1,_ZN4xlnt8optionalIN12_GLOBAL__N_110no_defaultEEC2Ev
FNA:19,3,_ZN4xlnt8optionalIN12_GLOBAL__N_111alive_countEEC2Ev
FNA:19,706,_ZN4xlnt8optionalINS_10page_setupEEC2Ev
FNA:19,27,_ZN4xlnt8optionalINS_10paper_sizeEEC2Ev
FNA:19,27,_ZN4xlnt8optionalINS_11orientationEEC2Ev
FNA:19,47,_ZN4xlnt8optionalINS_11phonetic_pr13phonetic_typeEEC2Ev
FNA:19,47,_ZN4xlnt8optionalINS_11phonetic_pr5alignEEC2Ev
FNA:19,41448,_ZN4xlnt8optionalINS_11phonetic_prEEC2Ev
FNA:19,2151,_ZN4xlnt8optionalINS_12border_styleEEC2Ev
FNA:19,706,_ZN4xlnt8optionalINS_12page_marginsEEC2Ev
FNA:19,706,_ZN4xlnt8optionalINS_13header_footerEEC2Ev
FNA:19,706,_ZN4xlnt8optionalINS_13print_optionsEEC2Ev
FNA:19,445,_ZN4xlnt8optionalINS_13workbook_viewEEC2Ev
FNA:19,461,_ZN4xlnt8optionalINS_14cell_referenceEEC2Ev
FNA:19,1412,_ZN4xlnt8optionalINS_15range_referenceEEC2Ev
FNA:19,434,_ZN4xlnt8optionalINS_18diagonal_directionEEC2Ev
FNA:19,476,_ZN4xlnt8optionalINS_18vertical_alignmentEEC2Ev
FNA:19,476,_ZN4xlnt8optionalINS_20horizontal_alignmentEEC2Ev
FNA:19,445,_ZN4xlnt8optionalINS_22calculation_propertiesEEC2Ev
FNA:19,11219,_ZN4xlnt8optionalINS_4fontEEC2Ev
FNA:19,361,_ZN4xlnt8optionalINS_4paneEEC2Ev
FNA:19,6036,_ZN4xlnt8optionalINS_5colorEEC2Ev
FNA:19,445,_ZN4xlnt8optionalINS_5themeEEC2Ev
FNA:19,3038,_ZN4xlnt8optionalINS_6border15border_propertyEEC2Ev
FNA:19,445,_ZN4xlnt8optionalINS_6detail10stylesheetEEC2Ev
FNA:19,445,_ZN4xlnt8optionalINS_6detail13workbook_impl14file_version_tEEC2Ev
FNA:19,11673,_ZN4xlnt8optionalINS_6detail14hyperlink_implEEC2Ev
FNA:19,706,_ZN4xlnt8optionalINS_7drawing19spreadsheet_drawingEEC2Ev
FNA:19,1151,_ZN4xlnt8optionalINS_8ext_listEEC2Ev
FNA:19,706,_ZN4xlnt8optionalINS_8sheet_prEEC2Ev
FNA:19,102,_ZN4xlnt8optionalINS_9rich_textEEC2Ev
FNA:19,19441,_ZN4xlnt8optionalINSt7__cxx1112basic_stringIcSt11char_traitsIcESaIcEEEEC2Ev
FNA:19,11673,_ZN4xlnt8optionalIPNS_6detail11format_implEEC2Ev
FNA:19,11673,_ZN4xlnt8optionalIPNS_7commentEEC2Ev
FNA:19,706,_ZN4xlnt8optionalISt4pairINS_8column_tES2_EEC2Ev
FNA:19,706,_ZN4xlnt8optionalISt4pairIjjEEC2Ev
FNA:19,108,_ZN4xlnt8optionalISt5arrayINS0_INS_9rich_textEEELm3EEEC2Ev
FNA:19,24618,_ZN4xlnt8optionalIbEC2Ev
FNA:19,97232,_ZN4xlnt8optionalIdEC2Ev
FNA:19,1633,_ZN4xlnt8optionalIiEC2Ev
FNA:19,119954,_ZN4xlnt8optionalImEC2Ev
FNL:20,85,89
FNA:20,18,_ZN4xlnt8optionalINS_14cell_referenceEEC2ERKS1_
FNA:20,4,_ZN4xlnt8optionalINS_4fontEEC2ERKS1_
FNA:20,7,_ZN4xlnt8optionalIiEC2ERKi
FNL:21,95,99
FNA:21,4,_ZN4xlnt8optionalIN12_GLOBAL__N_111alive_countEEC2EOS2_
FNA:21,1,_ZN4xlnt8optionalIN12_GLOBAL__N_111convertibleEEC2EOS2_
FNA:21,60,_ZN4xlnt8optionalIbEC2EOb
FNA:21,106,_ZN4xlnt8optionalIdEC2EOd
FNA:21,4871,_ZN4xlnt8optionalImEC2EOm
FNF:22
FNH:22
BRDA:88,0,0,4
BRDA:88,e0,1,0
BRDA:88,0,2,0
BRDA:88,0,3,0
BRDA:108,0,0,60174
BRDA:108,0,1,246666
BRDA:110,0,0,4061
BRDA:110,e0,1,0
BRDA:110,0,2,0
BRDA:110,0,3,0
BRDA:121,0,0,10612
BRDA:121,0,1,67786
BRDA:123,0,0,50
BRDA:123,e0,1,0
BRDA:123,0,2,0
BRDA:123,0,3,0
BRDA:134,0,0,95022
BRDA:134,0,1,35614
BRDA:151,0,0,5511
BRDA:151,0,1,1798
BRDA:189,0,0,47016
BRDA:189,0,1,192673
BRDA:195,0,0,3893
BRDA:195,e0,1,0
BRDA:195,0,2,0
BRDA:195,0,3,0
BRDA:216,0,0,1298
BRDA:216,0,1,21778
BRDA:222,0,0,34
BRDA:222,e0,1,0
BRDA:222,0,2,0
BRDA:222,0,3,0
BRDA:253,0,0,280036
BRDA:253,0,1,506522
BRDA:266,0,0,3
BRDA:266,0,1,207225
BRDA:268,0,0,3
BRDA:268,e0,1,0
BRDA:280,0,0,0
BRDA:280,0,1,19767
BRDA:282,0,0,-
BRDA:282,e0,1,-
BRDA:295,0,0,4110
BRDA:295,0,1,84943
BRDA:299,0,0,54853
BRDA:299,0,1,30090
BRF:46
BRH:27
DA:58,23904
DA:60,23904
DA:67,6186
DA:69,6186
DA:76,374798
DA:77,374798
DA:79,374798
DA:85,29
DA:86,29
DA:88,29
DA:89,29
DA:95,5042
DA:96,5042
DA:98,5042
DA:99,5042
DA:105,306840
DA:106,306840
DA:108,306840
DA:110,60174
DA:112,306840
DA:118,78398
DA:119,78398
DA:121,78398
DA:123,10612
DA:124,10612
DA:126,78398
DA:132,130636
DA:134,130636
DA:136,95022
DA:140,35614
DA:142,130636
DA:149,7309
DA:151,7309
DA:153,5511
DA:154,5511
DA:158,1798
DA:160,7309
DA:166,715852
DA:168,715852
DA:169,715852
DA:175,403422
DA:177,403422
DA:183,239689
DA:189,239689
DA:191,47016
DA:195,192673
DA:196,192673
DA:201,239689
DA:206,23076
DA:216,23076
DA:218,1298
DA:222,21778
DA:223,21778
DA:228,23076
DA:233,144487
DA:235,144487
DA:236,144487
DA:242,17058
DA:244,17058
DA:245,17058
DA:251,786558
DA:253,786558
DA:255,280036
DA:257,786558
DA:258,786558
DA:264,207228
DA:266,207228
DA:268,3
DA:271,207225
DA:278,19767
DA:280,19767
DA:282,0
DA:285,19767
DA:293,89053
DA:295,89053
DA:297,4110
DA:299,84943
DA:301,54853
DA:304,30090
DA:312,9971
DA:314,9971
DA:319,271662
DA:321,271662
DA:324,235143
DA:326,235143
LF:85
LH:84
end_of_record
TN:
SF:/root/project/include/xlnt/utils/path.hpp
FNL:0,239,243
FNA:0,57470,_ZNKSt4hashIN4xlnt4pathEEclERKS1_
FNF:1
FNH:1
DA:239,57470
DA:242,57470
LF:2
LH:2
end_of_record
TN:
SF:/root/project/include/xlnt/utils/scoped_enum_hash.hpp
FNL:0,41,45
FNA:0,198,_ZNK4xlnt16scoped_enum_hashINS_13header_footer8locationEEclES2_
FNA:0,145,_ZNK4xlnt16scoped_enum_hashINS_7variant4typeEEclES2_
FNF:1
FNH:1
DA:41,343
DA:44,343
LF:2
LH:2
end_of_record
TN:
SF:/root/project/include/xlnt/utils/variant.hpp
FNF:0
FNH:0
LF:0
LH:0
end_of_record
TN:
SF:/root/project/include/xlnt/workbook/calculation_properties.hpp
FNL:0,52,56
FNA:0,8,_ZN4xlnteqERKNS_22calculation_propertiesES2_
FNF:1
FNH:1
BRDA:55,0,0,8
BRDA:55,0,1,0
BRDA:55,0,2,8
BRDA:55,0,3,0
BRF:4
BRH:2
DA:52,8
DA:54,8
DA:55,8
LF:3
LH:3
end_of_record
TN:
SF:/root/project/include/xlnt/workbook/named_range.hpp
FNF:0
FNH:0
LF:0
LH:0
end_of_record
TN:
SF:/root/project/include/xlnt/workbook/theme.hpp
FNL:0,38,41
FNA:0,2,_ZNK4xlnt5themeeqERKS0_
FNF:1
FNH:1
DA:38,2
DA:40,2
LF:2
LH:2
end_of_record
TN:
SF:/root/project/include/xlnt/workbook/workbook.hpp
FNL:0,185,185
FNA:0,1,_ZN4xlnt8workbookC2EOS0_
FNL:1,191,191
FNA:1,2,_ZN4xlnt8workbookC2ERKS0_
FNL:2,198,198
FNA:2,1328,_ZN4xlnt8workbookD2Ev
FNL:3,956,956
FNA:3,2,_ZN4xlnt8workbookaSERKS0_
FNL:4,962,962
FNA:4,9,_ZN4xlnt8workbookaSEOS0_
FNF:5
FNH:5
DA:185,1
DA:191,2
DA:198,1328
DA:956,2
DA:962,9
LF:5
LH:5
end_of_record
TN:
SF:/root/project/include/xlnt/workbook/workbook_view.hpp
FNL:0,106,117
FNA:0,8,_ZN4xlnteqERKNS_13workbook_viewES2_
FNF:1
FNH:1
BRDA:109,0,0,8
BRDA:109,0,1,0
BRDA:110,0,0,8
BRDA:110,0,1,0
BRDA:111,0,0,8
BRDA:111,0,1,0
BRDA:112,0,0,8
BRDA:112,0,1,0
BRDA:113,0,0,8
BRDA:113,0,1,0
BRDA:114,0,0,8
BRDA:114,0,1,0
BRDA:115,0,0,8
BRDA:115,0,1,0
BRDA:116,0,0,8
BRDA:116,0,1,0
BRDA:116,0,2,8
BRDA:116,0,3,0
BRF:18
BRH:9
DA:106,8
DA:108,8
DA:109,8
DA:110,8
DA:111,8
DA:112,8
DA:113,8
DA:114,8
DA:115,8
DA:116,16
LF:10
LH:10
end_of_record
TN:
SF:/root/project/include/xlnt/workbook/worksheet_iterator.hpp
FNL:0,169,169
FNA:0,2,_ZN4xlnt24const_worksheet_iteratorC2Ev
FNL:1,59,59
FNA:1,2,_ZN4xlnt18worksheet_iteratorC2Ev
FNF:2
FNH:2
DA:59,2
DA:169,2
LF:2
LH:2
end_of_record
TN:
SF:/root/project/include/xlnt/worksheet/cell_iterator.hpp
FNL:0,202,202
FNA:0,2,_ZN4xlnt19const_cell_iteratorC2Ev
FNL:1,213,213
FNA:1,517,_ZN4xlnt19const_cell_iteratorC2ERKS0_
FNL:2,63,63
FNA:2,2,_ZN4xlnt13cell_iteratorC2Ev
FNL:3,74,74
FNA:3,198,_ZN4xlnt13cell_iteratorC2ERKS0_
FNL:4,89,89
FNA:4,2,_ZN4xlnt13cell_iteratoraSEOS0_
FNF:5
FNH:5
DA:63,2
DA:74,198
DA:89,2
DA:202,2
DA:213,517
LF:5
LH:5
end_of_record
TN:
SF:/root/project/include/xlnt/worksheet/cell_vector.hpp
FNF:0
FNH:0
LF:0
LH:0
end_of_record
TN:
SF:/root/project/include/xlnt/worksheet/column_properties.hpp
FNL:0,70,77
FNA:0,6150,_ZN4xlnteqERKNS_17column_propertiesES2_
FNF:1
FNH:1
BRDA:73,0,0,6150
BRDA:73,0,1,0
BRDA:74,0,0,6150
BRDA:74,0,1,0
BRDA:75,0,0,6150
BRDA:75,0,1,0
BRDA:76,0,0,6150
BRDA:76,0,1,0
BRDA:76,0,2,6150
BRDA:76,0,3,0
BRF:10
BRH:5
DA:70,6150
DA:72,6150
DA:73,6150
DA:74,6150
DA:75,6150
DA:76,12300
LF:6
LH:6
end_of_record
TN:
SF:/root/project/include/xlnt/worksheet/header_footer.hpp
FNF:0
FNH:0
LF:0
LH:0
end_of_record
TN:
SF:/root/project/include/xlnt/worksheet/page_setup.hpp
FNF:0
FNH:0
LF:0
LH:0
end_of_record
TN:
SF:/root/project/include/xlnt/worksheet/pane.hpp
FNL:0,90,97
FNA:0,0,_ZNK4xlnt4paneeqERKS0_
FNF:1
FNH:0
BRDA:93,0,0,-
BRDA:93,0,1,-
BRDA:94,0,0,-
BRDA:94,0,1,-
BRDA:95,0,0,-
BRDA:95,0,1,-
BRDA:96,0,0,-
BRDA:96,0,1,-
BRDA:96,0,2,-
BRDA:96,0,3,-
BRF:10
BRH:0
DA:90,0
DA:92,0
DA:93,0
DA:94,0
DA:95,0
DA:96,0
LF:6
LH:0
end_of_record
TN:
SF:/root/project/include/xlnt/worksheet/phonetic_pr.hpp
FNF:0
FNH:0
LF:0
LH:0
end_of_record
TN:
SF:/root/project/include/xlnt/worksheet/print_options.hpp
FNL:0,60,67
FNA:0,6,_ZN4xlnteqERKNS_13print_optionsES2_
FNF:1
FNH:1
BRDA:63,0,0,6
BRDA:63,0,1,0
BRDA:64,0,0,6
BRDA:64,0,1,0
BRDA:65,0,0,6
BRDA:65,0,1,0
BRDA:66,0,0,6
BRDA:66,0,1,0
BRDA:66,0,2,6
BRDA:66,0,3,0
BRF:10
BRH:5
DA:60,6
DA:62,6
DA:63,6
DA:64,6
DA:65,6
DA:66,12
LF:6
LH:6
end_of_record
TN:
SF:/root/project/include/xlnt/worksheet/range.hpp
FNL:0,90,90
FNA:0,6,_ZN4xlnt5rangeC2ERKS0_
FNF:1
FNH:1
DA:90,6
LF:1
LH:1
end_of_record
TN:
SF:/root/project/include/xlnt/worksheet/range_iterator.hpp
FNL:0,178,178
FNA:0,2,_ZN4xlnt20const_range_iteratorC2Ev
FNL:1,58,58
FNA:1,2,_ZN4xlnt14range_iteratorC2Ev
FNL:2,70,70
FNA:2,22,_ZN4xlnt14range_iteratorC2ERKS0_
FNL:3,85,85
FNA:3,1,_ZN4xlnt14range_iteratoraSEOS0_
FNF:4
FNH:4
DA:58,2
DA:70,22
DA:85,1
DA:178,2
LF:4
LH:4
end_of_record
TN:
SF:/root/project/include/xlnt/worksheet/row_properties.hpp
FNL:0,79,88
FNA:0,6,_ZN4xlnteqERKNS_14row_propertiesES2_
FNF:1
FNH:1
BRDA:82,0,0,6
BRDA:82,0,1,0
BRDA:83,0,0,6
BRDA:83,0,1,0
BRDA:84,0,0,6
BRDA:84,0,1,0
BRDA:85,0,0,6
BRDA:85,0,1,0
BRDA:86,0,0,6
BRDA:86,0,1,0
BRDA:87,0,0,6
BRDA:87,0,1,0
BRDA:87,0,2,6
BRDA:87,0,3,0
BRF:14
BRH:7
DA:79,6
DA:81,6
DA:82,6
DA:83,6
DA:84,6
DA:85,6
DA:86,6
DA:87,12
LF:8
LH:8
end_of_record
TN:
SF:/root/project/include/xlnt/worksheet/selection.hpp
FNL:0,107,113
FNA:0,7,_ZNK4xlnt9selection5sqrefEv
FNL:1,118,121
FNA:1,41,_ZNK4xlnt9selection6sqrefsEv
FNL:2,149,152
FNA:2,42,_ZNK4xlnt9selection4paneEv
FNL:3,157,160
FNA:3,13,_ZN4xlnt9selection4paneENS_11pane_cornerE
FNL:4,166,171
FNA:4,6,_ZNK4xlnt9selectioneqERKS0_
FNL:5,47,47
FNA:5,66,_ZN4xlnt9selectionC2Ev
FNL:6,53,56
FNA:6,18,_ZN4xlnt9selectionC2ENS_11pane_cornerENS_14cell_referenceE
FNL:7,70,73
FNA:7,32,_ZNK4xlnt9selection15has_active_cellEv
FNL:8,78,81
FNA:8,35,_ZNK4xlnt9selection11active_cellEv
FNL:9,86,89
FNA:9,61,_ZN4xlnt9selection11active_cellERKNS_14cell_referenceE
FNL:10,94,97
FNA:10,39,_ZNK4xlnt9selection9has_sqrefEv
FNF:11
FNH:11
BRDA:54,0,0,18
BRDA:54,e0,1,0
BRDA:54,0,2,18
BRDA:54,e0,3,0
BRDA:109,0,0,0
BRDA:109,0,1,7
BRDA:110,0,0,-
BRDA:110,e0,1,-
BRDA:169,0,0,6
BRDA:169,0,1,0
BRDA:170,0,0,6
BRDA:170,0,1,0
BRDA:170,0,2,6
BRDA:170,0,3,0
BRF:14
BRH:6
DA:47,66
DA:53,18
DA:54,36
DA:56,18
DA:70,32
DA:72,32
DA:78,35
DA:80,35
DA:86,61
DA:88,61
DA:89,61
DA:94,39
DA:96,39
DA:107,7
DA:109,7
DA:110,0
DA:112,7
DA:118,41
DA:120,41
DA:149,42
DA:151,42
DA:157,13
DA:159,13
DA:160,13
DA:166,6
DA:168,6
DA:169,6
DA:170,12
LF:28
LH:27
end_of_record
TN:
SF:/root/project/include/xlnt/worksheet/sheet_format_properties.hpp
FNL:0,60,66
FNA:0,16,_ZN4xlnteqERKNS_23sheet_format_propertiesES2_
FNF:1
FNH:1
BRDA:63,0,0,16
BRDA:63,0,1,0
BRDA:64,0,0,16
BRDA:64,0,1,0
BRDA:65,0,0,16
BRDA:65,0,1,0
BRDA:65,0,2,16
BRDA:65,0,3,0
BRF:8
BRH:4
DA:60,16
DA:62,16
DA:63,16
DA:64,16
DA:65,32
LF:5
LH:5
end_of_record
TN:
SF:/root/project/include/xlnt/worksheet/sheet_pr.hpp
FNL:0,83,94
FNA:0,6,_ZN4xlnteqERKNS_8sheet_prES2_
FNF:1
FNH:1
BRDA:86,0,0,6
BRDA:86,0,1,0
BRDA:87,0,0,6
BRDA:87,0,1,0
BRDA:88,0,0,6
BRDA:88,0,1,0
BRDA:89,0,0,6
BRDA:89,0,1,0
BRDA:90,0,0,6
BRDA:90,0,1,0
BRDA:91,0,0,6
BRDA:91,0,1,0
BRDA:92,0,0,6
BRDA:92,0,1,0
BRDA:93,0,0,6
BRDA:93,0,1,0
BRDA:93,0,2,6
BRDA:93,0,3,0
BRF:18
BRH:9
DA:83,6
DA:85,6
DA:86,6
DA:87,6
DA:88,6
DA:89,6
DA:90,6
DA:91,6
DA:92,6
DA:93,12
LF:10
LH:10
end_of_record
TN:
SF:/root/project/include/xlnt/worksheet/sheet_view.hpp
FNL:0,103,106
FNA:0,10,_ZN4xlnt10sheet_view4paneERKNS_4paneE
FNL:1,111,114
FNA:1,7,_ZNK4xlnt10sheet_view14has_selectionsEv
FNL:2,119,122
FNA:2,84,_ZN4xlnt10sheet_view13add_selectionERKNS_9selectionE
FNL:3,127,130
FNA:3,9,_ZN4xlnt10sheet_view16clear_selectionsEv
FNL:4,135,138
FNA:4,72,_ZNK4xlnt10sheet_view10selectionsEv
FNL:5,143,146
FNA:5,11,_ZN4xlnt10sheet_view9selectionEm
FNL:6,151,154
FNA:6,13,_ZN4xlnt10sheet_view15show_grid_linesEb
FNL:7,159,162
FNA:7,54,_ZNK4xlnt10sheet_view15show_grid_linesEv
FNL:8,167,170
FNA:8,13,_ZN4xlnt10sheet_view18default_grid_colorEb
FNL:9,183,186
FNA:9,4,_ZN4xlnt10sheet_view4typeENS_15sheet_view_typeE
FNL:10,191,194
FNA:10,55,_ZNK4xlnt10sheet_view4typeEv
FNL:11,199,202
FNA:11,53,_ZNK4xlnt10sheet_view17has_top_left_cellEv
FNL:12,207,210
FNA:12,15,_ZN4xlnt10sheet_view13top_left_cellERKNS_14cell_referenceE
FNL:13,215,218
FNA:13,3,_ZNK4xlnt10sheet_view13top_left_cellEv
FNL:14,224,232
FNA:14,8,_ZNK4xlnt10sheet_vieweqERKS0_
FNL:15,55,58
FNA:15,110,_ZN4xlnt10sheet_view2idEm
FNL:16,63,66
FNA:16,53,_ZNK4xlnt10sheet_view2idEv
FNL:17,71,74
FNA:17,64,_ZNK4xlnt10sheet_view8has_paneEv
FNL:18,79,82
FNA:18,50,_ZN4xlnt10sheet_view4paneEv
FNL:19,87,90
FNA:19,3,_ZNK4xlnt10sheet_view4paneEv
FNL:20,95,98
FNA:20,2,_ZN4xlnt10sheet_view10clear_paneEv
FNF:21
FNH:21
BRDA:227,0,0,8
BRDA:227,0,1,0
BRDA:228,0,0,8
BRDA:228,0,1,0
BRDA:229,0,0,8
BRDA:229,0,1,0
BRDA:230,0,0,8
BRDA:230,0,1,0
BRDA:231,0,0,8
BRDA:231,0,1,0
BRDA:231,0,2,8
BRDA:231,0,3,0
BRF:12
BRH:6
DA:55,110
DA:57,110
DA:58,110
DA:63,53
DA:65,53
DA:71,64
DA:73,64
DA:79,50
DA:81,50
DA:87,3
DA:89,3
DA:95,2
DA:97,2
DA:98,2
DA:103,10
DA:105,10
DA:106,10
DA:111,7
DA:113,7
DA:119,84
DA:121,84
DA:122,84
DA:127,9
DA:129,9
DA:130,9
DA:135,72
DA:137,72
DA:143,11
DA:145,11
DA:151,13
DA:153,13
DA:154,13
DA:159,54
DA:161,54
DA:167,13
DA:169,13
DA:170,13
DA:183,4
DA:185,4
DA:186,4
DA:191,55
DA:193,55
DA:199,53
DA:201,53
DA:207,15
DA:209,15
DA:210,15
DA:215,3
DA:217,3
DA:224,8
DA:226,8
DA:227,8
DA:228,8
DA:229,8
DA:230,8
DA:231,16
LF:56
LH:56
end_of_record
TN:
SF:/root/project/source/cell/cell.cpp
FNL:0,1003,1006
FNA:0,0,_ZN4xlnt4cell7commentERKNSt7__cxx1112basic_stringIcSt11char_traitsIcESaIcEEES8_
FNL:1,1008,1011
FNA:1,4,_ZN4xlnt4cell7commentERKNSt7__cxx1112basic_stringIcSt11char_traitsIcESaIcEEERKNS_4fontES8_
FNL:2,1013,1033
FNA:2,34,_ZN4xlnt4cell7commentERKNS_7commentE
FNL:3,1035,1038
FNA:3,34,_ZNK4xlnt4cell5widthEv
FNL:4,1040,1043
FNA:4,0,_ZNK4xlnt4cell6heightEv
FNL:5,155,167
FNA:5,1,_ZN4xlnt4cell11error_codesB5cxx11Ev
FNL:6,169,192
FNA:6,20615,_ZN4xlnt4cell12check_stringERKNSt7__cxx1112basic_stringIcSt11char_traitsIcESaIcEEE
FNL:7,194,197
FNA:7,23778,_ZN4xlnt4cellC2EPNS_6detail9cell_implE
FNL:8,199,202
FNA:8,11216,_ZNK4xlnt4cell19garbage_collectibleEv
FNL:9,204,207
FNA:9,1,_ZN4xlnt4cell5valueEDn
FNL:10,209,213
FNA:10,10,_ZN4xlnt4cell5valueEb
FNL:11,215,219
FNA:11,15,_ZN4xlnt4cell5valueEi
FNL:12,221,225
FNA:12,2,_ZN4xlnt4cell5valueEj
FNL:13,227,231
FNA:13,2,_ZN4xlnt4cell5valueEx
FNL:14,233,237
FNA:14,2,_ZN4xlnt4cell5valueEy
FNL:15,239,243
FNA:15,2,_ZN4xlnt4cell5valueEf
FNL:16,245,249
FNA:16,7,_ZN4xlnt4cell5valueEd
FNL:17,251,254
FNA:17,10322,_ZN4xlnt4cell5valueERKNSt7__cxx1112basic_stringIcSt11char_traitsIcESaIcEEE
FNL:18,256,262
FNA:18,10293,_ZN4xlnt4cell5valueERKNS_9rich_textE
FNL:19,264,267
FNA:19,121,_ZN4xlnt4cell5valueEPKc
FNL:20,269,277
FNA:20,1,_ZN4xlnt4cell5valueES0_
FNL:21,279,284
FNA:21,3,_ZN4xlnt4cell5valueERKNS_4dateE
FNL:22,286,291
FNA:22,5,_ZN4xlnt4cell5valueERKNS_8datetimeE
FNL:23,293,298
FNA:23,2,_ZN4xlnt4cell5valueERKNS_4timeE
FNL:24,300,305
FNA:24,2,_ZN4xlnt4cell5valueERKNS_9timedeltaE
FNL:25,307,310
FNA:25,7,_ZNK4xlnt4cell3rowEv
FNL:26,312,315
FNA:26,39,_ZNK4xlnt4cell6columnEv
FNL:27,317,320
FNA:27,1,_ZNK4xlnt4cell12column_indexEv
FNL:28,322,325
FNA:28,776,_ZN4xlnt4cell6mergedEb
FNL:29,327,330
FNA:29,0,_ZNK4xlnt4cell9is_mergedEv
FNL:30,332,335
FNA:30,11223,_ZNK4xlnt4cell17phonetics_visibleEv
FNL:31,337,340
FNA:31,2,_ZN4xlnt4cell14show_phoneticsEb
FNL:32,342,347
FNA:32,7,_ZNK4xlnt4cell7is_dateEv
FNL:33,349,352
FNA:33,11383,_ZNK4xlnt4cell9referenceEv
FNL:34,354,364
FNA:34,17,_ZNK4xlnt4cell7compareERKS0_b
FNL:35,366,369
FNA:35,17,_ZNK4xlnt4celleqERKS0_
FNL:36,371,374
FNA:36,2,_ZNK4xlnt4cellneERKS0_
FNL:37,376,376
FNA:37,1,_ZN4xlnt4cellaSERKS0_
FNL:38,378,381
FNA:38,62,_ZNK4xlnt4cell9hyperlinkEv
FNL:39,383,423
FNA:39,38,_ZN4xlnt4cell9hyperlinkERKNSt7__cxx1112basic_stringIcSt11char_traitsIcESaIcEEES8_
FNL:40,398,398
FNA:40,57,_ZZN4xlnt4cell9hyperlinkERKNSt7__cxx1112basic_stringIcSt11char_traitsIcESaIcEEES8_ENKUlNS_12relationshipEE_clES9_
FNL:41,425,443
FNA:41,4,_ZN4xlnt4cell9hyperlinkES0_RKNSt7__cxx1112basic_stringIcSt11char_traitsIcESaIcEEE
FNL:42,445,464
FNA:42,3,_ZN4xlnt4cell9hyperlinkENS_5rangeERKNSt7__cxx1112basic_stringIcSt11char_traitsIcESaIcEEE
FNL:43,466,483
FNA:43,18,_ZN4xlnt4cell7formulaERKNSt7__cxx1112basic_stringIcSt11char_traitsIcESaIcEEE
FNL:44,485,488
FNA:44,12467,_ZNK4xlnt4cell11has_formulaEv
FNL:45,490,493
FNA:45,19,_ZNK4xlnt4cell7formulaB5cxx11Ev
FNL:46,495,502
FNA:46,795,_ZN4xlnt4cell13clear_formulaEv
FNL:47,504,511
FNA:47,21,_ZNK4xlnt4cell5errorB5cxx11Ev
FNL:48,513,522
FNA:48,17,_ZN4xlnt4cell5errorERKNSt7__cxx1112basic_stringIcSt11char_traitsIcESaIcEEE
FNL:49,524,527
FNA:49,1,_ZN4xlnt4cell6offsetEii
FNL:50,529,532
FNA:50,10966,_ZN4xlnt4cell9worksheetEv
FNL:51,534,537
FNA:51,265,_ZNK4xlnt4cell9worksheetEv
FNL:52,539,542
FNA:52,10855,_ZN4xlnt4cell8workbookEv
FNL:53,544,547
FNA:53,215,_ZNK4xlnt4cell8workbookEv
FNL:54,549,566
FNA:54,35,_ZNK4xlnt4cell6anchorEv
FNL:55,568,571
FNA:55,23504,_ZNK4xlnt4cell9data_typeEv
FNL:56,573,576
FNA:56,151,_ZN4xlnt4cell9data_typeENS_9cell_typeE
FNL:57,578,581
FNA:57,60,_ZNK4xlnt4cell22computed_number_formatEv
FNL:58,583,586
FNA:58,0,_ZNK4xlnt4cell13computed_fontEv
FNL:59,588,591
FNA:59,0,_ZNK4xlnt4cell13computed_fillEv
FNL:60,593,596
FNA:60,0,_ZNK4xlnt4cell15computed_borderEv
FNL:61,598,601
FNA:61,0,_ZNK4xlnt4cell18computed_alignmentEv
FNL:62,603,606
FNA:62,0,_ZNK4xlnt4cell19computed_protectionEv
FNL:63,608,614
FNA:63,768,_ZN4xlnt4cell11clear_valueEv
FNL:64,617,620
FNA:64,7,_ZNK4xlnt4cell5valueIbEET_v
FNL:65,623,626
FNA:65,24,_ZNK4xlnt4cell5valueIiEET_v
FNL:66,629,632
FNA:66,1,_ZNK4xlnt4cell5valueIxEET_v
FNL:67,635,638
FNA:67,1,_ZNK4xlnt4cell5valueIjEET_v
FNL:68,641,644
FNA:68,1,_ZNK4xlnt4cell5valueIyEET_v
FNL:69,647,650
FNA:69,1,_ZNK4xlnt4cell5valueIfEET_v
FNL:70,65,72
FNA:70,11,_ZN12_GLOBAL__N_112cast_numericERKNSt7__cxx1112basic_stringIcSt11char_traitsIcESaIcEEE
FNL:71,653,656
FNA:71,69,_ZNK4xlnt4cell5valueIdEET_v
FNL:72,659,662
FNA:72,3,_ZNK4xlnt4cell5valueINS_4timeEEET_v
FNL:73,665,668
FNA:73,0,_ZNK4xlnt4cell5valueINS_8datetimeEEET_v
FNL:74,671,674
FNA:74,0,_ZNK4xlnt4cell5valueINS_4dateEEET_v
FNL:75,677,680
FNA:75,0,_ZNK4xlnt4cell5valueINS_9timedeltaEEET_v
FNL:76,682,686
FNA:76,1,_ZN4xlnt4cell9alignmentERKNS_9alignmentE
FNL:77,688,692
FNA:77,1,_ZN4xlnt4cell6borderERKNS_6borderE
FNL:78,694,698
FNA:78,3,_ZN4xlnt4cell4fillERKNS_4fillE
FNL:79,700,704
FNA:79,23,_ZN4xlnt4cell4fontERKNS_4fontE
FNL:80,706,710
FNA:80,22,_ZN4xlnt4cell13number_formatERKNS_13number_formatE
FNL:81,712,716
FNA:81,1,_ZN4xlnt4cell10protectionERKNS_10protectionE
FNL:82,719,722
FNA:82,223,_ZNK4xlnt4cell5valueINSt7__cxx1112basic_stringIcSt11char_traitsIcESaIcEEEEET_v
FNL:83,725,733
FNA:83,226,_ZNK4xlnt4cell5valueINS_9rich_textEEET_v
FNL:84,735,738
FNA:84,112,_ZNK4xlnt4cell9has_valueEv
FNL:85,74,87
FNA:85,14,_ZN12_GLOBAL__N_115cast_percentageERKNSt7__cxx1112basic_stringIcSt11char_traitsIcESaIcEEE
FNL:86,740,761
FNA:86,60,_ZNK4xlnt4cell9to_stringB5cxx11Ev
FNL:87,763,766
FNA:87,11904,_ZNK4xlnt4cell10has_formatEv
FNL:88,768,777
FNA:88,349,_ZN4xlnt4cell6formatENS_6formatE
FNL:89,779,782
FNA:89,14,_ZNK4xlnt4cell9base_dateEv
FNL:90,784,787
FNA:90,4,_ZN4xlnteqEDnRKNS_4cellE
FNL:91,789,792
FNA:91,2,_ZN4xlnteqERKNS_4cellEDn
FNL:92,794,797
FNA:92,0,_ZN4xlntneEDnRKNS_4cellE
FNL:93,799,802
FNA:93,0,_ZN4xlntneERKNS_4cellEDn
FNL:94,804,807
FNA:94,6,_ZN4xlntlsERSoRKNS_4cellE
FNL:95,809,859
FNA:95,23,_ZN4xlnt4cell5valueERKNSt7__cxx1112basic_stringIcSt11char_traitsIcESaIcEEEb
FNL:96,861,868
FNA:96,2,_ZN4xlnt4cell12clear_formatEv
FNL:97,870,876
FNA:97,2,_ZN4xlnt4cell11clear_styleEv
FNL:98,878,888
FNA:98,260,_ZN4xlnt4cell5styleERKNS_5styleE
FNL:99,89,149
FNA:99,13,_ZN12_GLOBAL__N_19cast_timeERKNSt7__cxx1112basic_stringIcSt11char_traitsIcESaIcEEE
FNL:100,890,893
FNA:100,258,_ZN4xlnt4cell5styleERKNSt7__cxx1112basic_stringIcSt11char_traitsIcESaIcEEE
FNL:101,895,905
FNA:101,7,_ZN4xlnt4cell5styleEv
FNL:102,907,915
FNA:102,0,_ZNK4xlnt4cell5styleEv
FNL:103,917,920
FNA:103,5,_ZNK4xlnt4cell9has_styleEv
FNL:104,922,930
FNA:104,7,_ZN4xlnt4cell17modifiable_formatEv
FNL:105,932,940
FNA:105,658,_ZNK4xlnt4cell6formatEv
FNL:106,942,945
FNA:106,1,_ZNK4xlnt4cell9alignmentEv
FNL:107,947,950
FNA:107,1,_ZNK4xlnt4cell6borderEv
FNL:108,952,955
FNA:108,3,_ZNK4xlnt4cell4fillEv
FNL:109,957,960
FNA:109,7,_ZNK4xlnt4cell4fontEv
FNL:110,962,965
FNA:110,17,_ZNK4xlnt4cell13number_formatEv
FNL:111,967,970
FNA:111,1,_ZNK4xlnt4cell10protectionEv
FNL:112,972,975
FNA:112,11226,_ZNK4xlnt4cell13has_hyperlinkEv
FNL:113,979,982
FNA:113,11308,_ZN4xlnt4cell11has_commentEv
FNL:114,984,991
FNA:114,1,_ZN4xlnt4cell13clear_commentEv
FNL:115,993,1001
FNA:115,56,_ZN4xlnt4cell7commentEv
FNF:116
FNH:102
BRDA:68,0,0,11
BRDA:68,e0,1,0
BRDA:70,0,0,2
BRDA:70,0,1,9
BRDA:76,0,0,1
BRDA:76,0,1,13
BRDA:78,0,0,1
BRDA:78,e0,1,0
BRDA:78,0,2,1
BRDA:78,e0,3,0
BRDA:80,0,0,1
BRDA:80,0,1,0
BRDA:91,0,0,13
BRDA:91,e0,1,0
BRDA:97,0,0,5
BRDA:97,0,1,13
BRDA:99,0,0,5
BRDA:99,e0,1,0
BRDA:99,0,2,5
BRDA:99,e0,3,0
BRDA:104,0,0,13
BRDA:104,e0,1,0
BRDA:104,0,2,13
BRDA:104,e0,3,0
BRDA:106,0,0,4
BRDA:106,0,1,9
BRDA:106,0,2,0
BRDA:106,0,3,4
BRDA:106,0,4,9
BRDA:106,0,5,4
BRDA:113,0,0,9
BRDA:113,0,1,3
BRDA:115,0,0,8
BRDA:115,0,1,1
BRDA:115,0,2,8
BRDA:115,e0,3,0
BRDA:115,0,4,0
BRDA:115,0,5,8
BRDA:115,0,6,8
BRDA:115,0,7,1
BRDA:115,0,8,1
BRDA:115,0,9,8
BRDA:115,0,10,0
BRDA:115,0,11,0
BRDA:120,0,0,26
BRDA:120,0,1,8
BRDA:122,0,0,25
BRDA:122,0,1,1
BRDA:122,0,2,0
BRDA:122,0,3,25
BRDA:122,0,4,0
BRDA:122,0,5,1
BRDA:127,0,0,8
BRDA:127,e0,1,0
BRDA:129,0,0,8
BRDA:129,e0,1,0
BRDA:135,0,0,1
BRDA:135,0,1,2
BRDA:142,0,0,1
BRDA:142,0,1,1
BRDA:164,0,0,1
BRDA:164,0,1,0
BRDA:164,0,2,1
BRDA:164,0,3,0
BRDA:164,0,4,1
BRDA:164,e0,5,0
BRDA:164,0,6,7
BRDA:164,0,7,1
BRDA:164,0,8,0
BRDA:164,0,9,0
BRDA:164,0,10,0
BRDA:164,0,11,0
BRDA:167,0,0,1
BRDA:167,e0,1,0
BRDA:167,0,2,1
BRDA:167,e0,3,0
BRDA:167,0,4,1
BRDA:167,e0,5,0
BRDA:167,0,6,1
BRDA:167,e0,7,0
BRDA:167,0,8,1
BRDA:167,e0,9,0
BRDA:167,0,10,1
BRDA:167,e0,11,0
BRDA:167,0,12,1
BRDA:167,e0,13,0
BRDA:167,0,14,0
BRDA:167,0,15,0
BRDA:167,0,16,0
BRDA:167,0,17,0
BRDA:174,0,0,2
BRDA:174,0,1,20613
BRDA:178,0,0,1
BRDA:178,0,1,20612
BRDA:180,0,0,1
BRDA:180,e0,1,0
BRDA:183,0,0,106193
BRDA:183,0,1,20584
BRDA:185,0,0,106193
BRDA:185,0,1,0
BRDA:185,0,2,106184
BRDA:185,0,3,9
BRDA:185,0,4,106183
BRDA:185,0,5,1
BRDA:185,0,6,106182
BRDA:185,0,7,1
BRDA:185,0,8,106176
BRDA:185,0,9,6
BRDA:185,0,10,18
BRDA:185,0,11,106158
BRDA:187,0,0,29
BRDA:187,e0,1,0
BRDA:212,0,0,6
BRDA:212,0,1,4
BRDA:253,0,0,10293
BRDA:253,e0,1,29
BRDA:253,0,2,10293
BRDA:253,e0,3,0
BRDA:253,0,4,10293
BRDA:253,e0,5,0
BRDA:258,0,0,10293
BRDA:258,e0,1,0
BRDA:258,0,2,10293
BRDA:258,e0,3,0
BRDA:261,0,0,10293
BRDA:261,e0,1,0
BRDA:261,0,2,10293
BRDA:261,e0,3,0
BRDA:266,0,0,121
BRDA:266,e0,1,0
BRDA:266,0,2,121
BRDA:266,e0,3,0
BRDA:283,0,0,3
BRDA:283,e0,1,0
BRDA:283,0,2,3
BRDA:283,e0,3,0
BRDA:290,0,0,5
BRDA:290,e0,1,0
BRDA:290,0,2,5
BRDA:290,e0,3,0
BRDA:297,0,0,2
BRDA:297,e0,1,0
BRDA:297,0,2,2
BRDA:297,e0,3,0
BRDA:304,0,0,2
BRDA:304,e0,1,0
BRDA:304,0,2,2
BRDA:304,e0,3,0
BRDA:304,0,4,2
BRDA:304,e0,5,0
BRDA:345,0,0,4
BRDA:345,0,1,0
BRDA:346,0,0,4
BRDA:346,0,1,3
BRDA:346,0,2,4
BRDA:346,e0,3,0
BRDA:346,0,4,4
BRDA:346,e0,5,0
BRDA:346,0,6,3
BRDA:346,0,7,1
BRDA:346,0,8,4
BRDA:346,0,9,3
BRDA:346,0,10,0
BRDA:346,0,11,0
BRDA:351,0,0,11383
BRDA:351,e0,1,0
BRDA:356,0,0,17
BRDA:356,0,1,0
BRDA:380,0,0,61
BRDA:380,e0,1,1
BRDA:380,0,2,61
BRDA:380,e0,3,0
BRDA:385,0,0,1
BRDA:385,0,1,37
BRDA:387,0,0,1
BRDA:387,e0,1,0
BRDA:390,0,0,37
BRDA:390,e0,1,0
BRDA:391,0,0,37
BRDA:391,e0,1,0
BRDA:391,0,2,37
BRDA:391,e0,3,0
BRDA:393,0,0,37
BRDA:393,e0,1,0
BRDA:396,0,0,37
BRDA:396,e0,1,0
BRDA:396,0,2,37
BRDA:396,e0,3,0
BRDA:397,0,0,37
BRDA:397,e0,1,0
BRDA:399,0,0,30
BRDA:399,0,1,7
BRDA:401,0,0,30
BRDA:401,e0,1,0
BRDA:401,0,2,30
BRDA:401,e0,3,0
BRDA:406,0,0,7
BRDA:406,e0,1,0
BRDA:406,0,2,7
BRDA:406,e0,3,0
BRDA:406,0,4,7
BRDA:406,e0,5,0
BRDA:408,0,0,7
BRDA:408,e0,1,0
BRDA:409,0,0,7
BRDA:409,e0,1,0
BRDA:411,0,0,7
BRDA:411,e0,1,0
BRDA:411,0,2,7
BRDA:411,e0,3,0
BRDA:411,0,4,7
BRDA:411,e0,5,0
BRDA:414,0,0,31
BRDA:414,0,1,6
BRDA:416,0,0,31
BRDA:416,e0,1,0
BRDA:416,0,2,31
BRDA:416,e0,3,0
BRDA:420,0,0,6
BRDA:420,e0,1,0
BRDA:420,0,2,3
BRDA:420,0,3,3
BRDA:420,0,4,6
BRDA:420,e0,5,0
BRDA:421,0,0,6
BRDA:421,e0,1,0
BRDA:421,0,2,6
BRDA:421,e0,3,0
BRDA:421,0,4,6
BRDA:421,e0,5,0
BRDA:428,0,0,4
BRDA:428,e0,1,0
BRDA:428,0,2,4
BRDA:428,e0,3,0
BRDA:428,0,4,4
BRDA:428,e0,5,0
BRDA:428,0,6,4
BRDA:428,e0,7,0
BRDA:428,0,8,4
BRDA:428,e0,9,0
BRDA:428,0,10,4
BRDA:428,e0,11,0
BRDA:430,0,0,4
BRDA:430,e0,1,0
BRDA:431,0,0,4
BRDA:431,e0,1,0
BRDA:432,0,0,4
BRDA:432,e0,1,0
BRDA:432,0,2,4
BRDA:432,e0,3,0
BRDA:432,0,4,4
BRDA:432,e0,5,0
BRDA:432,0,6,4
BRDA:432,e0,7,0
BRDA:432,0,8,4
BRDA:432,e0,9,0
BRDA:434,0,0,1
BRDA:434,0,1,3
BRDA:436,0,0,1
BRDA:436,e0,1,0
BRDA:436,0,2,1
BRDA:436,e0,3,0
BRDA:440,0,0,3
BRDA:440,e0,1,0
BRDA:440,0,2,2
BRDA:440,0,3,1
BRDA:440,0,4,3
BRDA:440,e0,5,0
BRDA:441,0,0,3
BRDA:441,e0,1,0
BRDA:441,0,2,3
BRDA:441,e0,3,0
BRDA:441,0,4,3
BRDA:441,e0,5,0
BRDA:448,0,0,3
BRDA:448,e0,1,0
BRDA:448,0,2,3
BRDA:448,e0,3,0
BRDA:448,0,4,3
BRDA:448,e0,5,0
BRDA:448,0,6,3
BRDA:448,e0,7,0
BRDA:448,0,8,3
BRDA:448,e0,9,0
BRDA:448,0,10,3
BRDA:448,e0,11,0
BRDA:450,0,0,3
BRDA:450,e0,1,0
BRDA:451,0,0,3
BRDA:451,e0,1,0
BRDA:452,0,0,3
BRDA:452,e0,1,0
BRDA:452,0,2,3
BRDA:452,e0,3,0
BRDA:452,0,4,3
BRDA:452,e0,5,0
BRDA:452,0,6,3
BRDA:452,e0,7,0
BRDA:452,0,8,3
BRDA:452,e0,9,0
BRDA:455,0,0,1
BRDA:455,0,1,2
BRDA:457,0,0,1
BRDA:457,e0,1,0
BRDA:457,0,2,1
BRDA:457,e0,3,0
BRDA:461,0,0,2
BRDA:461,e0,1,0
BRDA:461,0,2,1
BRDA:461,0,3,1
BRDA:461,0,4,2
BRDA:461,e0,5,0
BRDA:462,0,0,2
BRDA:462,e0,1,0
BRDA:462,0,2,2
BRDA:462,e0,3,0
BRDA:462,0,4,2
BRDA:462,e0,5,0
BRDA:468,0,0,1
BRDA:468,0,1,17
BRDA:473,0,0,8
BRDA:473,0,1,9
BRDA:475,0,0,8
BRDA:475,e0,1,0
BRDA:482,0,0,17
BRDA:482,e0,1,0
BRDA:482,0,2,17
BRDA:482,e0,3,0
BRDA:497,0,0,18
BRDA:497,0,1,777
BRDA:500,0,0,18
BRDA:500,e0,1,0
BRDA:500,0,2,18
BRDA:500,e0,3,0
BRDA:506,0,0,7
BRDA:506,0,1,14
BRDA:508,0,0,7
BRDA:508,e0,1,0
BRDA:508,0,2,7
BRDA:508,e0,3,0
BRDA:515,0,0,16
BRDA:515,0,1,1
BRDA:515,0,2,1
BRDA:515,0,3,15
BRDA:515,0,4,2
BRDA:515,0,5,15
BRDA:517,0,0,2
BRDA:517,e0,1,0
BRDA:526,0,0,1
BRDA:526,e0,1,0
BRDA:526,0,2,1
BRDA:526,e0,3,0
BRDA:526,0,4,1
BRDA:526,e0,5,0
BRDA:526,0,6,1
BRDA:526,e0,7,0
BRDA:541,0,0,10855
BRDA:541,e0,1,0
BRDA:541,0,2,10855
BRDA:541,e0,3,0
BRDA:546,0,0,215
BRDA:546,e0,1,0
BRDA:546,0,2,215
BRDA:546,e0,3,0
BRDA:553,0,0,35
BRDA:553,e0,1,0
BRDA:553,0,2,35
BRDA:553,e0,3,0
BRDA:553,0,4,35
BRDA:553,e0,5,0
BRDA:553,0,6,35
BRDA:553,e0,7,0
BRDA:553,0,8,0
BRDA:553,0,9,35
BRDA:555,0,0,-
BRDA:555,e0,1,-
BRDA:555,0,2,-
BRDA:555,e0,3,-
BRDA:555,0,4,-
BRDA:555,e0,5,-
BRDA:560,0,0,16
BRDA:560,0,1,35
BRDA:562,0,0,16
BRDA:562,e0,1,0
BRDA:562,0,2,16
BRDA:562,e0,3,0
BRDA:605,0,0,-
BRDA:605,e0,1,-
BRDA:684,0,0,0
BRDA:684,0,1,1
BRDA:684,0,2,0
BRDA:684,e0,3,0
BRDA:684,0,4,1
BRDA:684,e0,5,0
BRDA:684,0,6,1
BRDA:684,e0,7,0
BRDA:684,0,8,1
BRDA:684,0,9,0
BRDA:684,0,10,0
BRDA:684,0,11,0
BRDA:685,0,0,1
BRDA:685,e0,1,0
BRDA:685,0,2,1
BRDA:685,e0,3,0
BRDA:690,0,0,0
BRDA:690,0,1,1
BRDA:690,0,2,0
BRDA:690,e0,3,0
BRDA:690,0,4,1
BRDA:690,e0,5,0
BRDA:690,0,6,1
BRDA:690,e0,7,0
BRDA:690,0,8,1
BRDA:690,0,9,0
BRDA:690,0,10,0
BRDA:690,0,11,0
BRDA:691,0,0,1
BRDA:691,e0,1,0
BRDA:691,0,2,1
BRDA:691,e0,3,0
BRDA:696,0,0,0
BRDA:696,0,1,3
BRDA:696,0,2,0
BRDA:696,e0,3,0
BRDA:696,0,4,3
BRDA:696,e0,5,0
BRDA:696,0,6,3
BRDA:696,e0,7,0
BRDA:696,0,8,3
BRDA:696,0,9,0
BRDA:696,0,10,0
BRDA:696,0,11,0
BRDA:697,0,0,3
BRDA:697,e0,1,0
BRDA:697,0,2,3
BRDA:697,e0,3,0
BRDA:702,0,0,1
BRDA:702,0,1,22
BRDA:702,0,2,1
BRDA:702,e0,3,0
BRDA:702,0,4,22
BRDA:702,e0,5,0
BRDA:702,0,6,22
BRDA:702,e0,7,0
BRDA:702,0,8,22
BRDA:702,0,9,1
BRDA:702,0,10,0
BRDA:702,0,11,0
BRDA:703,0,0,23
BRDA:703,e0,1,0
BRDA:703,0,2,23
BRDA:703,e0,3,0
BRDA:708,0,0,4
BRDA:708,0,1,18
BRDA:708,0,2,4
BRDA:708,e0,3,0
BRDA:708,0,4,18
BRDA:708,e0,5,0
BRDA:708,0,6,18
BRDA:708,e0,7,0
BRDA:708,0,8,18
BRDA:708,0,9,4
BRDA:708,0,10,0
BRDA:708,0,11,0
BRDA:709,0,0,22
BRDA:709,e0,1,0
BRDA:709,0,2,22
BRDA:709,e0,3,0
BRDA:714,0,0,0
BRDA:714,0,1,1
BRDA:714,0,2,0
BRDA:714,e0,3,0
BRDA:714,0,4,1
BRDA:714,e0,5,0
BRDA:714,0,6,1
BRDA:714,e0,7,0
BRDA:714,0,8,1
BRDA:714,0,9,0
BRDA:714,0,10,0
BRDA:714,0,11,0
BRDA:715,0,0,1
BRDA:715,e0,1,0
BRDA:715,0,2,1
BRDA:715,e0,3,0
BRDA:721,0,0,223
BRDA:721,e0,1,0
BRDA:721,0,2,223
BRDA:721,e0,3,0
BRDA:727,0,0,201
BRDA:727,0,1,25
BRDA:729,0,0,201
BRDA:729,e0,1,0
BRDA:729,0,2,201
BRDA:729,e0,3,0
BRDA:729,0,4,201
BRDA:729,e0,5,0
BRDA:742,0,0,60
BRDA:742,e0,1,0
BRDA:744,0,0,2
BRDA:744,0,1,6
BRDA:744,0,2,48
BRDA:744,0,3,4
BRDA:744,0,4,0
BRDA:747,0,0,2
BRDA:747,e0,1,0
BRDA:750,0,0,6
BRDA:750,e0,1,0
BRDA:750,0,2,6
BRDA:750,e0,3,0
BRDA:755,0,0,48
BRDA:755,e0,1,0
BRDA:755,0,2,48
BRDA:755,e0,3,0
BRDA:757,0,0,2
BRDA:757,0,1,2
BRDA:757,0,2,4
BRDA:757,e0,3,0
BRDA:760,0,0,-
BRDA:760,e0,1,-
BRDA:770,0,0,8
BRDA:770,0,1,341
BRDA:772,0,0,8
BRDA:772,0,1,0
BRDA:781,0,0,14
BRDA:781,e0,1,0
BRDA:781,0,2,14
BRDA:781,e0,3,0
BRDA:806,0,0,6
BRDA:806,e0,1,0
BRDA:806,0,2,6
BRDA:806,e0,3,0
BRDA:811,0,0,23
BRDA:811,e0,1,0
BRDA:813,0,0,23
BRDA:813,0,1,0
BRDA:813,0,2,0
BRDA:813,0,3,23
BRDA:813,0,4,0
BRDA:813,0,5,23
BRDA:818,0,0,3
BRDA:818,0,1,20
BRDA:818,0,2,2
BRDA:818,0,3,1
BRDA:818,0,4,2
BRDA:818,0,5,21
BRDA:820,0,0,2
BRDA:820,e0,1,0
BRDA:824,0,0,7
BRDA:824,0,1,14
BRDA:824,0,2,7
BRDA:824,0,3,0
BRDA:824,0,4,7
BRDA:824,0,5,14
BRDA:826,0,0,7
BRDA:826,e0,1,0
BRDA:830,0,0,14
BRDA:830,e0,1,0
BRDA:832,0,0,1
BRDA:832,0,1,13
BRDA:836,0,0,1
BRDA:836,e0,1,0
BRDA:836,0,2,1
BRDA:836,e0,3,0
BRDA:840,0,0,13
BRDA:840,e0,1,0
BRDA:842,0,0,3
BRDA:842,0,1,10
BRDA:845,0,0,3
BRDA:845,e0,1,0
BRDA:845,0,2,3
BRDA:845,e0,3,0
BRDA:846,0,0,3
BRDA:846,e0,1,0
BRDA:850,0,0,10
BRDA:850,e0,1,0
BRDA:852,0,0,8
BRDA:852,0,1,2
BRDA:863,0,0,2
BRDA:863,0,1,0
BRDA:865,0,0,2
BRDA:865,0,1,0
BRDA:872,0,0,2
BRDA:872,0,1,0
BRDA:874,0,0,2
BRDA:874,e0,1,0
BRDA:874,0,2,2
BRDA:874,e0,3,0
BRDA:880,0,0,2
BRDA:880,0,1,258
BRDA:880,0,2,2
BRDA:880,e0,3,0
BRDA:880,0,4,258
BRDA:880,e0,5,0
BRDA:880,0,6,258
BRDA:880,e0,7,0
BRDA:880,0,8,258
BRDA:880,0,9,2
BRDA:880,0,10,0
BRDA:880,0,11,0
BRDA:882,0,0,260
BRDA:882,e0,1,0
BRDA:882,0,2,260
BRDA:882,e0,3,0
BRDA:883,0,0,260
BRDA:883,e0,1,0
BRDA:883,0,2,260
BRDA:883,e0,3,0
BRDA:884,0,0,260
BRDA:884,e0,1,0
BRDA:884,0,2,260
BRDA:884,e0,3,0
BRDA:885,0,0,260
BRDA:885,e0,1,0
BRDA:885,0,2,260
BRDA:885,e0,3,0
BRDA:887,0,0,260
BRDA:887,e0,1,0
BRDA:887,0,2,260
BRDA:887,e0,3,0
BRDA:892,0,0,258
BRDA:892,e0,1,0
BRDA:892,0,2,257
BRDA:892,e0,3,1
BRDA:892,0,4,257
BRDA:892,e0,5,0
BRDA:897,0,0,7
BRDA:897,0,1,0
BRDA:897,0,2,7
BRDA:897,e0,3,0
BRDA:897,0,4,7
BRDA:897,e0,5,0
BRDA:897,0,6,1
BRDA:897,0,7,6
BRDA:897,0,8,1
BRDA:897,0,9,6
BRDA:899,0,0,1
BRDA:899,e0,1,0
BRDA:902,0,0,6
BRDA:902,e0,1,0
BRDA:904,0,0,6
BRDA:904,e0,1,0
BRDA:909,0,0,-
BRDA:909,0,1,-
BRDA:909,0,2,-
BRDA:909,e0,3,-
BRDA:909,0,4,-
BRDA:909,e0,5,-
BRDA:909,0,6,-
BRDA:909,0,7,-
BRDA:909,0,8,-
BRDA:909,0,9,-
BRDA:911,0,0,-
BRDA:911,e0,1,-
BRDA:914,0,0,-
BRDA:914,e0,1,-
BRDA:914,0,2,-
BRDA:914,e0,3,-
BRDA:919,0,0,4
BRDA:919,0,1,1
BRDA:919,0,2,4
BRDA:919,e0,3,0
BRDA:919,0,4,4
BRDA:919,e0,5,0
BRDA:919,0,6,2
BRDA:919,0,7,2
BRDA:924,0,0,0
BRDA:924,0,1,7
BRDA:926,0,0,-
BRDA:926,e0,1,-
BRDA:929,0,0,7
BRDA:929,e0,1,0
BRDA:929,0,2,7
BRDA:929,e0,3,0
BRDA:934,0,0,0
BRDA:934,0,1,658
BRDA:936,0,0,-
BRDA:936,e0,1,-
BRDA:939,0,0,658
BRDA:939,e0,1,0
BRDA:939,0,2,658
BRDA:939,e0,3,0
BRDA:944,0,0,1
BRDA:944,e0,1,0
BRDA:944,0,2,1
BRDA:944,e0,3,0
BRDA:949,0,0,1
BRDA:949,e0,1,0
BRDA:949,0,2,1
BRDA:949,e0,3,0
BRDA:954,0,0,3
BRDA:954,e0,1,0
BRDA:954,0,2,3
BRDA:954,e0,3,0
BRDA:959,0,0,7
BRDA:959,e0,1,0
BRDA:959,0,2,7
BRDA:959,e0,3,0
BRDA:964,0,0,17
BRDA:964,e0,1,0
BRDA:964,0,2,17
BRDA:964,e0,3,0
BRDA:969,0,0,1
BRDA:969,e0,1,0
BRDA:969,0,2,1
BRDA:969,e0,3,0
BRDA:986,0,0,1
BRDA:986,0,1,0
BRDA:988,0,0,1
BRDA:988,e0,1,0
BRDA:988,0,2,1
BRDA:988,e0,3,0
BRDA:988,0,4,1
BRDA:988,e0,5,0
BRDA:995,0,0,2
BRDA:995,0,1,54
BRDA:997,0,0,2
BRDA:997,e0,1,0
BRDA:997,0,2,2
BRDA:997,e0,3,0
BRDA:1005,0,0,-
BRDA:1005,e0,1,-
BRDA:1005,0,2,-
BRDA:1005,e0,3,-
BRDA:1010,0,0,4
BRDA:1010,e0,1,0
BRDA:1010,0,2,4
BRDA:1010,e0,3,0
BRDA:1010,0,4,4
BRDA:1010,e0,5,0
BRDA:1015,0,0,0
BRDA:1015,0,1,34
BRDA:1017,0,0,-
BRDA:1017,e0,1,-
BRDA:1017,0,2,-
BRDA:1017,e0,3,-
BRDA:1021,0,0,34
BRDA:1021,e0,1,0
BRDA:1021,0,2,34
BRDA:1021,e0,3,0
BRDA:1021,0,4,34
BRDA:1021,e0,5,0
BRDA:1021,0,6,34
BRDA:1021,e0,7,0
BRDA:1022,0,0,34
BRDA:1022,e0,1,0
BRDA:1022,0,2,34
BRDA:1022,e0,3,0
BRDA:1022,0,4,34
BRDA:1022,e0,5,0
BRDA:1026,0,0,34
BRDA:1026,e0,1,0
BRDA:1027,0,0,34
BRDA:1027,e0,1,0
BRDA:1030,0,0,34
BRDA:1030,e0,1,0
BRDA:1030,0,2,34
BRDA:1030,e0,3,0
BRDA:1032,0,0,34
BRDA:1032,e0,1,0
BRDA:1032,0,2,34
BRDA:1032,e0,3,0
BRDA:1037,0,0,34
BRDA:1037,e0,1,0
BRDA:1037,0,2,34
BRDA:1037,e0,3,0
BRDA:1042,0,0,-
BRDA:1042,e0,1,-
BRDA:1042,0,2,-
BRDA:1042,e0,3,-
BRF:769
BRH:415
DA:65,11
DA:67,11
DA:68,11
DA:69,11
DA:70,11
DA:71,11
DA:74,14
DA:76,14
DA:78,1
DA:80,1
DA:82,1
DA:86,13
DA:89,13
DA:91,13
DA:93,13
DA:94,13
DA:95,13
DA:97,18
DA:99,5
DA:100,5
DA:101,5
DA:104,13
DA:106,13
DA:108,9
DA:111,4
DA:113,12
DA:115,9
DA:117,1
DA:120,34
DA:122,26
DA:124,0
DA:127,8
DA:129,8
DA:132,3
DA:133,3
DA:135,3
DA:137,1
DA:138,1
DA:139,1
DA:140,1
DA:142,2
DA:144,1
DA:145,1
DA:148,3
DA:149,13
DA:155,1
DA:158,0
DA:159,0
DA:160,0
DA:161,0
DA:162,0
DA:163,0
DA:164,10
DA:166,1
DA:167,1
DA:169,20615
DA:172,20615
DA:174,20615
DA:176,2
DA:178,20613
DA:180,1
DA:183,126777
DA:185,106193
DA:187,29
DA:191,20584
DA:192,29
DA:194,23778
DA:195,23778
DA:197,23778
DA:199,11216
DA:201,11216
DA:204,1
DA:206,1
DA:207,1
DA:209,10
DA:211,10
DA:212,10
DA:213,10
DA:215,15
DA:217,15
DA:218,15
DA:219,15
DA:221,2
DA:223,2
DA:224,2
DA:225,2
DA:227,2
DA:229,2
DA:230,2
DA:231,2
DA:233,2
DA:235,2
DA:236,2
DA:237,2
DA:239,2
DA:241,2
DA:242,2
DA:243,2
DA:245,7
DA:247,7
DA:248,7
DA:249,7
DA:251,10322
DA:253,10322
DA:254,10293
DA:256,10293
DA:258,10293
DA:260,10293
DA:261,10293
DA:262,10293
DA:264,121
DA:266,121
DA:267,121
DA:269,1
DA:271,1
DA:272,1
DA:273,1
DA:274,1
DA:275,1
DA:276,1
DA:277,1
DA:279,3
DA:281,3
DA:282,3
DA:283,3
DA:284,3
DA:286,5
DA:288,5
DA:289,5
DA:290,5
DA:291,5
DA:293,2
DA:295,2
DA:296,2
DA:297,2
DA:298,2
DA:300,2
DA:302,2
DA:303,2
DA:304,2
DA:305,2
DA:307,7
DA:309,7
DA:312,39
DA:314,39
DA:317,1
DA:319,1
DA:322,776
DA:324,776
DA:325,776
DA:327,0
DA:329,0
DA:332,11223
DA:334,11223
DA:337,2
DA:339,2
DA:340,2
DA:342,7
DA:344,7
DA:345,4
DA:346,11
DA:349,11383
DA:351,11383
DA:354,17
DA:356,17
DA:358,17
DA:362,0
DA:366,17
DA:368,17
DA:371,2
DA:373,2
DA:376,1
DA:378,62
DA:380,62
DA:383,38
DA:385,38
DA:387,1
DA:390,37
DA:391,37
DA:393,37
DA:396,37
DA:397,37
DA:398,57
DA:399,37
DA:401,30
DA:406,14
DA:408,14
DA:409,7
DA:411,7
DA:412,7
DA:414,37
DA:416,31
DA:420,6
DA:421,6
DA:423,37
DA:425,4
DA:428,4
DA:430,4
DA:431,8
DA:432,28
DA:434,4
DA:436,1
DA:440,3
DA:441,3
DA:443,4
DA:445,3
DA:448,3
DA:450,3
DA:451,6
DA:452,21
DA:455,3
DA:457,1
DA:461,2
DA:462,2
DA:464,3
DA:466,18
DA:468,18
DA:470,1
DA:473,17
DA:475,8
DA:479,9
DA:482,17
DA:485,12467
DA:487,12467
DA:490,19
DA:492,19
DA:495,795
DA:497,795
DA:499,18
DA:500,18
DA:502,795
DA:504,21
DA:506,21
DA:508,21
DA:510,14
DA:513,17
DA:515,17
DA:517,2
DA:520,15
DA:521,15
DA:522,15
DA:524,1
DA:526,1
DA:529,10966
DA:531,10966
DA:534,265
DA:536,265
DA:539,10855
DA:541,10855
DA:544,215
DA:546,215
DA:549,35
DA:551,35
DA:553,35
DA:555,0
DA:558,35
DA:560,51
DA:562,16
DA:565,35
DA:568,23504
DA:570,23504
DA:573,151
DA:575,151
DA:576,151
DA:578,60
DA:580,60
DA:583,0
DA:585,0
DA:588,0
DA:590,0
DA:593,0
DA:595,0
DA:598,0
DA:600,0
DA:603,0
DA:605,0
DA:608,768
DA:610,768
DA:611,768
DA:612,768
DA:613,768
DA:614,768
DA:617,7
DA:619,7
DA:623,24
DA:625,24
DA:629,1
DA:631,1
DA:635,1
DA:637,1
DA:641,1
DA:643,1
DA:647,1
DA:649,1
DA:653,69
DA:655,69
DA:659,3
DA:661,3
DA:665,0
DA:667,0
DA:671,0
DA:673,0
DA:677,0
DA:679,0
DA:682,1
DA:684,1
DA:685,1
DA:686,1
DA:688,1
DA:690,1
DA:691,1
DA:692,1
DA:694,3
DA:696,3
DA:697,3
DA:698,3
DA:700,23
DA:702,23
DA:703,23
DA:704,23
DA:706,22
DA:708,22
DA:709,22
DA:710,22
DA:712,1
DA:714,1
DA:715,1
DA:716,1
DA:719,223
DA:721,223
DA:725,226
DA:727,226
DA:729,201
DA:732,25
DA:735,112
DA:737,112
DA:740,60
DA:742,60
DA:744,60
DA:746,2
DA:747,4
DA:748,6
DA:750,6
DA:751,48
DA:755,48
DA:756,4
DA:757,8
DA:760,0
DA:761,60
DA:763,11904
DA:765,11904
DA:768,349
DA:770,349
DA:772,8
DA:775,349
DA:776,349
DA:777,349
DA:779,14
DA:781,14
DA:784,4
DA:786,4
DA:789,2
DA:791,2
DA:794,0
DA:796,0
DA:799,0
DA:801,0
DA:804,6
DA:806,6
DA:809,23
DA:811,23
DA:813,23
DA:815,9
DA:818,23
DA:820,2
DA:821,2
DA:824,21
DA:826,7
DA:827,7
DA:830,14
DA:832,14
DA:834,1
DA:835,1
DA:836,1
DA:840,13
DA:842,13
DA:844,3
DA:845,3
DA:846,3
DA:850,10
DA:852,10
DA:854,8
DA:855,8
DA:861,2
DA:863,2
DA:865,2
DA:866,2
DA:868,2
DA:870,2
DA:872,2
DA:874,2
DA:876,2
DA:878,260
DA:880,260
DA:882,260
DA:883,260
DA:884,260
DA:885,260
DA:887,260
DA:888,260
DA:890,258
DA:892,259
DA:893,257
DA:895,7
DA:897,7
DA:899,1
DA:902,6
DA:904,12
DA:907,0
DA:909,0
DA:911,0
DA:914,0
DA:917,5
DA:919,5
DA:922,7
DA:924,7
DA:926,0
DA:929,7
DA:932,658
DA:934,658
DA:936,0
DA:939,658
DA:942,1
DA:944,1
DA:947,1
DA:949,1
DA:952,3
DA:954,3
DA:957,7
DA:959,7
DA:962,17
DA:964,17
DA:967,1
DA:969,1
DA:972,11226
DA:974,11226
DA:979,11308
DA:981,11308
DA:984,1
DA:986,1
DA:988,1
DA:989,1
DA:991,1
DA:993,56
DA:995,56
DA:997,6
DA:1000,54
DA:1003,0
DA:1005,0
DA:1006,0
DA:1008,4
DA:1010,4
DA:1011,4
DA:1013,34
DA:1015,34
DA:1017,0
DA:1021,34
DA:1022,34
DA:1026,34
DA:1027,34
DA:1028,34
DA:1030,34
DA:1032,34
DA:1033,34
DA:1035,34
DA:1037,34
DA:1040,0
DA:1042,0
LF:478
LH:434
end_of_record
TN:
SF:/root/project/source/cell/cell_reference.cpp
FNL:0,106,109
FNA:0,0,_ZNK4xlnt14cell_reference8to_rangeEv
FNL:1,111,115
FNA:1,12,_ZN4xlnt14cell_reference15split_referenceERKNSt7__cxx1112basic_stringIcSt11char_traitsIcESaIcEEE
FNL:2,117,196
FNA:2,1462,_ZN4xlnt14cell_reference15split_referenceERKNSt7__cxx1112basic_stringIcSt11char_traitsIcESaIcEEERbS9_
FNL:3,198,201
FNA:3,3,_ZNK4xlnt14cell_reference15column_absoluteEv
FNL:4,203,206
FNA:4,10,_ZN4xlnt14cell_reference15column_absoluteEb
FNL:5,208,211
FNA:5,3,_ZNK4xlnt14cell_reference12row_absoluteEv
FNL:6,213,216
FNA:6,10,_ZN4xlnt14cell_reference12row_absoluteEb
FNL:7,218,221
FNA:7,106242,_ZNK4xlnt14cell_reference6columnEv
FNL:8,223,226
FNA:8,1448,_ZN4xlnt14cell_reference6columnERKNSt7__cxx1112basic_stringIcSt11char_traitsIcESaIcEEE
FNL:9,228,231
FNA:9,120303,_ZNK4xlnt14cell_reference12column_indexEv
FNL:10,233,236
FNA:10,17630,_ZN4xlnt14cell_reference12column_indexENS_8column_tE
FNL:11,238,241
FNA:11,153997,_ZNK4xlnt14cell_reference3rowEv
FNL:12,243,246
FNA:12,3722,_ZN4xlnt14cell_reference3rowEj
FNL:13,248,251
FNA:13,38,_ZNK4xlnt14cell_referenceeqERKNSt7__cxx1112basic_stringIcSt11char_traitsIcESaIcEEE
FNL:14,253,256
FNA:14,36,_ZNK4xlnt14cell_referenceeqEPKc
FNL:15,258,261
FNA:15,1,_ZNK4xlnt14cell_referenceneERKS0_
FNL:16,263,266
FNA:16,1,_ZNK4xlnt14cell_referenceneERKNSt7__cxx1112basic_stringIcSt11char_traitsIcESaIcEEE
FNL:17,268,271
FNA:17,1,_ZNK4xlnt14cell_referenceneEPKc
FNL:18,273,280
FNA:18,39,_ZNK4xlnt14cell_reference11make_offsetEii
FNL:19,282,288
FNA:19,59592,_ZNK4xlnt14cell_referenceeqERKS0_
FNL:20,37,40
FNA:20,4,_ZNK4xlnt19cell_reference_hashclERKNS_14cell_referenceE
FNL:21,42,48
FNA:21,10,_ZN4xlnt14cell_reference13make_absoluteEbb
FNL:22,50,53
FNA:22,8,_ZN4xlnt14cell_referenceC2Ev
FNL:23,55,61
FNA:23,1450,_ZN4xlnt14cell_referenceC2ERKNSt7__cxx1112basic_stringIcSt11char_traitsIcESaIcEEE
FNL:24,63,66
FNA:24,735,_ZN4xlnt14cell_referenceC2EPKc
FNL:25,68,78
FNA:25,74310,_ZN4xlnt14cell_referenceC2ENS_8column_tEj
FNL:26,80,83
FNA:26,1,_ZNK4xlnt14cell_referencecmERKS0_
FNL:27,85,104
FNA:27,11679,_ZNK4xlnt14cell_reference9to_stringB5cxx11Ev
FNF:28
FNH:27
BRDA:51,0,0,8
BRDA:51,e0,1,0
BRDA:51,0,2,8
BRDA:51,e0,3,0
BRDA:57,0,0,1448
BRDA:57,e0,1,2
BRDA:59,0,0,1448
BRDA:59,e0,1,0
BRDA:64,0,0,735
BRDA:64,e0,1,0
BRDA:64,0,2,733
BRDA:64,e0,3,2
BRDA:72,0,0,74309
BRDA:72,e0,1,0
BRDA:72,0,2,74309
BRDA:72,0,3,0
BRDA:73,0,0,74309
BRDA:73,e0,1,0
BRDA:73,0,2,74309
BRDA:73,0,3,0
BRDA:74,0,0,74309
BRDA:74,0,1,1
BRDA:74,0,2,74309
BRDA:74,e0,3,0
BRDA:74,0,4,74309
BRDA:74,e0,5,0
BRDA:74,0,6,0
BRDA:74,0,7,74309
BRDA:74,0,8,1
BRDA:74,0,9,74309
BRDA:76,0,0,1
BRDA:76,e0,1,0
BRDA:89,0,0,8
BRDA:89,0,1,11671
BRDA:91,0,0,8
BRDA:91,e0,1,0
BRDA:94,0,0,11679
BRDA:94,e0,1,0
BRDA:94,0,2,11679
BRDA:94,e0,3,0
BRDA:96,0,0,8
BRDA:96,0,1,11671
BRDA:98,0,0,8
BRDA:98,e0,1,0
BRDA:101,0,0,11679
BRDA:101,e0,1,0
BRDA:114,0,0,4
BRDA:114,e0,1,8
BRDA:128,0,0,3197
BRDA:128,0,1,1454
BRDA:132,0,0,1506
BRDA:132,0,1,1691
BRDA:134,0,0,1499
BRDA:134,0,1,7
BRDA:136,0,0,1499
BRDA:136,e0,1,0
BRDA:140,0,0,7
BRDA:140,e0,1,0
BRDA:143,0,0,16
BRDA:143,0,1,1675
BRDA:145,0,0,16
BRDA:145,0,1,0
BRDA:147,0,0,8
BRDA:147,0,1,8
BRDA:149,0,0,8
BRDA:149,e0,1,0
BRDA:159,0,0,1452
BRDA:159,0,1,223
BRDA:163,0,0,1
BRDA:163,0,1,222
BRDA:165,0,0,1
BRDA:165,e0,1,0
BRDA:170,0,0,1454
BRDA:170,e0,1,0
BRDA:172,0,0,2
BRDA:172,0,1,1452
BRDA:174,0,0,2
BRDA:174,e0,1,0
BRDA:177,0,0,1452
BRDA:177,e0,1,0
BRDA:177,0,2,8
BRDA:177,0,3,1444
BRDA:180,0,0,8
BRDA:180,e0,1,0
BRDA:183,0,0,1452
BRDA:183,e0,1,0
BRDA:183,0,2,8
BRDA:183,0,3,1444
BRDA:186,0,0,8
BRDA:186,e0,1,0
BRDA:190,0,0,1452
BRDA:190,e0,1,0
BRDA:190,0,2,0
BRDA:190,0,3,1452
BRDA:192,0,0,-
BRDA:192,e0,1,-
BRDA:195,0,0,1452
BRDA:195,e0,1,0
BRDA:225,0,0,1448
BRDA:225,e0,1,0
BRDA:250,0,0,38
BRDA:250,e0,1,0
BRDA:250,0,2,38
BRDA:250,e0,3,0
BRDA:255,0,0,36
BRDA:255,e0,1,0
BRDA:255,0,2,36
BRDA:255,e0,3,0
BRDA:265,0,0,1
BRDA:265,e0,1,0
BRDA:265,0,2,1
BRDA:265,e0,3,0
BRDA:270,0,0,1
BRDA:270,e0,1,0
BRDA:270,0,2,1
BRDA:270,e0,3,0
BRDA:279,0,0,39
BRDA:279,e0,1,0
BRDA:279,0,2,39
BRDA:279,e0,3,0
BRDA:285,0,0,57861
BRDA:285,0,1,283
BRDA:286,0,0,57861
BRDA:286,0,1,0
BRDA:287,0,0,58144
BRDA:287,0,1,1448
BRDA:287,0,2,57861
BRDA:287,0,3,0
BRF:128
BRH:82
DA:37,4
DA:39,4
DA:42,10
DA:44,10
DA:45,10
DA:47,10
DA:50,8
DA:51,8
DA:53,8
DA:55,1450
DA:57,1450
DA:59,1448
DA:60,1448
DA:61,1448
DA:63,735
DA:64,737
DA:66,733
DA:68,74310
DA:69,74310
DA:71,148620
DA:72,74309
DA:73,74309
DA:74,148619
DA:76,1
DA:78,74309
DA:80,1
DA:82,1
DA:85,11679
DA:87,11679
DA:89,11679
DA:91,8
DA:94,11679
DA:96,11679
DA:98,8
DA:101,11679
DA:103,11679
DA:104,0
DA:106,0
DA:108,0
DA:111,12
DA:114,16
DA:117,1462
DA:120,1462
DA:121,1462
DA:124,1462
DA:126,1462
DA:128,4651
DA:130,3197
DA:132,3197
DA:134,1506
DA:136,1499
DA:140,7
DA:143,1691
DA:145,16
DA:147,16
DA:149,8
DA:153,8
DA:159,1675
DA:161,1452
DA:163,223
DA:165,1
DA:170,1454
DA:172,1454
DA:174,2
DA:177,1452
DA:179,8
DA:180,8
DA:183,1452
DA:185,8
DA:186,8
DA:189,1452
DA:190,1452
DA:192,0
DA:195,2904
DA:196,1464
DA:198,3
DA:200,3
DA:203,10
DA:205,10
DA:206,10
DA:208,3
DA:210,3
DA:213,10
DA:215,10
DA:216,10
DA:218,106242
DA:220,106242
DA:223,1448
DA:225,1448
DA:226,1448
DA:228,120303
DA:230,120303
DA:233,17630
DA:235,17630
DA:236,17630
DA:238,153997
DA:240,153997
DA:243,3722
DA:245,3722
DA:246,3722
DA:248,38
DA:250,38
DA:253,36
DA:255,72
DA:258,1
DA:260,1
DA:263,1
DA:265,1
DA:268,1
DA:270,2
DA:273,39
DA:276,39
DA:277,39
DA:279,39
DA:282,59592
DA:284,59592
DA:285,58144
DA:286,57861
DA:287,117736
LF:119
LH:115
end_of_record
TN:
SF:/root/project/source/cell/comment.cpp
FNL:0,102,105
FNA:0,16,_ZNK4xlnt7comment6heightEv
FNL:1,107,114
FNA:1,2,_ZNK4xlnt7commenteqERKS0_
FNL:2,116,119
FNA:2,0,_ZNK4xlnt7commentneERKS0_
FNL:3,29,32
FNA:3,34,_ZN4xlnt7commentC2Ev
FNL:4,34,37
FNA:4,32,_ZN4xlnt7commentC2ERKNS_9rich_textERKNSt7__cxx1112basic_stringIcSt11char_traitsIcESaIcEEE
FNL:5,39,43
FNA:5,37,_ZN4xlnt7commentC2ERKNSt7__cxx1112basic_stringIcSt11char_traitsIcESaIcEEES8_
FNL:6,45,48
FNA:6,16,_ZNK4xlnt7comment4textEv
FNL:7,50,53
FNA:7,2,_ZNK4xlnt7comment10plain_textB5cxx11Ev
FNL:8,55,58
FNA:8,34,_ZNK4xlnt7comment6authorB5cxx11Ev
FNL:9,60,63
FNA:9,0,_ZN4xlnt7comment4hideEv
FNL:10,65,68
FNA:10,0,_ZN4xlnt7comment4showEv
FNL:11,70,74
FNA:11,34,_ZN4xlnt7comment8positionEii
FNL:12,76,80
FNA:12,1,_ZN4xlnt7comment4sizeEii
FNL:13,82,85
FNA:13,16,_ZNK4xlnt7comment7visibleEv
FNL:14,87,90
FNA:14,16,_ZNK4xlnt7comment4leftEv
FNL:15,92,95
FNA:15,16,_ZNK4xlnt7comment3topEv
FNL:16,97,100
FNA:16,16,_ZNK4xlnt7comment5widthEv
FNF:17
FNH:14
BRDA:30,0,0,34
BRDA:30,e0,1,0
BRDA:30,0,2,34
BRDA:30,e0,3,0
BRDA:30,0,4,34
BRDA:30,e0,5,0
BRDA:35,0,0,32
BRDA:35,e0,1,0
BRDA:40,0,0,37
BRDA:40,e0,1,0
BRDA:42,0,0,37
BRDA:42,e0,1,0
BRDA:111,0,0,2
BRDA:111,0,1,0
BRDA:112,0,0,2
BRDA:112,0,1,0
BRDA:113,0,0,2
BRDA:113,0,1,0
BRDA:113,0,2,2
BRDA:113,0,3,0
BRF:20
BRH:10
DA:29,34
DA:30,102
DA:32,34
DA:34,32
DA:35,32
DA:37,32
DA:39,37
DA:40,37
DA:42,37
DA:43,37
DA:45,16
DA:47,16
DA:50,2
DA:52,2
DA:55,34
DA:57,34
DA:60,0
DA:62,0
DA:63,0
DA:65,0
DA:67,0
DA:68,0
DA:70,34
DA:72,34
DA:73,34
DA:74,34
DA:76,1
DA:78,1
DA:79,1
[...]
FNL:120,787,790
FNA:120,3,_ZN4xlnt9worksheet11insert_rowsEjj
FNL:121,792,795
FNA:121,2,_ZN4xlnt9worksheet14insert_columnsENS_8column_tEj
FNL:122,797,800
FNA:122,2,_ZN4xlnt9worksheet11delete_rowsEjj
FNL:123,802,805
FNA:123,2,_ZN4xlnt9worksheet14delete_columnsENS_8column_tEj
FNL:124,807,957
FNA:124,9,_ZN4xlnt9worksheet10move_cellsEjjNS_12row_or_col_tEb
FNL:125,81,86
FNA:125,4,_ZNK4xlnt9worksheet16has_frozen_panesEv
FNL:126,88,91
FNA:126,6,_ZN4xlnt9worksheet18create_named_rangeERKNSt7__cxx1112basic_stringIcSt11char_traitsIcESaIcEEES8_
FNL:127,927,941
FNA:127,48,_ZZN4xlnt9worksheet10move_cellsEjjNS_12row_or_col_tEbENKUlRNS_14cell_referenceEE_clES3_
FNL:128,93,115
FNA:128,12,_ZN4xlnt9worksheet18create_named_rangeERKNSt7__cxx1112basic_stringIcSt11char_traitsIcESaIcEEERKNS_15range_referenceE
FNL:129,959,962
FNA:129,2089,_ZNK4xlnt9worksheeteqERKS0_
FNL:130,964,974
FNA:130,2091,_ZNK4xlnt9worksheet7compareERKS0_b
FNL:131,976,979
FNA:131,1,_ZNK4xlnt9worksheetneERKS0_
FNL:132,981,984
FNA:132,0,_ZNK4xlnt9worksheeteqEDn
FNL:133,986,989
FNA:133,0,_ZNK4xlnt9worksheetneEDn
FNL:134,991,994
FNA:134,6,_ZN4xlnt9worksheetaSERKS0_
FNL:135,996,999
FNA:135,0,_ZNK4xlnt9worksheetixERKNS_14cell_referenceE
FNF:136
FNH:118
BRDA:83,0,0,2
BRDA:83,0,1,2
BRDA:84,0,0,4
BRDA:84,0,1,0
BRDA:84,0,2,0
BRDA:84,0,3,2
BRDA:85,0,0,0
BRDA:85,0,1,0
BRDA:90,0,0,6
BRDA:90,e0,1,0
BRDA:90,0,2,4
BRDA:90,e0,3,2
BRDA:97,0,0,4
BRDA:97,e0,1,8
BRDA:101,0,0,4
BRDA:101,e0,1,0
BRDA:101,0,2,4
BRDA:101,e0,3,0
BRDA:101,0,4,3
BRDA:101,0,5,1
BRDA:101,0,6,2
BRDA:101,0,7,1
BRDA:101,0,8,2
BRDA:101,0,9,2
BRDA:103,0,0,2
BRDA:103,e0,1,0
BRDA:106,0,0,2
BRDA:106,0,1,8
BRDA:109,0,0,8
BRDA:109,e0,1,0
BRDA:112,0,0,10
BRDA:112,e0,1,0
BRDA:114,0,0,10
BRDA:114,e0,1,0
BRDA:114,0,2,10
BRDA:114,e0,3,0
BRDA:114,0,4,10
BRDA:114,e0,5,0
BRDA:149,0,0,1
BRDA:149,e0,1,0
BRDA:159,0,0,-
BRDA:159,e0,1,-
BRDA:184,0,0,0
BRDA:184,0,1,71
BRDA:186,0,0,-
BRDA:186,e0,1,-
BRDA:194,0,0,11052
BRDA:194,e0,1,0
BRDA:199,0,0,321
BRDA:199,e0,1,0
BRDA:206,0,0,1
BRDA:206,0,1,1
BRDA:208,0,0,1
BRDA:208,e0,1,0
BRDA:208,0,2,1
BRDA:208,e0,3,0
BRDA:208,0,4,0
BRDA:208,0,5,1
BRDA:210,0,0,-
BRDA:210,e0,1,-
BRDA:237,0,0,6
BRDA:237,0,1,31
BRDA:242,0,0,30
BRDA:242,0,1,1
BRDA:242,0,2,29
BRDA:242,e0,3,1
BRDA:242,0,4,1
BRDA:242,0,5,28
BRDA:242,0,6,2
BRDA:242,0,7,28
BRDA:244,0,0,2
BRDA:244,e0,1,0
BRDA:247,0,0,7
BRDA:247,0,1,21
BRDA:249,0,0,7
BRDA:249,e0,1,0
BRDA:253,0,0,21
BRDA:253,e0,1,0
BRDA:253,0,2,21
BRDA:253,e0,3,0
BRDA:254,0,0,21
BRDA:254,e0,1,0
BRDA:254,0,2,21
BRDA:254,e0,3,0
BRDA:254,0,4,21
BRDA:254,e0,5,0
BRDA:255,0,0,2
BRDA:255,0,1,19
BRDA:257,0,0,2
BRDA:257,e0,1,0
BRDA:261,0,0,19
BRDA:261,e0,1,0
BRDA:261,0,2,19
BRDA:261,e0,3,0
BRDA:262,0,0,19
BRDA:262,e0,1,0
BRDA:264,0,0,19
BRDA:264,e0,1,0
BRDA:264,0,2,19
BRDA:264,e0,3,0
BRDA:269,0,0,0
BRDA:269,0,1,2
BRDA:271,0,0,-
BRDA:271,e0,1,-
BRDA:279,0,0,2
BRDA:279,e0,1,0
BRDA:279,0,2,2
BRDA:279,e0,3,0
BRDA:284,0,0,1
BRDA:284,0,1,7
BRDA:289,0,0,0
BRDA:289,0,1,7
BRDA:291,0,0,-
BRDA:291,e0,1,-
BRDA:295,0,0,7
BRDA:295,0,1,0
BRDA:297,0,0,7
BRDA:297,e0,1,0
BRDA:304,0,0,7
BRDA:304,e0,1,0
BRDA:304,0,2,7
BRDA:304,e0,3,0
BRDA:304,0,4,1
BRDA:304,0,5,6
BRDA:306,0,0,1
BRDA:306,e0,1,0
BRDA:306,0,2,1
BRDA:306,e0,3,0
BRDA:310,0,0,1
BRDA:310,0,1,5
BRDA:312,0,0,1
BRDA:312,e0,1,0
BRDA:312,0,2,1
BRDA:312,e0,3,0
BRDA:314,0,0,1
BRDA:314,e0,1,0
BRDA:314,0,2,1
BRDA:314,e0,3,0
BRDA:314,0,4,1
BRDA:314,e0,5,0
BRDA:318,0,0,5
BRDA:318,e0,1,0
BRDA:318,0,2,5
BRDA:318,e0,3,0
BRDA:318,0,4,5
BRDA:318,e0,5,0
BRDA:318,0,6,5
BRDA:318,e0,7,0
BRDA:319,0,0,5
BRDA:319,e0,1,0
BRDA:319,0,2,5
BRDA:319,e0,3,0
BRDA:319,0,4,5
BRDA:319,e0,5,0
BRDA:319,0,6,5
BRDA:319,e0,7,0
BRDA:319,0,8,5
BRDA:319,e0,9,0
BRDA:320,0,0,5
BRDA:320,e0,1,0
BRDA:320,0,2,5
BRDA:320,e0,3,0
BRDA:322,0,0,5
BRDA:322,e0,1,0
BRDA:322,0,2,5
BRDA:322,e0,3,0
BRDA:322,0,4,5
BRDA:322,e0,5,0
BRDA:329,0,0,0
BRDA:329,0,1,2
BRDA:339,0,0,0
BRDA:339,0,1,1
BRDA:341,0,0,-
BRDA:341,e0,1,-
BRDA:346,0,0,1
BRDA:346,0,1,0
BRDA:348,0,0,1
BRDA:348,e0,1,0
BRDA:348,0,2,1
BRDA:348,e0,3,0
BRDA:358,0,0,0
BRDA:358,0,1,3
BRDA:360,0,0,1
BRDA:360,0,1,2
BRDA:361,0,0,2
BRDA:361,e0,1,0
BRDA:361,0,2,2
BRDA:361,e0,3,0
BRDA:368,0,0,0
BRDA:368,0,1,2
BRDA:370,0,0,-
BRDA:370,e0,1,-
BRDA:370,0,2,-
BRDA:370,e0,3,-
BRDA:375,0,0,0
BRDA:375,0,1,2
BRDA:377,0,0,-
BRDA:377,e0,1,-
BRDA:377,0,2,-
BRDA:377,e0,3,-
BRDA:385,0,0,23449
BRDA:385,e0,1,0
BRDA:386,0,0,11365
BRDA:386,0,1,12084
BRDA:388,0,0,11365
BRDA:388,e0,1,0
BRDA:390,0,0,11365
BRDA:390,e0,1,0
BRDA:390,0,2,11365
BRDA:390,e0,3,0
BRDA:391,0,0,11365
BRDA:391,e0,1,0
BRDA:393,0,0,11365
BRDA:393,e0,1,0
BRDA:395,0,0,23449
BRDA:395,e0,1,0
BRDA:400,0,0,36
BRDA:400,e0,1,0
BRDA:400,0,2,36
BRDA:400,e0,3,0
BRDA:405,0,0,23
BRDA:405,e0,1,0
BRDA:405,0,2,23
BRDA:405,e0,3,0
BRDA:410,0,0,-
BRDA:410,e0,1,-
BRDA:410,0,2,-
BRDA:410,e0,3,-
BRDA:415,0,0,14336
BRDA:415,e0,1,0
BRDA:421,0,0,3008
BRDA:421,e0,1,0
BRDA:426,0,0,9
BRDA:426,e0,1,0
BRDA:426,0,2,9
BRDA:426,e0,3,0
BRDA:426,0,4,1
BRDA:426,0,5,8
BRDA:428,0,0,1
BRDA:428,e0,1,0
BRDA:431,0,0,1
BRDA:431,0,1,7
BRDA:433,0,0,1
BRDA:433,e0,1,0
BRDA:441,0,0,-
BRDA:441,e0,1,-
BRDA:441,0,2,-
BRDA:441,e0,3,-
BRDA:441,0,4,-
BRDA:441,0,5,-
BRDA:443,0,0,-
BRDA:443,e0,1,-
BRDA:446,0,0,-
BRDA:446,0,1,-
BRDA:448,0,0,-
BRDA:448,e0,1,-
BRDA:456,0,0,20
BRDA:456,0,1,41
BRDA:458,0,0,20
BRDA:458,e0,1,0
BRDA:461,0,0,41
BRDA:461,e0,1,0
BRDA:463,0,0,11222
BRDA:463,0,1,41
BRDA:465,0,0,11222
BRDA:465,e0,1,0
BRDA:465,0,2,11222
BRDA:465,e0,3,0
BRDA:473,0,0,57
BRDA:473,e0,1,0
BRDA:475,0,0,19
BRDA:475,0,1,38
BRDA:475,0,2,1
BRDA:475,0,3,18
BRDA:475,0,4,1
BRDA:475,0,5,56
BRDA:480,0,0,1334
BRDA:480,0,1,57
BRDA:482,0,0,1334
BRDA:482,e0,1,0
BRDA:490,0,0,34
BRDA:490,0,1,51
BRDA:492,0,0,34
BRDA:492,e0,1,0
BRDA:495,0,0,51
BRDA:495,e0,1,0
BRDA:497,0,0,21692
BRDA:497,0,1,51
BRDA:499,0,0,21692
BRDA:499,e0,1,0
BRDA:507,0,0,57
BRDA:507,e0,1,0
BRDA:509,0,0,19
BRDA:509,0,1,38
BRDA:509,0,2,1
BRDA:509,0,3,18
BRDA:509,0,4,1
BRDA:509,0,5,56
BRDA:514,0,0,1284
BRDA:514,0,1,57
BRDA:524,0,0,91
BRDA:524,e0,1,0
BRDA:526,0,0,22250
BRDA:526,0,1,91
BRDA:528,0,0,22250
BRDA:528,e0,1,0
BRDA:536,0,0,57
BRDA:536,e0,1,0
BRDA:538,0,0,19
BRDA:538,0,1,38
BRDA:538,0,2,1
BRDA:538,0,3,18
BRDA:538,0,4,1
BRDA:538,0,5,56
BRDA:543,0,0,1284
BRDA:543,0,1,57
BRDA:553,0,0,62
BRDA:553,e0,1,0
BRDA:555,0,0,11223
BRDA:555,0,1,62
BRDA:557,0,0,11223
BRDA:557,e0,1,0
BRDA:557,0,2,11223
BRDA:557,e0,3,0
BRDA:565,0,0,57
BRDA:565,e0,1,0
BRDA:567,0,0,19
BRDA:567,0,1,38
BRDA:567,0,2,1
BRDA:567,0,3,18
BRDA:567,0,4,1
BRDA:567,0,5,56
BRDA:572,0,0,1334
BRDA:572,0,1,57
BRDA:574,0,0,1334
BRDA:574,e0,1,0
BRDA:586,0,0,29
BRDA:586,0,1,146
BRDA:586,0,2,29
BRDA:586,0,3,0
BRDA:586,0,4,29
BRDA:586,0,5,146
BRDA:589,0,0,29
BRDA:589,e0,1,0
BRDA:589,0,2,29
BRDA:589,e0,3,0
BRDA:589,0,4,29
BRDA:589,e0,5,0
BRDA:589,0,6,29
BRDA:589,e0,7,0
BRDA:589,0,8,29
BRDA:589,e0,9,0
BRDA:594,0,0,129
BRDA:594,0,1,17
BRDA:594,0,2,129
BRDA:594,e0,3,0
BRDA:594,0,4,17
BRDA:594,e0,5,0
BRDA:595,0,0,146
BRDA:595,e0,1,0
BRDA:596,0,0,101
BRDA:596,0,1,45
BRDA:598,0,0,2740
BRDA:598,0,1,101
BRDA:600,0,0,2734
BRDA:600,0,1,6
BRDA:606,0,0,0
BRDA:606,0,1,146
BRDA:609,0,0,-
BRDA:609,e0,1,-
BRDA:609,0,2,-
BRDA:609,e0,3,-
BRDA:609,0,4,-
BRDA:609,e0,5,-
BRDA:612,0,0,129
BRDA:612,0,1,17
BRDA:612,0,2,129
BRDA:612,e0,3,0
BRDA:612,0,4,17
BRDA:612,e0,5,0
BRDA:613,0,0,146
BRDA:613,e0,1,0
BRDA:616,0,0,23474
BRDA:616,0,1,146
BRDA:618,0,0,23429
BRDA:618,0,1,45
BRDA:619,0,0,23429
BRDA:619,e0,1,0
BRDA:622,0,0,23474
BRDA:622,e0,1,0
BRDA:625,0,0,146
BRDA:625,e0,1,0
BRDA:630,0,0,3
BRDA:630,0,1,19
BRDA:635,0,0,19
BRDA:635,e0,1,0
BRDA:635,0,2,19
BRDA:635,e0,3,0
BRDA:640,0,0,0
BRDA:640,0,1,1
BRDA:645,0,0,1
BRDA:645,e0,1,0
BRDA:645,0,2,1
BRDA:645,e0,3,0
BRDA:650,0,0,40
BRDA:650,e0,1,0
BRDA:655,0,0,1
BRDA:655,e0,1,0
BRDA:660,0,0,10
BRDA:660,e0,1,0
BRDA:660,0,2,10
BRDA:660,e0,3,0
BRDA:665,0,0,2
BRDA:665,e0,1,0
BRDA:665,0,2,1
BRDA:665,e0,3,1
BRDA:673,0,0,12
BRDA:673,e0,1,0
BRDA:673,0,2,12
BRDA:673,e0,3,0
BRDA:673,0,4,12
BRDA:673,e0,5,0
BRDA:673,0,6,71
BRDA:673,e0,7,0
BRDA:673,0,8,71
BRDA:673,e0,9,0
BRDA:673,0,10,83
BRDA:673,e0,11,0
BRDA:673,0,12,71
BRDA:673,0,13,12
BRDA:675,0,0,71
BRDA:675,e0,1,0
BRDA:675,0,2,71
BRDA:675,e0,3,0
BRDA:675,0,4,760
BRDA:675,e0,5,0
BRDA:675,0,6,831
BRDA:675,e0,7,0
BRDA:675,0,8,760
BRDA:675,0,9,71
BRDA:677,0,0,760
BRDA:677,e0,1,0
BRDA:679,0,0,748
BRDA:679,0,1,12
BRDA:681,0,0,748
BRDA:681,e0,1,0
BRDA:681,0,2,1
BRDA:681,0,3,747
BRDA:683,0,0,1
BRDA:683,e0,1,0
BRDA:687,0,0,747
BRDA:687,e0,1,0
BRDA:691,0,0,760
BRDA:691,e0,1,0
BRDA:698,0,0,2
BRDA:698,e0,1,0
BRDA:700,0,0,1
BRDA:700,0,1,1
BRDA:702,0,0,1
BRDA:702,e0,1,0
BRDA:705,0,0,1
BRDA:705,e0,1,0
BRDA:707,0,0,1
BRDA:707,e0,1,0
BRDA:707,0,2,1
BRDA:707,e0,3,0
BRDA:707,0,4,1
BRDA:707,e0,5,0
BRDA:707,0,6,4
BRDA:707,e0,7,0
BRDA:707,0,8,4
BRDA:707,e0,9,0
BRDA:707,0,10,5
BRDA:707,e0,11,0
BRDA:707,0,12,4
BRDA:707,0,13,1
BRDA:709,0,0,4
BRDA:709,e0,1,0
BRDA:709,0,2,4
BRDA:709,e0,3,0
BRDA:709,0,4,16
BRDA:709,e0,5,0
BRDA:709,0,6,16
BRDA:709,e0,7,0
BRDA:709,0,8,20
BRDA:709,e0,9,0
BRDA:709,0,10,16
BRDA:709,0,11,4
BRDA:711,0,0,16
BRDA:711,e0,1,0
BRDA:720,0,0,-
BRDA:720,0,1,-
BRDA:720,0,2,-
BRDA:720,0,3,-
BRDA:720,0,4,-
BRDA:720,0,5,-
BRDA:730,0,0,41
BRDA:730,e0,1,0
BRDA:730,0,2,41
BRDA:730,e0,3,0
BRDA:735,0,0,6
BRDA:735,e0,1,0
BRDA:735,0,2,6
BRDA:735,e0,3,0
BRDA:740,0,0,16
BRDA:740,e0,1,0
BRDA:740,0,2,16
BRDA:740,e0,3,0
BRDA:745,0,0,2
BRDA:745,e0,1,0
BRDA:745,0,2,2
BRDA:745,e0,3,0
BRDA:772,0,0,140
BRDA:772,0,1,1
BRDA:774,0,0,140
BRDA:774,e0,1,0
BRDA:774,0,2,4
BRDA:774,0,3,136
BRDA:776,0,0,4
BRDA:776,e0,1,0
BRDA:809,0,0,4
BRDA:809,0,1,5
BRDA:809,0,2,0
BRDA:809,0,3,4
BRDA:811,0,0,-
BRDA:811,e0,1,-
BRDA:814,0,0,5
BRDA:814,0,1,4
BRDA:814,0,2,3
BRDA:814,0,3,2
BRDA:814,0,4,3
BRDA:814,e0,5,0
BRDA:814,0,6,2
BRDA:814,0,7,1
BRDA:814,0,8,4
BRDA:814,0,9,4
BRDA:814,0,10,2
BRDA:814,0,11,2
BRDA:814,0,12,2
BRDA:814,e0,13,0
BRDA:814,0,14,2
BRDA:814,e0,15,0
BRDA:814,0,16,2
BRDA:814,e0,17,0
BRDA:814,0,18,2
BRDA:814,e0,19,0
BRDA:814,0,20,0
BRDA:814,0,21,2
BRDA:814,0,22,1
BRDA:814,0,23,8
BRDA:816,0,0,1
BRDA:816,e0,1,0
BRDA:816,0,2,1
BRDA:816,e0,3,0
BRDA:822,0,0,88
BRDA:822,0,1,8
BRDA:825,0,0,44
BRDA:825,0,1,44
BRDA:825,0,2,0
BRDA:828,0,0,44
BRDA:828,e0,1,0
BRDA:831,0,0,44
BRDA:831,e0,1,0
BRDA:834,0,0,-
BRDA:834,e0,1,-
BRDA:837,0,0,40
BRDA:837,0,1,48
BRDA:839,0,0,40
BRDA:839,e0,1,0
BRDA:840,0,0,24
BRDA:840,0,1,16
BRDA:842,0,0,13
BRDA:842,0,1,11
BRDA:844,0,0,16
BRDA:844,0,1,0
BRDA:846,0,0,9
BRDA:846,0,1,7
BRDA:846,0,2,16
BRDA:846,e0,3,0
BRDA:849,0,0,40
BRDA:849,e0,1,0
BRDA:850,0,0,40
BRDA:850,e0,1,0
BRDA:852,0,0,34
BRDA:852,0,1,14
BRDA:852,0,2,16
BRDA:852,0,3,18
BRDA:854,0,0,16
BRDA:854,e0,1,0
BRDA:862,0,0,40
BRDA:862,0,1,8
BRDA:864,0,0,40
BRDA:864,e0,1,0
BRDA:864,0,2,40
BRDA:864,e0,3,0
BRDA:864,0,4,40
BRDA:864,e0,5,0
BRDA:867,0,0,4
BRDA:867,0,1,4
BRDA:872,0,0,6
BRDA:872,0,1,4
BRDA:875,0,0,2
BRDA:875,0,1,4
BRDA:877,0,0,1
BRDA:877,0,1,1
BRDA:878,0,0,2
BRDA:878,e0,1,0
BRDA:878,0,2,2
BRDA:878,e0,3,0
BRDA:879,0,0,2
BRDA:879,e0,1,0
BRDA:881,0,0,3
BRDA:881,0,1,1
BRDA:881,0,2,2
BRDA:881,0,3,1
BRDA:883,0,0,2
BRDA:883,e0,1,0
BRDA:891,0,0,2
BRDA:891,0,1,4
BRDA:893,0,0,2
BRDA:893,e0,1,0
BRDA:896,0,0,4
BRDA:896,0,1,0
BRDA:901,0,0,6
BRDA:901,0,1,4
BRDA:904,0,0,2
BRDA:904,0,1,4
BRDA:906,0,0,1
BRDA:906,0,1,1
BRDA:906,0,2,2
BRDA:906,e0,3,0
BRDA:907,0,0,2
BRDA:907,e0,1,0
BRDA:908,0,0,2
BRDA:908,e0,1,0
BRDA:910,0,0,3
BRDA:910,0,1,1
BRDA:910,0,2,2
BRDA:910,0,3,1
BRDA:912,0,0,2
BRDA:912,e0,1,0
BRDA:920,0,0,2
BRDA:920,0,1,4
BRDA:922,0,0,2
BRDA:922,e0,1,0
BRDA:928,0,0,24
BRDA:928,0,1,24
BRDA:929,0,0,28
BRDA:929,0,1,20
BRDA:931,0,0,14
BRDA:931,0,1,14
BRDA:932,0,0,18
BRDA:932,0,1,10
BRDA:936,0,0,10
BRDA:936,0,1,0
BRDA:938,0,0,10
BRDA:938,e0,1,0
BRDA:938,0,2,10
BRDA:938,e0,3,0
BRDA:943,0,0,24
BRDA:943,0,1,8
BRDA:945,0,0,24
BRDA:945,e0,1,0
BRDA:946,0,0,24
BRDA:946,e0,1,0
BRDA:948,0,0,24
BRDA:948,e0,1,0
BRDA:949,0,0,24
BRDA:949,e0,1,0
BRDA:951,0,0,24
BRDA:951,e0,1,0
BRDA:952,0,0,24
BRDA:952,e0,1,0
BRDA:952,0,2,16
BRDA:952,0,3,8
BRDA:966,0,0,2089
BRDA:966,0,1,2
BRDA:1003,0,0,60
BRDA:1003,e0,1,0
BRDA:1008,0,0,1
BRDA:1008,0,1,1
BRDA:1010,0,0,1
BRDA:1010,e0,1,0
BRDA:1028,0,0,1
BRDA:1028,e0,1,0
BRDA:1034,0,0,1
BRDA:1034,0,1,1
BRDA:1036,0,0,1
BRDA:1036,e0,1,0
BRDA:1036,0,2,1
BRDA:1036,e0,3,0
BRDA:1039,0,0,1
BRDA:1039,0,1,1
BRDA:1041,0,0,1
BRDA:1041,e0,1,0
BRDA:1044,0,0,1
BRDA:1044,e0,1,0
BRDA:1044,0,2,1
BRDA:1044,e0,3,0
BRDA:1044,0,4,1
BRDA:1044,e0,5,0
BRDA:1049,0,0,-
BRDA:1049,e0,1,-
BRDA:1049,0,2,-
BRDA:1049,e0,3,-
BRDA:1054,0,0,8
BRDA:1054,e0,1,0
BRDA:1054,0,2,8
BRDA:1054,e0,3,0
BRDA:1064,0,0,1601
BRDA:1064,e0,1,0
BRDA:1094,0,0,3
BRDA:1094,e0,1,0
BRDA:1094,0,2,3
BRDA:1094,e0,3,0
BRDA:1099,0,0,3
BRDA:1099,e0,1,0
BRDA:1099,0,2,3
BRDA:1099,e0,3,0
BRDA:1104,0,0,2
BRDA:1104,e0,1,0
BRDA:1104,0,2,2
BRDA:1104,e0,3,0
BRDA:1109,0,0,2
BRDA:1109,e0,1,0
BRDA:1109,0,2,2
BRDA:1109,e0,3,0
BRDA:1144,0,0,55
BRDA:1144,0,1,4
BRDA:1144,0,2,2
BRDA:1144,0,3,53
BRDA:1155,0,0,2
BRDA:1155,e0,1,0
BRDA:1155,0,2,2
BRDA:1155,e0,3,0
BRDA:1190,0,0,34
BRDA:1190,e0,1,0
BRDA:1190,0,2,34
BRDA:1190,e0,3,0
BRDA:1195,0,0,17
BRDA:1195,e0,1,0
BRDA:1195,0,2,17
BRDA:1195,e0,3,0
BRDA:1253,0,0,0
BRDA:1253,0,1,35
BRDA:1267,0,0,14
BRDA:1267,0,1,3
BRDA:1267,0,2,0
BRDA:1267,0,3,14
BRDA:1267,0,4,0
BRDA:1267,0,5,17
BRDA:1279,0,0,18
BRDA:1279,e0,1,0
BRDA:1279,0,2,18
BRDA:1279,e0,3,0
BRDA:1289,0,0,1
BRDA:1289,e0,1,0
BRDA:1289,0,2,1
BRDA:1289,e0,3,0
BRDA:1289,0,4,1
BRDA:1289,e0,5,0
BRDA:1294,0,0,51
BRDA:1294,e0,1,0
BRDA:1295,0,0,51
BRDA:1295,e0,1,0
BRDA:1295,0,2,51
BRDA:1295,e0,3,0
BRDA:1295,0,4,51
BRDA:1295,e0,5,0
BRDA:1295,0,6,51
BRDA:1295,e0,7,0
BRDA:1295,0,8,51
BRDA:1295,e0,9,0
BRDA:1295,0,10,51
BRDA:1295,e0,11,0
BRDA:1300,0,0,53
BRDA:1300,e0,1,0
BRDA:1301,0,0,53
BRDA:1301,e0,1,0
BRDA:1302,0,0,53
BRDA:1302,e0,1,0
BRDA:1302,0,2,53
BRDA:1302,e0,3,0
BRDA:1303,0,0,53
BRDA:1303,e0,1,0
BRDA:1305,0,0,53
BRDA:1305,e0,1,0
BRDA:1305,0,2,53
BRDA:1305,e0,3,0
BRDA:1305,0,4,53
BRDA:1305,e0,5,0
BRDA:1305,0,6,53
BRDA:1305,e0,7,0
BRDA:1305,0,8,53
BRDA:1305,e0,9,0
BRDA:1305,0,10,53
BRDA:1305,e0,11,0
BRF:797
BRH:475
DA:57,52
DA:59,52
DA:66,6
DA:67,6
DA:69,6
DA:71,13483
DA:72,13483
DA:74,13483
DA:76,4425
DA:77,4425
DA:79,4425
DA:81,4
DA:83,8
DA:84,8
DA:85,4
DA:88,6
DA:90,6
DA:91,4
DA:93,12
DA:97,12
DA:101,4
DA:103,2
DA:105,4
DA:106,10
DA:109,8
DA:111,10
DA:112,10
DA:114,10
DA:115,10
DA:117,109
DA:119,109
DA:122,67
DA:124,67
DA:127,57
DA:129,57
DA:132,244
DA:134,244
DA:137,301
DA:139,301
DA:142,353
DA:144,353
DA:145,353
DA:147,1
DA:149,1
DA:150,1
DA:152,2
DA:154,2
DA:155,2
DA:157,0
DA:159,0
DA:160,0
DA:162,3
DA:164,3
DA:167,115
DA:169,115
DA:172,0
DA:174,0
DA:175,0
DA:177,25
DA:179,25
DA:180,25
DA:182,71
DA:184,71
DA:186,0
DA:189,71
DA:192,11052
DA:194,11052
DA:197,321
DA:199,321
DA:202,1
DA:204,1
DA:206,2
DA:208,1
DA:210,0
DA:214,1
DA:217,1
DA:219,0
DA:221,0
DA:222,0
DA:224,268
DA:226,268
DA:229,1201
DA:231,1201
DA:234,37
DA:237,37
DA:239,6
DA:242,31
DA:244,2
DA:247,28
DA:249,7
DA:253,42
DA:254,42
DA:255,21
DA:257,2
DA:261,19
DA:262,19
DA:264,19
DA:267,2
DA:269,2
DA:271,0
DA:274,2
DA:277,2
DA:279,2
DA:280,2
DA:282,8
DA:284,8
DA:286,1
DA:287,1
DA:289,7
DA:291,0
DA:294,7
DA:295,7
DA:297,7
DA:300,7
DA:301,7
DA:303,7
DA:304,7
DA:306,1
DA:307,1
DA:308,1
DA:310,6
DA:312,1
DA:313,1
DA:314,1
DA:318,5
DA:319,5
DA:320,5
DA:321,5
DA:322,5
DA:323,5
DA:327,2
DA:329,2
DA:331,2
DA:333,2
DA:334,2
DA:337,1
DA:339,1
DA:341,0
DA:344,1
DA:346,1
DA:348,1
DA:352,0
DA:354,1
DA:356,3
DA:358,3
DA:359,3
DA:360,3
DA:361,2
DA:363,2
DA:364,2
DA:366,2
DA:368,2
DA:370,0
DA:373,2
DA:375,2
DA:377,0
DA:380,2
DA:383,23449
DA:385,23449
DA:386,23449
DA:388,11365
DA:389,11365
DA:390,11365
DA:391,11365
DA:393,11365
DA:394,11365
DA:395,23449
DA:398,36
DA:400,36
DA:403,23
DA:405,23
DA:408,0
DA:410,0
DA:413,14336
DA:415,14336
DA:416,14336
DA:419,3008
DA:421,3008
DA:424,9
DA:426,9
DA:428,1
DA:431,8
DA:433,1
DA:436,7
DA:439,0
DA:441,0
DA:443,0
DA:446,0
DA:448,0
DA:451,0
DA:454,61
DA:456,61
DA:458,20
DA:461,41
DA:463,11263
DA:465,11222
DA:468,41
DA:471,57
DA:473,57
DA:475,57
DA:477,1
DA:480,1391
DA:482,1334
DA:485,57
DA:488,85
DA:490,85
DA:492,34
DA:495,51
DA:497,21743
DA:499,21692
DA:502,51
DA:505,57
DA:507,57
DA:509,57
DA:511,1
DA:514,1341
DA:516,1284
DA:519,57
DA:522,91
DA:524,91
DA:526,22341
DA:528,22250
DA:531,91
DA:534,57
DA:536,57
DA:538,57
DA:540,1
DA:543,1341
DA:545,1284
DA:548,57
DA:551,62
DA:553,62
DA:555,11285
DA:557,11223
DA:560,62
DA:563,57
DA:565,57
DA:567,57
DA:569,1
DA:572,1391
DA:574,1334
DA:577,57
DA:580,175
DA:586,175
DA:589,29
DA:594,146
DA:595,146
DA:596,146
DA:598,2841
DA:600,2740
DA:601,2734
DA:603,2740
DA:606,146
DA:609,0
DA:612,146
DA:613,146
DA:614,146
DA:615,146
DA:616,23620
DA:618,23474
DA:619,23429
DA:620,23429
DA:622,23474
DA:623,23474
DA:625,146
DA:628,22
DA:630,22
DA:632,3
DA:635,19
DA:638,1
DA:640,1
DA:642,0
DA:645,1
DA:648,40
DA:650,40
DA:653,1
DA:655,1
DA:658,10
DA:660,10
DA:661,10
DA:663,2
DA:665,2
DA:666,1
DA:668,12
DA:670,12
DA:671,12
DA:673,154
DA:675,831
DA:677,760
DA:679,760
DA:681,748
DA:683,1
DA:687,747
DA:691,760
DA:693,12
DA:694,12
DA:696,2
DA:698,2
DA:700,2
DA:702,1
DA:705,1
DA:707,9
DA:709,36
DA:711,16
DA:713,1
DA:714,1
DA:716,0
DA:718,0
DA:720,0
DA:722,0
DA:725,0
DA:728,41
DA:730,41
DA:733,6
DA:735,6
DA:738,16
DA:740,16
DA:743,2
DA:745,2
DA:764,7
DA:766,7
DA:768,7
DA:770,1
DA:772,141
DA:774,140
DA:776,4
DA:780,136
DA:783,1
DA:785,1
DA:787,3
DA:789,3
DA:790,2
DA:792,2
DA:794,2
DA:795,2
DA:797,2
DA:799,2
DA:800,2
DA:802,2
DA:804,2
DA:805,2
DA:807,9
DA:809,9
DA:811,0
DA:814,9
DA:816,3
DA:819,8
DA:821,8
DA:822,96
DA:825,88
DA:827,44
DA:828,44
DA:829,44
DA:830,44
DA:831,44
DA:832,44
DA:833,0
DA:834,0
DA:837,88
DA:839,40
DA:840,40
DA:842,24
DA:844,16
DA:846,16
DA:849,40
DA:850,40
DA:851,40
DA:852,48
DA:854,16
DA:858,32
DA:862,48
DA:864,40
DA:867,8
DA:869,4
DA:871,4
DA:872,10
DA:874,6
DA:875,6
DA:877,2
DA:878,2
DA:879,2
DA:881,4
DA:883,2
DA:887,2
DA:891,6
DA:893,2
DA:895,4
DA:896,4
DA:898,4
DA:900,4
DA:901,10
DA:903,6
DA:904,6
DA:906,2
DA:907,2
DA:908,2
DA:910,4
DA:912,2
DA:916,2
DA:920,6
DA:922,2
DA:924,4
DA:927,48
DA:928,48
DA:929,48
DA:931,28
DA:932,28
DA:934,18
DA:936,10
DA:938,10
DA:941,48
DA:943,32
DA:945,24
DA:946,24
DA:948,24
DA:949,24
DA:951,24
DA:952,24
DA:954,16
DA:957,8
DA:959,2089
DA:961,2089
DA:964,2091
DA:966,2091
DA:968,2089
DA:972,2
DA:976,1
DA:978,1
DA:981,0
DA:983,0
DA:986,0
DA:988,0
DA:991,6
DA:993,6
DA:994,6
DA:996,0
DA:998,0
DA:1001,60
DA:1003,60
DA:1006,2
DA:1008,2
DA:1010,1
DA:1013,1
DA:1014,1
DA:1016,1
DA:1018,1
DA:1019,1
DA:1021,21
DA:1023,21
DA:1026,1
DA:1028,1
DA:1029,1
DA:1031,1
DA:1032,1
DA:1034,2
DA:1036,1
DA:1039,2
DA:1041,1
DA:1044,1
DA:1047,0
DA:1049,0
DA:1050,0
DA:1052,8
DA:1054,8
DA:1057,43619
DA:1059,43619
DA:1060,43619
DA:1062,1601
DA:1064,1601
DA:1067,1354
DA:1069,1354
DA:1072,0
DA:1074,0
DA:1077,1400
DA:1079,1400
DA:1082,14
DA:1084,14
DA:1087,14
DA:1089,14
DA:1090,14
DA:1092,3
DA:1094,3
DA:1097,3
DA:1099,3
DA:1102,2
DA:1104,2
DA:1107,2
DA:1109,2
DA:1112,2
DA:1114,2
DA:1117,2
DA:1119,2
DA:1122,2
DA:1124,2
DA:1125,2
DA:1127,10
DA:1129,10
DA:1132,2
DA:1134,2
DA:1135,2
DA:1137,10
DA:1139,10
DA:1142,59
DA:1144,59
DA:1147,0
DA:1149,0
DA:1150,0
DA:1151,0
DA:1153,2
DA:1155,2
DA:1156,2
DA:1158,4
DA:1160,4
DA:1163,59
DA:1165,59
DA:1168,0
DA:1170,0
DA:1173,71
DA:1175,71
DA:1178,68
DA:1180,68
DA:1183,251
DA:1185,251
DA:1186,251
DA:1188,34
DA:1190,34
DA:1191,34
DA:1193,17
DA:1195,17
DA:1196,17
DA:1198,56
DA:1200,56
DA:1203,4
DA:1205,4
DA:1208,0
DA:1210,0
DA:1211,0
DA:1213,57
DA:1215,57
DA:1218,18
DA:1220,18
DA:1221,18
DA:1223,0
DA:1225,0
DA:1226,0
DA:1227,0
DA:1229,0
DA:1231,0
DA:1232,0
DA:1234,56
DA:1236,56
DA:1239,0
DA:1241,0
DA:1242,0
DA:1244,56
DA:1246,56
DA:1249,35
DA:1253,35
DA:1255,0
DA:1259,35
DA:1263,17
DA:1267,17
DA:1269,0
DA:1273,17
DA:1277,18
DA:1279,18
DA:1280,18
DA:1282,2
DA:1284,2
DA:1285,2
DA:1287,1
DA:1289,1
DA:1292,51
DA:1294,51
DA:1295,102
DA:1296,51
DA:1298,53
DA:1300,53
DA:1301,53
DA:1302,106
DA:1303,53
DA:1304,106
DA:1305,53
DA:1306,53
DA:1307,53
DA:1309,56
DA:1311,56
DA:1314,3
DA:1316,3
DA:1317,3
DA:1319,3
DA:1321,3
DA:1324,0
DA:1326,0
LF:594
LH:525
end_of_record
