TN:
SF:/root/project/include/xlnt/cell/cell_reference.hpp
FNL:0,292,297
FNA:0,19390,_ZNKSt4hashIN4xlnt14cell_referenceEEclERKS1_
FNF:1
FNH:1
BRDA:296,0,0,19390
BRDA:296,0,2,19390
BRF:2
BRH:2
DA:292,19390
DA:296,19390
LF:2
LH:2
end_of_record
TN:
SF:/root/project/include/xlnt/cell/comment.hpp
FNF:0
FNH:0
LF:0
LH:0
end_of_record
TN:
SF:/root/project/include/xlnt/cell/index_types.hpp
FNL:0,314,318
FNA:0,94501,_ZNKSt4hashIN4xlnt8column_tEEclERKS1_
FNF:1
FNH:1
DA:314,94501
DA:317,94501
LF:2
LH:2
end_of_record
TN:
SF:/root/project/include/xlnt/cell/phonetic_run.hpp
FNF:0
FNH:0
LF:0
LH:0
end_of_record
TN:
SF:/root/project/include/xlnt/cell/rich_text.hpp
FNL:0,169,179
FNA:0,1315,_ZNK4xlnt14rich_text_hashclERKNS_9rich_textE
FNL:1,47,47
FNA:1,2402,_ZN4xlnt9rich_textC2Ev
FNF:2
FNH:2
BRDA:173,0,0,1315
BRDA:173,0,2,1336
BRDA:173,0,4,1336
BRDA:173,0,5,1315
BRF:4
BRH:4
DA:47,2402
DA:169,1315
DA:171,1315
DA:173,2651
DA:175,1336
DA:176,2651
DA:178,1315
LF:7
LH:7
end_of_record
TN:
SF:/root/project/include/xlnt/cell/rich_text_run.hpp
FNF:0
FNH:0
LF:0
LH:0
end_of_record
TN:
SF:/root/project/include/xlnt/drawing/spreadsheet_drawing.hpp
FNF:0
FNH:0
LF:0
LH:0
end_of_record
TN:
SF:/root/project/include/xlnt/internal/format_impl_ptr.hpp
FNL:0,34,34
FNA:0,1897,_ZN4xlnt6detail15format_impl_ptrC2Ev
FNL:1,35,35
FNA:1,2136,_ZN4xlnt6detail15format_impl_ptrC2ERKS1_
FNL:2,36,36
FNA:2,4279,_ZN4xlnt6detail15format_impl_ptrC2EOS1_
FNL:3,37,37
FNA:3,2808,_ZN4xlnt6detail15format_impl_ptrC2EPNS0_11format_implE
FNL:4,38,38
FNA:4,11120,_ZN4xlnt6detail15format_impl_ptrD2Ev
FNL:5,40,49
FNA:5,496,_ZN4xlnt6detail15format_impl_ptraSERKS1_
FNL:6,51,57
FNA:6,2364,_ZN4xlnt6detail15format_impl_ptraSEOS1_
FNL:7,61,61
FNA:7,2076,_ZNK4xlnt6detail15format_impl_ptr6is_setEv
FNL:8,62,62
FNA:8,6,_ZN4xlnt6detail15format_impl_ptr5clearEv
FNL:9,64,64
FNA:9,7146,_ZNK4xlnt6detail15format_impl_ptr3getEv
FNL:10,65,65
FNA:10,4145,_ZNK4xlnt6detail15format_impl_ptrptEv
FNL:11,66,66
FNA:11,2990,_ZNK4xlnt6detail15format_impl_ptrcvPNS0_11format_implEEv
FNF:12
FNH:12
BRDA:42,0,0,1
BRDA:42,0,1,495
BRDA:62,0,0,6
BRDA:62,0,2,6
BRF:4
BRH:4
DA:34,1897
DA:35,2136
DA:36,4279
DA:37,2808
DA:38,11120
DA:40,496
DA:42,496
DA:43,1
DA:45,495
DA:46,495
DA:47,495
DA:48,495
DA:51,2364
DA:53,2364
DA:54,2364
DA:55,2364
DA:56,2364
DA:61,2076
DA:62,6
DA:64,7146
DA:65,4145
DA:66,2990
LF:22
LH:22
end_of_record
TN:
SF:/root/project/include/xlnt/packaging/ext_list.hpp
FNL:0,77,81
FNA:0,0,_ZN4xlnteqERKNS_8ext_list3extES3_
FNF:1
FNH:0
BRDA:80,0,0,-
BRDA:80,0,1,-
BRDA:80,0,2,-
BRDA:80,0,3,-
BRF:4
BRH:0
DA:77,0
DA:79,0
DA:80,0
LF:3
LH:0
end_of_record
TN:
SF:/root/project/include/xlnt/packaging/manifest.hpp
FNF:0
FNH:0
LF:0
LH:0
end_of_record
TN:
SF:/root/project/include/xlnt/packaging/relationship.hpp
FNF:0
FNH:0
LF:0
LH:0
end_of_record
TN:
SF:/root/project/include/xlnt/packaging/uri.hpp
FNF:0
FNH:0
LF:0
LH:0
end_of_record
TN:
SF:/root/project/include/xlnt/styles/alignment.hpp
FNF:0
FNH:0
LF:0
LH:0
end_of_record
TN:
SF:/root/project/include/xlnt/styles/border.hpp
FNF:0
FNH:0
LF:0
LH:0
end_of_record
TN:
SF:/root/project/include/xlnt/styles/color.hpp
FNL:0,366,401
FNA:0,45,_ZNKSt4hashIN4xlnt5colorEEclERKS1_
FNF:1
FNH:1
BRDA:371,0,0,45
BRDA:374,0,0,45
BRDA:377,0,0,45
BRDA:377,0,2,8
BRDA:377,0,3,37
BRDA:379,0,0,8
BRDA:382,0,0,45
BRDA:382,0,2,6
BRDA:382,0,3,6
BRDA:382,0,4,33
BRDA:382,0,5,0
BRDA:385,0,0,6
BRDA:385,0,2,6
BRDA:388,0,0,6
BRDA:388,0,2,6
BRDA:392,0,0,33
BRDA:393,0,0,33
BRDA:394,0,0,33
BRDA:395,0,0,33
BRDA:396,0,0,33
BRF:20
BRH:19
DA:366,45
DA:368,45
DA:371,45
DA:374,45
DA:377,45
DA:379,8
DA:382,45
DA:384,6
DA:385,6
DA:386,6
DA:387,6
DA:388,6
DA:389,6
DA:390,33
DA:392,33
DA:393,33
DA:394,33
DA:395,33
DA:396,33
DA:397,33
DA:400,45
LF:21
LH:21
end_of_record
TN:
SF:/root/project/include/xlnt/styles/conditional_format.hpp
FNL:0,56,59
FNA:0,0,_ZNK4xlnt9conditioneqERKS0_
FNF:1
FNH:0
DA:56,0
DA:58,0
LF:2
LH:0
end_of_record
TN:
SF:/root/project/include/xlnt/styles/fill.hpp
FNF:0
FNH:0
LF:0
LH:0
end_of_record
TN:
SF:/root/project/include/xlnt/styles/font.hpp
FNL:0,342,393
FNA:0,72,_ZNKSt4hashIN4xlnt4fontEEclERKS1_
FNF:1
FNH:1
BRDA:347,0,0,72
BRDA:347,0,2,41
BRDA:347,0,3,31
BRDA:349,0,0,41
BRDA:353,0,0,72
BRDA:353,0,2,41
BRDA:353,0,3,31
BRDA:355,0,0,41
BRDA:359,0,0,72
BRDA:360,0,0,72
BRDA:361,0,0,72
BRDA:362,0,0,72
BRDA:363,0,0,72
BRDA:364,0,0,72
BRDA:365,0,0,72
BRDA:366,0,0,72
BRDA:369,0,0,72
BRDA:369,0,2,1
BRDA:369,0,3,71
BRDA:371,0,0,1
BRDA:375,0,0,72
BRDA:375,0,2,1
BRDA:375,0,3,71
BRDA:377,0,0,1
BRDA:377,0,2,1
BRDA:381,0,0,72
BRDA:381,0,2,3
BRDA:381,0,3,69
BRDA:383,0,0,3
BRDA:387,0,0,72
BRDA:387,0,2,1
BRDA:387,0,3,71
BRDA:389,0,0,1
BRF:33
BRH:33
DA:342,72
DA:344,72
DA:347,72
DA:349,41
DA:353,72
DA:355,41
DA:359,72
DA:360,72
DA:361,72
DA:362,72
DA:363,72
DA:364,72
DA:365,72
DA:366,72
DA:369,72
DA:371,1
DA:375,72
DA:377,1
DA:381,72
DA:383,3
DA:387,72
DA:389,1
DA:392,72
LF:23
LH:23
end_of_record
TN:
SF:/root/project/include/xlnt/styles/format.hpp
FNF:0
FNH:0
LF:0
LH:0
end_of_record
TN:
SF:/root/project/include/xlnt/styles/number_format.hpp
FNF:0
FNH:0
LF:0
LH:0
end_of_record
TN:
SF:/root/project/include/xlnt/utils/date.hpp
FNL:0,59,59
FNA:0,0,_ZN4xlnt4dateC2Ev
FNL:1,95,98
FNA:1,100,_ZNK4xlnt4date7is_nullEv
FNF:2
FNH:1
DA:59,0
DA:95,100
DA:97,100
LF:3
LH:2
end_of_record
TN:
SF:/root/project/include/xlnt/utils/exceptions.hpp
FNF:0
FNH:0
LF:0
LH:0
end_of_record
TN:
SF:/root/project/include/xlnt/utils/hash_combine.hpp
FNL:0,37,41
FNA:0,1,_ZN4xlnt6detail12hash_combineINS_5colorEEEvRmRKT_
FNA:0,42,_ZN4xlnt6detail12hash_combineINSt7__cxx1112basic_stringIcSt11char_traitsIcESaIcEEEEEvRmRKT_
FNA:0,549,_ZN4xlnt6detail12hash_combineIbEEvRmRKT_
FNA:0,49,_ZN4xlnt6detail12hash_combineIdEEvRmRKT_
FNA:0,132,_ZN4xlnt6detail12hash_combineIhEEvRmRKT_
FNA:0,117,_ZN4xlnt6detail12hash_combineIiEEvRmRKT_
FNA:0,16,_ZN4xlnt6detail12hash_combineImEEvRmRKT_
FNF:1
FNH:1
BRDA:40,0,0,1
BRF:1
BRH:1
DA:37,906
DA:40,906
DA:41,906
LF:3
LH:3
end_of_record
TN:
SF:/root/project/include/xlnt/utils/numeric.hpp
FNL:0,41,44
FNA:0,10499,_ZN4xlnt6detail3absIdEET_S2_
FNA:0,8,_ZN4xlnt6detail3absIfEET_S2_
FNA:0,3,_ZN4xlnt6detail3absIiEET_S2_
FNL:1,50,53
FNA:1,10496,_ZN4xlnt6detail3maxIddEENSt11common_typeIJT_T0_EE4typeES3_S4_
FNA:1,3,_ZN4xlnt6detail3maxIdiEENSt11common_typeIJT_T0_EE4typeES3_S4_
FNA:1,8,_ZN4xlnt6detail3maxIffEENSt11common_typeIJT_T0_EE4typeES3_S4_
FNA:1,3,_ZN4xlnt6detail3maxIidEENSt11common_typeIJT_T0_EE4typeES3_S4_
FNA:1,6,_ZN4xlnt6detail3maxIiiEENSt11common_typeIJT_T0_EE4typeES3_S4_
FNL:2,59,62
FNA:2,3,_ZN4xlnt6detail3minIdiEENSt11common_typeIJT_T0_EE4typeES3_S4_
FNA:2,3,_ZN4xlnt6detail3minIidEENSt11common_typeIJT_T0_EE4typeES3_S4_
FNA:2,6,_ZN4xlnt6detail3minIiiEENSt11common_typeIJT_T0_EE4typeES3_S4_
FNL:3,75,103
FNA:3,4,_ZN4xlnt6detail12float_equalsIdddEEbRKT0_RKT1_i
FNA:3,9,_ZN4xlnt6detail12float_equalsIddfEEbRKT0_RKT1_i
FNA:3,5230,_ZN4xlnt6detail12float_equalsIfddEEbRKT0_RKT1_i
FNA:3,5,_ZN4xlnt6detail12float_equalsIfdfEEbRKT0_RKT1_i
FNA:3,4,_ZN4xlnt6detail12float_equalsIfffEEbRKT0_RKT1_i
FNF:4
FNH:4
BRDA:43,0,0,21
BRDA:43,0,1,10486
BRDA:52,0,0,95
BRDA:52,0,1,10421
BRDA:61,0,0,6
BRDA:61,0,1,6
BRDA:87,0,0,5252
BRDA:87,0,1,0
BRDA:87,0,2,0
BRDA:87,0,3,5252
BRDA:87,0,4,0
BRDA:87,0,5,5252
BRDA:102,0,0,5238
BRDA:102,0,1,14
BRDA:102,0,2,5231
BRDA:102,0,3,7
BRF:16
BRH:13
DA:41,10510
DA:43,10510
DA:50,10516
DA:52,10516
DA:59,12
DA:61,12
DA:75,5252
DA:87,5252
DA:89,0
DA:94,5252
DA:99,5252
DA:102,5252
LF:12
LH:11
end_of_record
TN:
SF:/root/project/include/xlnt/utils/optional.hpp
FNL:0,107,118
FNA:0,1,_ZN4xlnt8optionalIN12_GLOBAL__N_111alive_countEEC2ERKS3_
FNA:0,108,_ZN4xlnt8optionalINS_10paper_sizeEEC2ERKS2_
FNA:0,108,_ZN4xlnt8optionalINS_11orientationEEC2ERKS2_
FNA:0,156,_ZN4xlnt8optionalINS_11phonetic_pr13phonetic_typeEEC2ERKS3_
FNA:0,156,_ZN4xlnt8optionalINS_11phonetic_pr5alignEEC2ERKS3_
FNA:0,35442,_ZN4xlnt8optionalINS_12border_styleEEC2ERKS2_
FNA:0,843,_ZN4xlnt8optionalINS_14cell_referenceEEC2ERKS2_
FNA:0,786,_ZN4xlnt8optionalINS_18diagonal_directionEEC2ERKS2_
FNA:0,281,_ZN4xlnt8optionalINS_18vertical_alignmentEEC2ERKS2_
FNA:0,238,_ZN4xlnt8optionalINS_20horizontal_alignmentEEC2ERKS2_
FNA:0,9543,_ZN4xlnt8optionalINS_4fontEEC2ERKS2_
FNA:0,515,_ZN4xlnt8optionalINS_4paneEEC2ERKS2_
FNA:0,49395,_ZN4xlnt8optionalINS_5colorEEC2ERKS2_
FNA:0,27429,_ZN4xlnt8optionalINS_6border15border_propertyEEC2ERKS3_
FNA:0,1288,_ZN4xlnt8optionalINS_6detail14hyperlink_implEEC2ERKS3_
FNA:0,6662,_ZN4xlnt8optionalINSt7__cxx1112basic_stringIcSt11char_traitsIcESaIcEEEEC2ERKS7_
FNA:0,1288,_ZN4xlnt8optionalIPNS_7commentEEC2ERKS3_
FNA:0,10,_ZN4xlnt8optionalISt4pairINS_8column_tES2_EEC2ERKS4_
FNA:0,10,_ZN4xlnt8optionalISt4pairIjjEEC2ERKS3_
FNA:0,11195,_ZN4xlnt8optionalIbEC2ERKS1_
FNA:0,9718,_ZN4xlnt8optionalIdEC2ERKS1_
FNA:0,10,_ZN4xlnt8optionalIhEC2ERKS1_
FNA:0,1460,_ZN4xlnt8optionalIiEC2ERKS1_
FNA:0,655,_ZN4xlnt8optionalIjEC2ERKS1_
FNA:0,17211,_ZN4xlnt8optionalImEC2ERKS1_
FNL:1,124,136
FNA:1,1,_ZN4xlnt8optionalIN12_GLOBAL__N_111alive_countEEC2EOS3_
FNA:1,35,_ZN4xlnt8optionalINS_12border_styleEEC2EOS2_
FNA:1,10,_ZN4xlnt8optionalINS_14cell_referenceEEC2EOS2_
FNA:1,200,_ZN4xlnt8optionalINS_18diagonal_directionEEC2EOS2_
FNA:1,719,_ZN4xlnt8optionalINS_18vertical_alignmentEEC2EOS2_
FNA:1,719,_ZN4xlnt8optionalINS_20horizontal_alignmentEEC2EOS2_
FNA:1,41,_ZN4xlnt8optionalINS_4fontEEC2EOS2_
FNA:1,0,_ZN4xlnt8optionalINS_4paneEEC2EOS2_
FNA:1,3080,_ZN4xlnt8optionalINS_5colorEEC2EOS2_
FNA:1,1400,_ZN4xlnt8optionalINS_6border15border_propertyEEC2EOS3_
FNA:1,2132,_ZN4xlnt8optionalINS_6detail14hyperlink_implEEC2EOS3_
FNA:1,144,_ZN4xlnt8optionalINS_9rich_textEEC2EOS2_
FNA:1,13632,_ZN4xlnt8optionalINSt7__cxx1112basic_stringIcSt11char_traitsIcESaIcEEEEC2EOS7_
FNA:1,2132,_ZN4xlnt8optionalIPNS_7commentEEC2EOS3_
FNA:1,25395,_ZN4xlnt8optionalIbEC2EOS1_
FNA:1,21076,_ZN4xlnt8optionalIdEC2EOS1_
FNA:1,9596,_ZN4xlnt8optionalIhEC2EOS1_
FNA:1,1440,_ZN4xlnt8optionalIiEC2EOS1_
FNA:1,19264,_ZN4xlnt8optionalImEC2EOS1_
FNL:2,142,153
FNA:2,1,_ZN4xlnt8optionalIN12_GLOBAL__N_111alive_countEEaSERKS3_
FNA:2,389,_ZN4xlnt8optionalINS_10page_setupEEaSERKS2_
FNA:2,0,_ZN4xlnt8optionalINS_10paper_sizeEEaSERKS2_
FNA:2,0,_ZN4xlnt8optionalINS_11orientationEEaSERKS2_
FNA:2,0,_ZN4xlnt8optionalINS_11phonetic_pr13phonetic_typeEEaSERKS3_
FNA:2,0,_ZN4xlnt8optionalINS_11phonetic_pr5alignEEaSERKS3_
FNA:2,8030,_ZN4xlnt8optionalINS_11phonetic_prEEaSERKS2_
FNA:2,0,_ZN4xlnt8optionalINS_12border_styleEEaSERKS2_
FNA:2,389,_ZN4xlnt8optionalINS_12page_marginsEEaSERKS2_
FNA:2,389,_ZN4xlnt8optionalINS_13header_footerEEaSERKS2_
FNA:2,389,_ZN4xlnt8optionalINS_13print_optionsEEaSERKS2_
FNA:2,214,_ZN4xlnt8optionalINS_13workbook_viewEEaSERKS2_
FNA:2,0,_ZN4xlnt8optionalINS_14cell_referenceEEaSERKS2_
FNA:2,778,_ZN4xlnt8optionalINS_15range_referenceEEaSERKS2_
FNA:2,0,_ZN4xlnt8optionalINS_4fontEEaSERKS2_
FNA:2,0,_ZN4xlnt8optionalINS_4paneEEaSERKS2_
FNA:2,5,_ZN4xlnt8optionalINS_5colorEEaSERKS2_
FNA:2,214,_ZN4xlnt8optionalINS_5themeEEaSERKS2_
FNA:2,214,_ZN4xlnt8optionalINS_6detail13workbook_impl14file_version_tEEaSERKS4_
FNA:2,44,_ZN4xlnt8optionalINS_6detail14hyperlink_implEEaSERKS3_
FNA:2,389,_ZN4xlnt8optionalINS_8ext_listEEaSERKS2_
FNA:2,389,_ZN4xlnt8optionalINS_8sheet_prEEaSERKS2_
FNA:2,1780,_ZN4xlnt8optionalINSt7__cxx1112basic_stringIcSt11char_traitsIcESaIcEEEEaSERKS7_
FNA:2,42,_ZN4xlnt8optionalIPNS_7commentEEaSERKS3_
FNA:2,389,_ZN4xlnt8optionalISt4pairINS_8column_tES2_EEaSERKS4_
FNA:2,389,_ZN4xlnt8optionalISt4pairIjjEEaSERKS3_
FNA:2,17848,_ZN4xlnt8optionalIbEaSERKS1_
FNA:2,93233,_ZN4xlnt8optionalIdEaSERKS1_
FNA:2,22,_ZN4xlnt8optionalIhEaSERKS1_
FNA:2,4,_ZN4xlnt8optionalIiEaSERKS1_
FNA:2,0,_ZN4xlnt8optionalIjEaSERKS1_
FNA:2,108317,_ZN4xlnt8optionalImEaSERKS1_
FNL:3,159,171
FNA:3,1,_ZN4xlnt8optionalIN12_GLOBAL__N_111alive_countEEaSEOS3_
FNA:3,0,_ZN4xlnt8optionalINS_12border_styleEEaSEOS2_
FNA:3,0,_ZN4xlnt8optionalINS_14cell_referenceEEaSEOS2_
FNA:3,0,_ZN4xlnt8optionalINS_18diagonal_directionEEaSEOS2_
FNA:3,0,_ZN4xlnt8optionalINS_18vertical_alignmentEEaSEOS2_
FNA:3,0,_ZN4xlnt8optionalINS_20horizontal_alignmentEEaSEOS2_
FNA:3,11,_ZN4xlnt8optionalINS_4fontEEaSEOS2_
FNA:3,0,_ZN4xlnt8optionalINS_4paneEEaSEOS2_
FNA:3,999,_ZN4xlnt8optionalINS_5colorEEaSEOS2_
FNA:3,0,_ZN4xlnt8optionalINS_6border15border_propertyEEaSEOS3_
FNA:3,0,_ZN4xlnt8optionalINS_9rich_textEEaSEOS2_
FNA:3,44,_ZN4xlnt8optionalINSt7__cxx1112basic_stringIcSt11char_traitsIcESaIcEEEEaSEOS7_
FNA:3,0,_ZN4xlnt8optionalIbEaSEOS1_
FNA:3,1455,_ZN4xlnt8optionalIdEaSEOS1_
FNA:3,2,_ZN4xlnt8optionalIiEaSEOS1_
FNA:3,5138,_ZN4xlnt8optionalImEaSEOS1_
FNL:4,176,179
FNA:4,3,_ZN4xlnt8optionalI2tmED2Ev
FNA:4,1,_ZN4xlnt8optionalIN12_GLOBAL__N_110no_defaultEED2Ev
FNA:4,9,_ZN4xlnt8optionalIN12_GLOBAL__N_111alive_countEED2Ev
FNA:4,1,_ZN4xlnt8optionalIN12_GLOBAL__N_111convertibleEED2Ev
FNA:4,899,_ZN4xlnt8optionalINS_10page_setupEED2Ev
FNA:4,146,_ZN4xlnt8optionalINS_10paper_sizeEED2Ev
FNA:4,146,_ZN4xlnt8optionalINS_11orientationEED2Ev
FNA:4,204,_ZN4xlnt8optionalINS_11phonetic_pr13phonetic_typeEED2Ev
FNA:4,204,_ZN4xlnt8optionalINS_11phonetic_pr5alignEED2Ev
FNA:4,11132,_ZN4xlnt8optionalINS_11phonetic_prEED2Ev
FNA:4,38115,_ZN4xlnt8optionalINS_12border_styleEED2Ev
FNA:4,899,_ZN4xlnt8optionalINS_12page_marginsEED2Ev
FNA:4,899,_ZN4xlnt8optionalINS_13header_footerEED2Ev
FNA:4,899,_ZN4xlnt8optionalINS_13print_optionsEED2Ev
FNA:4,549,_ZN4xlnt8optionalINS_13workbook_viewEED2Ev
FNA:4,1459,_ZN4xlnt8optionalINS_14cell_referenceEED2Ev
FNA:4,1798,_ZN4xlnt8optionalINS_15range_referenceEED2Ev
FNA:4,1525,_ZN4xlnt8optionalINS_18diagonal_directionEED2Ev
FNA:4,1548,_ZN4xlnt8optionalINS_18vertical_alignmentEED2Ev
FNA:4,1506,_ZN4xlnt8optionalINS_20horizontal_alignmentEED2Ev
FNA:4,549,_ZN4xlnt8optionalINS_22calculation_propertiesEED2Ev
FNA:4,10855,_ZN4xlnt8optionalINS_4fontEED2Ev
FNA:4,973,_ZN4xlnt8optionalINS_4paneEED2Ev
FNA:4,59677,_ZN4xlnt8optionalINS_5colorEED2Ev
FNA:4,549,_ZN4xlnt8optionalINS_5themeEED2Ev
FNA:4,32602,_ZN4xlnt8optionalINS_6border15border_propertyEED2Ev
FNA:4,549,_ZN4xlnt8optionalINS_6detail10stylesheetEED2Ev
FNA:4,549,_ZN4xlnt8optionalINS_6detail13workbook_impl14file_version_tEED2Ev
FNA:4,4892,_ZN4xlnt8optionalINS_6detail14hyperlink_implEED2Ev
FNA:4,899,_ZN4xlnt8optionalINS_7drawing19spreadsheet_drawingEED2Ev
FNA:4,1448,_ZN4xlnt8optionalINS_8ext_listEED2Ev
FNA:4,899,_ZN4xlnt8optionalINS_8sheet_prEED2Ev
FNA:4,288,_ZN4xlnt8optionalINS_9rich_textEED2Ev
FNA:4,30922,_ZN4xlnt8optionalINSt7__cxx1112basic_stringIcSt11char_traitsIcESaIcEEEED2Ev
FNA:4,4892,_ZN4xlnt8optionalIPNS_7commentEED2Ev
FNA:4,909,_ZN4xlnt8optionalISt4pairINS_8column_tES2_EED2Ev
FNA:4,909,_ZN4xlnt8optionalISt4pairIjjEED2Ev
FNA:4,168,_ZN4xlnt8optionalISt5arrayINS0_INS_9rich_textEEELm3EEED2Ev
FNA:4,67836,_ZN4xlnt8optionalIbED2Ev
FNA:4,226911,_ZN4xlnt8optionalIdED2Ev
FNA:4,11981,_ZN4xlnt8optionalIhED2Ev
FNA:4,4862,_ZN4xlnt8optionalIiED2Ev
FNA:4,1116,_ZN4xlnt8optionalIjED2Ev
FNA:4,260494,_ZN4xlnt8optionalImED2Ev
FNL:5,185,188
FNA:5,3,_ZNK4xlnt8optionalI2tmE6is_setEv
FNA:5,1,_ZNK4xlnt8optionalIN12_GLOBAL__N_111convertibleEE6is_setEv
FNA:5,247,_ZNK4xlnt8optionalINS_10page_setupEE6is_setEv
FNA:5,15,_ZNK4xlnt8optionalINS_10paper_sizeEE6is_setEv
FNA:5,9,_ZNK4xlnt8optionalINS_11orientationEE6is_setEv
FNA:5,17,_ZNK4xlnt8optionalINS_11phonetic_pr13phonetic_typeEE6is_setEv
FNA:5,12,_ZNK4xlnt8optionalINS_11phonetic_pr5alignEE6is_setEv
FNA:5,446,_ZNK4xlnt8optionalINS_11phonetic_prEE6is_setEv
FNA:5,10760,_ZNK4xlnt8optionalINS_12border_styleEE6is_setEv
FNA:5,346,_ZNK4xlnt8optionalINS_12page_marginsEE6is_setEv
FNA:5,84,_ZNK4xlnt8optionalINS_13header_footerEE6is_setEv
FNA:5,54,_ZNK4xlnt8optionalINS_13print_optionsEE6is_setEv
FNA:5,190,_ZNK4xlnt8optionalINS_13workbook_viewEE6is_setEv
FNA:5,137,_ZNK4xlnt8optionalINS_14cell_referenceEE6is_setEv
FNA:5,178,_ZNK4xlnt8optionalINS_15range_referenceEE6is_setEv
FNA:5,86,_ZNK4xlnt8optionalINS_18diagonal_directionEE6is_setEv
FNA:5,167,_ZNK4xlnt8optionalINS_18vertical_alignmentEE6is_setEv
FNA:5,173,_ZNK4xlnt8optionalINS_20horizontal_alignmentEE6is_setEv
FNA:5,173,_ZNK4xlnt8optionalINS_22calculation_propertiesEE6is_setEv
FNA:5,502,_ZNK4xlnt8optionalINS_4fontEE6is_setEv
FNA:5,117,_ZNK4xlnt8optionalINS_4paneEE6is_setEv
FNA:5,20432,_ZNK4xlnt8optionalINS_5colorEE6is_setEv
FNA:5,2,_ZNK4xlnt8optionalINS_5themeEE6is_setEv
FNA:5,15213,_ZNK4xlnt8optionalINS_6border15border_propertyEE6is_setEv
FNA:5,287,_ZNK4xlnt8optionalINS_6detail10stylesheetEE6is_setEv
FNA:5,476,_ZNK4xlnt8optionalINS_6detail13workbook_impl14file_version_tEE6is_setEv
FNA:5,1129,_ZNK4xlnt8optionalINS_6detail14hyperlink_implEE6is_setEv
FNA:5,5,_ZNK4xlnt8optionalINS_7drawing19spreadsheet_drawingEE6is_setEv
FNA:5,54,_ZNK4xlnt8optionalINS_8ext_listEE6is_setEv
FNA:5,63,_ZNK4xlnt8optionalINS_8sheet_prEE6is_setEv
FNA:5,144,_ZNK4xlnt8optionalINS_9rich_textEE6is_setEv
FNA:5,12993,_ZNK4xlnt8optionalINSt7__cxx1112basic_stringIcSt11char_traitsIcESaIcEEEE6is_setEv
FNA:5,1107,_ZNK4xlnt8optionalIPNS_7commentEE6is_setEv
FNA:5,63,_ZNK4xlnt8optionalISt4pairINS_8column_tES2_EE6is_setEv
FNA:5,59,_ZNK4xlnt8optionalISt4pairIjjEE6is_setEv
FNA:5,168,_ZNK4xlnt8optionalISt5arrayINS0_INS_9rich_textEEELm3EEE6is_setEv
FNA:5,4723,_ZNK4xlnt8optionalIbE6is_setEv
FNA:5,103964,_ZNK4xlnt8optionalIdE6is_setEv
FNA:5,1297,_ZNK4xlnt8optionalIhE6is_setEv
FNA:5,426,_ZNK4xlnt8optionalIiE6is_setEv
FNA:5,67,_ZNK4xlnt8optionalIjE6is_setEv
FNA:5,111620,_ZNK4xlnt8optionalImE6is_setEv
FNL:6,193,204
FNA:6,3,_ZN4xlnt8optionalI2tmE3setERKS1_
FNA:6,1,_ZN4xlnt8optionalIN12_GLOBAL__N_111alive_countEE3setERKS2_
FNA:6,36,_ZN4xlnt8optionalINS_10page_setupEE3setERKS1_
FNA:6,28,_ZN4xlnt8optionalINS_10paper_sizeEE3setERKS1_
FNA:6,0,_ZN4xlnt8optionalINS_11orientationEE3setERKS1_
FNA:6,43,_ZN4xlnt8optionalINS_11phonetic_pr13phonetic_typeEE3setERKS2_
FNA:6,1,_ZN4xlnt8optionalINS_11phonetic_pr5alignEE3setERKS2_
FNA:6,156,_ZN4xlnt8optionalINS_11phonetic_prEE3setERKS1_
FNA:6,281,_ZN4xlnt8optionalINS_12border_styleEE3setERKS1_
FNA:6,451,_ZN4xlnt8optionalINS_12page_marginsEE3setERKS1_
FNA:6,30,_ZN4xlnt8optionalINS_13header_footerEE3setERKS1_
FNA:6,22,_ZN4xlnt8optionalINS_13print_optionsEE3setERKS1_
FNA:6,423,_ZN4xlnt8optionalINS_13workbook_viewEE3setERKS1_
FNA:6,101,_ZN4xlnt8optionalINS_14cell_referenceEE3setERKS1_
FNA:6,2,_ZN4xlnt8optionalINS_15range_referenceEE3setERKS1_
FNA:6,2,_ZN4xlnt8optionalINS_18diagonal_directionEE3setERKS1_
FNA:6,456,_ZN4xlnt8optionalINS_18vertical_alignmentEE3setERKS1_
FNA:6,116,_ZN4xlnt8optionalINS_20horizontal_alignmentEE3setERKS1_
FNA:6,421,_ZN4xlnt8optionalINS_22calculation_propertiesEE3setERKS1_
FNA:6,6,_ZN4xlnt8optionalINS_4fontEE3setERKS1_
FNA:6,10,_ZN4xlnt8optionalINS_4paneEE3setERKS1_
FNA:6,1892,_ZN4xlnt8optionalINS_5colorEE3setERKS1_
FNA:6,412,_ZN4xlnt8optionalINS_5themeEE3setERKS1_
FNA:6,2637,_ZN4xlnt8optionalINS_6border15border_propertyEE3setERKS2_
FNA:6,1,_ZN4xlnt8optionalINS_6detail13workbook_impl14file_version_tEE3setERKS3_
FNA:6,8,_ZN4xlnt8optionalINS_6detail14hyperlink_implEE3setERKS2_
FNA:6,3,_ZN4xlnt8optionalINS_7drawing19spreadsheet_drawingEE3setERKS2_
FNA:6,4,_ZN4xlnt8optionalINS_8ext_listEE3setERKS1_
FNA:6,45,_ZN4xlnt8optionalINS_8sheet_prEE3setERKS1_
FNA:6,48,_ZN4xlnt8optionalINS_9rich_textEE3setERKS1_
FNA:6,3589,_ZN4xlnt8optionalINSt7__cxx1112basic_stringIcSt11char_traitsIcESaIcEEEE3setERKS6_
FNA:6,0,_ZN4xlnt8optionalIPNS_7commentEE3setERKS2_
FNA:6,0,_ZN4xlnt8optionalISt4pairINS_8column_tES2_EE3setERKS3_
FNA:6,0,_ZN4xlnt8optionalISt4pairIjjEE3setERKS2_
FNA:6,2475,_ZN4xlnt8optionalIbE3setERKb
FNA:6,184879,_ZN4xlnt8optionalIdE3setERKd
FNA:6,7,_ZN4xlnt8optionalIhE3setERKh
FNA:6,83,_ZN4xlnt8optionalIiE3setERKi
FNA:6,30,_ZN4xlnt8optionalIjE3setERKj
FNA:6,194747,_ZN4xlnt8optionalImE3setERKm
FNL:7,209,224
FNA:7,3,_ZN4xlnt8optionalIN12_GLOBAL__N_111alive_countEE3setEOS2_
FNA:7,36,_ZN4xlnt8optionalINS_11orientationEE3setEOS1_
FNA:7,0,_ZN4xlnt8optionalINS_12border_styleEE3setEOS1_
FNA:7,3,_ZN4xlnt8optionalINS_14cell_referenceEE3setEOS1_
FNA:7,2,_ZN4xlnt8optionalINS_15range_referenceEE3setEOS1_
FNA:7,0,_ZN4xlnt8optionalINS_18diagonal_directionEE3setEOS1_
FNA:7,0,_ZN4xlnt8optionalINS_18vertical_alignmentEE3setEOS1_
FNA:7,0,_ZN4xlnt8optionalINS_20horizontal_alignmentEE3setEOS1_
FNA:7,89,_ZN4xlnt8optionalINS_4fontEE3setEOS1_
FNA:7,0,_ZN4xlnt8optionalINS_4paneEE3setEOS1_
FNA:7,962,_ZN4xlnt8optionalINS_5colorEE3setEOS1_
FNA:7,0,_ZN4xlnt8optionalINS_6border15border_propertyEE3setEOS2_
FNA:7,424,_ZN4xlnt8optionalINS_6detail10stylesheetEE3setEOS2_
FNA:7,419,_ZN4xlnt8optionalINS_6detail13workbook_impl14file_version_tEE3setEOS3_
FNA:7,49,_ZN4xlnt8optionalINS_6detail14hyperlink_implEE3setEOS2_
FNA:7,1,_ZN4xlnt8optionalINS_8sheet_prEE3setEOS1_
FNA:7,0,_ZN4xlnt8optionalINS_9rich_textEE3setEOS1_
FNA:7,112,_ZN4xlnt8optionalINSt7__cxx1112basic_stringIcSt11char_traitsIcESaIcEEEE3setEOS6_
FNA:7,34,_ZN4xlnt8optionalIPNS_7commentEE3setEOS2_
FNA:7,2,_ZN4xlnt8optionalISt4pairINS_8column_tES2_EE3setEOS3_
FNA:7,2,_ZN4xlnt8optionalISt4pairIjjEE3setEOS2_
FNA:7,48,_ZN4xlnt8optionalISt5arrayINS0_INS_9rich_textEEELm3EEE3setEOS4_
FNA:7,4551,_ZN4xlnt8optionalIbE3setEOb
FNA:7,2838,_ZN4xlnt8optionalIdE3setEOd
FNA:7,347,_ZN4xlnt8optionalIhE3setEOh
FNA:7,833,_ZN4xlnt8optionalIiE3setEOi
FNA:7,408,_ZN4xlnt8optionalIjE3setEOj
FNA:7,15491,_ZN4xlnt8optionalImE3setEOm
FNL:8,229,233
FNA:8,3,_ZN4xlnt8optionalI2tmEaSERKS1_
FNA:8,36,_ZN4xlnt8optionalINS_10page_setupEEaSERKS1_
FNA:8,28,_ZN4xlnt8optionalINS_10paper_sizeEEaSERKS1_
FNA:8,281,_ZN4xlnt8optionalINS_12border_styleEEaSERKS1_
FNA:8,447,_ZN4xlnt8optionalINS_12page_marginsEEaSERKS1_
FNA:8,30,_ZN4xlnt8optionalINS_13header_footerEEaSERKS1_
FNA:8,422,_ZN4xlnt8optionalINS_13workbook_viewEEaSERKS1_
FNA:8,78,_ZN4xlnt8optionalINS_14cell_referenceEEaSERKS1_
FNA:8,2,_ZN4xlnt8optionalINS_15range_referenceEEaSERKS1_
FNA:8,2,_ZN4xlnt8optionalINS_18diagonal_directionEEaSERKS1_
FNA:8,456,_ZN4xlnt8optionalINS_18vertical_alignmentEEaSERKS1_
FNA:8,116,_ZN4xlnt8optionalINS_20horizontal_alignmentEEaSERKS1_
FNA:8,421,_ZN4xlnt8optionalINS_22calculation_propertiesEEaSERKS1_
FNA:8,6,_ZN4xlnt8optionalINS_4fontEEaSERKS1_
FNA:8,10,_ZN4xlnt8optionalINS_4paneEEaSERKS1_
FNA:8,1891,_ZN4xlnt8optionalINS_5colorEEaSERKS1_
FNA:8,411,_ZN4xlnt8optionalINS_5themeEEaSERKS1_
FNA:8,2637,_ZN4xlnt8optionalINS_6border15border_propertyEEaSERKS2_
FNA:8,7,_ZN4xlnt8optionalINS_6detail14hyperlink_implEEaSERKS2_
FNA:8,3,_ZN4xlnt8optionalINS_7drawing19spreadsheet_drawingEEaSERKS2_
FNA:8,48,_ZN4xlnt8optionalINS_9rich_textEEaSERKS1_
FNA:8,3550,_ZN4xlnt8optionalINSt7__cxx1112basic_stringIcSt11char_traitsIcESaIcEEEEaSERKS6_
FNA:8,93090,_ZN4xlnt8optionalIdEaSERKd
FNA:8,74,_ZN4xlnt8optionalIiEaSERKi
FNA:8,30,_ZN4xlnt8optionalIjEaSERKj
FNA:8,93776,_ZN4xlnt8optionalImEaSERKm
FNL:9,238,242
FNA:9,3,_ZN4xlnt8optionalINS_14cell_referenceEEaSEOS1_
FNA:9,2,_ZN4xlnt8optionalINS_15range_referenceEEaSEOS1_
FNA:9,89,_ZN4xlnt8optionalINS_4fontEEaSEOS1_
FNA:9,424,_ZN4xlnt8optionalINS_6detail10stylesheetEEaSEOS2_
FNA:9,419,_ZN4xlnt8optionalINS_6detail13workbook_impl14file_version_tEEaSEOS3_
FNA:9,49,_ZN4xlnt8optionalINS_6detail14hyperlink_implEEaSEOS2_
FNA:9,1,_ZN4xlnt8optionalINS_8sheet_prEEaSEOS1_
FNA:9,72,_ZN4xlnt8optionalINSt7__cxx1112basic_stringIcSt11char_traitsIcESaIcEEEEaSEOS6_
FNA:9,2,_ZN4xlnt8optionalISt4pairINS_8column_tES2_EEaSEOS3_
FNA:9,2,_ZN4xlnt8optionalISt4pairIjjEEaSEOS2_
FNA:9,48,_ZN4xlnt8optionalISt5arrayINS0_INS_9rich_textEEELm3EEEaSEOS4_
FNA:9,4385,_ZN4xlnt8optionalIbEaSEOb
FNA:9,2838,_ZN4xlnt8optionalIdEaSEOd
FNA:9,347,_ZN4xlnt8optionalIhEaSEOh
FNA:9,832,_ZN4xlnt8optionalIiEaSEOi
FNA:9,408,_ZN4xlnt8optionalIjEaSEOj
FNA:9,10351,_ZN4xlnt8optionalImEaSEOm
FNL:10,247,254
FNA:10,3,_ZN4xlnt8optionalI2tmE5clearEv
FNA:10,1,_ZN4xlnt8optionalIN12_GLOBAL__N_110no_defaultEE5clearEv
FNA:10,12,_ZN4xlnt8optionalIN12_GLOBAL__N_111alive_countEE5clearEv
FNA:10,1,_ZN4xlnt8optionalIN12_GLOBAL__N_111convertibleEE5clearEv
FNA:10,1288,_ZN4xlnt8optionalINS_10page_setupEE5clearEv
FNA:10,146,_ZN4xlnt8optionalINS_10paper_sizeEE5clearEv
FNA:10,146,_ZN4xlnt8optionalINS_11orientationEE5clearEv
FNA:10,204,_ZN4xlnt8optionalINS_11phonetic_pr13phonetic_typeEE5clearEv
FNA:10,204,_ZN4xlnt8optionalINS_11phonetic_pr5alignEE5clearEv
FNA:10,28265,_ZN4xlnt8optionalINS_11phonetic_prEE5clearEv
FNA:10,38115,_ZN4xlnt8optionalINS_12border_styleEE5clearEv
FNA:10,1285,_ZN4xlnt8optionalINS_12page_marginsEE5clearEv
FNA:10,1288,_ZN4xlnt8optionalINS_13header_footerEE5clearEv
FNA:10,1288,_ZN4xlnt8optionalINS_13print_optionsEE5clearEv
FNA:10,762,_ZN4xlnt8optionalINS_13workbook_viewEE5clearEv
FNA:10,1470,_ZN4xlnt8optionalINS_14cell_referenceEE5clearEv
FNA:10,2576,_ZN4xlnt8optionalINS_15range_referenceEE5clearEv
FNA:10,1525,_ZN4xlnt8optionalINS_18diagonal_directionEE5clearEv
FNA:10,2158,_ZN4xlnt8optionalINS_18vertical_alignmentEE5clearEv
FNA:10,1643,_ZN4xlnt8optionalINS_20horizontal_alignmentEE5clearEv
FNA:10,648,_ZN4xlnt8optionalINS_22calculation_propertiesEE5clearEv
FNA:10,10906,_ZN4xlnt8optionalINS_4fontEE5clearEv
FNA:10,975,_ZN4xlnt8optionalINS_4paneEE5clearEv
FNA:10,60726,_ZN4xlnt8optionalINS_5colorEE5clearEv
FNA:10,762,_ZN4xlnt8optionalINS_5themeEE5clearEv
FNA:10,32637,_ZN4xlnt8optionalINS_6border15border_propertyEE5clearEv
FNA:10,762,_ZN4xlnt8optionalINS_6detail10stylesheetEE5clearEv
FNA:10,767,_ZN4xlnt8optionalINS_6detail13workbook_impl14file_version_tEE5clearEv
FNA:10,4935,_ZN4xlnt8optionalINS_6detail14hyperlink_implEE5clearEv
FNA:10,899,_ZN4xlnt8optionalINS_7drawing19spreadsheet_drawingEE5clearEv
FNA:10,1837,_ZN4xlnt8optionalINS_8ext_listEE5clearEv
FNA:10,1288,_ZN4xlnt8optionalINS_8sheet_prEE5clearEv
FNA:10,336,_ZN4xlnt8optionalINS_9rich_textEE5clearEv
FNA:10,35288,_ZN4xlnt8optionalINSt7__cxx1112basic_stringIcSt11char_traitsIcESaIcEEEE5clearEv
FNA:10,4935,_ZN4xlnt8optionalIPNS_7commentEE5clearEv
FNA:10,1298,_ZN4xlnt8optionalISt4pairINS_8column_tES2_EE5clearEv
FNA:10,1298,_ZN4xlnt8optionalISt4pairIjjEE5clearEv
FNA:10,168,_ZN4xlnt8optionalISt5arrayINS0_INS_9rich_textEEELm3EEE5clearEv
FNA:10,87583,_ZN4xlnt8optionalIbE5clearEv
FNA:10,239475,_ZN4xlnt8optionalIdE5clearEv
FNA:10,13393,_ZN4xlnt8optionalIhE5clearEv
FNA:10,4900,_ZN4xlnt8optionalIiE5clearEv
FNA:10,1116,_ZN4xlnt8optionalIjE5clearEv
FNA:10,273155,_ZN4xlnt8optionalImE5clearEv
FNL:11,261,269
FNA:11,9,_ZN4xlnt8optionalI2tmE3getEv
FNA:11,1,_ZN4xlnt8optionalIN12_GLOBAL__N_111convertibleEE3getEv
FNA:11,72,_ZN4xlnt8optionalINS_10page_setupEE3getEv
FNA:11,9,_ZN4xlnt8optionalINS_11orientationEE3getEv
FNA:11,5,_ZN4xlnt8optionalINS_11phonetic_prEE3getEv
FNA:11,116,_ZN4xlnt8optionalINS_12border_styleEE3getEv
FNA:11,289,_ZN4xlnt8optionalINS_12page_marginsEE3getEv
FNA:11,23,_ZN4xlnt8optionalINS_13header_footerEE3getEv
FNA:11,2,_ZN4xlnt8optionalINS_13print_optionsEE3getEv
FNA:11,173,_ZN4xlnt8optionalINS_13workbook_viewEE3getEv
FNA:11,5,_ZN4xlnt8optionalINS_14cell_referenceEE3getEv
FNA:11,7,_ZN4xlnt8optionalINS_15range_referenceEE3getEv
FNA:11,0,_ZN4xlnt8optionalINS_18diagonal_directionEE3getEv
FNA:11,98,_ZN4xlnt8optionalINS_18vertical_alignmentEE3getEv
FNA:11,48,_ZN4xlnt8optionalINS_20horizontal_alignmentEE3getEv
FNA:11,125,_ZN4xlnt8optionalINS_22calculation_propertiesEE3getEv
FNA:11,326,_ZN4xlnt8optionalINS_4fontEE3getEv
FNA:11,47,_ZN4xlnt8optionalINS_4paneEE3getEv
FNA:11,386,_ZN4xlnt8optionalINS_5colorEE3getEv
FNA:11,1,_ZN4xlnt8optionalINS_5themeEE3getEv
FNA:11,7316,_ZN4xlnt8optionalINS_6border15border_propertyEE3getEv
FNA:11,3032,_ZN4xlnt8optionalINS_6detail10stylesheetEE3getEv
FNA:11,762,_ZN4xlnt8optionalINS_6detail13workbook_impl14file_version_tEE3getEv
FNA:11,210,_ZN4xlnt8optionalINS_6detail14hyperlink_implEE3getEv
FNA:11,2,_ZN4xlnt8optionalINS_7drawing19spreadsheet_drawingEE3getEv
FNA:11,2,_ZN4xlnt8optionalINS_8ext_listEE3getEv
FNA:11,19,_ZN4xlnt8optionalINS_8sheet_prEE3getEv
FNA:11,48,_ZN4xlnt8optionalINS_9rich_textEE3getEv
FNA:11,79,_ZN4xlnt8optionalINSt7__cxx1112basic_stringIcSt11char_traitsIcESaIcEEEE3getEv
FNA:11,88,_ZN4xlnt8optionalIPNS_7commentEE3getEv
FNA:11,8,_ZN4xlnt8optionalISt4pairINS_8column_tES2_EE3getEv
FNA:11,8,_ZN4xlnt8optionalISt4pairIjjEE3getEv
FNA:11,192,_ZN4xlnt8optionalISt5arrayINS0_INS_9rich_textEEELm3EEE3getEv
FNA:11,51,_ZN4xlnt8optionalIbE3getEv
FNA:11,91758,_ZN4xlnt8optionalIdE3getEv
FNA:11,346,_ZN4xlnt8optionalIhE3getEv
FNA:11,73,_ZN4xlnt8optionalIiE3getEv
FNA:11,40,_ZN4xlnt8optionalIjE3getEv
FNA:11,93623,_ZN4xlnt8optionalImE3getEv
FNL:12,276,284
FNA:12,4,_ZNK4xlnt8optionalINS_10paper_sizeEE3getEv
FNA:12,6,_ZNK4xlnt8optionalINS_11phonetic_pr13phonetic_typeEE3getEv
FNA:12,1,_ZNK4xlnt8optionalINS_11phonetic_pr5alignEE3getEv
FNA:12,12,_ZNK4xlnt8optionalINS_11phonetic_prEE3getEv
FNA:12,43,_ZNK4xlnt8optionalINS_14cell_referenceEE3getEv
FNA:12,226,_ZNK4xlnt8optionalINS_4fontEE3getEv
FNA:12,2,_ZNK4xlnt8optionalINS_4paneEE3getEv
FNA:12,1811,_ZNK4xlnt8optionalINS_5colorEE3getEv
FNA:12,95,_ZNK4xlnt8optionalINS_6detail10stylesheetEE3getEv
FNA:12,4033,_ZNK4xlnt8optionalINSt7__cxx1112basic_stringIcSt11char_traitsIcESaIcEEEE3getEv
FNA:12,0,_ZNK4xlnt8optionalIPNS_7commentEE3getEv
FNA:12,601,_ZNK4xlnt8optionalIbE3getEv
FNA:12,4812,_ZNK4xlnt8optionalIdE3getEv
FNA:12,11,_ZNK4xlnt8optionalIhE3getEv
FNA:12,85,_ZNK4xlnt8optionalIiE3getEv
FNA:12,9,_ZNK4xlnt8optionalIjE3getEv
FNA:12,6765,_ZNK4xlnt8optionalImE3getEv
FNL:13,291,303
FNA:13,13,_ZNK4xlnt8optionalINS_10page_setupEEeqERKS2_
FNA:13,12,_ZNK4xlnt8optionalINS_10paper_sizeEEeqERKS2_
FNA:13,4,_ZNK4xlnt8optionalINS_11phonetic_pr13phonetic_typeEEeqERKS3_
FNA:13,4,_ZNK4xlnt8optionalINS_11phonetic_pr5alignEEeqERKS3_
FNA:13,54,_ZNK4xlnt8optionalINS_11phonetic_prEEeqERKS2_
FNA:13,1,_ZNK4xlnt8optionalINS_12border_styleEEeqERKS2_
FNA:13,13,_ZNK4xlnt8optionalINS_12page_marginsEEeqERKS2_
FNA:13,13,_ZNK4xlnt8optionalINS_13header_footerEEeqERKS2_
FNA:13,13,_ZNK4xlnt8optionalINS_13print_optionsEEeqERKS2_
FNA:13,12,_ZNK4xlnt8optionalINS_13workbook_viewEEeqERKS2_
FNA:13,19,_ZNK4xlnt8optionalINS_14cell_referenceEEeqERKS2_
FNA:13,26,_ZNK4xlnt8optionalINS_15range_referenceEEeqERKS2_
FNA:13,1,_ZNK4xlnt8optionalINS_20horizontal_alignmentEEeqERKS2_
FNA:13,12,_ZNK4xlnt8optionalINS_22calculation_propertiesEEeqERKS2_
FNA:13,49,_ZNK4xlnt8optionalINS_4fontEEeqERKS2_
FNA:13,8,_ZNK4xlnt8optionalINS_4paneEEeqERKS2_
FNA:13,1,_ZNK4xlnt8optionalINS_5colorEEeqERKS2_
FNA:13,12,_ZNK4xlnt8optionalINS_5themeEEeqERKS2_
FNA:13,12,_ZNK4xlnt8optionalINS_6detail10stylesheetEEeqERKS3_
FNA:13,12,_ZNK4xlnt8optionalINS_6detail13workbook_impl14file_version_tEEeqERKS4_
FNA:13,6,_ZNK4xlnt8optionalINS_6detail14hyperlink_implEEeqERKS3_
FNA:13,25,_ZNK4xlnt8optionalINS_8ext_listEEeqERKS2_
FNA:13,13,_ZNK4xlnt8optionalINS_8sheet_prEEeqERKS2_
FNA:13,1561,_ZNK4xlnt8optionalINSt7__cxx1112basic_stringIcSt11char_traitsIcESaIcEEEEeqERKS7_
FNA:13,13,_ZNK4xlnt8optionalISt4pairINS_8column_tES2_EEeqERKS4_
FNA:13,13,_ZNK4xlnt8optionalISt4pairIjjEEeqERKS3_
FNA:13,9615,_ZNK4xlnt8optionalIbEeqERKS1_
FNA:13,5196,_ZNK4xlnt8optionalIdEeqERKS1_
FNA:13,6,_ZNK4xlnt8optionalIhEeqERKS1_
FNA:13,26,_ZNK4xlnt8optionalIiEeqERKS1_
FNA:13,15,_ZNK4xlnt8optionalIjEeqERKS1_
FNA:13,15013,_ZNK4xlnt8optionalImEeqERKS1_
FNL:14,310,313
FNA:14,41,_ZNK4xlnt8optionalINS_11phonetic_prEEneERKS2_
FNA:14,10,_ZNK4xlnt8optionalIiEneERKS1_
FNA:14,28,_ZNK4xlnt8optionalImEneERKS1_
FNL:15,317,320
FNA:15,9,_ZN4xlnt8optionalI2tmE9value_refEv
FNA:15,3,_ZN4xlnt8optionalIN12_GLOBAL__N_111alive_countEE9value_refEv
FNA:15,1,_ZN4xlnt8optionalIN12_GLOBAL__N_111convertibleEE9value_refEv
FNA:15,72,_ZN4xlnt8optionalINS_10page_setupEE9value_refEv
FNA:15,0,_ZN4xlnt8optionalINS_10paper_sizeEE9value_refEv
FNA:15,9,_ZN4xlnt8optionalINS_11orientationEE9value_refEv
FNA:15,0,_ZN4xlnt8optionalINS_11phonetic_pr13phonetic_typeEE9value_refEv
FNA:15,0,_ZN4xlnt8optionalINS_11phonetic_pr5alignEE9value_refEv
FNA:15,5,_ZN4xlnt8optionalINS_11phonetic_prEE9value_refEv
FNA:15,116,_ZN4xlnt8optionalINS_12border_styleEE9value_refEv
FNA:15,289,_ZN4xlnt8optionalINS_12page_marginsEE9value_refEv
FNA:15,23,_ZN4xlnt8optionalINS_13header_footerEE9value_refEv
FNA:15,2,_ZN4xlnt8optionalINS_13print_optionsEE9value_refEv
FNA:15,174,_ZN4xlnt8optionalINS_13workbook_viewEE9value_refEv
FNA:15,14,_ZN4xlnt8optionalINS_14cell_referenceEE9value_refEv
FNA:15,8,_ZN4xlnt8optionalINS_15range_referenceEE9value_refEv
FNA:15,0,_ZN4xlnt8optionalINS_18diagonal_directionEE9value_refEv
FNA:15,708,_ZN4xlnt8optionalINS_18vertical_alignmentEE9value_refEv
FNA:15,185,_ZN4xlnt8optionalINS_20horizontal_alignmentEE9value_refEv
FNA:15,125,_ZN4xlnt8optionalINS_22calculation_propertiesEE9value_refEv
FNA:15,371,_ZN4xlnt8optionalINS_4fontEE9value_refEv
FNA:15,47,_ZN4xlnt8optionalINS_4paneEE9value_refEv
FNA:15,1315,_ZN4xlnt8optionalINS_5colorEE9value_refEv
FNA:15,2,_ZN4xlnt8optionalINS_5themeEE9value_refEv
FNA:15,7351,_ZN4xlnt8optionalINS_6border15border_propertyEE9value_refEv
FNA:15,3033,_ZN4xlnt8optionalINS_6detail10stylesheetEE9value_refEv
FNA:15,763,_ZN4xlnt8optionalINS_6detail13workbook_impl14file_version_tEE9value_refEv
FNA:15,221,_ZN4xlnt8optionalINS_6detail14hyperlink_implEE9value_refEv
FNA:15,2,_ZN4xlnt8optionalINS_7drawing19spreadsheet_drawingEE9value_refEv
FNA:15,2,_ZN4xlnt8optionalINS_8ext_listEE9value_refEv
FNA:15,19,_ZN4xlnt8optionalINS_8sheet_prEE9value_refEv
FNA:15,96,_ZN4xlnt8optionalINS_9rich_textEE9value_refEv
FNA:15,2637,_ZN4xlnt8optionalINSt7__cxx1112basic_stringIcSt11char_traitsIcESaIcEEEE9value_refEv
FNA:15,88,_ZN4xlnt8optionalIPNS_7commentEE9value_refEv
FNA:15,8,_ZN4xlnt8optionalISt4pairINS_8column_tES2_EE9value_refEv
FNA:15,8,_ZN4xlnt8optionalISt4pairIjjEE9value_refEv
FNA:15,192,_ZN4xlnt8optionalISt5arrayINS0_INS_9rich_textEEELm3EEE9value_refEv
FNA:15,4466,_ZN4xlnt8optionalIbE9value_refEv
FNA:15,101430,_ZN4xlnt8optionalIdE9value_refEv
FNA:15,1743,_ZN4xlnt8optionalIhE9value_refEv
FNA:15,110,_ZN4xlnt8optionalIiE9value_refEv
FNA:15,45,_ZN4xlnt8optionalIjE9value_refEv
FNA:15,105853,_ZN4xlnt8optionalImE9value_refEv
FNL:16,322,325
FNA:16,2,_ZNK4xlnt8optionalIN12_GLOBAL__N_111alive_countEE9value_refEv
FNA:16,10,_ZNK4xlnt8optionalINS_10page_setupEE9value_refEv
FNA:16,78,_ZNK4xlnt8optionalINS_10paper_sizeEE9value_refEv
FNA:16,106,_ZNK4xlnt8optionalINS_11orientationEE9value_refEv
FNA:16,157,_ZNK4xlnt8optionalINS_11phonetic_pr13phonetic_typeEE9value_refEv
FNA:16,4,_ZNK4xlnt8optionalINS_11phonetic_pr5alignEE9value_refEv
FNA:16,124,_ZNK4xlnt8optionalINS_11phonetic_prEE9value_refEv
FNA:16,869,_ZNK4xlnt8optionalINS_12border_styleEE9value_refEv
FNA:16,18,_ZNK4xlnt8optionalINS_12page_marginsEE9value_refEv
FNA:16,10,_ZNK4xlnt8optionalINS_13header_footerEE9value_refEv
FNA:16,10,_ZNK4xlnt8optionalINS_13print_optionsEE9value_refEv
FNA:16,15,_ZNK4xlnt8optionalINS_13workbook_viewEE9value_refEv
FNA:16,351,_ZNK4xlnt8optionalINS_14cell_referenceEE9value_refEv
FNA:16,0,_ZNK4xlnt8optionalINS_15range_referenceEE9value_refEv
FNA:16,6,_ZNK4xlnt8optionalINS_18diagonal_directionEE9value_refEv
FNA:16,211,_ZNK4xlnt8optionalINS_18vertical_alignmentEE9value_refEv
FNA:16,121,_ZNK4xlnt8optionalINS_20horizontal_alignmentEE9value_refEv
FNA:16,14,_ZNK4xlnt8optionalINS_22calculation_propertiesEE9value_refEv
FNA:16,1077,_ZNK4xlnt8optionalINS_4fontEE9value_refEv
FNA:16,10,_ZNK4xlnt8optionalINS_4paneEE9value_refEv
FNA:16,5940,_ZNK4xlnt8optionalINS_5colorEE9value_refEv
FNA:16,5,_ZNK4xlnt8optionalINS_5themeEE9value_refEv
FNA:16,21503,_ZNK4xlnt8optionalINS_6border15border_propertyEE9value_refEv
FNA:16,109,_ZNK4xlnt8optionalINS_6detail10stylesheetEE9value_refEv
FNA:16,15,_ZNK4xlnt8optionalINS_6detail13workbook_impl14file_version_tEE9value_refEv
FNA:16,1,_ZNK4xlnt8optionalINS_6detail14hyperlink_implEE9value_refEv
FNA:16,0,_ZNK4xlnt8optionalINS_8ext_listEE9value_refEv
FNA:16,10,_ZNK4xlnt8optionalINS_8sheet_prEE9value_refEv
FNA:16,7216,_ZNK4xlnt8optionalINSt7__cxx1112basic_stringIcSt11char_traitsIcESaIcEEEE9value_refEv
FNA:16,0,_ZNK4xlnt8optionalIPNS_7commentEE9value_refEv
FNA:16,8,_ZNK4xlnt8optionalISt4pairINS_8column_tES2_EE9value_refEv
FNA:16,8,_ZNK4xlnt8optionalISt4pairIjjEE9value_refEv
FNA:16,3924,_ZNK4xlnt8optionalIbE9value_refEv
FNA:16,109378,_ZNK4xlnt8optionalIdE9value_refEv
FNA:16,28,_ZNK4xlnt8optionalIhE9value_refEv
FNA:16,1293,_ZNK4xlnt8optionalIiE9value_refEv
FNA:16,596,_ZNK4xlnt8optionalIjE9value_refEv
FNA:16,133569,_ZNK4xlnt8optionalImE9value_refEv
FNL:17,59,62
FNA:17,5,_ZNK4xlnt8optionalINS_10page_setupEE13compare_equalIS1_LPv0EEEbRKT_S7_
FNA:17,10,_ZNK4xlnt8optionalINS_10paper_sizeEE13compare_equalIS1_LPv0EEEbRKT_S7_
FNA:17,3,_ZNK4xlnt8optionalINS_11phonetic_pr13phonetic_typeEE13compare_equalIS2_LPv0EEEbRKT_S8_
FNA:17,1,_ZNK4xlnt8optionalINS_11phonetic_pr5alignEE13compare_equalIS2_LPv0EEEbRKT_S8_
FNA:17,2,_ZNK4xlnt8optionalINS_11phonetic_prEE13compare_equalIS1_LPv0EEEbRKT_S7_
FNA:17,1,_ZNK4xlnt8optionalINS_12border_styleEE13compare_equalIS1_LPv0EEEbRKT_S7_
FNA:17,7,_ZNK4xlnt8optionalINS_12page_marginsEE13compare_equalIS1_LPv0EEEbRKT_S7_
FNA:17,5,_ZNK4xlnt8optionalINS_13header_footerEE13compare_equalIS1_LPv0EEEbRKT_S7_
FNA:17,5,_ZNK4xlnt8optionalINS_13print_optionsEE13compare_equalIS1_LPv0EEEbRKT_S7_
FNA:17,7,_ZNK4xlnt8optionalINS_13workbook_viewEE13compare_equalIS1_LPv0EEEbRKT_S7_
FNA:17,10,_ZNK4xlnt8optionalINS_14cell_referenceEE13compare_equalIS1_LPv0EEEbRKT_S7_
FNA:17,0,_ZNK4xlnt8optionalINS_15range_referenceEE13compare_equalIS1_LPv0EEEbRKT_S7_
FNA:17,1,_ZNK4xlnt8optionalINS_20horizontal_alignmentEE13compare_equalIS1_LPv0EEEbRKT_S7_
FNA:17,7,_ZNK4xlnt8optionalINS_22calculation_propertiesEE13compare_equalIS1_LPv0EEEbRKT_S7_
FNA:17,15,_ZNK4xlnt8optionalINS_4fontEE13compare_equalIS1_LPv0EEEbRKT_S7_
FNA:17,0,_ZNK4xlnt8optionalINS_4paneEE13compare_equalIS1_LPv0EEEbRKT_S7_
FNA:17,1,_ZNK4xlnt8optionalINS_5colorEE13compare_equalIS1_LPv0EEEbRKT_S7_
FNA:17,2,_ZNK4xlnt8optionalINS_5themeEE13compare_equalIS1_LPv0EEEbRKT_S7_
FNA:17,7,_ZNK4xlnt8optionalINS_6detail10stylesheetEE13compare_equalIS2_LPv0EEEbRKT_S8_
FNA:17,7,_ZNK4xlnt8optionalINS_6detail13workbook_impl14file_version_tEE13compare_equalIS3_LPv0EEEbRKT_S9_
FNA:17,0,_ZNK4xlnt8optionalINS_6detail14hyperlink_implEE13compare_equalIS2_LPv0EEEbRKT_S8_
FNA:17,0,_ZNK4xlnt8optionalINS_8ext_listEE13compare_equalIS1_LPv0EEEbRKT_S7_
FNA:17,5,_ZNK4xlnt8optionalINS_8sheet_prEE13compare_equalIS1_LPv0EEEbRKT_S7_
FNA:17,40,_ZNK4xlnt8optionalINSt7__cxx1112basic_stringIcSt11char_traitsIcESaIcEEEE13compare_equalIS6_LPv0EEEbRKT_SC_
FNA:17,0,_ZNK4xlnt8optionalISt4pairINS_8column_tES2_EE13compare_equalIS3_LPv0EEEbRKT_S9_
FNA:17,0,_ZNK4xlnt8optionalISt4pairIjjEE13compare_equalIS2_LPv0EEEbRKT_S8_
FNA:17,279,_ZNK4xlnt8optionalIbE13compare_equalIbLPv0EEEbRKT_S6_
FNA:17,5,_ZNK4xlnt8optionalIhE13compare_equalIhLPv0EEEbRKT_S6_
FNA:17,14,_ZNK4xlnt8optionalIiE13compare_equalIiLPv0EEEbRKT_S6_
FNA:17,8,_ZNK4xlnt8optionalIjE13compare_equalIjLPv0EEEbRKT_S6_
FNA:17,9337,_ZNK4xlnt8optionalImE13compare_equalImLPv0EEEbRKT_S6_
FNL:18,68,71
FNA:18,5153,_ZNK4xlnt8optionalIdE13compare_equalIdLPv0EEEbRKT_S6_
FNL:19,77,81
FNA:19,3,_ZN4xlnt8optionalI2tmEC2Ev
FNA:19,1,_ZN4xlnt8optionalIN12_GLOBAL__N_110no_defaultEEC2Ev
FNA:19,3,_ZN4xlnt8optionalIN12_GLOBAL__N_111alive_countEEC2Ev
FNA:19,899,_ZN4xlnt8optionalINS_10page_setupEEC2Ev
FNA:19,38,_ZN4xlnt8optionalINS_10paper_sizeEEC2Ev
FNA:19,38,_ZN4xlnt8optionalINS_11orientationEEC2Ev
FNA:19,48,_ZN4xlnt8optionalINS_11phonetic_pr13phonetic_typeEEC2Ev
FNA:19,48,_ZN4xlnt8optionalINS_11phonetic_pr5alignEEC2Ev
FNA:19,11132,_ZN4xlnt8optionalINS_11phonetic_prEEC2Ev
FNA:19,2637,_ZN4xlnt8optionalINS_12border_styleEEC2Ev
FNA:19,899,_ZN4xlnt8optionalINS_12page_marginsEEC2Ev
FNA:19,899,_ZN4xlnt8optionalINS_13header_footerEEC2Ev
FNA:19,899,_ZN4xlnt8optionalINS_13print_optionsEEC2Ev
FNA:19,549,_ZN4xlnt8optionalINS_13workbook_viewEEC2Ev
FNA:19,591,_ZN4xlnt8optionalINS_14cell_referenceEEC2Ev
FNA:19,1798,_ZN4xlnt8optionalINS_15range_referenceEEC2Ev
FNA:19,539,_ZN4xlnt8optionalINS_18diagonal_directionEEC2Ev
FNA:19,548,_ZN4xlnt8optionalINS_18vertical_alignmentEEC2Ev
FNA:19,548,_ZN4xlnt8optionalINS_20horizontal_alignmentEEC2Ev
FNA:19,549,_ZN4xlnt8optionalINS_22calculation_propertiesEEC2Ev
FNA:19,1267,_ZN4xlnt8optionalINS_4fontEEC2Ev
FNA:19,458,_ZN4xlnt8optionalINS_4paneEEC2Ev
FNA:19,7201,_ZN4xlnt8optionalINS_5colorEEC2Ev
FNA:19,549,_ZN4xlnt8optionalINS_5themeEEC2Ev
FNA:19,3773,_ZN4xlnt8optionalINS_6border15border_propertyEEC2Ev
FNA:19,549,_ZN4xlnt8optionalINS_6detail10stylesheetEEC2Ev
FNA:19,549,_ZN4xlnt8optionalINS_6detail13workbook_impl14file_version_tEEC2Ev
FNA:19,1472,_ZN4xlnt8optionalINS_6detail14hyperlink_implEEC2Ev
FNA:19,899,_ZN4xlnt8optionalINS_7drawing19spreadsheet_drawingEEC2Ev
FNA:19,1448,_ZN4xlnt8optionalINS_8ext_listEEC2Ev
FNA:19,899,_ZN4xlnt8optionalINS_8sheet_prEEC2Ev
FNA:19,144,_ZN4xlnt8optionalINS_9rich_textEEC2Ev
FNA:19,10628,_ZN4xlnt8optionalINSt7__cxx1112basic_stringIcSt11char_traitsIcESaIcEEEEC2Ev
FNA:19,1472,_ZN4xlnt8optionalIPNS_7commentEEC2Ev
FNA:19,899,_ZN4xlnt8optionalISt4pairINS_8column_tES2_EEC2Ev
FNA:19,899,_ZN4xlnt8optionalISt4pairIjjEEC2Ev
FNA:19,168,_ZN4xlnt8optionalISt5arrayINS0_INS_9rich_textEEELm3EEEC2Ev
FNA:19,31161,_ZN4xlnt8optionalIbEC2Ev
FNA:19,195979,_ZN4xlnt8optionalIdEC2Ev
FNA:19,2375,_ZN4xlnt8optionalIhEC2Ev
FNA:19,1955,_ZN4xlnt8optionalIiEC2Ev
FNA:19,461,_ZN4xlnt8optionalIjEC2Ev
FNA:19,218866,_ZN4xlnt8optionalImEC2Ev
FNL:20,87,91
FNA:20,15,_ZN4xlnt8optionalINS_14cell_referenceEEC2ERKS1_
FNA:20,4,_ZN4xlnt8optionalINS_4fontEEC2ERKS1_
FNA:20,1,_ZN4xlnt8optionalINS_5colorEEC2ERKS1_
FNA:20,7,_ZN4xlnt8optionalIiEC2ERKi
FNL:21,97,101
FNA:21,4,_ZN4xlnt8optionalIN12_GLOBAL__N_111alive_countEEC2EOS2_
FNA:21,1,_ZN4xlnt8optionalIN12_GLOBAL__N_111convertibleEEC2EOS2_
FNA:21,1,_ZN4xlnt8optionalINS_12border_styleEEC2EOS1_
FNA:21,1,_ZN4xlnt8optionalINS_20horizontal_alignmentEEC2EOS1_
FNA:21,85,_ZN4xlnt8optionalIbEC2EOb
FNA:21,138,_ZN4xlnt8optionalIdEC2EOd
FNA:21,5153,_ZN4xlnt8optionalImEC2EOm
FNF:22
FNH:22
BRDA:90,0,0,4
BRDA:90,0,2,0
BRDA:90,0,3,0
BRDA:110,0,0,43040
BRDA:110,0,1,131468
BRDA:112,0,0,3899
BRDA:112,0,2,0
BRDA:112,0,3,0
BRDA:127,0,0,19088
BRDA:127,0,1,81928
BRDA:129,0,0,48
BRDA:129,0,2,0
BRDA:129,0,3,0
BRDA:144,0,0,195366
BRDA:144,0,1,38492
BRDA:161,0,0,5720
BRDA:161,0,1,1930
BRDA:195,0,0,5889
BRDA:195,0,1,387560
BRDA:201,0,0,3743
BRDA:201,0,2,0
BRDA:201,0,3,0
BRDA:215,0,0,1451
BRDA:215,0,1,25203
BRDA:221,0,0,48
BRDA:221,0,2,0
BRDA:221,0,3,0
BRDA:249,0,0,480301
BRDA:249,0,1,382166
BRDA:263,0,0,2
BRDA:263,0,1,199397
BRDA:265,0,0,2
BRDA:265,0,2,2
BRDA:278,0,0,0
BRDA:278,0,1,18516
BRDA:280,0,0,-
BRDA:280,0,2,-
BRDA:293,0,0,189
BRDA:293,0,1,31604
BRDA:297,0,0,16667
BRDA:297,0,1,14937
BRF:41
BRH:28
DA:59,9784
DA:61,9784
DA:68,5153
DA:70,5153
DA:77,506737
DA:78,506737
DA:79,506737
DA:81,506737
DA:87,27
DA:88,27
DA:90,27
DA:91,27
DA:97,5383
DA:98,5383
DA:100,5383
DA:101,5383
DA:107,174508
DA:108,174508
DA:110,174508
DA:112,43040
DA:116,131468
DA:118,174508
DA:124,101016
DA:125,101016
DA:127,101016
DA:129,19088
DA:130,19088
DA:134,81928
DA:136,101016
DA:142,233858
DA:144,233858
DA:146,195366
DA:150,38492
DA:152,233858
DA:159,7650
DA:161,7650
DA:163,5720
DA:164,5720
DA:168,1930
DA:170,7650
DA:176,787671
DA:178,787671
DA:179,787671
DA:185,288009
DA:187,288009
DA:193,393449
DA:195,393449
DA:197,5889
DA:201,387560
DA:202,387560
DA:204,393449
DA:209,26654
DA:215,26654
DA:217,1451
DA:221,25203
DA:222,25203
DA:224,26654
DA:229,197855
DA:231,197855
DA:232,197855
DA:238,20272
DA:240,20272
DA:241,20272
DA:247,862467
DA:249,862467
DA:251,480301
DA:253,862467
DA:254,862467
DA:261,199399
DA:263,199399
DA:265,6
DA:268,199397
DA:276,18516
DA:278,18516
DA:280,0
DA:283,18516
DA:291,31793
DA:293,31793
DA:295,189
DA:297,31604
DA:299,16667
DA:302,14937
DA:310,79
DA:312,79
DA:317,231545
DA:319,231545
DA:322,286796
DA:324,286796
LF:88
LH:87
end_of_record
TN:
SF:/root/project/include/xlnt/utils/path.hpp
FNL:0,239,243
FNA:0,25007,_ZNKSt4hashIN4xlnt4pathEEclERKS1_
FNF:1
FNH:1
DA:239,25007
DA:242,25007
LF:2
LH:2
end_of_record
TN:
SF:/root/project/include/xlnt/utils/scoped_enum_hash.hpp
FNL:0,41,45
FNA:0,196,_ZNK4xlnt16scoped_enum_hashINS_13header_footer8locationEEclES2_
FNA:0,136,_ZNK4xlnt16scoped_enum_hashINS_7variant4typeEEclES2_
FNF:1
FNH:1
DA:41,332
DA:44,332
LF:2
LH:2
end_of_record
TN:
SF:/root/project/include/xlnt/utils/variant.hpp
FNF:0
FNH:0
LF:0
LH:0
end_of_record
TN:
SF:/root/project/include/xlnt/workbook/calculation_properties.hpp
FNL:0,53,57
FNA:0,9,_ZN4xlnteqERKNS_22calculation_propertiesES2_
FNF:1
FNH:1
BRDA:56,0,0,9
BRDA:56,0,1,0
BRDA:56,0,2,9
BRDA:56,0,3,0
BRF:4
BRH:2
DA:53,9
DA:55,9
DA:56,9
LF:3
LH:3
end_of_record
TN:
SF:/root/project/include/xlnt/workbook/named_range.hpp
FNF:0
FNH:0
LF:0
LH:0
end_of_record
TN:
SF:/root/project/include/xlnt/workbook/theme.hpp
FNL:0,38,41
FNA:0,2,_ZNK4xlnt5themeeqERKS0_
FNF:1
FNH:1
DA:38,2
DA:40,2
LF:2
LH:2
end_of_record
TN:
SF:/root/project/include/xlnt/workbook/workbook.hpp
FNL:0,1170,1170
FNA:0,2,_ZN4xlnt8workbookaSERKS0_
FNL:1,1176,1176
FNA:1,16,_ZN4xlnt8workbookaSEOS0_
FNL:2,185,185
FNA:2,1,_ZN4xlnt8workbookC2EOS0_
FNL:3,191,191
FNA:3,2,_ZN4xlnt8workbookC2ERKS0_
FNL:4,198,198
FNA:4,1722,_ZN4xlnt8workbookD2Ev
FNF:5
FNH:5
DA:185,1
DA:191,2
DA:198,1722
DA:1170,2
DA:1176,16
LF:5
LH:5
end_of_record
TN:
SF:/root/project/include/xlnt/workbook/workbook_view.hpp
FNL:0,106,117
FNA:0,7,_ZN4xlnteqERKNS_13workbook_viewES2_
FNF:1
FNH:1
BRDA:109,0,0,7
BRDA:109,0,1,0
BRDA:110,0,0,7
BRDA:110,0,1,0
BRDA:111,0,0,7
BRDA:111,0,1,0
BRDA:112,0,0,7
BRDA:112,0,1,0
BRDA:113,0,0,7
BRDA:113,0,1,0
BRDA:114,0,0,7
BRDA:114,0,1,0
BRDA:115,0,0,7
BRDA:115,0,1,0
BRDA:116,0,0,7
BRDA:116,0,1,0
BRDA:116,0,2,7
BRDA:116,0,3,0
BRF:18
BRH:9
DA:106,7
DA:108,7
DA:109,7
DA:110,7
DA:111,7
DA:112,7
DA:113,7
DA:114,7
DA:115,7
DA:116,14
LF:10
LH:10
end_of_record
TN:
SF:/root/project/include/xlnt/workbook/worksheet_iterator.hpp
FNL:0,169,169
FNA:0,2,_ZN4xlnt24const_worksheet_iteratorC2Ev
FNL:1,59,59
FNA:1,2,_ZN4xlnt18worksheet_iteratorC2Ev
FNF:2
FNH:2
DA:59,2
DA:169,2
LF:2
LH:2
end_of_record
TN:
SF:/root/project/include/xlnt/worksheet/cell_iterator.hpp
FNL:0,205,205
FNA:0,2,_ZN4xlnt19const_cell_iteratorC2Ev
FNL:1,216,216
FNA:1,531,_ZN4xlnt19const_cell_iteratorC2ERKS0_
FNL:2,63,63
FNA:2,2,_ZN4xlnt13cell_iteratorC2Ev
FNL:3,74,74
FNA:3,199,_ZN4xlnt13cell_iteratorC2ERKS0_
FNL:4,89,89
FNA:4,2,_ZN4xlnt13cell_iteratoraSEOS0_
FNF:5
FNH:5
DA:63,2
DA:74,199
DA:89,2
DA:205,2
DA:216,531
LF:5
LH:5
end_of_record
TN:
SF:/root/project/include/xlnt/worksheet/cell_vector.hpp
FNF:0
FNH:0
LF:0
LH:0
end_of_record
TN:
SF:/root/project/include/xlnt/worksheet/column_properties.hpp
FNL:0,70,77
FNA:0,5126,_ZN4xlnteqERKNS_17column_propertiesES2_
FNF:1
FNH:1
BRDA:73,0,0,5126
BRDA:73,0,1,0
BRDA:74,0,0,5126
BRDA:74,0,1,0
BRDA:75,0,0,5126
BRDA:75,0,1,0
BRDA:76,0,0,5126
BRDA:76,0,1,0
BRDA:76,0,2,5126
BRDA:76,0,3,0
BRF:10
BRH:5
DA:70,5126
DA:72,5126
DA:73,5126
DA:74,5126
DA:75,5126
DA:76,10252
LF:6
LH:6
end_of_record
TN:
SF:/root/project/include/xlnt/worksheet/header_footer.hpp
FNF:0
FNH:0
LF:0
LH:0
end_of_record
TN:
SF:/root/project/include/xlnt/worksheet/page_setup.hpp
FNF:0
FNH:0
LF:0
LH:0
end_of_record
TN:
SF:/root/project/include/xlnt/worksheet/pane.hpp
FNL:0,90,97
FNA:0,1,_ZNK4xlnt4paneeqERKS0_
FNF:1
FNH:1
BRDA:93,0,0,1
BRDA:93,0,1,0
BRDA:94,0,0,1
BRDA:94,0,1,0
BRDA:95,0,0,1
BRDA:95,0,1,0
BRDA:96,0,0,1
BRDA:96,0,1,0
BRDA:96,0,2,1
BRDA:96,0,3,0
BRF:10
BRH:5
DA:90,1
DA:92,1
DA:93,1
DA:94,1
DA:95,1
DA:96,2
LF:6
LH:6
end_of_record
TN:
SF:/root/project/include/xlnt/worksheet/phonetic_pr.hpp
FNL:0,74,74
FNA:0,1,_ZN4xlnt11phonetic_prC2Ev
FNF:1
FNH:1
DA:74,1
LF:1
LH:1
end_of_record
TN:
SF:/root/project/include/xlnt/worksheet/print_options.hpp
FNL:0,60,67
FNA:0,5,_ZN4xlnteqERKNS_13print_optionsES2_
FNF:1
FNH:1
BRDA:63,0,0,5
BRDA:63,0,1,0
BRDA:64,0,0,5
BRDA:64,0,1,0
BRDA:65,0,0,5
BRDA:65,0,1,0
BRDA:66,0,0,5
BRDA:66,0,1,0
BRDA:66,0,2,5
BRDA:66,0,3,0
BRF:10
BRH:5
DA:60,5
DA:62,5
DA:63,5
DA:64,5
DA:65,5
DA:66,10
LF:6
LH:6
end_of_record
TN:
SF:/root/project/include/xlnt/worksheet/range.hpp
FNL:0,90,90
FNA:0,7,_ZN4xlnt5rangeC2ERKS0_
FNF:1
FNH:1
DA:90,7
LF:1
LH:1
end_of_record
TN:
SF:/root/project/include/xlnt/worksheet/range_iterator.hpp
FNL:0,178,178
FNA:0,2,_ZN4xlnt20const_range_iteratorC2Ev
FNL:1,58,58
FNA:1,2,_ZN4xlnt14range_iteratorC2Ev
FNL:2,70,70
FNA:2,22,_ZN4xlnt14range_iteratorC2ERKS0_
FNL:3,85,85
FNA:3,1,_ZN4xlnt14range_iteratoraSEOS0_
FNF:4
FNH:4
DA:58,2
DA:70,22
DA:85,1
DA:178,2
LF:4
LH:4
end_of_record
TN:
SF:/root/project/include/xlnt/worksheet/row_properties.hpp
FNL:0,89,100
FNA:0,6,_ZN4xlnteqERKNS_14row_propertiesES2_
FNF:1
FNH:1
BRDA:92,0,0,6
BRDA:92,0,1,0
BRDA:93,0,0,6
BRDA:93,0,1,0
BRDA:94,0,0,6
BRDA:94,0,1,0
BRDA:95,0,0,6
BRDA:95,0,1,0
BRDA:96,0,0,6
BRDA:96,0,1,0
BRDA:97,0,0,6
BRDA:97,0,1,0
BRDA:98,0,0,6
BRDA:98,0,1,0
BRDA:99,0,0,6
BRDA:99,0,1,0
BRDA:99,0,2,6
BRDA:99,0,3,0
BRF:18
BRH:9
DA:89,6
DA:91,6
DA:92,6
DA:93,6
DA:94,6
DA:95,6
DA:96,6
DA:97,6
DA:98,6
DA:99,12
LF:10
LH:10
end_of_record
TN:
SF:/root/project/include/xlnt/worksheet/selection.hpp
FNL:0,100,103
FNA:0,2,_ZN4xlnt9selection17clear_active_cellEv
FNL:1,108,111
FNA:1,38,_ZNK4xlnt9selection9has_sqrefEv
FNL:2,123,129
FNA:2,8,_ZNK4xlnt9selection5sqrefEv
FNL:3,134,137
FNA:3,38,_ZNK4xlnt9selection6sqrefsEv
FNL:4,165,168
FNA:4,36,_ZNK4xlnt9selection4paneEv
FNL:5,173,176
FNA:5,20,_ZN4xlnt9selection4paneENS_11pane_cornerE
FNL:6,182,187
FNA:6,5,_ZNK4xlnt9selectioneqERKS0_
FNL:7,47,47
FNA:7,77,_ZN4xlnt9selectionC2Ev
FNL:8,53,56
FNA:8,15,_ZN4xlnt9selectionC2ENS_11pane_cornerENS_14cell_referenceE
FNL:9,70,73
FNA:9,32,_ZNK4xlnt9selection15has_active_cellEv
FNL:10,80,87
FNA:10,35,_ZNK4xlnt9selection11active_cellEv
FNL:11,92,95
FNA:11,72,_ZN4xlnt9selection11active_cellERKNS_14cell_referenceE
FNF:12
FNH:12
BRDA:54,0,0,15
BRDA:54,0,2,15
BRDA:82,0,0,2
BRDA:82,0,1,33
BRDA:84,0,0,2
BRDA:84,0,2,2
BRDA:125,0,0,1
BRDA:125,0,1,7
BRDA:126,0,0,1
BRDA:126,0,2,1
BRDA:185,0,0,5
BRDA:185,0,1,0
BRDA:186,0,0,5
BRDA:186,0,1,0
BRDA:186,0,2,5
BRDA:186,0,3,0
BRF:16
BRH:13
DA:47,77
DA:53,15
DA:54,30
DA:56,15
DA:70,32
DA:72,32
DA:80,35
DA:82,35
DA:84,6
DA:86,33
DA:92,72
DA:94,72
DA:95,72
DA:100,2
DA:102,2
DA:103,2
DA:108,38
DA:110,38
DA:123,8
DA:125,8
DA:126,3
DA:128,7
DA:134,38
DA:136,38
DA:165,36
DA:167,36
DA:173,20
DA:175,20
DA:176,20
DA:182,5
DA:184,5
DA:185,5
DA:186,10
LF:33
LH:33
end_of_record
TN:
SF:/root/project/include/xlnt/worksheet/sheet_format_properties.hpp
FNL:0,60,66
FNA:0,14,_ZN4xlnteqERKNS_23sheet_format_propertiesES2_
FNF:1
FNH:1
BRDA:63,0,0,14
BRDA:63,0,1,0
BRDA:64,0,0,14
BRDA:64,0,1,0
BRDA:65,0,0,14
BRDA:65,0,1,0
BRDA:65,0,2,14
BRDA:65,0,3,0
BRF:8
BRH:4
DA:60,14
DA:62,14
DA:63,14
DA:64,14
DA:65,28
LF:5
LH:5
end_of_record
TN:
SF:/root/project/include/xlnt/worksheet/sheet_pr.hpp
FNL:0,103,118
FNA:0,5,_ZN4xlnteqERKNS_8sheet_prES2_
FNF:1
FNH:1
BRDA:106,0,0,5
BRDA:106,0,1,0
BRDA:107,0,0,5
BRDA:107,0,1,0
BRDA:108,0,0,5
BRDA:108,0,1,0
BRDA:109,0,0,5
BRDA:109,0,1,0
BRDA:110,0,0,5
BRDA:110,0,1,0
BRDA:111,0,0,5
BRDA:111,0,1,0
BRDA:112,0,0,5
BRDA:112,0,1,0
BRDA:113,0,0,5
BRDA:113,0,1,0
BRDA:114,0,0,5
BRDA:114,0,1,0
BRDA:115,0,0,5
BRDA:115,0,1,0
BRDA:116,0,0,5
BRDA:116,0,1,0
BRDA:117,0,0,5
BRDA:117,0,1,0
BRDA:117,0,2,5
BRDA:117,0,3,0
BRF:26
BRH:13
DA:103,5
DA:105,5
DA:106,5
DA:107,5
DA:108,5
DA:109,5
DA:110,5
DA:111,5
DA:112,5
DA:113,5
DA:114,5
DA:115,5
DA:116,5
DA:117,10
LF:14
LH:14
end_of_record
TN:
SF:/root/project/include/xlnt/worksheet/sheet_view.hpp
FNL:0,107,110
FNA:0,2,_ZN4xlnt10sheet_view10clear_paneEv
FNL:1,115,118
FNA:1,10,_ZN4xlnt10sheet_view4paneERKNS_4paneE
FNL:2,123,126
FNA:2,11,_ZNK4xlnt10sheet_view14has_selectionsEv
FNL:3,131,134
FNA:3,92,_ZN4xlnt10sheet_view13add_selectionERKNS_9selectionE
FNL:4,139,142
FNA:4,10,_ZN4xlnt10sheet_view16clear_selectionsEv
FNL:5,147,150
FNA:5,70,_ZNK4xlnt10sheet_view10selectionsEv
FNL:6,156,164
FNA:6,14,_ZN4xlnt10sheet_view9selectionEm
FNL:7,169,172
FNA:7,23,_ZN4xlnt10sheet_view15show_grid_linesEb
FNL:8,177,180
FNA:8,52,_ZNK4xlnt10sheet_view15show_grid_linesEv
FNL:9,185,188
FNA:9,20,_ZN4xlnt10sheet_view18default_grid_colorEb
FNL:10,201,204
FNA:10,4,_ZN4xlnt10sheet_view4typeENS_15sheet_view_typeE
FNL:11,209,212
FNA:11,53,_ZNK4xlnt10sheet_view4typeEv
FNL:12,217,220
FNA:12,53,_ZNK4xlnt10sheet_view17has_top_left_cellEv
FNL:13,225,228
FNA:13,23,_ZN4xlnt10sheet_view13top_left_cellERKNS_14cell_referenceE
FNL:14,235,242
FNA:14,5,_ZNK4xlnt10sheet_view13top_left_cellEv
FNL:15,247,250
FNA:15,21,_ZN4xlnt10sheet_view10zoom_scaleEi
FNL:16,255,258
FNA:16,57,_ZNK4xlnt10sheet_view10zoom_scaleEv
FNL:17,264,273
FNA:17,8,_ZNK4xlnt10sheet_vieweqERKS0_
FNL:18,55,58
FNA:18,118,_ZN4xlnt10sheet_view2idEm
FNL:19,63,66
FNA:19,51,_ZNK4xlnt10sheet_view2idEv
FNL:20,71,74
FNA:20,67,_ZNK4xlnt10sheet_view8has_paneEv
FNL:21,81,88
FNA:21,48,_ZN4xlnt10sheet_view4paneEv
FNL:22,95,102
FNA:22,2,_ZNK4xlnt10sheet_view4paneEv
FNF:23
FNH:23
BRDA:83,0,0,1
BRDA:83,0,1,47
BRDA:85,0,0,1
BRDA:85,0,2,1
BRDA:97,0,0,0
BRDA:97,0,1,2
BRDA:99,0,0,-
BRDA:99,0,2,-
BRDA:158,0,0,2
BRDA:158,0,1,12
BRDA:160,0,0,2
BRDA:160,0,2,2
BRDA:160,0,4,2
BRDA:160,0,6,2
BRDA:160,0,8,2
BRDA:160,0,10,2
BRDA:160,0,12,2
BRDA:237,0,0,1
BRDA:237,0,1,4
BRDA:239,0,0,1
BRDA:239,0,2,1
BRDA:267,0,0,8
BRDA:267,0,1,0
BRDA:268,0,0,8
BRDA:268,0,1,0
BRDA:269,0,0,8
BRDA:269,0,1,0
BRDA:270,0,0,8
BRDA:270,0,1,0
BRDA:271,0,0,8
BRDA:271,0,1,0
BRDA:272,0,0,8
BRDA:272,0,1,0
BRDA:272,0,2,8
BRDA:272,0,3,0
BRF:35
BRH:25
DA:55,118
DA:57,118
DA:58,118
DA:63,51
DA:65,51
DA:71,67
DA:73,67
DA:81,48
DA:83,48
DA:85,3
DA:87,47
DA:95,2
DA:97,2
DA:99,0
DA:101,2
DA:107,2
DA:109,2
DA:110,2
DA:115,10
DA:117,10
DA:118,10
DA:123,11
DA:125,11
DA:131,92
DA:133,92
DA:134,92
DA:139,10
DA:141,10
DA:142,10
DA:147,70
DA:149,70
DA:156,14
DA:158,14
DA:160,2
DA:163,12
DA:169,23
DA:171,23
DA:172,23
DA:177,52
DA:179,52
DA:185,20
DA:187,20
DA:188,20
DA:201,4
DA:203,4
DA:204,4
DA:209,53
DA:211,53
DA:217,53
DA:219,53
DA:225,23
DA:227,23
DA:228,23
DA:235,5
DA:237,5
DA:239,3
DA:241,4
DA:247,21
DA:249,21
DA:250,21
DA:255,57
DA:257,57
DA:264,8
DA:266,8
DA:267,8
DA:268,8
DA:269,8
DA:270,8
DA:271,8
DA:272,16
LF:70
LH:69
end_of_record
TN:
SF:/root/project/source/cell/cell.cpp
FNL:0,1001,1009
FNA:0,419,_ZNK4xlnt4cell6formatEv
FNL:1,1011,1019
FNA:1,3,_ZNK4xlnt4cell9alignmentEv
FNL:2,1021,1029
FNA:2,3,_ZNK4xlnt4cell6borderEv
FNL:3,1031,1039
FNA:3,5,_ZNK4xlnt4cell4fillEv
FNL:4,1041,1049
FNA:4,14,_ZNK4xlnt4cell4fontEv
FNL:5,1051,1059
FNA:5,20,_ZNK4xlnt4cell13number_formatEv
FNL:6,1061,1069
FNA:6,3,_ZNK4xlnt4cell10protectionEv
FNL:7,1071,1074
FNA:7,1013,_ZNK4xlnt4cell13has_hyperlinkEv
FNL:8,1078,1081
FNA:8,1089,_ZNK4xlnt4cell11has_commentEv
FNL:9,1083,1090
FNA:9,2,_ZN4xlnt4cell13clear_commentEv
FNL:10,1092,1100
FNA:10,56,_ZNK4xlnt4cell7commentEv
FNL:11,1102,1105
FNA:11,0,_ZN4xlnt4cell7commentERKNSt7__cxx1112basic_stringIcSt11char_traitsIcESaIcEEES8_
FNL:12,1107,1110
FNA:12,4,_ZN4xlnt4cell7commentERKNSt7__cxx1112basic_stringIcSt11char_traitsIcESaIcEEERKNS_4fontES8_
FNL:13,1112,1132
FNA:13,34,_ZN4xlnt4cell7commentERKNS_7commentE
FNL:14,1134,1137
FNA:14,34,_ZNK4xlnt4cell5widthEv
FNL:15,1139,1142
FNA:15,0,_ZNK4xlnt4cell6heightEv
FNL:16,155,167
FNA:16,1,_ZN4xlnt4cell11error_codesB5cxx11Ev
FNL:17,169,192
FNA:17,651,_ZN4xlnt4cell12check_stringERKNSt7__cxx1112basic_stringIcSt11char_traitsIcESaIcEEE
FNL:18,194,197
FNA:18,3375,_ZN4xlnt4cellC2EPNS_6detail9cell_implE
FNL:19,199,202
FNA:19,996,_ZNK4xlnt4cell19garbage_collectibleEv
FNL:20,204,207
FNA:20,1,_ZN4xlnt4cell5valueEDn
FNL:21,209,213
FNA:21,10,_ZN4xlnt4cell5valueEb
FNL:22,215,219
FNA:22,14,_ZN4xlnt4cell5valueEi
FNL:23,221,225
FNA:23,2,_ZN4xlnt4cell5valueEj
FNL:24,227,231
FNA:24,2,_ZN4xlnt4cell5valueEx
FNL:25,233,237
FNA:25,2,_ZN4xlnt4cell5valueEy
FNL:26,239,243
FNA:26,2,_ZN4xlnt4cell5valueEf
FNL:27,245,249
FNA:27,6,_ZN4xlnt4cell5valueEd
FNL:28,251,254
FNA:28,340,_ZN4xlnt4cell5valueERKNSt7__cxx1112basic_stringIcSt11char_traitsIcESaIcEEE
FNL:29,256,261
FNA:29,311,_ZN4xlnt4cell5valueERKNS_9rich_textE
FNL:30,263,266
FNA:30,138,_ZN4xlnt4cell5valueEPKc
FNL:31,268,283
FNA:31,7,_ZN4xlnt4cell5valueES0_
FNL:32,285,289
FNA:32,314,_ZN4xlnt4cell14value_no_checkERKNS_9rich_textE
FNL:33,291,329
FNA:33,5,_ZN4xlnt4cell24copy_from_other_workbookERKS0_
FNL:34,331,336
FNA:34,3,_ZN4xlnt4cell5valueERKNS_4dateE
FNL:35,338,343
FNA:35,5,_ZN4xlnt4cell5valueERKNS_8datetimeE
FNL:36,345,350
FNA:36,2,_ZN4xlnt4cell5valueERKNS_4timeE
FNL:37,352,357
FNA:37,2,_ZN4xlnt4cell5valueERKNS_9timedeltaE
FNL:38,359,362
FNA:38,7,_ZNK4xlnt4cell3rowEv
FNL:39,364,367
FNA:39,39,_ZNK4xlnt4cell6columnEv
FNL:40,369,372
FNA:40,1,_ZNK4xlnt4cell12column_indexEv
FNL:41,374,377
FNA:41,774,_ZN4xlnt4cell6mergedEb
FNL:42,379,382
FNA:42,0,_ZNK4xlnt4cell9is_mergedEv
FNL:43,384,387
FNA:43,1003,_ZNK4xlnt4cell17phonetics_visibleEv
FNL:44,389,392
FNA:44,2,_ZN4xlnt4cell14show_phoneticsEb
FNL:45,394,399
FNA:45,7,_ZNK4xlnt4cell7is_dateEv
FNL:46,401,404
FNA:46,1174,_ZNK4xlnt4cell9referenceEv
FNL:47,406,416
FNA:47,17,_ZNK4xlnt4cell7compareERKS0_b
FNL:48,418,421
FNA:48,17,_ZNK4xlnt4celleqERKS0_
FNL:49,423,426
FNA:49,2,_ZNK4xlnt4cellneERKS0_
FNL:50,428,428
FNA:50,1,_ZN4xlnt4cellaSERKS0_
FNL:51,430,437
FNA:51,113,_ZNK4xlnt4cell9hyperlinkEv
FNL:52,439,479
FNA:52,43,_ZN4xlnt4cell9hyperlinkERKNSt7__cxx1112basic_stringIcSt11char_traitsIcESaIcEEES8_
FNL:53,454,454
FNA:53,63,_ZZN4xlnt4cell9hyperlinkERKNSt7__cxx1112basic_stringIcSt11char_traitsIcESaIcEEES8_ENKUlRKNS_12relationshipEE_clESB_
FNL:54,481,499
FNA:54,4,_ZN4xlnt4cell9hyperlinkES0_RKNSt7__cxx1112basic_stringIcSt11char_traitsIcESaIcEEE
FNL:55,501,520
FNA:55,3,_ZN4xlnt4cell9hyperlinkENS_5rangeERKNSt7__cxx1112basic_stringIcSt11char_traitsIcESaIcEEE
FNL:56,522,539
FNA:56,21,_ZN4xlnt4cell7formulaERKNSt7__cxx1112basic_stringIcSt11char_traitsIcESaIcEEE
FNL:57,541,544
FNA:57,2248,_ZNK4xlnt4cell11has_formulaEv
FNL:58,546,553
FNA:58,22,_ZNK4xlnt4cell7formulaB5cxx11Ev
FNL:59,555,562
FNA:59,795,_ZN4xlnt4cell13clear_formulaEv
FNL:60,564,571
FNA:60,21,_ZNK4xlnt4cell5errorB5cxx11Ev
FNL:61,573,582
FNA:61,17,_ZN4xlnt4cell5errorERKNSt7__cxx1112basic_stringIcSt11char_traitsIcESaIcEEE
FNL:62,584,587
FNA:62,1,_ZN4xlnt4cell6offsetEii
FNL:63,589,592
FNA:63,620,_ZN4xlnt4cell9worksheetEv
FNL:64,594,597
FNA:64,280,_ZNK4xlnt4cell9worksheetEv
FNL:65,599,602
FNA:65,494,_ZN4xlnt4cell8workbookEv
FNL:66,604,607
FNA:66,223,_ZNK4xlnt4cell8workbookEv
FNL:67,609,626
FNA:67,35,_ZNK4xlnt4cell6anchorEv
FNL:68,628,631
FNA:68,3076,_ZNK4xlnt4cell9data_typeEv
FNL:69,633,636
FNA:69,159,_ZN4xlnt4cell9data_typeENS_9cell_typeE
FNL:70,638,641
FNA:70,51,_ZNK4xlnt4cell22computed_number_formatEv
FNL:71,643,646
FNA:71,0,_ZNK4xlnt4cell13computed_fontEv
FNL:72,648,651
FNA:72,0,_ZNK4xlnt4cell13computed_fillEv
FNL:73,65,72
FNA:73,11,_ZN12_GLOBAL__N_112cast_numericERKNSt7__cxx1112basic_stringIcSt11char_traitsIcESaIcEEE
FNL:74,653,656
FNA:74,0,_ZNK4xlnt4cell15computed_borderEv
FNL:75,658,661
FNA:75,0,_ZNK4xlnt4cell18computed_alignmentEv
FNL:76,663,666
FNA:76,0,_ZNK4xlnt4cell19computed_protectionEv
FNL:77,668,674
FNA:77,767,_ZN4xlnt4cell11clear_valueEv
FNL:78,677,680
FNA:78,7,_ZNK4xlnt4cell5valueIbEET_v
FNL:79,683,686
FNA:79,24,_ZNK4xlnt4cell5valueIiEET_v
FNL:80,689,692
FNA:80,1,_ZNK4xlnt4cell5valueIxEET_v
FNL:81,695,698
FNA:81,1,_ZNK4xlnt4cell5valueIjEET_v
FNL:82,701,704
FNA:82,1,_ZNK4xlnt4cell5valueIyEET_v
FNL:83,707,710
FNA:83,1,_ZNK4xlnt4cell5valueIfEET_v
FNL:84,713,716
FNA:84,67,_ZNK4xlnt4cell5valueIdEET_v
FNL:85,719,722
FNA:85,3,_ZNK4xlnt4cell5valueINS_4timeEEET_v
FNL:86,725,728
FNA:86,0,_ZNK4xlnt4cell5valueINS_8datetimeEEET_v
FNL:87,731,734
FNA:87,0,_ZNK4xlnt4cell5valueINS_4dateEEET_v
FNL:88,737,740
FNA:88,0,_ZNK4xlnt4cell5valueINS_9timedeltaEEET_v
FNL:89,74,87
FNA:89,14,_ZN12_GLOBAL__N_115cast_percentageERKNSt7__cxx1112basic_stringIcSt11char_traitsIcESaIcEEE
FNL:90,742,746
FNA:90,1,_ZN4xlnt4cell9alignmentERKNS_9alignmentE
FNL:91,748,752
FNA:91,1,_ZN4xlnt4cell6borderERKNS_6borderE
FNL:92,754,758
FNA:92,13,_ZN4xlnt4cell4fillERKNS_4fillE
FNL:93,760,764
FNA:93,26,_ZN4xlnt4cell4fontERKNS_4fontE
FNL:94,766,770
FNA:94,21,_ZN4xlnt4cell13number_formatERKNS_13number_formatE
FNL:95,772,776
FNA:95,1,_ZN4xlnt4cell10protectionERKNS_10protectionE
FNL:96,779,782
FNA:96,233,_ZNK4xlnt4cell5valueINSt7__cxx1112basic_stringIcSt11char_traitsIcESaIcEEEEET_v
FNL:97,785,793
FNA:97,239,_ZNK4xlnt4cell5valueINS_9rich_textEEET_v
FNL:98,795,798
FNA:98,123,_ZNK4xlnt4cell9has_valueEv
FNL:99,800,821
FNA:99,51,_ZNK4xlnt4cell9to_stringB5cxx11Ev
FNL:100,823,826
FNA:100,1164,_ZNK4xlnt4cell10has_formatEv
FNL:101,828,839
FNA:101,115,_ZN4xlnt4cell6formatENS_6formatE
FNL:102,841,847
FNA:102,2,_ZN4xlnt4cell31copy_format_from_other_workbookERKNS_6formatE
FNL:103,849,852
FNA:103,13,_ZNK4xlnt4cell9base_dateEv
FNL:104,854,857
FNA:104,4,_ZN4xlnteqEDnRKNS_4cellE
FNL:105,859,862
FNA:105,2,_ZN4xlnteqERKNS_4cellEDn
FNL:106,864,867
FNA:106,0,_ZN4xlntneEDnRKNS_4cellE
FNL:107,869,872
FNA:107,0,_ZN4xlntneERKNS_4cellEDn
FNL:108,874,877
FNA:108,6,_ZN4xlntlsERSoRKNS_4cellE
FNL:109,879,929
FNA:109,23,_ZN4xlnt4cell5valueERKNSt7__cxx1112basic_stringIcSt11char_traitsIcESaIcEEEb
FNL:110,89,149
FNA:110,13,_ZN12_GLOBAL__N_19cast_timeERKNSt7__cxx1112basic_stringIcSt11char_traitsIcESaIcEEE
FNL:111,931,935
FNA:111,3,_ZN4xlnt4cell12clear_formatEv
FNL:112,937,943
FNA:112,3,_ZN4xlnt4cell11clear_styleEv
FNL:113,945,957
FNA:113,10,_ZN4xlnt4cell5styleERKNS_5styleE
FNL:114,959,962
FNA:114,2,_ZN4xlnt4cell5styleERKNSt7__cxx1112basic_stringIcSt11char_traitsIcESaIcEEE
FNL:115,964,974
FNA:115,9,_ZN4xlnt4cell5styleEv
FNL:116,976,984
FNA:116,0,_ZNK4xlnt4cell5styleEv
FNL:117,986,989
FNA:117,6,_ZNK4xlnt4cell9has_styleEv
FNL:118,991,999
FNA:118,12,_ZN4xlnt4cell17modifiable_formatEv
FNF:119
FNH:105
BRDA:68,0,0,11
BRDA:70,0,0,2
BRDA:70,0,1,9
BRDA:76,0,0,1
BRDA:76,0,1,13
BRDA:78,0,0,1
BRDA:78,0,2,1
BRDA:80,0,0,1
BRDA:80,0,1,0
BRDA:91,0,0,13
BRDA:97,0,0,5
BRDA:97,0,1,13
BRDA:99,0,0,5
BRDA:99,0,2,5
BRDA:104,0,0,13
BRDA:104,0,2,13
BRDA:106,0,0,4
BRDA:106,0,1,9
BRDA:106,0,2,0
BRDA:106,0,3,4
BRDA:106,0,4,9
BRDA:106,0,5,4
BRDA:113,0,0,9
BRDA:113,0,1,3
BRDA:115,0,0,8
BRDA:115,0,1,1
BRDA:115,0,2,8
BRDA:115,0,4,0
BRDA:115,0,5,8
BRDA:115,0,6,8
BRDA:115,0,7,1
BRDA:115,0,8,1
BRDA:115,0,9,8
BRDA:115,0,10,0
BRDA:115,0,11,0
BRDA:120,0,0,26
BRDA:120,0,1,8
BRDA:122,0,0,25
BRDA:122,0,1,1
BRDA:122,0,2,0
BRDA:122,0,3,25
BRDA:122,0,4,0
BRDA:122,0,5,1
BRDA:127,0,0,8
BRDA:129,0,0,8
BRDA:135,0,0,1
BRDA:135,0,1,2
BRDA:142,0,0,1
BRDA:142,0,1,1
BRDA:164,0,0,1
BRDA:164,0,1,0
BRDA:164,0,2,1
BRDA:164,0,3,0
BRDA:164,0,4,1
BRDA:164,0,6,7
BRDA:164,0,7,1
BRDA:164,0,8,0
BRDA:164,0,9,0
BRDA:164,0,10,0
BRDA:164,0,11,0
BRDA:167,0,0,1
BRDA:167,0,2,1
BRDA:167,0,4,1
BRDA:167,0,6,1
BRDA:167,0,8,1
BRDA:167,0,10,1
BRDA:167,0,12,1
BRDA:167,0,14,0
BRDA:167,0,15,0
BRDA:167,0,16,0
BRDA:167,0,17,0
BRDA:174,0,0,2
BRDA:174,0,1,649
BRDA:178,0,0,1
BRDA:178,0,1,648
BRDA:180,0,0,1
BRDA:183,0,0,68109
BRDA:183,0,1,620
BRDA:185,0,0,68109
BRDA:185,0,1,0
BRDA:185,0,2,68100
BRDA:185,0,3,9
BRDA:185,0,4,68099
BRDA:185,0,5,1
BRDA:185,0,6,68098
BRDA:185,0,7,1
BRDA:185,0,8,68092
BRDA:185,0,9,6
BRDA:185,0,10,18
BRDA:185,0,11,68074
BRDA:187,0,0,29
BRDA:212,0,0,6
BRDA:212,0,1,4
BRDA:253,0,0,311
BRDA:253,0,2,311
BRDA:253,0,4,311
BRDA:258,0,0,311
BRDA:258,0,2,311
BRDA:265,0,0,138
BRDA:265,0,2,138
BRDA:270,0,0,7
BRDA:270,0,2,7
BRDA:270,0,4,7
BRDA:270,0,6,7
BRDA:270,0,8,7
BRDA:270,0,10,5
BRDA:270,0,11,2
BRDA:288,0,0,314
BRDA:288,0,2,314
BRDA:296,0,0,3
BRDA:296,0,1,2
BRDA:298,0,0,3
BRDA:298,0,2,3
BRDA:311,0,0,1
BRDA:311,0,1,4
BRDA:313,0,0,1
BRDA:315,0,0,1
BRDA:315,0,2,1
BRDA:315,0,3,0
BRDA:317,0,0,1
BRDA:317,0,2,1
BRDA:317,0,4,1
BRDA:321,0,0,1
BRDA:321,0,1,4
BRDA:323,0,0,1
BRDA:323,0,2,1
BRDA:335,0,0,3
BRDA:335,0,2,3
BRDA:342,0,0,5
BRDA:342,0,2,5
BRDA:349,0,0,2
BRDA:349,0,2,2
BRDA:356,0,0,2
BRDA:356,0,2,2
BRDA:356,0,4,2
BRDA:397,0,0,4
BRDA:397,0,1,0
BRDA:398,0,0,4
BRDA:398,0,1,3
BRDA:398,0,2,4
BRDA:398,0,4,4
BRDA:398,0,6,3
BRDA:398,0,7,1
BRDA:398,0,8,4
BRDA:398,0,9,3
BRDA:398,0,10,0
BRDA:398,0,11,0
BRDA:403,0,0,1174
BRDA:408,0,0,17
BRDA:408,0,1,0
BRDA:432,0,0,1
BRDA:432,0,1,112
BRDA:434,0,0,1
BRDA:434,0,2,1
BRDA:434,0,4,1
BRDA:434,0,6,1
BRDA:434,0,8,1
BRDA:436,0,0,112
BRDA:436,0,2,112
BRDA:441,0,0,1
BRDA:441,0,1,42
BRDA:443,0,0,1
BRDA:443,0,2,1
BRDA:443,0,4,1
BRDA:443,0,6,1
BRDA:443,0,8,1
BRDA:446,0,0,42
BRDA:447,0,0,42
BRDA:447,0,2,42
BRDA:449,0,0,42
BRDA:452,0,0,42
BRDA:452,0,2,42
BRDA:453,0,0,42
BRDA:455,0,0,32
BRDA:455,0,1,10
BRDA:457,0,0,32
BRDA:457,0,2,32
BRDA:462,0,0,10
BRDA:462,0,2,10
BRDA:462,0,4,10
BRDA:464,0,0,10
BRDA:465,0,0,10
BRDA:467,0,0,10
BRDA:467,0,2,10
BRDA:467,0,4,10
BRDA:470,0,0,35
BRDA:470,0,1,7
BRDA:472,0,0,35
BRDA:472,0,2,35
BRDA:476,0,0,7
BRDA:476,0,2,4
BRDA:476,0,3,3
BRDA:476,0,4,7
BRDA:477,0,0,7
BRDA:477,0,2,7
BRDA:477,0,4,7
BRDA:484,0,0,4
BRDA:484,0,2,4
BRDA:484,0,4,4
BRDA:484,0,6,4
BRDA:484,0,8,4
BRDA:484,0,10,4
BRDA:486,0,0,4
BRDA:487,0,0,4
BRDA:488,0,0,4
BRDA:488,0,2,4
BRDA:488,0,4,4
BRDA:488,0,6,4
BRDA:488,0,8,4
BRDA:490,0,0,1
BRDA:490,0,1,3
BRDA:492,0,0,1
BRDA:492,0,2,1
BRDA:496,0,0,3
BRDA:496,0,2,2
BRDA:496,0,3,1
BRDA:496,0,4,3
BRDA:497,0,0,3
BRDA:497,0,2,3
BRDA:497,0,4,3
BRDA:504,0,0,3
BRDA:504,0,2,3
BRDA:504,0,4,3
BRDA:504,0,6,3
BRDA:504,0,8,3
BRDA:504,0,10,3
BRDA:506,0,0,3
BRDA:507,0,0,3
BRDA:508,0,0,3
BRDA:508,0,2,3
BRDA:508,0,4,3
BRDA:508,0,6,3
BRDA:508,0,8,3
BRDA:511,0,0,1
BRDA:511,0,1,2
BRDA:513,0,0,1
BRDA:513,0,2,1
BRDA:517,0,0,2
BRDA:517,0,2,1
BRDA:517,0,3,1
BRDA:517,0,4,2
BRDA:518,0,0,2
BRDA:518,0,2,2
BRDA:518,0,4,2
BRDA:524,0,0,1
BRDA:524,0,1,20
BRDA:529,0,0,8
BRDA:529,0,1,12
BRDA:531,0,0,8
BRDA:538,0,0,20
BRDA:538,0,2,20
BRDA:548,0,0,3
BRDA:548,0,1,19
BRDA:550,0,0,3
BRDA:550,0,2,3
BRDA:550,0,4,3
BRDA:550,0,6,3
BRDA:550,0,8,3
BRDA:557,0,0,18
BRDA:557,0,1,777
BRDA:560,0,0,18
BRDA:560,0,2,18
BRDA:566,0,0,7
BRDA:566,0,1,14
BRDA:568,0,0,7
BRDA:568,0,2,7
BRDA:575,0,0,16
BRDA:575,0,1,1
BRDA:575,0,2,1
BRDA:575,0,3,15
BRDA:575,0,4,2
BRDA:575,0,5,15
BRDA:577,0,0,2
BRDA:586,0,0,1
BRDA:586,0,2,1
BRDA:586,0,4,1
BRDA:586,0,6,1
BRDA:601,0,0,494
BRDA:601,0,2,494
BRDA:606,0,0,223
BRDA:606,0,2,223
BRDA:613,0,0,35
BRDA:613,0,2,35
BRDA:613,0,4,35
BRDA:613,0,6,35
BRDA:613,0,8,0
BRDA:613,0,9,35
BRDA:615,0,0,-
BRDA:615,0,2,-
BRDA:615,0,4,-
BRDA:620,0,0,16
BRDA:620,0,1,35
BRDA:622,0,0,16
BRDA:622,0,2,16
BRDA:665,0,0,-
BRDA:744,0,0,0
BRDA:744,0,1,1
BRDA:744,0,2,0
BRDA:744,0,4,1
BRDA:744,0,6,1
BRDA:744,0,8,1
BRDA:744,0,9,0
BRDA:744,0,10,0
BRDA:744,0,11,0
BRDA:745,0,0,1
BRDA:745,0,2,1
BRDA:745,0,4,1
BRDA:750,0,0,0
BRDA:750,0,1,1
BRDA:750,0,2,0
BRDA:750,0,4,1
BRDA:750,0,6,1
BRDA:750,0,8,1
BRDA:750,0,9,0
BRDA:750,0,10,0
BRDA:750,0,11,0
BRDA:751,0,0,1
BRDA:751,0,2,1
BRDA:751,0,4,1
BRDA:756,0,0,4
BRDA:756,0,1,9
BRDA:756,0,2,4
BRDA:756,0,4,9
BRDA:756,0,6,9
BRDA:756,0,8,9
BRDA:756,0,9,4
BRDA:756,0,10,0
BRDA:756,0,11,0
BRDA:757,0,0,13
BRDA:757,0,2,13
BRDA:757,0,4,13
BRDA:762,0,0,1
BRDA:762,0,1,25
BRDA:762,0,2,1
BRDA:762,0,4,25
BRDA:762,0,6,25
BRDA:762,0,8,25
BRDA:762,0,9,1
BRDA:762,0,10,0
BRDA:762,0,11,0
BRDA:763,0,0,26
BRDA:763,0,2,26
BRDA:763,0,4,26
BRDA:768,0,0,4
BRDA:768,0,1,17
BRDA:768,0,2,4
BRDA:768,0,4,17
BRDA:768,0,6,17
BRDA:768,0,8,17
BRDA:768,0,9,4
BRDA:768,0,10,0
BRDA:768,0,11,0
BRDA:769,0,0,21
BRDA:769,0,2,21
BRDA:769,0,4,21
BRDA:774,0,0,0
BRDA:774,0,1,1
BRDA:774,0,2,0
BRDA:774,0,4,1
BRDA:774,0,6,1
BRDA:774,0,8,1
BRDA:774,0,9,0
BRDA:774,0,10,0
BRDA:774,0,11,0
BRDA:775,0,0,1
BRDA:775,0,2,1
BRDA:775,0,4,1
BRDA:781,0,0,233
BRDA:781,0,2,233
BRDA:787,0,0,210
BRDA:787,0,1,29
BRDA:789,0,0,210
BRDA:789,0,2,210
BRDA:789,0,4,210
BRDA:802,0,0,51
BRDA:804,0,0,2
BRDA:804,0,1,5
BRDA:804,0,2,40
BRDA:804,0,3,4
BRDA:804,0,4,0
BRDA:807,0,0,2
BRDA:810,0,0,5
BRDA:810,0,2,5
BRDA:815,0,0,40
BRDA:815,0,2,40
BRDA:817,0,0,2
BRDA:817,0,1,2
BRDA:817,0,2,4
BRDA:820,0,0,-
BRDA:831,0,0,115
BRDA:831,0,2,115
BRDA:831,0,4,2
BRDA:831,0,5,113
BRDA:843,0,0,2
BRDA:843,0,2,2
BRDA:846,0,0,2
BRDA:851,0,0,13
BRDA:851,0,2,13
BRDA:876,0,0,6
BRDA:876,0,2,6
BRDA:881,0,0,23
BRDA:883,0,0,23
BRDA:883,0,1,0
BRDA:883,0,2,0
BRDA:883,0,3,23
BRDA:883,0,4,0
BRDA:883,0,5,23
BRDA:888,0,0,3
BRDA:888,0,1,20
BRDA:888,0,2,2
BRDA:888,0,3,1
BRDA:888,0,4,2
BRDA:888,0,5,21
BRDA:890,0,0,2
BRDA:894,0,0,7
BRDA:894,0,1,14
BRDA:894,0,2,7
BRDA:894,0,3,0
BRDA:894,0,4,7
BRDA:894,0,5,14
BRDA:896,0,0,7
BRDA:900,0,0,14
BRDA:902,0,0,1
BRDA:902,0,1,13
BRDA:906,0,0,1
BRDA:906,0,2,1
BRDA:910,0,0,13
BRDA:912,0,0,3
BRDA:912,0,1,10
BRDA:915,0,0,3
BRDA:915,0,2,3
BRDA:916,0,0,3
BRDA:920,0,0,10
BRDA:922,0,0,8
BRDA:922,0,1,2
BRDA:933,0,0,2
BRDA:933,0,1,1
BRDA:939,0,0,3
BRDA:939,0,1,0
BRDA:941,0,0,3
BRDA:941,0,2,3
BRDA:947,0,0,3
BRDA:947,0,1,7
BRDA:947,0,2,3
BRDA:947,0,4,7
BRDA:947,0,6,7
BRDA:947,0,8,7
BRDA:947,0,9,3
BRDA:947,0,10,0
BRDA:947,0,11,0
BRDA:949,0,0,10
BRDA:949,0,2,10
BRDA:950,0,0,10
BRDA:950,0,2,10
BRDA:951,0,0,10
BRDA:951,0,2,10
BRDA:952,0,0,10
BRDA:952,0,2,10
BRDA:953,0,0,10
BRDA:953,0,2,10
BRDA:954,0,0,10
BRDA:954,0,2,10
BRDA:956,0,0,10
BRDA:956,0,2,10
BRDA:956,0,4,10
BRDA:961,0,0,2
BRDA:961,0,2,1
BRDA:961,0,4,1
BRDA:966,0,0,8
BRDA:966,0,1,1
BRDA:966,0,2,8
BRDA:966,0,4,8
BRDA:966,0,6,1
BRDA:966,0,7,7
BRDA:966,0,8,8
BRDA:966,0,9,1
BRDA:966,0,10,2
BRDA:966,0,11,7
BRDA:966,0,12,0
BRDA:966,0,13,0
BRDA:968,0,0,2
BRDA:968,0,2,2
BRDA:968,0,4,2
BRDA:968,0,6,2
BRDA:968,0,8,2
BRDA:971,0,0,7
BRDA:973,0,0,7
BRDA:978,0,0,-
BRDA:978,0,1,-
BRDA:978,0,2,-
BRDA:978,0,4,-
BRDA:978,0,6,-
BRDA:978,0,7,-
BRDA:978,0,8,-
BRDA:978,0,9,-
BRDA:978,0,10,-
BRDA:978,0,11,-
BRDA:978,0,12,-
BRDA:978,0,13,-
BRDA:980,0,0,-
BRDA:980,0,2,-
BRDA:980,0,4,-
BRDA:980,0,6,-
BRDA:980,0,8,-
BRDA:983,0,0,-
BRDA:983,0,2,-
BRDA:988,0,0,5
BRDA:988,0,1,1
BRDA:988,0,2,5
BRDA:988,0,4,5
BRDA:988,0,6,3
BRDA:988,0,7,2
BRDA:988,0,8,5
BRDA:988,0,9,1
BRDA:988,0,10,0
BRDA:988,0,11,0
BRDA:993,0,0,0
BRDA:993,0,1,12
BRDA:995,0,0,-
BRDA:995,0,2,-
BRDA:995,0,4,-
BRDA:995,0,6,-
BRDA:995,0,8,-
BRDA:998,0,0,12
BRDA:998,0,2,12
BRDA:1003,0,0,2
BRDA:1003,0,1,417
BRDA:1005,0,0,2
BRDA:1005,0,2,2
BRDA:1005,0,4,2
BRDA:1005,0,6,2
BRDA:1005,0,8,2
BRDA:1008,0,0,417
BRDA:1008,0,2,417
BRDA:1013,0,0,2
BRDA:1013,0,1,1
BRDA:1015,0,0,2
BRDA:1015,0,2,2
BRDA:1023,0,0,2
BRDA:1023,0,1,1
BRDA:1025,0,0,2
BRDA:1025,0,2,2
BRDA:1033,0,0,4
BRDA:1033,0,1,1
BRDA:1035,0,0,4
BRDA:1035,0,2,4
BRDA:1043,0,0,13
BRDA:1043,0,1,1
BRDA:1045,0,0,13
BRDA:1045,0,2,13
BRDA:1053,0,0,19
BRDA:1053,0,1,1
BRDA:1055,0,0,19
BRDA:1055,0,2,19
BRDA:1063,0,0,2
BRDA:1063,0,1,1
BRDA:1065,0,0,2
BRDA:1065,0,2,2
BRDA:1068,0,0,1
BRDA:1085,0,0,1
BRDA:1085,0,1,1
BRDA:1087,0,0,1
BRDA:1087,0,2,1
BRDA:1087,0,4,1
BRDA:1094,0,0,2
BRDA:1094,0,1,54
BRDA:1096,0,0,2
BRDA:1096,0,2,2
BRDA:1096,0,4,2
BRDA:1096,0,6,2
BRDA:1096,0,8,2
BRDA:1104,0,0,-
BRDA:1104,0,2,-
BRDA:1109,0,0,4
BRDA:1109,0,2,4
BRDA:1109,0,4,4
BRDA:1114,0,0,0
BRDA:1114,0,1,34
BRDA:1116,0,0,-
BRDA:1116,0,2,-
BRDA:1120,0,0,34
BRDA:1120,0,2,34
BRDA:1120,0,4,34
BRDA:1120,0,6,34
BRDA:1121,0,0,34
BRDA:1121,0,2,34
BRDA:1121,0,4,34
BRDA:1125,0,0,34
BRDA:1126,0,0,34
BRDA:1129,0,0,34
BRDA:1129,0,2,34
BRDA:1131,0,0,34
BRDA:1131,0,2,34
BRDA:1136,0,0,34
BRDA:1136,0,2,34
BRDA:1141,0,0,-
BRDA:1141,0,2,-
BRF:597
BRH:503
DA:65,11
DA:67,11
DA:68,11
DA:69,11
DA:70,11
DA:71,11
DA:74,14
DA:76,14
DA:78,1
DA:80,1
DA:82,1
DA:86,13
DA:89,13
DA:91,13
DA:93,13
DA:94,13
DA:95,13
DA:97,18
DA:99,5
DA:100,5
DA:101,5
DA:104,13
DA:106,13
DA:108,9
DA:111,4
DA:113,12
DA:115,9
DA:117,1
DA:120,34
DA:122,26
DA:124,0
DA:127,8
DA:129,8
DA:132,3
DA:133,3
DA:135,3
DA:137,1
DA:138,1
DA:139,1
DA:140,1
DA:142,2
DA:144,1
DA:145,1
DA:148,3
DA:149,13
DA:155,1
DA:158,0
DA:159,0
DA:160,0
DA:161,0
DA:162,0
DA:163,0
DA:164,10
DA:166,1
DA:167,1
DA:169,651
DA:172,651
DA:174,651
DA:176,2
DA:178,649
DA:180,1
DA:183,68729
DA:185,68109
DA:187,29
DA:191,620
DA:192,29
DA:194,3375
DA:195,3375
DA:197,3375
DA:199,996
DA:201,996
DA:204,1
DA:206,1
DA:207,1
DA:209,10
DA:211,10
DA:212,10
DA:213,10
DA:215,14
DA:217,14
DA:218,14
DA:219,14
DA:221,2
DA:223,2
DA:224,2
DA:225,2
DA:227,2
DA:229,2
DA:230,2
DA:231,2
DA:233,2
DA:235,2
DA:236,2
DA:237,2
DA:239,2
DA:241,2
DA:242,2
DA:243,2
DA:245,6
DA:247,6
DA:248,6
DA:249,6
DA:251,340
DA:253,340
DA:254,311
DA:256,311
DA:258,311
DA:260,311
DA:261,311
DA:263,138
DA:265,138
DA:266,138
DA:268,7
DA:270,7
DA:272,5
DA:273,5
DA:277,2
DA:278,2
DA:279,2
DA:280,2
DA:281,2
DA:282,2
DA:285,314
DA:287,314
DA:288,314
DA:289,314
DA:291,5
DA:293,5
DA:296,5
DA:298,3
DA:302,2
DA:305,5
DA:306,5
DA:311,5
DA:313,1
DA:315,1
DA:317,1
DA:321,5
DA:323,1
DA:327,4
DA:329,5
DA:331,3
DA:333,3
DA:334,3
DA:335,3
DA:336,3
DA:338,5
DA:340,5
DA:341,5
DA:342,5
DA:343,5
DA:345,2
DA:347,2
DA:348,2
DA:349,2
DA:350,2
DA:352,2
DA:354,2
DA:355,2
DA:356,2
DA:357,2
DA:359,7
DA:361,7
DA:364,39
DA:366,39
DA:369,1
DA:371,1
DA:374,774
DA:376,774
DA:377,774
DA:379,0
DA:381,0
DA:384,1003
DA:386,1003
DA:389,2
DA:391,2
DA:392,2
DA:394,7
DA:396,7
DA:397,4
DA:398,11
DA:401,1174
DA:403,1174
DA:406,17
DA:408,17
DA:410,17
DA:414,0
DA:418,17
DA:420,17
DA:423,2
DA:425,2
DA:428,1
DA:430,113
DA:432,113
DA:434,1
DA:436,112
DA:439,43
DA:441,43
DA:443,1
DA:446,42
DA:447,42
DA:449,42
DA:452,42
DA:453,42
DA:454,63
DA:455,42
DA:457,32
DA:462,20
DA:464,20
DA:465,10
DA:467,10
DA:468,10
DA:470,42
DA:472,35
DA:476,7
DA:477,7
DA:479,42
DA:481,4
DA:484,4
DA:486,4
DA:487,8
DA:488,28
DA:490,4
DA:492,1
DA:496,3
DA:497,3
DA:499,4
DA:501,3
DA:504,3
DA:506,3
DA:507,6
DA:508,21
DA:511,3
DA:513,1
DA:517,2
DA:518,2
DA:520,3
DA:522,21
DA:524,21
DA:526,1
DA:529,20
DA:531,8
DA:535,12
DA:538,20
DA:541,2248
DA:543,2248
DA:546,22
DA:548,22
DA:550,3
DA:552,19
DA:555,795
DA:557,795
DA:559,18
DA:560,18
DA:562,795
DA:564,21
DA:566,21
DA:568,7
DA:570,14
DA:573,17
DA:575,17
DA:577,2
DA:580,15
DA:581,15
DA:582,15
DA:584,1
DA:586,1
DA:589,620
DA:591,620
DA:594,280
DA:596,280
DA:599,494
DA:601,494
DA:604,223
DA:606,223
DA:609,35
DA:611,35
DA:613,35
DA:615,0
DA:618,35
DA:620,51
DA:622,16
DA:625,35
DA:628,3076
DA:630,3076
DA:633,159
DA:635,159
DA:636,159
DA:638,51
DA:640,51
DA:643,0
DA:645,0
DA:648,0
DA:650,0
DA:653,0
DA:655,0
DA:658,0
DA:660,0
DA:663,0
DA:665,0
DA:668,767
DA:670,767
DA:671,767
DA:672,767
DA:673,767
DA:674,767
DA:677,7
DA:679,7
DA:683,24
DA:685,24
DA:689,1
DA:691,1
DA:695,1
DA:697,1
DA:701,1
DA:703,1
DA:707,1
DA:709,1
DA:713,67
DA:715,67
DA:719,3
DA:721,3
DA:725,0
DA:727,0
DA:731,0
DA:733,0
DA:737,0
DA:739,0
DA:742,1
DA:744,1
DA:745,1
DA:746,1
DA:748,1
DA:750,1
DA:751,1
DA:752,1
DA:754,13
DA:756,13
DA:757,13
DA:758,13
DA:760,26
DA:762,26
DA:763,26
DA:764,26
DA:766,21
DA:768,21
DA:769,21
DA:770,21
DA:772,1
DA:774,1
DA:775,1
DA:776,1
DA:779,233
DA:781,233
DA:785,239
DA:787,239
DA:789,210
DA:792,29
DA:795,123
DA:797,123
DA:800,51
DA:802,51
DA:804,51
DA:806,2
DA:807,4
DA:808,5
DA:810,5
DA:811,40
DA:815,40
DA:816,4
DA:817,8
DA:820,0
DA:821,51
DA:823,1164
DA:825,1164
DA:828,115
DA:831,115
DA:833,2
DA:834,2
DA:838,113
DA:841,2
DA:843,2
DA:846,2
DA:847,2
DA:849,13
DA:851,13
DA:854,4
DA:856,4
DA:859,2
DA:861,2
DA:864,0
DA:866,0
DA:869,0
DA:871,0
DA:874,6
DA:876,6
DA:879,23
DA:881,23
DA:883,23
DA:885,9
DA:888,23
DA:890,2
DA:891,2
DA:894,21
DA:896,7
DA:897,7
DA:900,14
DA:902,14
DA:904,1
DA:905,1
DA:906,1
DA:910,13
DA:912,13
DA:914,3
DA:915,3
DA:916,3
DA:920,10
DA:922,10
DA:924,8
DA:925,8
DA:931,3
DA:933,3
DA:934,2
DA:935,3
DA:937,3
DA:939,3
DA:941,3
DA:943,3
DA:945,10
DA:947,10
DA:949,10
DA:950,10
DA:951,10
DA:952,10
DA:953,10
DA:954,10
DA:956,10
DA:957,10
DA:959,2
DA:961,3
DA:962,1
DA:964,9
DA:966,9
DA:968,2
DA:971,7
DA:973,14
DA:974,7
DA:976,0
DA:978,0
DA:980,0
DA:983,0
DA:986,6
DA:988,6
DA:991,12
DA:993,12
DA:995,0
DA:998,12
DA:1001,419
DA:1003,419
DA:1005,2
DA:1008,417
DA:1011,3
DA:1013,3
DA:1015,2
DA:1018,1
DA:1021,3
DA:1023,3
DA:1025,2
DA:1028,1
DA:1031,5
DA:1033,5
DA:1035,4
DA:1038,1
DA:1041,14
DA:1043,14
DA:1045,13
DA:1048,1
DA:1051,20
DA:1053,20
DA:1055,19
DA:1058,1
DA:1061,3
DA:1063,3
DA:1065,2
DA:1068,1
DA:1071,1013
DA:1073,1013
DA:1078,1089
DA:1080,1089
DA:1083,2
DA:1085,2
DA:1087,1
DA:1088,1
DA:1090,2
DA:1092,56
DA:1094,56
DA:1096,2
DA:1099,54
DA:1102,0
DA:1104,0
DA:1105,0
DA:1107,4
DA:1109,4
DA:1110,4
DA:1112,34
DA:1114,34
DA:1116,0
DA:1120,34
DA:1121,34
DA:1125,34
DA:1126,34
DA:1127,34
DA:1129,34
DA:1131,34
DA:1132,34
DA:1134,34
DA:1136,34
DA:1139,0
DA:1141,0
LF:519
LH:476
end_of_record
TN:
SF:/root/project/source/cell/cell_reference.cpp
FNL:0,106,109
FNA:0,0,_ZNK4xlnt14cell_reference8to_rangeEv
FNL:1,111,115
FNA:1,12,_ZN4xlnt14cell_reference15split_referenceERKNSt7__cxx1112basic_stringIcSt11char_traitsIcESaIcEEE
FNL:2,117,179
FNA:2,1122,_ZN4xlnt14cell_reference15split_referenceERKNSt7__cxx1112basic_stringIcSt11char_traitsIcESaIcEEERbS9_
FNL:3,181,184
FNA:3,36,_ZNK4xlnt14cell_reference15column_absoluteEv
FNL:4,186,189
FNA:4,46,_ZN4xlnt14cell_reference15column_absoluteEb
FNL:5,191,194
FNA:5,36,_ZNK4xlnt14cell_reference12row_absoluteEv
FNL:6,196,199
FNA:6,46,_ZN4xlnt14cell_reference12row_absoluteEb
FNL:7,201,204
FNA:7,33878,_ZNK4xlnt14cell_reference6columnEv
FNL:8,206,209
FNA:8,1103,_ZN4xlnt14cell_reference6columnERKNSt7__cxx1112basic_stringIcSt11char_traitsIcESaIcEEE
FNL:9,211,214
FNA:9,28052,_ZNK4xlnt14cell_reference12column_indexEv
FNL:10,216,219
FNA:10,7307,_ZN4xlnt14cell_reference12column_indexENS_8column_tE
FNL:11,221,224
FNA:11,30899,_ZNK4xlnt14cell_reference3rowEv
FNL:12,226,229
FNA:12,3280,_ZN4xlnt14cell_reference3rowEj
FNL:13,231,234
FNA:13,37,_ZNK4xlnt14cell_referenceeqERKNSt7__cxx1112basic_stringIcSt11char_traitsIcESaIcEEE
FNL:14,236,239
FNA:14,35,_ZNK4xlnt14cell_referenceeqEPKc
FNL:15,241,244
FNA:15,1,_ZNK4xlnt14cell_referenceneERKS0_
FNL:16,246,249
FNA:16,1,_ZNK4xlnt14cell_referenceneERKNSt7__cxx1112basic_stringIcSt11char_traitsIcESaIcEEE
FNL:17,251,254
FNA:17,1,_ZNK4xlnt14cell_referenceneEPKc
FNL:18,256,263
FNA:18,51,_ZNK4xlnt14cell_reference11make_offsetEii
FNL:19,265,271
FNA:19,9511,_ZNK4xlnt14cell_referenceeqERKS0_
FNL:20,37,40
FNA:20,4,_ZNK4xlnt19cell_reference_hashclERKNS_14cell_referenceE
FNL:21,42,48
FNA:21,46,_ZN4xlnt14cell_reference13make_absoluteEbb
FNL:22,50,53
FNA:22,494,_ZN4xlnt14cell_referenceC2Ev
FNL:23,55,61
FNA:23,1110,_ZN4xlnt14cell_referenceC2ERKNSt7__cxx1112basic_stringIcSt11char_traitsIcESaIcEEE
FNL:24,63,66
FNA:24,428,_ZN4xlnt14cell_referenceC2EPKc
FNL:25,68,78
FNA:25,13277,_ZN4xlnt14cell_referenceC2ENS_8column_tEj
FNL:26,80,83
FNA:26,1,_ZNK4xlnt14cell_referencecmERKS0_
FNL:27,85,104
FNA:27,1470,_ZNK4xlnt14cell_reference9to_stringB5cxx11Ev
FNF:28
FNH:27
BRDA:51,0,0,494
BRDA:51,0,2,494
BRDA:58,0,0,1103
BRDA:59,0,0,1103
BRDA:64,0,0,428
BRDA:64,0,2,425
BRDA:72,0,0,13276
BRDA:72,0,2,13276
BRDA:72,0,3,0
BRDA:73,0,0,13276
BRDA:73,0,2,13276
BRDA:73,0,3,0
BRDA:74,0,0,13276
BRDA:74,0,1,1
BRDA:74,0,2,13276
BRDA:74,0,4,13276
BRDA:74,0,6,0
BRDA:74,0,7,13276
BRDA:74,0,8,1
BRDA:74,0,9,13276
BRDA:76,0,0,1
BRDA:89,0,0,8
BRDA:89,0,1,1462
BRDA:91,0,0,8
BRDA:94,0,0,1470
BRDA:94,0,2,1470
BRDA:96,0,0,8
BRDA:96,0,1,1462
BRDA:98,0,0,8
BRDA:101,0,0,1470
BRDA:114,0,0,4
BRDA:125,0,0,1119
BRDA:125,0,1,3
BRDA:125,0,2,10
BRDA:125,0,3,1109
BRDA:125,0,4,10
BRDA:125,0,5,1112
BRDA:136,0,0,2270
BRDA:136,0,1,6
BRDA:136,0,2,1154
BRDA:136,0,3,1116
BRDA:136,0,4,1154
BRDA:136,0,5,1122
BRDA:138,0,0,1154
BRDA:142,0,0,5
BRDA:142,0,1,1117
BRDA:144,0,0,5
BRDA:148,0,0,1115
BRDA:148,0,1,2
BRDA:148,0,2,9
BRDA:148,0,3,1106
BRDA:148,0,4,9
BRDA:148,0,5,1108
BRDA:159,0,0,1339
BRDA:159,0,1,1109
BRDA:159,0,2,1331
BRDA:159,0,3,8
BRDA:159,0,4,1331
BRDA:159,0,5,1117
BRDA:161,0,0,1331
BRDA:166,0,0,1109
BRDA:166,0,1,8
BRDA:166,0,2,2
BRDA:166,0,3,1107
BRDA:166,0,4,10
BRDA:166,0,5,1107
BRDA:168,0,0,10
BRDA:173,0,0,1107
BRDA:173,0,2,0
BRDA:173,0,3,1107
BRDA:175,0,0,-
BRDA:178,0,0,1107
BRDA:208,0,0,1103
BRDA:233,0,0,37
BRDA:233,0,2,37
BRDA:238,0,0,35
BRDA:238,0,2,35
BRDA:248,0,0,1
BRDA:248,0,2,1
BRDA:253,0,0,1
BRDA:253,0,2,1
BRDA:262,0,0,51
BRDA:262,0,2,51
BRDA:268,0,0,7784
BRDA:268,0,1,285
BRDA:269,0,0,7784
BRDA:269,0,1,0
BRDA:270,0,0,8069
BRDA:270,0,1,1442
BRDA:270,0,2,7784
BRDA:270,0,3,0
BRF:91
BRH:84
DA:37,4
DA:39,4
DA:42,46
DA:44,46
DA:45,46
DA:47,46
DA:50,494
DA:51,494
DA:53,494
DA:55,1110
DA:58,1110
DA:59,1103
DA:60,1103
DA:61,1103
DA:63,428
DA:64,431
DA:66,425
DA:68,13277
DA:69,13277
DA:71,26554
DA:72,13276
DA:73,13276
DA:74,26553
DA:76,1
DA:78,13276
DA:80,1
DA:82,1
DA:85,1470
DA:87,1470
DA:89,1470
DA:91,8
DA:94,1470
DA:96,1470
DA:98,8
DA:101,1470
DA:103,1470
DA:104,0
DA:106,0
DA:108,0
DA:111,12
DA:114,16
DA:117,1122
DA:120,1122
DA:121,1122
DA:122,1122
DA:125,1122
DA:127,10
DA:128,10
DA:132,1112
DA:136,2276
DA:138,1154
DA:139,1154
DA:142,1122
DA:144,5
DA:148,1117
DA:150,9
DA:151,9
DA:155,1108
DA:159,2448
DA:161,1331
DA:162,1331
DA:166,1117
DA:168,10
DA:172,1107
DA:173,1107
DA:175,0
DA:178,2214
DA:179,1137
DA:181,36
DA:183,36
DA:186,46
DA:188,46
DA:189,46
DA:191,36
DA:193,36
DA:196,46
DA:198,46
DA:199,46
DA:201,33878
DA:203,33878
DA:206,1103
DA:208,1103
DA:209,1103
[...]
FNL:106,455,465
FNA:106,9,_ZN4xlnt9worksheet11named_rangeERKNSt7__cxx1112basic_stringIcSt11char_traitsIcESaIcEEE
FNL:107,467,477
FNA:107,0,_ZNK4xlnt9worksheet11named_rangeERKNSt7__cxx1112basic_stringIcSt11char_traitsIcESaIcEEE
FNL:108,479,494
FNA:108,59,_ZNK4xlnt9worksheet13lowest_columnEv
FNL:109,496,511
FNA:109,55,_ZNK4xlnt9worksheet22lowest_column_or_propsEv
FNL:110,513,528
FNA:110,82,_ZNK4xlnt9worksheet10lowest_rowEv
FNL:111,530,545
FNA:111,55,_ZNK4xlnt9worksheet19lowest_row_or_propsEv
FNL:112,547,557
FNA:112,88,_ZNK4xlnt9worksheet11highest_rowEv
FNL:113,559,574
FNA:113,55,_ZNK4xlnt9worksheet20highest_row_or_propsEv
FNL:114,57,60
FNA:114,52,_ZN12_GLOBAL__N_116points_to_pixelsEdd
FNL:115,576,586
FNA:115,60,_ZNK4xlnt9worksheet14highest_columnEv
FNL:116,588,603
FNA:116,55,_ZNK4xlnt9worksheet23highest_column_or_propsEv
FNL:117,605,651
FNA:117,173,_ZNK4xlnt9worksheet19calculate_dimensionEbb
FNL:118,653,661
FNA:118,32,_ZN4xlnt9worksheet5rangeERKNSt7__cxx1112basic_stringIcSt11char_traitsIcESaIcEEE
FNL:119,66,69
FNA:119,6,_ZN4xlnt9worksheetC2Ev
FNL:120,663,671
FNA:120,1,_ZNK4xlnt9worksheet5rangeERKNSt7__cxx1112basic_stringIcSt11char_traitsIcESaIcEEE
FNL:121,673,676
FNA:121,49,_ZN4xlnt9worksheet5rangeERKNS_15range_referenceE
FNL:122,678,681
FNA:122,1,_ZNK4xlnt9worksheet5rangeERKNS_15range_referenceE
FNL:123,683,686
FNA:123,9,_ZN4xlnt9worksheet11merge_cellsERKNSt7__cxx1112basic_stringIcSt11char_traitsIcESaIcEEE
FNL:124,688,691
FNA:124,2,_ZN4xlnt9worksheet13unmerge_cellsERKNSt7__cxx1112basic_stringIcSt11char_traitsIcESaIcEEE
FNL:125,693,719
FNA:125,11,_ZN4xlnt9worksheet11merge_cellsERKNS_15range_referenceE
FNL:126,71,74
FNA:126,3620,_ZN4xlnt9worksheetC2EPNS_6detail14worksheet_implE
FNL:127,721,739
FNA:127,3,_ZN4xlnt9worksheet13unmerge_cellsERKNS_15range_referenceE
FNL:128,741,751
FNA:128,0,_ZNK4xlnt9worksheet8next_rowEv
FNL:129,753,756
FNA:129,41,_ZN4xlnt9worksheet4rowsEb
FNL:130,758,761
FNA:130,8,_ZNK4xlnt9worksheet4rowsEb
FNL:131,76,79
FNA:131,4557,_ZN4xlnt9worksheetC2ERKS0_
FNL:132,763,766
FNA:132,16,_ZN4xlnt9worksheet7columnsEb
FNL:133,768,771
FNA:133,2,_ZNK4xlnt9worksheet7columnsEb
FNL:134,789,793
FNA:134,7,_ZN4xlnt9worksheet10clear_cellERKNS_14cell_referenceE
FNL:135,795,810
FNA:135,1,_ZN4xlnt9worksheet9clear_rowEj
FNL:136,81,86
FNA:136,8,_ZNK4xlnt9worksheet16has_frozen_panesEv
FNL:137,812,815
FNA:137,3,_ZN4xlnt9worksheet11insert_rowsEjj
FNL:138,817,820
FNA:138,3,_ZN4xlnt9worksheet14insert_columnsENS_8column_tEj
FNL:139,822,825
FNA:139,7,_ZN4xlnt9worksheet11delete_rowsEjj
FNL:140,827,830
FNA:140,3,_ZN4xlnt9worksheet14delete_columnsENS_8column_tEj
FNL:141,832,982
FNA:141,16,_ZN4xlnt9worksheet10move_cellsEjjNS_12row_or_col_tEb
FNL:142,88,91
FNA:142,6,_ZN4xlnt9worksheet18create_named_rangeERKNSt7__cxx1112basic_stringIcSt11char_traitsIcESaIcEEES8_
FNL:143,93,120
FNA:143,12,_ZN4xlnt9worksheet18create_named_rangeERKNSt7__cxx1112basic_stringIcSt11char_traitsIcESaIcEEERKNS_15range_referenceE
FNL:144,952,966
FNA:144,48,_ZZN4xlnt9worksheet10move_cellsEjjNS_12row_or_col_tEbENKUlRNS_14cell_referenceEE_clES3_
FNL:145,984,987
FNA:145,2106,_ZNK4xlnt9worksheeteqERKS0_
FNL:146,989,999
FNA:146,2108,_ZNK4xlnt9worksheet7compareERKS0_b
FNF:147
FNH:133
BRDA:83,0,0,3
BRDA:83,0,1,5
BRDA:84,0,0,8
BRDA:84,0,1,0
BRDA:84,0,2,0
BRDA:84,0,3,3
BRDA:85,0,0,0
BRDA:85,0,1,0
BRDA:90,0,0,6
BRDA:90,0,2,4
BRDA:97,0,0,4
BRDA:106,0,0,4
BRDA:106,0,2,4
BRDA:106,0,4,4
BRDA:106,0,6,3
BRDA:106,0,7,1
BRDA:106,0,8,3
BRDA:106,0,10,2
BRDA:106,0,11,1
BRDA:106,0,12,2
BRDA:106,0,13,2
BRDA:108,0,0,2
BRDA:108,0,2,2
BRDA:108,0,4,2
BRDA:111,0,0,2
BRDA:111,0,1,8
BRDA:114,0,0,8
BRDA:117,0,0,10
BRDA:119,0,0,10
BRDA:119,0,2,10
BRDA:119,0,4,10
BRDA:144,0,0,1
BRDA:144,0,1,289
BRDA:146,0,0,1
BRDA:146,0,2,1
BRDA:146,0,4,1
BRDA:163,0,0,1
BRDA:173,0,0,-
BRDA:178,0,0,2
BRDA:178,0,1,3
BRDA:180,0,0,2
BRDA:180,0,2,2
BRDA:180,0,4,2
BRDA:202,0,0,72
BRDA:202,0,1,1
BRDA:211,0,0,695
BRDA:216,0,0,358
BRDA:223,0,0,1
BRDA:223,0,1,1
BRDA:225,0,0,1
BRDA:225,0,2,1
BRDA:225,0,4,0
BRDA:225,0,5,1
BRDA:227,0,0,-
BRDA:254,0,0,6
BRDA:254,0,1,30
BRDA:262,0,0,29
BRDA:262,0,1,1
BRDA:262,0,2,28
BRDA:262,0,4,1
BRDA:262,0,5,27
BRDA:262,0,6,2
BRDA:262,0,7,27
BRDA:264,0,0,2
BRDA:267,0,0,2
BRDA:267,0,1,1
BRDA:269,0,0,1
BRDA:273,0,0,7
BRDA:273,0,1,20
BRDA:275,0,0,7
BRDA:279,0,0,20
BRDA:279,0,2,20
BRDA:280,0,0,20
BRDA:280,0,2,20
BRDA:280,0,4,20
BRDA:281,0,0,2
BRDA:281,0,1,18
BRDA:283,0,0,2
BRDA:287,0,0,18
BRDA:287,0,2,18
BRDA:288,0,0,18
BRDA:290,0,0,18
BRDA:290,0,2,18
BRDA:295,0,0,2
BRDA:295,0,1,2
BRDA:297,0,0,2
BRDA:297,0,2,2
BRDA:297,0,4,2
BRDA:305,0,0,2
BRDA:305,0,2,2
BRDA:310,0,0,1
BRDA:310,0,1,6
BRDA:315,0,0,0
BRDA:315,0,1,6
BRDA:317,0,0,-
BRDA:321,0,0,6
BRDA:321,0,1,0
BRDA:323,0,0,6
BRDA:330,0,0,6
BRDA:330,0,2,6
BRDA:330,0,4,1
BRDA:330,0,5,5
BRDA:332,0,0,1
BRDA:332,0,2,1
BRDA:336,0,0,1
BRDA:336,0,1,4
BRDA:338,0,0,1
BRDA:338,0,2,1
BRDA:340,0,0,1
BRDA:340,0,2,1
BRDA:340,0,4,1
BRDA:344,0,0,4
BRDA:344,0,2,4
BRDA:344,0,4,4
BRDA:344,0,6,4
BRDA:345,0,0,4
BRDA:345,0,2,4
BRDA:345,0,4,4
BRDA:345,0,6,4
BRDA:345,0,8,4
BRDA:346,0,0,4
BRDA:346,0,2,4
BRDA:348,0,0,4
BRDA:348,0,2,4
BRDA:348,0,4,4
BRDA:355,0,0,0
BRDA:355,0,1,2
BRDA:365,0,0,0
BRDA:365,0,1,1
BRDA:367,0,0,-
BRDA:372,0,0,1
BRDA:372,0,1,0
BRDA:374,0,0,1
BRDA:374,0,2,1
BRDA:384,0,0,0
BRDA:384,0,1,3
BRDA:386,0,0,1
BRDA:386,0,1,2
BRDA:387,0,0,2
BRDA:387,0,2,2
BRDA:394,0,0,0
BRDA:394,0,1,3
BRDA:396,0,0,-
BRDA:396,0,2,-
BRDA:396,0,4,-
BRDA:401,0,0,1
BRDA:401,0,1,2
BRDA:403,0,0,1
BRDA:403,0,2,1
BRDA:403,0,4,1
BRDA:411,0,0,3027
BRDA:412,0,0,1147
BRDA:412,0,1,1880
BRDA:414,0,0,1147
BRDA:416,0,0,1147
BRDA:416,0,2,1147
BRDA:417,0,0,1147
BRDA:419,0,0,1147
BRDA:421,0,0,3027
BRDA:426,0,0,47
BRDA:427,0,0,8
BRDA:427,0,1,39
BRDA:429,0,0,8
BRDA:429,0,2,8
BRDA:429,0,4,8
BRDA:429,0,6,8
BRDA:431,0,0,39
BRDA:436,0,0,23
BRDA:436,0,2,23
BRDA:441,0,0,1
BRDA:441,0,2,0
BRDA:446,0,0,4167
BRDA:452,0,0,2802
BRDA:457,0,0,9
BRDA:459,0,0,2
BRDA:459,0,1,7
BRDA:461,0,0,2
BRDA:464,0,0,7
BRDA:464,0,2,7
BRDA:469,0,0,-
BRDA:471,0,0,-
BRDA:471,0,1,-
BRDA:473,0,0,-
BRDA:476,0,0,-
BRDA:476,0,2,-
BRDA:481,0,0,20
BRDA:481,0,1,39
BRDA:483,0,0,20
BRDA:486,0,0,39
BRDA:488,0,0,1002
BRDA:488,0,1,39
BRDA:490,0,0,1002
BRDA:490,0,2,1002
BRDA:498,0,0,55
BRDA:500,0,0,19
BRDA:500,0,1,36
BRDA:500,0,2,1
BRDA:500,0,3,18
BRDA:500,0,4,1
BRDA:500,0,5,54
BRDA:505,0,0,1334
BRDA:505,0,1,55
BRDA:507,0,0,1334
BRDA:515,0,0,34
BRDA:515,0,1,48
BRDA:517,0,0,34
BRDA:520,0,0,48
BRDA:522,0,0,1221
BRDA:522,0,1,48
BRDA:524,0,0,1221
BRDA:532,0,0,55
BRDA:534,0,0,19
BRDA:534,0,1,36
BRDA:534,0,2,1
BRDA:534,0,3,18
BRDA:534,0,4,1
BRDA:534,0,5,54
BRDA:539,0,0,1298
BRDA:539,0,1,55
BRDA:549,0,0,88
BRDA:551,0,0,1811
BRDA:551,0,1,88
BRDA:553,0,0,1811
BRDA:561,0,0,55
BRDA:563,0,0,19
BRDA:563,0,1,36
BRDA:563,0,2,1
BRDA:563,0,3,18
BRDA:563,0,4,1
BRDA:563,0,5,54
BRDA:568,0,0,1298
BRDA:568,0,1,55
BRDA:578,0,0,60
BRDA:580,0,0,1003
BRDA:580,0,1,60
BRDA:582,0,0,1003
BRDA:582,0,2,1003
BRDA:590,0,0,55
BRDA:592,0,0,19
BRDA:592,0,1,36
BRDA:592,0,2,1
BRDA:592,0,3,18
BRDA:592,0,4,1
BRDA:592,0,5,54
BRDA:597,0,0,1334
BRDA:597,0,1,55
BRDA:599,0,0,1334
BRDA:611,0,0,32
BRDA:611,0,1,141
BRDA:611,0,2,32
BRDA:611,0,3,0
BRDA:611,0,4,32
BRDA:611,0,5,141
BRDA:614,0,0,32
BRDA:614,0,2,32
BRDA:614,0,4,32
BRDA:614,0,6,32
BRDA:614,0,8,32
BRDA:619,0,0,126
BRDA:619,0,1,15
BRDA:619,0,2,126
BRDA:619,0,4,15
BRDA:620,0,0,141
BRDA:621,0,0,95
BRDA:621,0,1,46
BRDA:623,0,0,2774
BRDA:623,0,1,95
BRDA:625,0,0,2772
BRDA:625,0,1,2
BRDA:631,0,0,0
BRDA:631,0,1,141
BRDA:634,0,0,-
BRDA:634,0,2,-
BRDA:634,0,4,-
BRDA:637,0,0,126
BRDA:637,0,1,15
BRDA:637,0,2,126
BRDA:637,0,4,15
BRDA:638,0,0,141
BRDA:641,0,0,3317
BRDA:641,0,1,141
BRDA:643,0,0,3284
BRDA:643,0,1,33
BRDA:644,0,0,3284
BRDA:647,0,0,3317
BRDA:650,0,0,141
BRDA:655,0,0,3
BRDA:655,0,1,29
BRDA:660,0,0,29
BRDA:660,0,2,29
BRDA:665,0,0,0
BRDA:665,0,1,1
BRDA:670,0,0,1
BRDA:670,0,2,1
BRDA:675,0,0,49
BRDA:680,0,0,1
BRDA:685,0,0,9
BRDA:685,0,2,9
BRDA:690,0,0,2
BRDA:690,0,2,1
BRDA:698,0,0,11
BRDA:698,0,2,11
BRDA:698,0,4,11
BRDA:698,0,6,69
BRDA:698,0,8,69
BRDA:698,0,10,80
BRDA:698,0,12,69
BRDA:698,0,13,11
BRDA:700,0,0,69
BRDA:700,0,2,69
BRDA:700,0,4,758
BRDA:700,0,6,827
BRDA:700,0,8,758
BRDA:700,0,9,69
BRDA:702,0,0,758
BRDA:704,0,0,747
BRDA:704,0,1,11
BRDA:706,0,0,747
BRDA:706,0,2,1
BRDA:706,0,3,746
BRDA:708,0,0,1
BRDA:712,0,0,746
BRDA:716,0,0,758
BRDA:723,0,0,3
BRDA:725,0,0,2
BRDA:725,0,1,1
BRDA:727,0,0,2
BRDA:727,0,2,2
BRDA:727,0,4,2
BRDA:727,0,6,2
BRDA:730,0,0,1
BRDA:732,0,0,1
BRDA:732,0,2,1
BRDA:732,0,4,1
BRDA:732,0,6,4
BRDA:732,0,8,4
BRDA:732,0,10,5
BRDA:732,0,12,4
BRDA:732,0,13,1
BRDA:734,0,0,4
BRDA:734,0,2,4
BRDA:734,0,4,16
BRDA:734,0,6,16
BRDA:734,0,8,20
BRDA:734,0,10,16
BRDA:734,0,11,4
BRDA:736,0,0,16
BRDA:745,0,0,-
BRDA:745,0,1,-
BRDA:745,0,2,-
BRDA:745,0,3,-
BRDA:745,0,4,-
BRDA:745,0,5,-
BRDA:755,0,0,41
BRDA:755,0,2,41
BRDA:760,0,0,8
BRDA:760,0,2,8
BRDA:765,0,0,16
BRDA:765,0,2,16
BRDA:770,0,0,2
BRDA:770,0,2,2
BRDA:797,0,0,148
BRDA:797,0,1,1
BRDA:799,0,0,148
BRDA:799,0,2,4
BRDA:799,0,3,144
BRDA:801,0,0,4
BRDA:834,0,0,10
BRDA:834,0,1,6
BRDA:834,0,2,2
BRDA:834,0,3,8
BRDA:836,0,0,2
BRDA:836,0,2,2
BRDA:839,0,0,6
BRDA:839,0,1,8
BRDA:839,0,2,3
BRDA:839,0,3,3
BRDA:839,0,4,3
BRDA:839,0,6,2
BRDA:839,0,7,1
BRDA:839,0,8,5
BRDA:839,0,9,8
BRDA:839,0,10,3
BRDA:839,0,11,2
BRDA:839,0,12,3
BRDA:839,0,14,3
BRDA:839,0,16,3
BRDA:839,0,18,3
BRDA:839,0,20,1
BRDA:839,0,21,2
BRDA:839,0,22,2
BRDA:839,0,23,12
BRDA:841,0,0,2
BRDA:841,0,2,2
BRDA:847,0,0,95
BRDA:847,0,1,12
BRDA:850,0,0,51
BRDA:850,0,1,44
BRDA:850,0,2,0
BRDA:853,0,0,51
BRDA:856,0,0,44
BRDA:859,0,0,-
BRDA:862,0,0,42
BRDA:862,0,1,53
BRDA:864,0,0,42
BRDA:865,0,0,26
BRDA:865,0,1,16
BRDA:867,0,0,15
BRDA:867,0,1,11
BRDA:869,0,0,16
BRDA:869,0,1,0
BRDA:871,0,0,9
BRDA:871,0,1,7
BRDA:871,0,2,16
BRDA:874,0,0,42
BRDA:875,0,0,42
BRDA:877,0,0,39
BRDA:877,0,1,14
BRDA:877,0,2,21
BRDA:877,0,3,18
BRDA:879,0,0,21
BRDA:887,0,0,42
BRDA:887,0,1,12
BRDA:889,0,0,42
BRDA:889,0,2,42
BRDA:889,0,4,42
BRDA:892,0,0,8
BRDA:892,0,1,4
BRDA:897,0,0,8
BRDA:897,0,1,8
BRDA:900,0,0,3
BRDA:900,0,1,5
BRDA:902,0,0,2
BRDA:902,0,1,1
BRDA:903,0,0,3
BRDA:903,0,2,3
BRDA:904,0,0,3
BRDA:906,0,0,4
BRDA:906,0,1,1
BRDA:906,0,2,3
BRDA:906,0,3,1
BRDA:908,0,0,3
BRDA:916,0,0,3
BRDA:916,0,1,8
BRDA:918,0,0,3
BRDA:921,0,0,4
BRDA:921,0,1,0
BRDA:926,0,0,6
BRDA:926,0,1,4
BRDA:929,0,0,2
BRDA:929,0,1,4
BRDA:931,0,0,1
BRDA:931,0,1,1
BRDA:931,0,2,2
BRDA:932,0,0,2
BRDA:933,0,0,2
BRDA:935,0,0,3
BRDA:935,0,1,1
BRDA:935,0,2,2
BRDA:935,0,3,1
BRDA:937,0,0,2
BRDA:945,0,0,2
BRDA:945,0,1,4
BRDA:947,0,0,2
BRDA:953,0,0,24
BRDA:953,0,1,24
BRDA:954,0,0,28
BRDA:954,0,1,20
BRDA:956,0,0,14
BRDA:956,0,1,14
BRDA:957,0,0,18
BRDA:957,0,1,10
BRDA:961,0,0,10
BRDA:961,0,1,0
BRDA:963,0,0,10
BRDA:963,0,2,10
BRDA:968,0,0,24
BRDA:968,0,1,12
BRDA:970,0,0,24
BRDA:971,0,0,24
BRDA:973,0,0,24
BRDA:974,0,0,24
BRDA:976,0,0,24
BRDA:977,0,0,24
BRDA:977,0,2,16
BRDA:977,0,3,8
BRDA:991,0,0,2106
BRDA:991,0,1,2
BRDA:1028,0,0,73
BRDA:1033,0,0,2
BRDA:1035,0,0,1
BRDA:1035,0,1,1
BRDA:1037,0,0,1
BRDA:1040,0,0,1
BRDA:1050,0,0,2
BRDA:1050,0,1,23
BRDA:1052,0,0,2
BRDA:1052,0,2,2
BRDA:1052,0,4,2
BRDA:1059,0,0,1
BRDA:1065,0,0,1
BRDA:1065,0,1,1
BRDA:1067,0,0,1
BRDA:1067,0,2,1
BRDA:1070,0,0,1
BRDA:1070,0,1,1
BRDA:1072,0,0,1
BRDA:1075,0,0,1
BRDA:1075,0,2,1
BRDA:1075,0,4,1
BRDA:1080,0,0,-
BRDA:1080,0,2,-
BRDA:1085,0,0,8
BRDA:1085,0,2,8
BRDA:1095,0,0,1485
BRDA:1105,0,0,2
BRDA:1107,0,0,1
BRDA:1107,0,1,1
BRDA:1109,0,0,1
BRDA:1122,0,0,16
BRDA:1124,0,0,1
BRDA:1124,0,1,15
BRDA:1126,0,0,1
BRDA:1139,0,0,3
BRDA:1139,0,2,3
BRDA:1144,0,0,4
BRDA:1144,0,2,4
BRDA:1149,0,0,2
BRDA:1149,0,2,2
BRDA:1154,0,0,4
BRDA:1154,0,2,4
BRDA:1189,0,0,53
BRDA:1189,0,1,4
BRDA:1189,0,2,2
BRDA:1189,0,3,51
BRDA:1200,0,0,2
BRDA:1200,0,2,2
BRDA:1205,0,0,1
BRDA:1205,0,1,4
BRDA:1207,0,0,1
BRDA:1207,0,2,1
BRDA:1207,0,4,1
BRDA:1234,0,0,2
BRDA:1234,0,1,76
BRDA:1236,0,0,2
BRDA:1236,0,2,2
BRDA:1236,0,4,2
BRDA:1236,0,6,2
BRDA:1236,0,8,2
BRDA:1236,0,10,2
BRDA:1236,0,12,2
BRDA:1236,0,14,2
BRDA:1236,0,16,2
BRDA:1249,0,0,1
BRDA:1249,0,1,1
BRDA:1251,0,0,1
BRDA:1251,0,2,1
BRDA:1251,0,4,1
BRDA:1251,0,6,1
BRDA:1251,0,8,1
BRDA:1251,0,10,1
BRDA:1251,0,12,1
BRDA:1251,0,14,1
BRDA:1251,0,16,1
BRDA:1254,0,0,1
BRDA:1264,0,0,34
BRDA:1264,0,2,34
BRDA:1269,0,0,20
BRDA:1269,0,2,20
BRDA:1279,0,0,1
BRDA:1279,0,1,5
BRDA:1281,0,0,1
BRDA:1281,0,2,1
BRDA:1281,0,4,1
BRDA:1331,0,0,0
BRDA:1331,0,1,35
BRDA:1345,0,0,14
BRDA:1345,0,1,3
BRDA:1345,0,2,0
BRDA:1345,0,3,14
BRDA:1345,0,4,0
BRDA:1345,0,5,17
BRDA:1357,0,0,18
BRDA:1357,0,2,18
BRDA:1367,0,0,1
BRDA:1367,0,2,1
BRDA:1367,0,4,1
BRDA:1372,0,0,62
BRDA:1373,0,0,62
BRDA:1373,0,2,62
BRDA:1373,0,4,62
BRDA:1373,0,6,62
BRDA:1373,0,8,62
BRDA:1373,0,10,62
BRDA:1378,0,0,64
BRDA:1379,0,0,64
BRDA:1380,0,0,64
BRDA:1380,0,2,64
BRDA:1381,0,0,64
BRDA:1383,0,0,64
BRDA:1383,0,2,64
BRDA:1383,0,4,64
BRDA:1383,0,6,64
BRDA:1383,0,8,64
BRDA:1383,0,10,64
BRDA:1399,0,0,1
BRDA:1399,0,1,0
BRDA:1413,0,0,1
BRDA:1413,0,1,1
BRDA:1413,0,2,1
BRDA:1413,0,3,0
BRDA:1413,0,4,1
BRDA:1413,0,5,1
BRDA:1422,0,0,1
BRDA:1422,0,1,1
BRDA:1422,0,2,1
BRDA:1422,0,3,0
BRDA:1422,0,4,1
BRDA:1422,0,5,1
BRDA:1431,0,0,1
BRDA:1431,0,1,1
BRDA:1431,0,2,1
BRDA:1431,0,3,0
BRDA:1431,0,4,1
BRDA:1431,0,5,1
BRDA:1440,0,0,1
BRDA:1440,0,1,1
BRDA:1440,0,2,1
BRDA:1440,0,3,0
BRDA:1440,0,4,1
BRDA:1440,0,5,1
BRDA:1459,0,0,1
BRDA:1459,0,1,4
BRDA:1469,0,0,1
BRDA:1469,0,1,1
BRDA:1472,0,0,1
BRF:636
BRH:583
DA:57,52
DA:59,52
DA:66,6
DA:67,6
DA:69,6
DA:71,3620
DA:72,3620
DA:74,3620
DA:76,4557
DA:77,4557
DA:79,4557
DA:81,8
DA:83,16
DA:84,16
DA:85,8
DA:88,6
DA:90,6
DA:91,4
DA:93,12
DA:97,12
DA:106,4
DA:108,2
DA:110,4
DA:111,10
DA:114,8
DA:116,10
DA:117,10
DA:119,10
DA:120,10
DA:122,108
DA:124,108
DA:127,63
DA:129,63
DA:132,56
DA:134,56
DA:137,174
DA:139,174
DA:142,290
DA:144,290
DA:146,1
DA:148,289
DA:151,447
DA:153,447
DA:154,447
DA:156,1
DA:158,1
DA:159,1
DA:161,1
DA:163,1
DA:164,1
DA:166,2
DA:168,2
DA:169,2
DA:171,0
DA:173,0
DA:174,0
DA:176,5
DA:178,5
DA:180,2
DA:182,3
DA:185,111
DA:187,111
DA:190,0
DA:192,0
DA:193,0
DA:195,36
DA:197,36
DA:198,36
DA:200,73
DA:202,73
DA:204,72
DA:206,1
DA:209,695
DA:211,695
DA:214,358
DA:216,358
DA:219,1
DA:221,1
DA:223,2
DA:225,1
DA:227,0
DA:231,1
DA:234,1
DA:236,0
DA:238,0
DA:239,0
DA:241,292
DA:243,292
DA:246,1490
DA:248,1490
DA:251,36
DA:254,36
DA:256,6
DA:262,30
DA:264,2
DA:267,3
DA:269,1
DA:270,1
DA:273,27
DA:275,7
DA:279,40
DA:280,40
DA:281,20
DA:283,2
DA:287,18
DA:288,18
DA:290,18
DA:293,4
DA:295,4
DA:297,2
DA:300,2
DA:303,2
DA:305,2
DA:306,2
DA:308,7
DA:310,7
DA:312,1
DA:313,1
DA:315,6
DA:317,0
DA:320,6
DA:321,6
DA:323,6
DA:326,6
DA:327,6
DA:329,6
DA:330,6
DA:332,1
DA:333,1
DA:334,1
DA:336,5
DA:338,1
DA:339,1
DA:340,1
DA:344,4
DA:345,4
DA:346,4
DA:347,4
DA:348,4
DA:349,4
DA:353,2
DA:355,2
DA:357,2
DA:359,2
DA:360,2
DA:363,1
DA:365,1
DA:367,0
DA:370,1
DA:372,1
DA:374,1
DA:378,0
DA:380,1
DA:382,3
DA:384,3
DA:385,3
DA:386,3
DA:387,2
DA:389,2
DA:390,2
DA:392,3
DA:394,3
DA:396,0
DA:399,3
DA:401,3
DA:403,1
DA:406,2
DA:409,3027
DA:411,3027
DA:412,3027
DA:414,1147
DA:415,1147
DA:416,1147
DA:417,1147
DA:419,1147
DA:420,1147
DA:421,3027
DA:424,47
DA:426,47
DA:427,47
DA:429,8
DA:431,39
DA:434,23
DA:436,23
DA:439,1
DA:441,1
DA:444,4167
DA:446,4167
DA:447,4167
DA:450,2802
DA:452,2802
DA:455,9
DA:457,9
DA:459,9
DA:461,2
DA:464,14
DA:467,0
DA:469,0
DA:471,0
DA:473,0
DA:476,0
DA:479,59
DA:481,59
DA:483,20
DA:486,39
DA:488,1041
DA:490,1002
DA:493,39
DA:496,55
DA:498,55
DA:500,55
DA:502,1
DA:505,1389
DA:507,1334
DA:510,55
DA:513,82
DA:515,82
DA:517,34
DA:520,48
DA:522,1269
DA:524,1221
DA:527,48
DA:530,55
DA:532,55
DA:534,55
DA:536,1
DA:539,1353
DA:541,1298
DA:544,55
DA:547,88
DA:549,88
DA:551,1899
DA:553,1811
DA:556,88
DA:559,55
DA:561,55
DA:563,55
DA:565,1
DA:568,1353
DA:570,1298
DA:573,55
DA:576,60
DA:578,60
DA:580,1063
DA:582,1003
DA:585,60
DA:588,55
DA:590,55
DA:592,55
DA:594,1
DA:597,1389
DA:599,1334
DA:602,55
DA:605,173
DA:611,173
DA:614,32
DA:619,141
DA:620,141
DA:621,141
DA:623,2869
DA:625,2774
DA:626,2772
DA:628,2774
DA:631,141
DA:634,0
DA:637,141
DA:638,141
DA:639,141
DA:640,141
DA:641,3458
DA:643,3317
DA:644,3284
DA:645,3284
DA:647,3317
DA:648,3317
DA:650,141
DA:653,32
DA:655,32
DA:657,3
DA:660,29
DA:663,1
DA:665,1
DA:667,0
DA:670,1
DA:673,49
DA:675,49
DA:678,1
DA:680,1
DA:683,9
DA:685,9
DA:686,9
DA:688,2
DA:690,2
DA:691,1
DA:693,11
DA:695,11
DA:696,11
DA:698,149
DA:700,827
DA:702,758
DA:704,758
DA:706,747
DA:708,1
DA:712,746
DA:716,758
DA:718,11
DA:719,11
DA:721,3
DA:723,3
DA:725,3
DA:727,2
DA:730,1
DA:732,9
DA:734,36
DA:736,16
DA:738,1
DA:739,1
DA:741,0
DA:743,0
DA:745,0
DA:747,0
DA:750,0
DA:753,41
DA:755,41
DA:758,8
DA:760,8
DA:763,16
DA:765,16
DA:768,2
DA:770,2
DA:789,7
DA:791,7
DA:793,7
DA:795,1
DA:797,149
DA:799,148
DA:801,4
DA:805,144
DA:808,1
DA:810,1
DA:812,3
DA:814,3
DA:815,2
DA:817,3
DA:819,3
DA:820,2
DA:822,7
DA:824,7
DA:825,6
DA:827,3
DA:829,3
DA:830,2
DA:832,16
DA:834,16
DA:836,6
DA:839,14
DA:841,6
DA:844,12
DA:846,12
DA:847,107
DA:850,95
DA:852,51
DA:853,51
DA:854,51
DA:855,44
DA:856,44
DA:857,44
DA:858,0
DA:859,0
DA:862,95
DA:864,42
DA:865,42
DA:867,26
DA:869,16
DA:871,16
DA:874,42
DA:875,42
DA:876,42
DA:877,53
DA:879,21
DA:883,32
DA:887,54
DA:889,42
DA:892,12
DA:894,8
DA:896,8
DA:897,16
DA:899,8
DA:900,8
DA:902,3
DA:903,3
DA:904,3
DA:906,5
DA:908,3
DA:912,2
DA:916,11
DA:918,3
DA:920,8
DA:921,4
DA:923,4
DA:925,4
DA:926,10
DA:928,6
DA:929,6
DA:931,2
DA:932,2
DA:933,2
DA:935,4
DA:937,2
DA:941,2
DA:945,6
DA:947,2
DA:949,4
DA:952,48
DA:953,48
DA:954,48
DA:956,28
DA:957,28
DA:959,18
DA:961,10
DA:963,10
DA:966,48
DA:968,36
DA:970,24
DA:971,24
DA:973,24
DA:974,24
DA:976,24
DA:977,24
DA:979,16
DA:982,12
DA:984,2106
DA:986,2106
DA:989,2108
DA:991,2108
DA:993,2106
DA:997,2
DA:1001,1
DA:1003,1
DA:1006,0
DA:1008,0
DA:1011,0
DA:1013,0
DA:1016,6
DA:1018,6
DA:1019,6
DA:1021,1
DA:1023,1
DA:1026,73
DA:1028,73
DA:1031,2
DA:1033,2
DA:1035,2
DA:1037,1
DA:1040,1
DA:1041,1
DA:1043,1
DA:1045,1
DA:1046,1
DA:1048,25
DA:1050,25
DA:1052,2
DA:1054,23
DA:1057,1
DA:1059,1
DA:1060,1
DA:1062,1
DA:1063,1
DA:1065,2
DA:1067,1
DA:1070,2
DA:1072,1
DA:1075,1
DA:1078,0
DA:1080,0
DA:1081,0
DA:1083,8
DA:1085,8
DA:1088,91764
DA:1090,91764
DA:1091,91764
DA:1093,1485
DA:1095,1485
DA:1098,1355
DA:1100,1355
DA:1103,2
DA:1105,2
DA:1107,2
DA:1109,1
DA:1112,2
DA:1115,1442
DA:1117,1442
DA:1120,16
DA:1122,16
DA:1124,16
DA:1126,1
DA:1129,30
DA:1132,22
DA:1134,22
DA:1135,22
DA:1137,3
DA:1139,3
DA:1142,4
DA:1144,4
DA:1147,2
DA:1149,2
DA:1152,4
DA:1154,4
DA:1157,2
DA:1159,2
DA:1162,3
DA:1164,3
DA:1167,2
DA:1169,2
DA:1170,2
DA:1172,10
DA:1174,10
DA:1177,2
DA:1179,2
DA:1180,2
DA:1182,10
DA:1184,10
DA:1187,57
DA:1189,57
DA:1192,0
DA:1194,0
DA:1195,0
DA:1196,0
DA:1198,2
DA:1200,2
DA:1201,2
DA:1203,5
DA:1205,5
DA:1207,1
DA:1209,4
DA:1212,57
DA:1214,57
DA:1217,0
DA:1219,0
DA:1222,81
DA:1224,81
DA:1227,3
DA:1229,3
DA:1232,78
DA:1234,78
DA:1236,2
DA:1239,76
DA:1242,339
DA:1244,339
DA:1245,339
DA:1247,2
DA:1249,2
DA:1251,1
DA:1254,1
DA:1255,1
DA:1257,1
DA:1259,1
DA:1260,1
DA:1262,34
DA:1264,34
DA:1265,34
DA:1267,20
DA:1269,20
DA:1270,20
DA:1272,56
DA:1274,56
DA:1277,6
DA:1279,6
DA:1281,1
DA:1283,5
DA:1286,1
DA:1288,1
DA:1289,1
DA:1291,59
DA:1293,59
DA:1296,30
DA:1298,30
DA:1299,30
DA:1301,0
DA:1303,0
DA:1304,0
DA:1305,0
DA:1307,0
DA:1309,0
DA:1310,0
DA:1312,54
DA:1314,54
DA:1317,0
DA:1319,0
DA:1320,0
DA:1322,54
DA:1324,54
DA:1327,35
DA:1331,35
DA:1333,0
DA:1337,35
DA:1341,17
DA:1345,17
DA:1347,0
DA:1351,17
DA:1355,18
DA:1357,18
DA:1358,18
DA:1360,2
DA:1362,2
DA:1363,2
DA:1365,1
DA:1367,1
DA:1370,62
DA:1372,62
DA:1373,124
DA:1374,62
DA:1376,64
DA:1378,64
DA:1379,64
DA:1380,128
DA:1381,64
DA:1382,128
DA:1383,64
DA:1384,64
DA:1385,64
DA:1387,54
DA:1389,54
DA:1392,3
DA:1394,3
DA:1395,3
DA:1397,1
DA:1399,1
DA:1401,1
DA:1404,1
DA:1405,1
DA:1406,1
DA:1407,1
DA:1408,1
DA:1409,1
DA:1411,2
DA:1413,2
DA:1415,1
DA:1417,1
DA:1420,2
DA:1422,2
DA:1424,1
DA:1426,1
DA:1429,2
DA:1431,2
DA:1433,1
DA:1435,1
DA:1438,2
DA:1440,2
DA:1442,1
DA:1444,1
DA:1447,3
DA:1449,3
DA:1452,0
DA:1454,0
DA:1457,5
DA:1459,5
DA:1461,1
DA:1464,4
DA:1467,2
DA:1469,2
DA:1471,1
DA:1472,1
DA:1473,1
DA:1474,2
DA:1475,2
LF:666
LH:611
end_of_record
