TN:
SF:/root/project/include/xlnt/cell/cell_reference.hpp
FN:265,_ZNKSt4hashIN4xlnt14cell_referenceEEclERKS1_
FNDA:91123,_ZNKSt4hashIN4xlnt14cell_referenceEEclERKS1_
FNF:1
FNH:1
DA:265,91123
DA:269,91123
LF:2
LH:2
end_of_record
TN:
SF:/root/project/include/xlnt/cell/index_types.hpp
FN:302,_ZNKSt4hashIN4xlnt8column_tEEclERKS1_
FNDA:46353,_ZNKSt4hashIN4xlnt8column_tEEclERKS1_
FNF:1
FNH:1
DA:302,46353
DA:305,46353
LF:2
LH:2
end_of_record
TN:
SF:/root/project/include/xlnt/cell/rich_text.hpp
FN:47,_ZN4xlnt9rich_textC2Ev
FN:167,_ZNK4xlnt14rich_text_hashclERKNS_9rich_textE
FNDA:11362,_ZNK4xlnt14rich_text_hashclERKNS_9rich_textE
FNDA:12582,_ZN4xlnt9rich_textC2Ev
FNF:2
FNH:2
DA:47,12582
DA:167,11362
DA:169,11362
DA:171,22745
DA:173,11383
DA:174,22745
DA:176,11362
LF:7
LH:7
end_of_record
TN:
SF:/root/project/include/xlnt/packaging/ext_list.hpp
FN:77,_ZN4xlnteqERKNS_8ext_list3extES3_
FNDA:0,_ZN4xlnteqERKNS_8ext_list3extES3_
FNF:1
FNH:0
DA:77,0
DA:79,0
DA:80,0
LF:3
LH:0
end_of_record
TN:
SF:/root/project/include/xlnt/styles/conditional_format.hpp
FN:56,_ZNK4xlnt9conditioneqERKS0_
FNDA:0,_ZNK4xlnt9conditioneqERKS0_
FNF:1
FNH:0
DA:56,0
DA:58,0
LF:2
LH:0
end_of_record
TN:
SF:/root/project/include/xlnt/utils/date.hpp
FN:59,_ZN4xlnt4dateC2Ev
FN:95,_ZNK4xlnt4date7is_nullEv
FNDA:100,_ZNK4xlnt4date7is_nullEv
FNDA:0,_ZN4xlnt4dateC2Ev
FNF:2
FNH:1
DA:59,0
DA:95,100
DA:97,100
LF:3
LH:2
end_of_record
TN:
SF:/root/project/include/xlnt/utils/exceptions.hpp
FN:50,_ZN4xlnt9exceptionC2ERKS0_
FN:89,_ZN4xlnt17invalid_parameterC2ERKS0_
FN:111,_ZN4xlnt19invalid_sheet_titleC2ERKS0_
FN:134,_ZN4xlnt12invalid_fileC2ERKS0_
FN:157,_ZN4xlnt17illegal_characterC2ERKS0_
FN:201,_ZN4xlnt20invalid_column_indexC2ERKS0_
FN:228,_ZN4xlnt22invalid_cell_referenceC2ERKS0_
FN:250,_ZN4xlnt17invalid_attributeC2ERKS0_
FN:272,_ZN4xlnt13key_not_foundC2ERKS0_
FNDA:29,_ZN4xlnt17illegal_characterC2ERKS0_
FNDA:21,_ZN4xlnt17invalid_attributeC2ERKS0_
FNDA:111,_ZN4xlnt9exceptionC2ERKS0_
FNDA:4,_ZN4xlnt20invalid_column_indexC2ERKS0_
FNDA:11,_ZN4xlnt19invalid_sheet_titleC2ERKS0_
FNDA:8,_ZN4xlnt17invalid_parameterC2ERKS0_
FNDA:3,_ZN4xlnt22invalid_cell_referenceC2ERKS0_
FNDA:1,_ZN4xlnt12invalid_fileC2ERKS0_
FNDA:9,_ZN4xlnt13key_not_foundC2ERKS0_
FNF:9
FNH:9
DA:50,111
DA:89,8
DA:111,11
DA:134,1
DA:157,29
DA:201,4
DA:228,3
DA:250,21
DA:272,9
LF:9
LH:9
end_of_record
TN:
SF:/root/project/include/xlnt/utils/numeric.hpp
FN:41,_ZN4xlnt6detail3absIiEET_S2_
FN:41,_ZN4xlnt6detail3absIdEET_S2_
FN:41,_ZN4xlnt6detail3absIfEET_S2_
FN:50,_ZN4xlnt6detail3maxIiiEENSt11common_typeIJT_T0_EE4typeES3_S4_
FN:50,_ZN4xlnt6detail3maxIddEENSt11common_typeIJT_T0_EE4typeES3_S4_
FN:50,_ZN4xlnt6detail3maxIidEENSt11common_typeIJT_T0_EE4typeES3_S4_
FN:50,_ZN4xlnt6detail3maxIffEENSt11common_typeIJT_T0_EE4typeES3_S4_
FN:50,_ZN4xlnt6detail3maxIdiEENSt11common_typeIJT_T0_EE4typeES3_S4_
FN:59,_ZN4xlnt6detail3minIiiEENSt11common_typeIJT_T0_EE4typeES3_S4_
FN:59,_ZN4xlnt6detail3minIidEENSt11common_typeIJT_T0_EE4typeES3_S4_
FN:59,_ZN4xlnt6detail3minIdiEENSt11common_typeIJT_T0_EE4typeES3_S4_
FN:75,_ZN4xlnt6detail12float_equalsIfdfEEbRKT0_RKT1_i
FN:75,_ZN4xlnt6detail12float_equalsIfddEEbRKT0_RKT1_i
FN:75,_ZN4xlnt6detail12float_equalsIdddEEbRKT0_RKT1_i
FN:75,_ZN4xlnt6detail12float_equalsIfffEEbRKT0_RKT1_i
FN:75,_ZN4xlnt6detail12float_equalsIddfEEbRKT0_RKT1_i
FNDA:6266,_ZN4xlnt6detail12float_equalsIfddEEbRKT0_RKT1_i
FNDA:12568,_ZN4xlnt6detail3maxIddEENSt11common_typeIJT_T0_EE4typeES3_S4_
FNDA:3,_ZN4xlnt6detail3absIiEET_S2_
FNDA:5,_ZN4xlnt6detail12float_equalsIfdfEEbRKT0_RKT1_i
FNDA:6,_ZN4xlnt6detail3minIiiEENSt11common_typeIJT_T0_EE4typeES3_S4_
FNDA:6,_ZN4xlnt6detail3maxIiiEENSt11common_typeIJT_T0_EE4typeES3_S4_
FNDA:4,_ZN4xlnt6detail12float_equalsIfffEEbRKT0_RKT1_i
FNDA:8,_ZN4xlnt6detail3absIfEET_S2_
FNDA:9,_ZN4xlnt6detail12float_equalsIddfEEbRKT0_RKT1_i
FNDA:3,_ZN4xlnt6detail3maxIdiEENSt11common_typeIJT_T0_EE4typeES3_S4_
FNDA:3,_ZN4xlnt6detail3minIidEENSt11common_typeIJT_T0_EE4typeES3_S4_
FNDA:3,_ZN4xlnt6detail3minIdiEENSt11common_typeIJT_T0_EE4typeES3_S4_
FNDA:4,_ZN4xlnt6detail12float_equalsIdddEEbRKT0_RKT1_i
FNDA:8,_ZN4xlnt6detail3maxIffEENSt11common_typeIJT_T0_EE4typeES3_S4_
FNDA:3,_ZN4xlnt6detail3maxIidEENSt11common_typeIJT_T0_EE4typeES3_S4_
FNDA:12571,_ZN4xlnt6detail3absIdEET_S2_
FNF:16
FNH:16
DA:41,12582
DA:43,12582
DA:50,12588
DA:52,12588
DA:59,12
DA:61,12
DA:75,6288
DA:87,6288
DA:89,0
DA:94,6288
DA:99,6288
DA:102,6288
LF:12
LH:11
end_of_record
TN:
SF:/root/project/include/xlnt/utils/optional.hpp
FN:58,_ZNK4xlnt8optionalIbE13compare_equalIbLPv0EEEbRKT_S6_
FN:58,_ZNK4xlnt8optionalINS_6detail13workbook_impl14file_version_tEE13compare_equalIS3_LPv0EEEbRKT_S9_
FN:58,_ZNK4xlnt8optionalINS_15range_referenceEE13compare_equalIS1_LPv0EEEbRKT_S7_
FN:58,_ZNK4xlnt8optionalINS_10paper_sizeEE13compare_equalIS1_LPv0EEEbRKT_S7_
FN:58,_ZNK4xlnt8optionalIiE13compare_equalIiLPv0EEEbRKT_S6_
FN:58,_ZNK4xlnt8optionalINS_10page_setupEE13compare_equalIS1_LPv0EEEbRKT_S7_
FN:58,_ZNK4xlnt8optionalINS_12page_marginsEE13compare_equalIS1_LPv0EEEbRKT_S7_
FN:58,_ZNK4xlnt8optionalINS_6detail14hyperlink_implEE13compare_equalIS2_LPv0EEEbRKT_S8_
FN:58,_ZNK4xlnt8optionalINS_22calculation_propertiesEE13compare_equalIS1_LPv0EEEbRKT_S7_
FN:58,_ZNK4xlnt8optionalINS_13header_footerEE13compare_equalIS1_LPv0EEEbRKT_S7_
FN:58,_ZNK4xlnt8optionalINS_11phonetic_pr13phonetic_typeEE13compare_equalIS2_LPv0EEEbRKT_S8_
FN:58,_ZNK4xlnt8optionalINS_14cell_referenceEE13compare_equalIS1_LPv0EEEbRKT_S7_
FN:58,_ZNK4xlnt8optionalINS_5themeEE13compare_equalIS1_LPv0EEEbRKT_S7_
FN:58,_ZNK4xlnt8optionalINS_4paneEE13compare_equalIS1_LPv0EEEbRKT_S7_
FN:58,_ZNK4xlnt8optionalINS_8ext_listEE13compare_equalIS1_LPv0EEEbRKT_S7_
FN:58,_ZNK4xlnt8optionalINS_11phonetic_pr5alignEE13compare_equalIS2_LPv0EEEbRKT_S8_
FN:58,_ZNK4xlnt8optionalISt4pairINS_8column_tES2_EE13compare_equalIS3_LPv0EEEbRKT_S9_
FN:58,_ZNK4xlnt8optionalINSt7__cxx1112basic_stringIcSt11char_traitsIcESaIcEEEE13compare_equalIS6_LPv0EEEbRKT_SC_
FN:58,_ZNK4xlnt8optionalISt4pairIjjEE13compare_equalIS2_LPv0EEEbRKT_S8_
FN:58,_ZNK4xlnt8optionalINS_13print_optionsEE13compare_equalIS1_LPv0EEEbRKT_S7_
FN:58,_ZNK4xlnt8optionalINS_4fontEE13compare_equalIS1_LPv0EEEbRKT_S7_
FN:58,_ZNK4xlnt8optionalImE13compare_equalImLPv0EEEbRKT_S6_
FN:58,_ZNK4xlnt8optionalINS_8sheet_prEE13compare_equalIS1_LPv0EEEbRKT_S7_
FN:58,_ZNK4xlnt8optionalINS_6detail10stylesheetEE13compare_equalIS2_LPv0EEEbRKT_S8_
FN:58,_ZNK4xlnt8optionalINS_13workbook_viewEE13compare_equalIS1_LPv0EEEbRKT_S7_
FN:58,_ZNK4xlnt8optionalINS_11phonetic_prEE13compare_equalIS1_LPv0EEEbRKT_S7_
FN:67,_ZNK4xlnt8optionalIdE13compare_equalIdLPv0EEEbRKT_S6_
FN:76,_ZN4xlnt8optionalISt5arrayINS0_INS_9rich_textEEELm3EEEC2Ev
FN:76,_ZN4xlnt8optionalINS_6detail10stylesheetEEC2Ev
FN:76,_ZN4xlnt8optionalINS_5themeEEC2Ev
FN:76,_ZN4xlnt8optionalINS_12border_styleEEC2Ev
FN:76,_ZN4xlnt8optionalINS_20horizontal_alignmentEEC2Ev
FN:76,_ZN4xlnt8optionalINS_8ext_listEEC2Ev
FN:76,_ZN4xlnt8optionalIPNS_6detail11format_implEEC2Ev
FN:76,_ZN4xlnt8optionalIdEC2Ev
FN:76,_ZN4xlnt8optionalINS_7drawing19spreadsheet_drawingEEC2Ev
FN:76,_ZN4xlnt8optionalINS_4paneEEC2Ev
FN:76,_ZN4xlnt8optionalINS_4fontEEC2Ev
FN:76,_ZN4xlnt8optionalINS_10page_setupEEC2Ev
FN:76,_ZN4xlnt8optionalINS_10paper_sizeEEC2Ev
FN:76,_ZN4xlnt8optionalINS_12page_marginsEEC2Ev
FN:76,_ZN4xlnt8optionalIiEC2Ev
FN:76,_ZN4xlnt8optionalINS_15range_referenceEEC2Ev
FN:76,_ZN4xlnt8optionalINS_18diagonal_directionEEC2Ev
FN:76,_ZN4xlnt8optionalINS_5colorEEC2Ev
FN:76,_ZN4xlnt8optionalINS_11phonetic_pr5alignEEC2Ev
FN:76,_ZN4xlnt8optionalINS_18vertical_alignmentEEC2Ev
FN:76,_ZN4xlnt8optionalINS_13header_footerEEC2Ev
FN:76,_ZN4xlnt8optionalIbEC2Ev
FN:76,_ZN4xlnt8optionalINS_13print_optionsEEC2Ev
FN:76,_ZN4xlnt8optionalIPNS_7commentEEC2Ev
FN:76,_ZN4xlnt8optionalINS_6detail13workbook_impl14file_version_tEEC2Ev
FN:76,_ZN4xlnt8optionalISt4pairINS_8column_tES2_EEC2Ev
FN:76,_ZN4xlnt8optionalIN12_GLOBAL__N_110no_defaultEEC2Ev
FN:76,_ZN4xlnt8optionalIN12_GLOBAL__N_111alive_countEEC2Ev
FN:76,_ZN4xlnt8optionalINS_13workbook_viewEEC2Ev
FN:76,_ZN4xlnt8optionalINS_9rich_textEEC2Ev
FN:76,_ZN4xlnt8optionalINSt7__cxx1112basic_stringIcSt11char_traitsIcESaIcEEEEC2Ev
FN:76,_ZN4xlnt8optionalINS_22calculation_propertiesEEC2Ev
FN:76,_ZN4xlnt8optionalINS_8sheet_prEEC2Ev
FN:76,_ZN4xlnt8optionalI2tmEC2Ev
FN:76,_ZN4xlnt8optionalINS_11phonetic_prEEC2Ev
FN:76,_ZN4xlnt8optionalINS_6border15border_propertyEEC2Ev
FN:76,_ZN4xlnt8optionalINS_11phonetic_pr13phonetic_typeEEC2Ev
FN:76,_ZN4xlnt8optionalISt4pairIjjEEC2Ev
FN:76,_ZN4xlnt8optionalINS_14cell_referenceEEC2Ev
FN:76,_ZN4xlnt8optionalINS_6detail14hyperlink_implEEC2Ev
FN:76,_ZN4xlnt8optionalINS_11orientationEEC2Ev
FN:76,_ZN4xlnt8optionalImEC2Ev
FN:85,_ZN4xlnt8optionalINS_4fontEEC2ERKS1_
FN:85,_ZN4xlnt8optionalIiEC2ERKi
FN:85,_ZN4xlnt8optionalINS_14cell_referenceEEC2ERKS1_
FN:95,_ZN4xlnt8optionalIdEC2EOd
FN:95,_ZN4xlnt8optionalIN12_GLOBAL__N_111convertibleEEC2EOS2_
FN:95,_ZN4xlnt8optionalIbEC2EOb
FN:95,_ZN4xlnt8optionalImEC2EOm
FN:95,_ZN4xlnt8optionalIN12_GLOBAL__N_111alive_countEEC2EOS2_
FN:105,_ZN4xlnt8optionalINS_12border_styleEEC2ERKS2_
FN:105,_ZN4xlnt8optionalINS_6detail14hyperlink_implEEC2ERKS3_
FN:105,_ZN4xlnt8optionalINS_4fontEEC2ERKS2_
FN:105,_ZN4xlnt8optionalIPNS_7commentEEC2ERKS3_
FN:105,_ZN4xlnt8optionalINS_11phonetic_pr13phonetic_typeEEC2ERKS3_
FN:105,_ZN4xlnt8optionalINS_10paper_sizeEEC2ERKS2_
FN:105,_ZN4xlnt8optionalINS_11orientationEEC2ERKS2_
FN:105,_ZN4xlnt8optionalIPNS_6detail11format_implEEC2ERKS4_
FN:105,_ZN4xlnt8optionalINSt7__cxx1112basic_stringIcSt11char_traitsIcESaIcEEEEC2ERKS7_
FN:105,_ZN4xlnt8optionalINS_14cell_referenceEEC2ERKS2_
FN:105,_ZN4xlnt8optionalINS_11phonetic_pr5alignEEC2ERKS3_
FN:105,_ZN4xlnt8optionalIbEC2ERKS1_
FN:105,_ZN4xlnt8optionalIdEC2ERKS1_
FN:105,_ZN4xlnt8optionalINS_6border15border_propertyEEC2ERKS3_
FN:105,_ZN4xlnt8optionalISt4pairIjjEEC2ERKS3_
FN:105,_ZN4xlnt8optionalINS_20horizontal_alignmentEEC2ERKS2_
FN:105,_ZN4xlnt8optionalINS_4paneEEC2ERKS2_
FN:105,_ZN4xlnt8optionalINS_5colorEEC2ERKS2_
FN:105,_ZN4xlnt8optionalImEC2ERKS1_
FN:105,_ZN4xlnt8optionalINS_18diagonal_directionEEC2ERKS2_
FN:105,_ZN4xlnt8optionalISt4pairINS_8column_tES2_EEC2ERKS4_
FN:105,_ZN4xlnt8optionalINS_18vertical_alignmentEEC2ERKS2_
FN:105,_ZN4xlnt8optionalIN12_GLOBAL__N_111alive_countEEC2ERKS3_
FN:105,_ZN4xlnt8optionalIiEC2ERKS1_
FN:118,_ZN4xlnt8optionalINS_4fontEEC2EOS2_
FN:118,_ZN4xlnt8optionalIN12_GLOBAL__N_111alive_countEEC2EOS3_
FN:118,_ZN4xlnt8optionalIbEC2EOS1_
FN:118,_ZN4xlnt8optionalINS_9rich_textEEC2EOS2_
FN:118,_ZN4xlnt8optionalINS_14cell_referenceEEC2EOS2_
FN:118,_ZN4xlnt8optionalINS_6detail14hyperlink_implEEC2EOS3_
FN:118,_ZN4xlnt8optionalINS_18diagonal_directionEEC2EOS2_
FN:118,_ZN4xlnt8optionalIiEC2EOS1_
FN:118,_ZN4xlnt8optionalIPNS_7commentEEC2EOS3_
FN:118,_ZN4xlnt8optionalINS_12border_styleEEC2EOS2_
FN:118,_ZN4xlnt8optionalIdEC2EOS1_
FN:118,_ZN4xlnt8optionalImEC2EOS1_
FN:118,_ZN4xlnt8optionalINS_5colorEEC2EOS2_
FN:118,_ZN4xlnt8optionalINS_4paneEEC2EOS2_
FN:118,_ZN4xlnt8optionalIPNS_6detail11format_implEEC2EOS4_
FN:118,_ZN4xlnt8optionalINS_18vertical_alignmentEEC2EOS2_
FN:118,_ZN4xlnt8optionalINSt7__cxx1112basic_stringIcSt11char_traitsIcESaIcEEEEC2EOS7_
FN:118,_ZN4xlnt8optionalINS_20horizontal_alignmentEEC2EOS2_
FN:118,_ZN4xlnt8optionalINS_6border15border_propertyEEC2EOS3_
FN:132,_ZN4xlnt8optionalINS_6detail13workbook_impl14file_version_tEEaSERKS4_
FN:132,_ZN4xlnt8optionalINS_15range_referenceEEaSERKS2_
FN:132,_ZN4xlnt8optionalISt4pairIjjEEaSERKS3_
FN:132,_ZN4xlnt8optionalINS_5themeEEaSERKS2_
FN:132,_ZN4xlnt8optionalINSt7__cxx1112basic_stringIcSt11char_traitsIcESaIcEEEEaSERKS7_
FN:132,_ZN4xlnt8optionalIPNS_6detail11format_implEEaSERKS4_
FN:132,_ZN4xlnt8optionalINS_11orientationEEaSERKS2_
FN:132,_ZN4xlnt8optionalINS_10page_setupEEaSERKS2_
FN:132,_ZN4xlnt8optionalINS_4fontEEaSERKS2_
FN:132,_ZN4xlnt8optionalINS_5colorEEaSERKS2_
FN:132,_ZN4xlnt8optionalINS_13print_optionsEEaSERKS2_
FN:132,_ZN4xlnt8optionalINS_10paper_sizeEEaSERKS2_
FN:132,_ZN4xlnt8optionalINS_4paneEEaSERKS2_
FN:132,_ZN4xlnt8optionalIPNS_7commentEEaSERKS3_
FN:132,_ZN4xlnt8optionalIN12_GLOBAL__N_111alive_countEEaSERKS3_
FN:132,_ZN4xlnt8optionalINS_8sheet_prEEaSERKS2_
FN:132,_ZN4xlnt8optionalINS_13workbook_viewEEaSERKS2_
FN:132,_ZN4xlnt8optionalImEaSERKS1_
FN:132,_ZN4xlnt8optionalISt4pairINS_8column_tES2_EEaSERKS4_
FN:132,_ZN4xlnt8optionalINS_11phonetic_pr13phonetic_typeEEaSERKS3_
FN:132,_ZN4xlnt8optionalINS_13header_footerEEaSERKS2_
FN:132,_ZN4xlnt8optionalINS_11phonetic_pr5alignEEaSERKS3_
FN:132,_ZN4xlnt8optionalINS_11phonetic_prEEaSERKS2_
FN:132,_ZN4xlnt8optionalINS_14cell_referenceEEaSERKS2_
FN:132,_ZN4xlnt8optionalINS_12page_marginsEEaSERKS2_
FN:132,_ZN4xlnt8optionalIbEaSERKS1_
FN:132,_ZN4xlnt8optionalINS_12border_styleEEaSERKS2_
FN:132,_ZN4xlnt8optionalIiEaSERKS1_
FN:132,_ZN4xlnt8optionalINS_8ext_listEEaSERKS2_
FN:132,_ZN4xlnt8optionalIdEaSERKS1_
FN:132,_ZN4xlnt8optionalINS_6detail14hyperlink_implEEaSERKS3_
FN:149,_ZN4xlnt8optionalImEaSEOS1_
FN:149,_ZN4xlnt8optionalINS_4fontEEaSEOS2_
FN:149,_ZN4xlnt8optionalINS_20horizontal_alignmentEEaSEOS2_
FN:149,_ZN4xlnt8optionalINSt7__cxx1112basic_stringIcSt11char_traitsIcESaIcEEEEaSEOS7_
FN:149,_ZN4xlnt8optionalINS_9rich_textEEaSEOS2_
FN:149,_ZN4xlnt8optionalINS_18vertical_alignmentEEaSEOS2_
FN:149,_ZN4xlnt8optionalINS_5colorEEaSEOS2_
FN:149,_ZN4xlnt8optionalINS_12border_styleEEaSEOS2_
FN:149,_ZN4xlnt8optionalIN12_GLOBAL__N_111alive_countEEaSEOS3_
FN:149,_ZN4xlnt8optionalINS_6border15border_propertyEEaSEOS3_
FN:149,_ZN4xlnt8optionalIdEaSEOS1_
FN:149,_ZN4xlnt8optionalINS_18diagonal_directionEEaSEOS2_
FN:149,_ZN4xlnt8optionalIbEaSEOS1_
FN:149,_ZN4xlnt8optionalIiEaSEOS1_
FN:166,_ZN4xlnt8optionalINS_13workbook_viewEED2Ev
FN:166,_ZN4xlnt8optionalINS_22calculation_propertiesEED2Ev
FN:166,_ZN4xlnt8optionalINS_12page_marginsEED2Ev
FN:166,_ZN4xlnt8optionalIN12_GLOBAL__N_110no_defaultEED2Ev
FN:166,_ZN4xlnt8optionalINSt7__cxx1112basic_stringIcSt11char_traitsIcESaIcEEEED2Ev
FN:166,_ZN4xlnt8optionalINS_12border_styleEED2Ev
FN:166,_ZN4xlnt8optionalImED2Ev
FN:166,_ZN4xlnt8optionalINS_15range_referenceEED2Ev
FN:166,_ZN4xlnt8optionalINS_10paper_sizeEED2Ev
FN:166,_ZN4xlnt8optionalINS_18vertical_alignmentEED2Ev
FN:166,_ZN4xlnt8optionalISt5arrayINS0_INS_9rich_textEEELm3EEED2Ev
FN:166,_ZN4xlnt8optionalINS_4paneEED2Ev
FN:166,_ZN4xlnt8optionalINS_6detail10stylesheetEED2Ev
FN:166,_ZN4xlnt8optionalINS_8ext_listEED2Ev
FN:166,_ZN4xlnt8optionalIN12_GLOBAL__N_111alive_countEED2Ev
FN:166,_ZN4xlnt8optionalINS_4fontEED2Ev
FN:166,_ZN4xlnt8optionalISt4pairINS_8column_tES2_EED2Ev
FN:166,_ZN4xlnt8optionalI2tmED2Ev
FN:166,_ZN4xlnt8optionalINS_11phonetic_prEED2Ev
FN:166,_ZN4xlnt8optionalINS_13header_footerEED2Ev
FN:166,_ZN4xlnt8optionalIbED2Ev
FN:166,_ZN4xlnt8optionalINS_20horizontal_alignmentEED2Ev
FN:166,_ZN4xlnt8optionalINS_13print_optionsEED2Ev
FN:166,_ZN4xlnt8optionalINS_8sheet_prEED2Ev
FN:166,_ZN4xlnt8optionalIPNS_6detail11format_implEED2Ev
FN:166,_ZN4xlnt8optionalINS_5themeEED2Ev
FN:166,_ZN4xlnt8optionalINS_7drawing19spreadsheet_drawingEED2Ev
FN:166,_ZN4xlnt8optionalINS_6detail14hyperlink_implEED2Ev
FN:166,_ZN4xlnt8optionalIiED2Ev
FN:166,_ZN4xlnt8optionalINS_14cell_referenceEED2Ev
FN:166,_ZN4xlnt8optionalINS_5colorEED2Ev
FN:166,_ZN4xlnt8optionalINS_10page_setupEED2Ev
FN:166,_ZN4xlnt8optionalIPNS_7commentEED2Ev
FN:166,_ZN4xlnt8optionalINS_11phonetic_pr5alignEED2Ev
FN:166,_ZN4xlnt8optionalINS_6detail13workbook_impl14file_version_tEED2Ev
FN:166,_ZN4xlnt8optionalINS_11orientationEED2Ev
FN:166,_ZN4xlnt8optionalISt4pairIjjEED2Ev
FN:166,_ZN4xlnt8optionalINS_9rich_textEED2Ev
FN:166,_ZN4xlnt8optionalIN12_GLOBAL__N_111convertibleEED2Ev
FN:166,_ZN4xlnt8optionalIdED2Ev
FN:166,_ZN4xlnt8optionalINS_6border15border_propertyEED2Ev
FN:166,_ZN4xlnt8optionalINS_18diagonal_directionEED2Ev
FN:166,_ZN4xlnt8optionalINS_11phonetic_pr13phonetic_typeEED2Ev
FN:175,_ZNK4xlnt8optionalIdE6is_setEv
FN:175,_ZNK4xlnt8optionalINS_4fontEE6is_setEv
FN:175,_ZNK4xlnt8optionalISt4pairIjjEE6is_setEv
FN:175,_ZNK4xlnt8optionalINS_5themeEE6is_setEv
FN:175,_ZNK4xlnt8optionalINS_4paneEE6is_setEv
FN:175,_ZNK4xlnt8optionalINS_6detail14hyperlink_implEE6is_setEv
FN:175,_ZNK4xlnt8optionalI2tmE6is_setEv
FN:175,_ZNK4xlnt8optionalINS_6border15border_propertyEE6is_setEv
FN:175,_ZNK4xlnt8optionalINS_20horizontal_alignmentEE6is_setEv
FN:175,_ZNK4xlnt8optionalINS_6detail13workbook_impl14file_version_tEE6is_setEv
FN:175,_ZNK4xlnt8optionalIbE6is_setEv
FN:175,_ZNK4xlnt8optionalINS_7drawing19spreadsheet_drawingEE6is_setEv
FN:175,_ZNK4xlnt8optionalINS_11phonetic_pr13phonetic_typeEE6is_setEv
FN:175,_ZNK4xlnt8optionalINS_6detail10stylesheetEE6is_setEv
FN:175,_ZNK4xlnt8optionalINS_10page_setupEE6is_setEv
FN:175,_ZNK4xlnt8optionalINS_12page_marginsEE6is_setEv
FN:175,_ZNK4xlnt8optionalISt5arrayINS0_INS_9rich_textEEELm3EEE6is_setEv
FN:175,_ZNK4xlnt8optionalINS_5colorEE6is_setEv
FN:175,_ZNK4xlnt8optionalINS_13print_optionsEE6is_setEv
FN:175,_ZNK4xlnt8optionalIPNS_6detail11format_implEE6is_setEv
FN:175,_ZNK4xlnt8optionalINS_11phonetic_prEE6is_setEv
FN:175,_ZNK4xlnt8optionalINS_8sheet_prEE6is_setEv
FN:175,_ZNK4xlnt8optionalINS_18vertical_alignmentEE6is_setEv
FN:175,_ZNK4xlnt8optionalINS_13workbook_viewEE6is_setEv
FN:175,_ZNK4xlnt8optionalINS_9rich_textEE6is_setEv
FN:175,_ZNK4xlnt8optionalImE6is_setEv
FN:175,_ZNK4xlnt8optionalINS_15range_referenceEE6is_setEv
FN:175,_ZNK4xlnt8optionalIPNS_7commentEE6is_setEv
FN:175,_ZNK4xlnt8optionalISt4pairINS_8column_tES2_EE6is_setEv
FN:175,_ZNK4xlnt8optionalINS_14cell_referenceEE6is_setEv
FN:175,_ZNK4xlnt8optionalINS_22calculation_propertiesEE6is_setEv
FN:175,_ZNK4xlnt8optionalINS_8ext_listEE6is_setEv
FN:175,_ZNK4xlnt8optionalINS_10paper_sizeEE6is_setEv
FN:175,_ZNK4xlnt8optionalIN12_GLOBAL__N_111convertibleEE6is_setEv
FN:175,_ZNK4xlnt8optionalINS_12border_styleEE6is_setEv
FN:175,_ZNK4xlnt8optionalINS_11orientationEE6is_setEv
FN:175,_ZNK4xlnt8optionalIiE6is_setEv
FN:175,_ZNK4xlnt8optionalINS_13header_footerEE6is_setEv
FN:175,_ZNK4xlnt8optionalINSt7__cxx1112basic_stringIcSt11char_traitsIcESaIcEEEE6is_setEv
FN:175,_ZNK4xlnt8optionalINS_18diagonal_directionEE6is_setEv
FN:175,_ZNK4xlnt8optionalINS_11phonetic_pr5alignEE6is_setEv
FN:183,_ZN4xlnt8optionalINS_9rich_textEE3setERKS1_
FN:183,_ZN4xlnt8optionalINS_15range_referenceEE3setERKS1_
FN:183,_ZN4xlnt8optionalINSt7__cxx1112basic_stringIcSt11char_traitsIcESaIcEEEE3setERKS6_
FN:183,_ZN4xlnt8optionalINS_18diagonal_directionEE3setERKS1_
FN:183,_ZN4xlnt8optionalINS_14cell_referenceEE3setERKS1_
FN:183,_ZN4xlnt8optionalINS_8ext_listEE3setERKS1_
FN:183,_ZN4xlnt8optionalINS_10paper_sizeEE3setERKS1_
FN:183,_ZN4xlnt8optionalINS_4paneEE3setERKS1_
FN:183,_ZN4xlnt8optionalINS_13workbook_viewEE3setERKS1_
FN:183,_ZN4xlnt8optionalImE3setERKm
FN:183,_ZN4xlnt8optionalINS_12page_marginsEE3setERKS1_
FN:183,_ZN4xlnt8optionalINS_20horizontal_alignmentEE3setERKS1_
FN:183,_ZN4xlnt8optionalINS_12border_styleEE3setERKS1_
FN:183,_ZN4xlnt8optionalISt4pairIjjEE3setERKS2_
FN:183,_ZN4xlnt8optionalINS_6border15border_propertyEE3setERKS2_
FN:183,_ZN4xlnt8optionalINS_5colorEE3setERKS1_
FN:183,_ZN4xlnt8optionalINS_22calculation_propertiesEE3setERKS1_
FN:183,_ZN4xlnt8optionalINS_8sheet_prEE3setERKS1_
FN:183,_ZN4xlnt8optionalINS_6detail14hyperlink_implEE3setERKS2_
FN:183,_ZN4xlnt8optionalIbE3setERKb
FN:183,_ZN4xlnt8optionalINS_11phonetic_pr5alignEE3setERKS2_
FN:183,_ZN4xlnt8optionalIPNS_7commentEE3setERKS2_
FN:183,_ZN4xlnt8optionalINS_6detail13workbook_impl14file_version_tEE3setERKS3_
FN:183,_ZN4xlnt8optionalINS_18vertical_alignmentEE3setERKS1_
FN:183,_ZN4xlnt8optionalINS_11phonetic_prEE3setERKS1_
FN:183,_ZN4xlnt8optionalIiE3setERKi
FN:183,_ZN4xlnt8optionalINS_11phonetic_pr13phonetic_typeEE3setERKS2_
FN:183,_ZN4xlnt8optionalINS_10page_setupEE3setERKS1_
FN:183,_ZN4xlnt8optionalIdE3setERKd
FN:183,_ZN4xlnt8optionalI2tmE3setERKS1_
FN:183,_ZN4xlnt8optionalINS_13print_optionsEE3setERKS1_
FN:183,_ZN4xlnt8optionalINS_4fontEE3setERKS1_
FN:183,_ZN4xlnt8optionalINS_7drawing19spreadsheet_drawingEE3setERKS2_
FN:183,_ZN4xlnt8optionalINS_11orientationEE3setERKS1_
FN:183,_ZN4xlnt8optionalINS_13header_footerEE3setERKS1_
FN:183,_ZN4xlnt8optionalIN12_GLOBAL__N_111alive_countEE3setERKS2_
FN:183,_ZN4xlnt8optionalISt4pairINS_8column_tES2_EE3setERKS3_
FN:183,_ZN4xlnt8optionalINS_5themeEE3setERKS1_
FN:183,_ZN4xlnt8optionalIPNS_6detail11format_implEE3setERKS3_
FN:206,_ZN4xlnt8optionalIPNS_7commentEE3setEOS2_
FN:206,_ZN4xlnt8optionalIPNS_6detail11format_implEE3setEOS3_
FN:206,_ZN4xlnt8optionalINS_20horizontal_alignmentEE3setEOS1_
FN:206,_ZN4xlnt8optionalINS_4fontEE3setEOS1_
FN:206,_ZN4xlnt8optionalINS_6border15border_propertyEE3setEOS2_
FN:206,_ZN4xlnt8optionalINS_6detail14hyperlink_implEE3setEOS2_
FN:206,_ZN4xlnt8optionalINS_18vertical_alignmentEE3setEOS1_
FN:206,_ZN4xlnt8optionalImE3setEOm
FN:206,_ZN4xlnt8optionalISt5arrayINS0_INS_9rich_textEEELm3EEE3setEOS4_
FN:206,_ZN4xlnt8optionalIiE3setEOi
FN:206,_ZN4xlnt8optionalISt4pairINS_8column_tES2_EE3setEOS3_
FN:206,_ZN4xlnt8optionalIbE3setEOb
FN:206,_ZN4xlnt8optionalINS_15range_referenceEE3setEOS1_
FN:206,_ZN4xlnt8optionalINS_18diagonal_directionEE3setEOS1_
FN:206,_ZN4xlnt8optionalIdE3setEOd
FN:206,_ZN4xlnt8optionalINS_12border_styleEE3setEOS1_
FN:206,_ZN4xlnt8optionalINS_5colorEE3setEOS1_
FN:206,_ZN4xlnt8optionalINS_14cell_referenceEE3setEOS1_
FN:206,_ZN4xlnt8optionalINS_6detail10stylesheetEE3setEOS2_
FN:206,_ZN4xlnt8optionalINS_11orientationEE3setEOS1_
FN:206,_ZN4xlnt8optionalINS_9rich_textEE3setEOS1_
FN:206,_ZN4xlnt8optionalIN12_GLOBAL__N_111alive_countEE3setEOS2_
FN:206,_ZN4xlnt8optionalISt4pairIjjEE3setEOS2_
FN:206,_ZN4xlnt8optionalINSt7__cxx1112basic_stringIcSt11char_traitsIcESaIcEEEE3setEOS6_
FN:233,_ZN4xlnt8optionalINS_10paper_sizeEEaSERKS1_
FN:233,_ZN4xlnt8optionalINS_14cell_referenceEEaSERKS1_
FN:233,_ZN4xlnt8optionalINS_18diagonal_directionEEaSERKS1_
FN:233,_ZN4xlnt8optionalINSt7__cxx1112basic_stringIcSt11char_traitsIcESaIcEEEEaSERKS6_
FN:233,_ZN4xlnt8optionalINS_5themeEEaSERKS1_
FN:233,_ZN4xlnt8optionalINS_10page_setupEEaSERKS1_
FN:233,_ZN4xlnt8optionalINS_4paneEEaSERKS1_
FN:233,_ZN4xlnt8optionalINS_12page_marginsEEaSERKS1_
FN:233,_ZN4xlnt8optionalINS_20horizontal_alignmentEEaSERKS1_
FN:233,_ZN4xlnt8optionalINS_6border15border_propertyEEaSERKS2_
FN:233,_ZN4xlnt8optionalIPNS_6detail11format_implEEaSERKS3_
FN:233,_ZN4xlnt8optionalINS_7drawing19spreadsheet_drawingEEaSERKS2_
FN:233,_ZN4xlnt8optionalIdEaSERKd
FN:233,_ZN4xlnt8optionalINS_22calculation_propertiesEEaSERKS1_
FN:233,_ZN4xlnt8optionalINS_9rich_textEEaSERKS1_
FN:233,_ZN4xlnt8optionalINS_6detail13workbook_impl14file_version_tEEaSERKS3_
FN:233,_ZN4xlnt8optionalINS_6detail14hyperlink_implEEaSERKS2_
FN:233,_ZN4xlnt8optionalI2tmEaSERKS1_
FN:233,_ZN4xlnt8optionalIiEaSERKi
FN:233,_ZN4xlnt8optionalINS_12border_styleEEaSERKS1_
FN:233,_ZN4xlnt8optionalINS_13header_footerEEaSERKS1_
FN:233,_ZN4xlnt8optionalINS_5colorEEaSERKS1_
FN:233,_ZN4xlnt8optionalINS_4fontEEaSERKS1_
FN:233,_ZN4xlnt8optionalINS_15range_referenceEEaSERKS1_
FN:233,_ZN4xlnt8optionalImEaSERKm
FN:233,_ZN4xlnt8optionalINS_13workbook_viewEEaSERKS1_
FN:233,_ZN4xlnt8optionalINS_18vertical_alignmentEEaSERKS1_
FN:242,_ZN4xlnt8optionalIiEaSEOi
FN:242,_ZN4xlnt8optionalIPNS_6detail11format_implEEaSEOS3_
FN:242,_ZN4xlnt8optionalINS_6detail14hyperlink_implEEaSEOS2_
FN:242,_ZN4xlnt8optionalIbEaSEOb
FN:242,_ZN4xlnt8optionalISt4pairIjjEEaSEOS2_
FN:242,_ZN4xlnt8optionalINS_4fontEEaSEOS1_
FN:242,_ZN4xlnt8optionalImEaSEOm
FN:242,_ZN4xlnt8optionalINS_14cell_referenceEEaSEOS1_
FN:242,_ZN4xlnt8optionalINS_6detail10stylesheetEEaSEOS2_
FN:242,_ZN4xlnt8optionalINSt7__cxx1112basic_stringIcSt11char_traitsIcESaIcEEEEaSEOS6_
FN:242,_ZN4xlnt8optionalINS_15range_referenceEEaSEOS1_
FN:242,_ZN4xlnt8optionalIdEaSEOd
FN:242,_ZN4xlnt8optionalISt4pairINS_8column_tES2_EEaSEOS3_
FN:242,_ZN4xlnt8optionalISt5arrayINS0_INS_9rich_textEEELm3EEEaSEOS4_
FN:251,_ZN4xlnt8optionalINS_22calculation_propertiesEE5clearEv
FN:251,_ZN4xlnt8optionalISt4pairINS_8column_tES2_EE5clearEv
FN:251,_ZN4xlnt8optionalINS_6border15border_propertyEE5clearEv
FN:251,_ZN4xlnt8optionalINS_15range_referenceEE5clearEv
FN:251,_ZN4xlnt8optionalINS_11phonetic_pr13phonetic_typeEE5clearEv
FN:251,_ZN4xlnt8optionalINS_12border_styleEE5clearEv
FN:251,_ZN4xlnt8optionalINS_6detail14hyperlink_implEE5clearEv
FN:251,_ZN4xlnt8optionalIiE5clearEv
FN:251,_ZN4xlnt8optionalINS_8ext_listEE5clearEv
FN:251,_ZN4xlnt8optionalIdE5clearEv
FN:251,_ZN4xlnt8optionalINS_12page_marginsEE5clearEv
FN:251,_ZN4xlnt8optionalINS_18diagonal_directionEE5clearEv
FN:251,_ZN4xlnt8optionalIPNS_7commentEE5clearEv
FN:251,_ZN4xlnt8optionalI2tmE5clearEv
FN:251,_ZN4xlnt8optionalINS_11phonetic_prEE5clearEv
FN:251,_ZN4xlnt8optionalINS_5themeEE5clearEv
FN:251,_ZN4xlnt8optionalISt5arrayINS0_INS_9rich_textEEELm3EEE5clearEv
FN:251,_ZN4xlnt8optionalINS_7drawing19spreadsheet_drawingEE5clearEv
FN:251,_ZN4xlnt8optionalINSt7__cxx1112basic_stringIcSt11char_traitsIcESaIcEEEE5clearEv
FN:251,_ZN4xlnt8optionalINS_10paper_sizeEE5clearEv
FN:251,_ZN4xlnt8optionalINS_14cell_referenceEE5clearEv
FN:251,_ZN4xlnt8optionalIbE5clearEv
FN:251,_ZN4xlnt8optionalINS_18vertical_alignmentEE5clearEv
FN:251,_ZN4xlnt8optionalIPNS_6detail11format_implEE5clearEv
FN:251,_ZN4xlnt8optionalINS_5colorEE5clearEv
FN:251,_ZN4xlnt8optionalIN12_GLOBAL__N_111convertibleEE5clearEv
FN:251,_ZN4xlnt8optionalINS_20horizontal_alignmentEE5clearEv
FN:251,_ZN4xlnt8optionalINS_13header_footerEE5clearEv
FN:251,_ZN4xlnt8optionalISt4pairIjjEE5clearEv
FN:251,_ZN4xlnt8optionalINS_13print_optionsEE5clearEv
FN:251,_ZN4xlnt8optionalImE5clearEv
FN:251,_ZN4xlnt8optionalINS_4fontEE5clearEv
FN:251,_ZN4xlnt8optionalINS_13workbook_viewEE5clearEv
FN:251,_ZN4xlnt8optionalIN12_GLOBAL__N_110no_defaultEE5clearEv
FN:251,_ZN4xlnt8optionalINS_8sheet_prEE5clearEv
FN:251,_ZN4xlnt8optionalINS_11phonetic_pr5alignEE5clearEv
FN:251,_ZN4xlnt8optionalIN12_GLOBAL__N_111alive_countEE5clearEv
FN:251,_ZN4xlnt8optionalINS_11orientationEE5clearEv
FN:251,_ZN4xlnt8optionalINS_6detail13workbook_impl14file_version_tEE5clearEv
FN:251,_ZN4xlnt8optionalINS_10page_setupEE5clearEv
FN:251,_ZN4xlnt8optionalINS_4paneEE5clearEv
FN:251,_ZN4xlnt8optionalINS_9rich_textEE5clearEv
FN:251,_ZN4xlnt8optionalINS_6detail10stylesheetEE5clearEv
FN:264,_ZN4xlnt8optionalINS_15range_referenceEE3getEv
FN:264,_ZN4xlnt8optionalINS_10page_setupEE3getEv
FN:264,_ZN4xlnt8optionalIPNS_7commentEE3getEv
FN:264,_ZN4xlnt8optionalINS_4paneEE3getEv
FN:264,_ZN4xlnt8optionalISt5arrayINS0_INS_9rich_textEEELm3EEE3getEv
FN:264,_ZN4xlnt8optionalISt4pairIjjEE3getEv
FN:264,_ZN4xlnt8optionalISt4pairINS_8column_tES2_EE3getEv
FN:264,_ZN4xlnt8optionalINS_9rich_textEE3getEv
FN:264,_ZN4xlnt8optionalINS_13workbook_viewEE3getEv
FN:264,_ZN4xlnt8optionalINSt7__cxx1112basic_stringIcSt11char_traitsIcESaIcEEEE3getEv
FN:264,_ZN4xlnt8optionalIdE3getEv
FN:264,_ZN4xlnt8optionalINS_18vertical_alignmentEE3getEv
FN:264,_ZN4xlnt8optionalImE3getEv
FN:264,_ZN4xlnt8optionalIPNS_6detail11format_implEE3getEv
FN:264,_ZN4xlnt8optionalINS_7drawing19spreadsheet_drawingEE3getEv
FN:264,_ZN4xlnt8optionalINS_20horizontal_alignmentEE3getEv
FN:264,_ZN4xlnt8optionalINS_14cell_referenceEE3getEv
FN:264,_ZN4xlnt8optionalINS_8sheet_prEE3getEv
FN:264,_ZN4xlnt8optionalINS_8ext_listEE3getEv
FN:264,_ZN4xlnt8optionalINS_5themeEE3getEv
FN:264,_ZN4xlnt8optionalINS_11phonetic_prEE3getEv
FN:264,_ZN4xlnt8optionalI2tmE3getEv
FN:264,_ZN4xlnt8optionalINS_13header_footerEE3getEv
FN:264,_ZN4xlnt8optionalINS_6detail10stylesheetEE3getEv
FN:264,_ZN4xlnt8optionalINS_6detail13workbook_impl14file_version_tEE3getEv
FN:264,_ZN4xlnt8optionalINS_18diagonal_directionEE3getEv
FN:264,_ZN4xlnt8optionalINS_6detail14hyperlink_implEE3getEv
FN:264,_ZN4xlnt8optionalINS_12border_styleEE3getEv
FN:264,_ZN4xlnt8optionalINS_13print_optionsEE3getEv
FN:264,_ZN4xlnt8optionalIN12_GLOBAL__N_111convertibleEE3getEv
FN:264,_ZN4xlnt8optionalINS_11orientationEE3getEv
FN:264,_ZN4xlnt8optionalINS_4fontEE3getEv
FN:264,_ZN4xlnt8optionalIiE3getEv
FN:264,_ZN4xlnt8optionalINS_12page_marginsEE3getEv
FN:264,_ZN4xlnt8optionalIbE3getEv
FN:264,_ZN4xlnt8optionalINS_6border15border_propertyEE3getEv
FN:264,_ZN4xlnt8optionalINS_5colorEE3getEv
FN:264,_ZN4xlnt8optionalINS_22calculation_propertiesEE3getEv
FN:278,_ZNK4xlnt8optionalINS_10paper_sizeEE3getEv
FN:278,_ZNK4xlnt8optionalImE3getEv
FN:278,_ZNK4xlnt8optionalIiE3getEv
FN:278,_ZNK4xlnt8optionalINS_5colorEE3getEv
FN:278,_ZNK4xlnt8optionalINS_11phonetic_prEE3getEv
FN:278,_ZNK4xlnt8optionalIbE3getEv
FN:278,_ZNK4xlnt8optionalIdE3getEv
FN:278,_ZNK4xlnt8optionalINS_11phonetic_pr5alignEE3getEv
FN:278,_ZNK4xlnt8optionalINS_14cell_referenceEE3getEv
FN:278,_ZNK4xlnt8optionalINSt7__cxx1112basic_stringIcSt11char_traitsIcESaIcEEEE3getEv
FN:278,_ZNK4xlnt8optionalIPNS_6detail11format_implEE3getEv
FN:278,_ZNK4xlnt8optionalINS_6detail10stylesheetEE3getEv
FN:278,_ZNK4xlnt8optionalINS_4fontEE3getEv
FN:278,_ZNK4xlnt8optionalINS_4paneEE3getEv
FN:278,_ZNK4xlnt8optionalINS_11phonetic_pr13phonetic_typeEE3getEv
FN:278,_ZNK4xlnt8optionalIPNS_7commentEE3getEv
FN:293,_ZNK4xlnt8optionalISt4pairINS_8column_tES2_EEeqERKS4_
FN:293,_ZNK4xlnt8optionalINS_11phonetic_prEEeqERKS2_
FN:293,_ZNK4xlnt8optionalIiEeqERKS1_
FN:293,_ZNK4xlnt8optionalINS_4fontEEeqERKS2_
FN:293,_ZNK4xlnt8optionalIbEeqERKS1_
FN:293,_ZNK4xlnt8optionalINS_22calculation_propertiesEEeqERKS2_
FN:293,_ZNK4xlnt8optionalINSt7__cxx1112basic_stringIcSt11char_traitsIcESaIcEEEEeqERKS7_
FN:293,_ZNK4xlnt8optionalINS_11phonetic_pr5alignEEeqERKS3_
FN:293,_ZNK4xlnt8optionalINS_13print_optionsEEeqERKS2_
FN:293,_ZNK4xlnt8optionalIdEeqERKS1_
FN:293,_ZNK4xlnt8optionalINS_6detail10stylesheetEEeqERKS3_
FN:293,_ZNK4xlnt8optionalINS_14cell_referenceEEeqERKS2_
FN:293,_ZNK4xlnt8optionalINS_8sheet_prEEeqERKS2_
FN:293,_ZNK4xlnt8optionalINS_12page_marginsEEeqERKS2_
FN:293,_ZNK4xlnt8optionalINS_11phonetic_pr13phonetic_typeEEeqERKS3_
FN:293,_ZNK4xlnt8optionalINS_5themeEEeqERKS2_
FN:293,_ZNK4xlnt8optionalINS_6detail14hyperlink_implEEeqERKS3_
FN:293,_ZNK4xlnt8optionalINS_10paper_sizeEEeqERKS2_
FN:293,_ZNK4xlnt8optionalINS_13header_footerEEeqERKS2_
FN:293,_ZNK4xlnt8optionalImEeqERKS1_
FN:293,_ZNK4xlnt8optionalINS_4paneEEeqERKS2_
FN:293,_ZNK4xlnt8optionalISt4pairIjjEEeqERKS3_
FN:293,_ZNK4xlnt8optionalINS_10page_setupEEeqERKS2_
FN:293,_ZNK4xlnt8optionalINS_15range_referenceEEeqERKS2_
FN:293,_ZNK4xlnt8optionalINS_8ext_listEEeqERKS2_
FN:293,_ZNK4xlnt8optionalINS_13workbook_viewEEeqERKS2_
FN:293,_ZNK4xlnt8optionalINS_6detail13workbook_impl14file_version_tEEeqERKS4_
FN:312,_ZNK4xlnt8optionalImEneERKS1_
FN:312,_ZNK4xlnt8optionalIiEneERKS1_
FN:312,_ZNK4xlnt8optionalINS_11phonetic_prEEneERKS2_
FN:319,_ZN4xlnt8optionalINS_10page_setupEE9value_refEv
FN:319,_ZN4xlnt8optionalINSt7__cxx1112basic_stringIcSt11char_traitsIcESaIcEEEE9value_refEv
FN:319,_ZN4xlnt8optionalI2tmE9value_refEv
FN:319,_ZN4xlnt8optionalINS_9rich_textEE9value_refEv
FN:319,_ZN4xlnt8optionalINS_13print_optionsEE9value_refEv
FN:319,_ZN4xlnt8optionalIPNS_7commentEE9value_refEv
FN:319,_ZN4xlnt8optionalINS_18vertical_alignmentEE9value_refEv
FN:319,_ZN4xlnt8optionalINS_13header_footerEE9value_refEv
FN:319,_ZN4xlnt8optionalINS_4fontEE9value_refEv
FN:319,_ZN4xlnt8optionalISt4pairIjjEE9value_refEv
FN:319,_ZN4xlnt8optionalINS_14cell_referenceEE9value_refEv
FN:319,_ZN4xlnt8optionalINS_6detail14hyperlink_implEE9value_refEv
FN:319,_ZN4xlnt8optionalIN12_GLOBAL__N_111alive_countEE9value_refEv
FN:319,_ZN4xlnt8optionalImE9value_refEv
FN:319,_ZN4xlnt8optionalINS_8sheet_prEE9value_refEv
FN:319,_ZN4xlnt8optionalINS_6detail10stylesheetEE9value_refEv
FN:319,_ZN4xlnt8optionalINS_7drawing19spreadsheet_drawingEE9value_refEv
FN:319,_ZN4xlnt8optionalINS_10paper_sizeEE9value_refEv
FN:319,_ZN4xlnt8optionalINS_5colorEE9value_refEv
FN:319,_ZN4xlnt8optionalINS_20horizontal_alignmentEE9value_refEv
FN:319,_ZN4xlnt8optionalIN12_GLOBAL__N_111convertibleEE9value_refEv
FN:319,_ZN4xlnt8optionalINS_22calculation_propertiesEE9value_refEv
FN:319,_ZN4xlnt8optionalIbE9value_refEv
FN:319,_ZN4xlnt8optionalINS_18diagonal_directionEE9value_refEv
FN:319,_ZN4xlnt8optionalINS_12border_styleEE9value_refEv
FN:319,_ZN4xlnt8optionalINS_11orientationEE9value_refEv
FN:319,_ZN4xlnt8optionalINS_11phonetic_pr13phonetic_typeEE9value_refEv
FN:319,_ZN4xlnt8optionalISt4pairINS_8column_tES2_EE9value_refEv
FN:319,_ZN4xlnt8optionalINS_13workbook_viewEE9value_refEv
FN:319,_ZN4xlnt8optionalINS_6border15border_propertyEE9value_refEv
FN:319,_ZN4xlnt8optionalIiE9value_refEv
FN:319,_ZN4xlnt8optionalISt5arrayINS0_INS_9rich_textEEELm3EEE9value_refEv
FN:319,_ZN4xlnt8optionalINS_15range_referenceEE9value_refEv
FN:319,_ZN4xlnt8optionalINS_11phonetic_pr5alignEE9value_refEv
FN:319,_ZN4xlnt8optionalINS_8ext_listEE9value_refEv
FN:319,_ZN4xlnt8optionalINS_4paneEE9value_refEv
FN:319,_ZN4xlnt8optionalIdE9value_refEv
FN:319,_ZN4xlnt8optionalINS_6detail13workbook_impl14file_version_tEE9value_refEv
FN:319,_ZN4xlnt8optionalINS_12page_marginsEE9value_refEv
FN:319,_ZN4xlnt8optionalINS_11phonetic_prEE9value_refEv
FN:319,_ZN4xlnt8optionalINS_5themeEE9value_refEv
FN:319,_ZN4xlnt8optionalIPNS_6detail11format_implEE9value_refEv
FN:324,_ZNK4xlnt8optionalINS_15range_referenceEE9value_refEv
FN:324,_ZNK4xlnt8optionalINS_10paper_sizeEE9value_refEv
FN:324,_ZNK4xlnt8optionalINS_11phonetic_prEE9value_refEv
FN:324,_ZNK4xlnt8optionalISt4pairINS_8column_tES2_EE9value_refEv
FN:324,_ZNK4xlnt8optionalINS_18diagonal_directionEE9value_refEv
FN:324,_ZNK4xlnt8optionalINS_12page_marginsEE9value_refEv
FN:324,_ZNK4xlnt8optionalIN12_GLOBAL__N_111alive_countEE9value_refEv
FN:324,_ZNK4xlnt8optionalINS_5colorEE9value_refEv
FN:324,_ZNK4xlnt8optionalINS_12border_styleEE9value_refEv
FN:324,_ZNK4xlnt8optionalINS_18vertical_alignmentEE9value_refEv
FN:324,_ZNK4xlnt8optionalINS_6detail10stylesheetEE9value_refEv
FN:324,_ZNK4xlnt8optionalIPNS_6detail11format_implEE9value_refEv
FN:324,_ZNK4xlnt8optionalINS_11phonetic_pr5alignEE9value_refEv
FN:324,_ZNK4xlnt8optionalIPNS_7commentEE9value_refEv
FN:324,_ZNK4xlnt8optionalIiE9value_refEv
FN:324,_ZNK4xlnt8optionalINS_20horizontal_alignmentEE9value_refEv
FN:324,_ZNK4xlnt8optionalINS_13workbook_viewEE9value_refEv
FN:324,_ZNK4xlnt8optionalIdE9value_refEv
FN:324,_ZNK4xlnt8optionalINS_22calculation_propertiesEE9value_refEv
FN:324,_ZNK4xlnt8optionalINS_14cell_referenceEE9value_refEv
FN:324,_ZNK4xlnt8optionalINS_10page_setupEE9value_refEv
FN:324,_ZNK4xlnt8optionalINS_4paneEE9value_refEv
FN:324,_ZNK4xlnt8optionalINS_6detail13workbook_impl14file_version_tEE9value_refEv
FN:324,_ZNK4xlnt8optionalIbE9value_refEv
FN:324,_ZNK4xlnt8optionalINS_4fontEE9value_refEv
FN:324,_ZNK4xlnt8optionalINS_5themeEE9value_refEv
FN:324,_ZNK4xlnt8optionalINS_6border15border_propertyEE9value_refEv
FN:324,_ZNK4xlnt8optionalINS_6detail14hyperlink_implEE9value_refEv
FN:324,_ZNK4xlnt8optionalImE9value_refEv
FN:324,_ZNK4xlnt8optionalINS_8ext_listEE9value_refEv
FN:324,_ZNK4xlnt8optionalINS_13header_footerEE9value_refEv
FN:324,_ZNK4xlnt8optionalISt4pairIjjEE9value_refEv
FN:324,_ZNK4xlnt8optionalINS_11phonetic_pr13phonetic_typeEE9value_refEv
FN:324,_ZNK4xlnt8optionalINS_11orientationEE9value_refEv
FN:324,_ZNK4xlnt8optionalINS_13print_optionsEE9value_refEv
FN:324,_ZNK4xlnt8optionalINS_8sheet_prEE9value_refEv
FN:324,_ZNK4xlnt8optionalINSt7__cxx1112basic_stringIcSt11char_traitsIcESaIcEEEE9value_refEv
FNDA:11,_ZNK4xlnt8optionalINS_11phonetic_prEE3getEv
FNDA:10,_ZN4xlnt8optionalINS_4paneEE3setERKS1_
FNDA:14,_ZNK4xlnt8optionalIiE13compare_equalIiLPv0EEEbRKT_S6_
FNDA:594,_ZNK4xlnt8optionalIbE3getEv
FNDA:476,_ZN4xlnt8optionalINS_20horizontal_alignmentEEC2Ev
FNDA:11502,_ZN4xlnt8optionalIPNS_7commentEEC2ERKS3_
FNDA:38,_ZN4xlnt8optionalINSt7__cxx1112basic_stringIcSt11char_traitsIcESaIcEEEEaSEOS7_
FNDA:0,_ZN4xlnt8optionalINS_20horizontal_alignmentEE3setEOS1_
FNDA:2,_ZN4xlnt8optionalINS_13print_optionsEE9value_refEv
FNDA:0,_ZN4xlnt8optionalINS_4fontEEaSERKS2_
FNDA:123,_ZN4xlnt8optionalINS_10paper_sizeEED2Ev
FNDA:88,_ZN4xlnt8optionalIPNS_7commentEE9value_refEv
FNDA:18,_ZN4xlnt8optionalINS_10paper_sizeEE3setERKS1_
FNDA:0,_ZN4xlnt8optionalINS_20horizontal_alignmentEEaSEOS2_
FNDA:138366,_ZN4xlnt8optionalImE3setERKm
FNDA:3430,_ZN4xlnt8optionalINSt7__cxx1112basic_stringIcSt11char_traitsIcESaIcEEEEaSERKS6_
FNDA:50,_ZN4xlnt8optionalINS_4paneEE3getEv
FNDA:4940,_ZNK4xlnt8optionalIdE3getEv
FNDA:5,_ZN4xlnt8optionalINS_5colorEEaSERKS2_
FNDA:644,_ZN4xlnt8optionalINS_18vertical_alignmentEE9value_refEv
FNDA:7,_ZN4xlnt8optionalIiEC2ERKi
FNDA:1,_ZN4xlnt8optionalINS_18diagonal_directionEEaSERKS1_
FNDA:334,_ZN4xlnt8optionalINS_13workbook_viewEE3setERKS1_
FNDA:155,_ZN4xlnt8optionalINS_11phonetic_pr13phonetic_typeEEC2ERKS3_
FNDA:20,_ZNK4xlnt8optionalINS_12page_marginsEE9value_refEv
FNDA:23667,_ZNK4xlnt8optionalIbEeqERKS1_
FNDA:11673,_ZN4xlnt8optionalIPNS_6detail11format_implEEC2Ev
FNDA:8,_ZN4xlnt8optionalISt4pairINS_8column_tES2_EE3getEv
FNDA:11229,_ZNK4xlnt8optionalINS_6detail14hyperlink_implEE6is_setEv
FNDA:12,_ZN4xlnt8optionalINS_14cell_referenceEEC2EOS2_
FNDA:2046,_ZN4xlnt8optionalINS_6detail14hyperlink_implEEC2EOS3_
FNDA:108,_ZN4xlnt8optionalISt5arrayINS0_INS_9rich_textEEELm3EEED2Ev
FNDA:322,_ZN4xlnt8optionalINS_5themeEEaSERKS1_
FNDA:6,_ZNK4xlnt8optionalINS_10page_setupEE13compare_equalIS1_LPv0EEEbRKT_S7_
FNDA:0,_ZNK4xlnt8optionalINS_11phonetic_pr5alignEE3getEv
FNDA:25261,_ZN4xlnt8optionalINS_6detail14hyperlink_implEE5clearEv
FNDA:14,_ZNK4xlnt8optionalINS_22calculation_propertiesEEeqERKS2_
FNDA:21,_ZN4xlnt8optionalINS_13header_footerEE9value_refEv
FNDA:152,_ZN4xlnt8optionalISt5arrayINS0_INS_9rich_textEEELm3EEE3getEv
FNDA:91,_ZN4xlnt8optionalINS_4fontEE3setEOS1_
FNDA:357,_ZN4xlnt8optionalINS_12page_marginsEE3setERKS1_
FNDA:850,_ZN4xlnt8optionalIPNS_6detail11format_implEEaSEOS3_
FNDA:0,_ZN4xlnt8optionalINS_6border15border_propertyEE3setEOS2_
FNDA:1374,_ZN4xlnt8optionalINS_18vertical_alignmentEED2Ev
FNDA:1151,_ZN4xlnt8optionalINS_8ext_listEEC2Ev
FNDA:2,_ZNK4xlnt8optionalIN12_GLOBAL__N_111alive_countEE9value_refEv
FNDA:8,_ZN4xlnt8optionalISt4pairIjjEE3getEv
FNDA:40735,_ZN4xlnt8optionalINS_12border_styleEE5clearEv
FNDA:64,_ZNK4xlnt8optionalINS_4paneEE6is_setEv
FNDA:296,_ZN4xlnt8optionalINS_13print_optionsEEaSERKS2_
FNDA:184,_ZN4xlnt8optionalINS_18diagonal_directionEEC2EOS2_
FNDA:44,_ZN4xlnt8optionalINS_6detail14hyperlink_implEE3setEOS2_
FNDA:50,_ZN4xlnt8optionalINS_9rich_textEE3getEv
FNDA:361,_ZN4xlnt8optionalINS_4paneEEC2Ev
FNDA:18,_ZN4xlnt8optionalINS_14cell_referenceEEC2ERKS1_
FNDA:97232,_ZN4xlnt8optionalIdEC2Ev
FNDA:10,_ZN4xlnt8optionalINS_4paneEEaSERKS1_
FNDA:114,_ZN4xlnt8optionalINS_20horizontal_alignmentEE3setERKS1_
FNDA:44,_ZN4xlnt8optionalINS_6detail14hyperlink_implEEaSEOS2_
FNDA:25,_ZN4xlnt8optionalINS_10page_setupEEaSERKS1_
FNDA:706,_ZN4xlnt8optionalINS_7drawing19spreadsheet_drawingEEC2Ev
FNDA:96,_ZN4xlnt8optionalINS_10paper_sizeEEC2ERKS2_
FNDA:3,_ZNK4xlnt8optionalI2tmE6is_setEv
FNDA:8,_ZNK4xlnt8optionalINS_12page_marginsEE13compare_equalIS1_LPv0EEEbRKT_S7_
FNDA:114,_ZN4xlnt8optionalINS_20horizontal_alignmentEEaSERKS1_
FNDA:353,_ZN4xlnt8optionalINS_12page_marginsEEaSERKS1_
FNDA:4200,_ZN4xlnt8optionalIiE5clearEv
FNDA:15356,_ZNK4xlnt8optionalINS_5colorEE9value_refEv
FNDA:16811,_ZNK4xlnt8optionalINS_6border15border_propertyEE6is_setEv
FNDA:0,_ZNK4xlnt8optionalINS_6detail14hyperlink_implEE13compare_equalIS2_LPv0EEEbRKT_S8_
FNDA:248,_ZNK4xlnt8optionalIbE13compare_equalIbLPv0EEEbRKT_S6_
FNDA:42,_ZN4xlnt8optionalINS_4fontEEC2EOS2_
FNDA:589,_ZNK4xlnt8optionalINS_4fontEE6is_setEv
FNDA:296,_ZN4xlnt8optionalISt4pairIjjEEaSERKS3_
FNDA:4990,_ZN4xlnt8optionalImEaSEOS1_
FNDA:50,_ZN4xlnt8optionalINS_9rich_textEE3setERKS1_
FNDA:445,_ZN4xlnt8optionalINS_22calculation_propertiesEED2Ev
FNDA:4,_ZNK4xlnt8optionalINS_10paper_sizeEE3getEv
FNDA:1,_ZN4xlnt8optionalIN12_GLOBAL__N_111alive_countEEC2EOS3_
FNDA:100,_ZN4xlnt8optionalINS_9rich_textEE9value_refEv
FNDA:9957,_ZNK4xlnt8optionalINS_11phonetic_prEEeqERKS2_
FNDA:15,_ZNK4xlnt8optionalISt4pairINS_8column_tES2_EEeqERKS4_
FNDA:445,_ZN4xlnt8optionalINS_6detail10stylesheetEEC2Ev
FNDA:705,_ZN4xlnt8optionalINS_12page_marginsEED2Ev
FNDA:196,_ZN4xlnt8optionalINS_5themeEEaSERKS2_
FNDA:1011,_ZN4xlnt8optionalISt4pairINS_8column_tES2_EE5clearEv
FNDA:0,_ZNK4xlnt8optionalINS_15range_referenceEE9value_refEv
FNDA:7,_ZN4xlnt8optionalINS_15range_referenceEE3getEv
FNDA:592,_ZN4xlnt8optionalINS_15range_referenceEEaSERKS2_
FNDA:196,_ZN4xlnt8optionalINS_6detail13workbook_impl14file_version_tEEaSERKS4_
FNDA:108,_ZN4xlnt8optionalISt5arrayINS0_INS_9rich_textEEELm3EEEC2Ev
FNDA:71,_ZN4xlnt8optionalINS_10page_setupEE9value_refEv
FNDA:445,_ZN4xlnt8optionalINS_13workbook_viewEED2Ev
FNDA:2510,_ZN4xlnt8optionalINSt7__cxx1112basic_stringIcSt11char_traitsIcESaIcEEEE9value_refEv
FNDA:540,_ZN4xlnt8optionalINS_22calculation_propertiesEE5clearEv
FNDA:59333,_ZNK4xlnt8optionalIdE6is_setEv
FNDA:9,_ZN4xlnt8optionalI2tmE9value_refEv
FNDA:658,_ZN4xlnt8optionalIiEaSEOi
FNDA:4,_ZN4xlnt8optionalINS_4fontEEC2ERKS1_
FNDA:2002,_ZN4xlnt8optionalINS_15range_referenceEE5clearEv
FNDA:123,_ZNK4xlnt8optionalINS_11phonetic_prEE9value_refEv
FNDA:34,_ZN4xlnt8optionalIPNS_7commentEE3setEOS2_
FNDA:26,_ZNK4xlnt8optionalIiEeqERKS1_
FNDA:2,_ZN4xlnt8optionalINS_15range_referenceEE3setERKS1_
FNDA:71,_ZN4xlnt8optionalINS_10page_setupEE3getEv
FNDA:7428,_ZNK4xlnt8optionalImE3getEv
FNDA:445,_ZN4xlnt8optionalINS_5themeEEC2Ev
FNDA:3443,_ZN4xlnt8optionalINSt7__cxx1112basic_stringIcSt11char_traitsIcESaIcEEEE3setERKS6_
FNDA:12,_ZN4xlnt8optionalINS_4fontEEaSEOS2_
FNDA:18,_ZN4xlnt8optionalINS_10paper_sizeEEaSERKS1_
FNDA:17920,_ZN4xlnt8optionalIbEC2EOS1_
FNDA:34634,_ZN4xlnt8optionalINS_6border15border_propertyEE5clearEv
FNDA:72,_ZNK4xlnt8optionalINS_10paper_sizeEE9value_refEv
FNDA:8,_ZNK4xlnt8optionalINS_6detail13workbook_impl14file_version_tEE13compare_equalIS3_LPv0EEEbRKT_S9_
FNDA:567,_ZN4xlnt8optionalINSt7__cxx1112basic_stringIcSt11char_traitsIcESaIcEEEEaSERKS7_
FNDA:89,_ZNK4xlnt8optionalIiE3getEv
FNDA:0,_ZN4xlnt8optionalINS_11orientationEEaSERKS2_
FNDA:50426,_ZN4xlnt8optionalINSt7__cxx1112basic_stringIcSt11char_traitsIcESaIcEEEED2Ev
FNDA:8,_ZNK4xlnt8optionalISt4pairINS_8column_tES2_EE9value_refEv
FNDA:0,_ZNK4xlnt8optionalINS_15range_referenceEE13compare_equalIS1_LPv0EEEbRKT_S7_
FNDA:106,_ZN4xlnt8optionalIdEC2EOd
FNDA:1,_ZN4xlnt8optionalIN12_GLOBAL__N_110no_defaultEED2Ev
FNDA:9950,_ZNK4xlnt8optionalINS_4fontEEeqERKS2_
FNDA:68,_ZN4xlnt8optionalINS_14cell_referenceEEaSERKS1_
FNDA:2151,_ZN4xlnt8optionalINS_12border_styleEEC2Ev
FNDA:61,_ZNK4xlnt8optionalISt4pairIjjEE6is_setEv
FNDA:38574,_ZN4xlnt8optionalINS_12border_styleEEC2ERKS2_
FNDA:1,_ZN4xlnt8optionalINS_18diagonal_directionEE3setERKS1_
FNDA:41,_ZN4xlnt8optionalIPNS_6detail11format_implEEaSERKS4_
FNDA:102,_ZN4xlnt8optionalINS_9rich_textEEC2EOS2_
FNDA:1,_ZNK4xlnt8optionalINS_5themeEE6is_setEv
FNDA:12,_ZNK4xlnt8optionalINS_10paper_sizeEE13compare_equalIS1_LPv0EEEbRKT_S7_
FNDA:1410,_ZN4xlnt8optionalINS_15range_referenceEED2Ev
FNDA:40061,_ZN4xlnt8optionalINS_4fontEEC2ERKS2_
FNDA:88,_ZN4xlnt8optionalIPNS_7commentEE3getEv
FNDA:177526,_ZN4xlnt8optionalImED2Ev
FNDA:850,_ZN4xlnt8optionalIPNS_6detail11format_implEE3setEOS3_
FNDA:4,_ZN4xlnt8optionalINS_8ext_listEE3setERKS1_
FNDA:83,_ZN4xlnt8optionalINS_14cell_referenceEE3setERKS1_
FNDA:202,_ZN4xlnt8optionalINS_11phonetic_pr13phonetic_typeEE5clearEv
FNDA:11502,_ZN4xlnt8optionalINS_6detail14hyperlink_implEEC2ERKS3_
FNDA:296,_ZN4xlnt8optionalINS_10page_setupEEaSERKS2_
FNDA:40735,_ZN4xlnt8optionalINS_12border_styleEED2Ev
FNDA:3,_ZNK4xlnt8optionalINS_18diagonal_directionEE9value_refEv
FNDA:1969,_ZNK4xlnt8optionalINS_5colorEE3getEv
FNDA:3279,_ZN4xlnt8optionalINS_5colorEE9value_refEv
FNDA:52653,_ZN4xlnt8optionalImEaSERKS1_
FNDA:717,_ZN4xlnt8optionalINS_14cell_referenceEEC2ERKS2_
FNDA:7,_ZN4xlnt8optionalINS_6detail14hyperlink_implEE3setERKS2_
FNDA:57,_ZNK4xlnt8optionalINS_12page_marginsEE6is_setEv
FNDA:6,_ZNK4xlnt8optionalINS_13header_footerEE13compare_equalIS1_LPv0EEEbRKT_S7_
FNDA:2,_ZN4xlnt8optionalINS_7drawing19spreadsheet_drawingEE3getEv
FNDA:2,_ZNK4xlnt8optionalINS_11phonetic_pr13phonetic_typeEE13compare_equalIS2_LPv0EEEbRKT_S8_
FNDA:705,_ZN4xlnt8optionalINS_13header_footerEED2Ev
FNDA:6036,_ZN4xlnt8optionalINS_5colorEEC2Ev
FNDA:2,_ZN4xlnt8optionalINS_7drawing19spreadsheet_drawingEE9value_refEv
FNDA:8,_ZNK4xlnt8optionalINS_11phonetic_pr13phonetic_typeEE6is_setEv
FNDA:244,_ZNK4xlnt8optionalINS_10page_setupEE6is_setEv
FNDA:41446,_ZN4xlnt8optionalINS_11phonetic_prEED2Ev
FNDA:56,_ZNK4xlnt8optionalINS_6detail10stylesheetEE6is_setEv
FNDA:331,_ZN4xlnt8optionalINS_22calculation_propertiesEE3setERKS1_
FNDA:12,_ZNK4xlnt8optionalINS_10page_setupEE9value_refEv
FNDA:50,_ZN4xlnt8optionalINS_9rich_textEEaSERKS1_
FNDA:640,_ZN4xlnt8optionalINS_5themeEE5clearEv
FNDA:0,_ZN4xlnt8optionalINS_10paper_sizeEE9value_refEv
FNDA:12,_ZNK4xlnt8optionalINS_4paneEE9value_refEv
FNDA:24,_ZN4xlnt8optionalINS_8sheet_prEE3setERKS1_
FNDA:2225,_ZN4xlnt8optionalIbE3setERKb
FNDA:60,_ZN4xlnt8optionalIbEC2EOb
FNDA:1,_ZN4xlnt8optionalINS_11phonetic_pr5alignEE3setERKS2_
FNDA:108,_ZNK4xlnt8optionalISt5arrayINS0_INS_9rich_textEEELm3EEE6is_setEv
FNDA:20,_ZNK4xlnt8optionalINS_14cell_referenceEEeqERKS2_
FNDA:27217,_ZN4xlnt8optionalIbEC2ERKS1_
FNDA:54771,_ZN4xlnt8optionalIbED2Ev
FNDA:14,_ZNK4xlnt8optionalINS_6detail10stylesheetEEeqERKS3_
FNDA:155,_ZN4xlnt8optionalINS_11phonetic_pr5alignEEC2ERKS3_
FNDA:327,_ZN4xlnt8optionalINS_6detail13workbook_impl14file_version_tEEaSERKS3_
FNDA:476,_ZN4xlnt8optionalINS_18vertical_alignmentEEC2Ev
FNDA:705,_ZN4xlnt8optionalINS_7drawing19spreadsheet_drawingEE5clearEv
FNDA:0,_ZN4xlnt8optionalINS_18vertical_alignmentEEaSEOS2_
FNDA:22995,_ZNK4xlnt8optionalINS_5colorEE6is_setEv
FNDA:0,_ZN4xlnt8optionalIPNS_7commentEE3setERKS2_
FNDA:108,_ZN4xlnt8optionalISt5arrayINS0_INS_9rich_textEEELm3EEE5clearEv
FNDA:19091,_ZN4xlnt8optionalIdEC2ERKS1_
FNDA:47,_ZN4xlnt8optionalINS_11phonetic_pr5alignEEC2Ev
FNDA:17,_ZNK4xlnt8optionalINS_6detail13workbook_impl14file_version_tEE9value_refEv
FNDA:48,_ZN4xlnt8optionalINS_20horizontal_alignmentEE3getEv
FNDA:30298,_ZN4xlnt8optionalINS_6border15border_propertyEEC2ERKS3_
FNDA:13799,_ZNK4xlnt8optionalIPNS_6detail11format_implEE6is_setEv
FNDA:399,_ZN4xlnt8optionalINS_18vertical_alignmentEE3setERKS1_
FNDA:328,_ZN4xlnt8optionalINS_6detail13workbook_impl14file_version_tEE3setERKS3_
FNDA:1920,_ZN4xlnt8optionalINS_18vertical_alignmentEE5clearEv
FNDA:1220,_ZN4xlnt8optionalINS_14cell_referenceEE5clearEv
FNDA:60777,_ZN4xlnt8optionalIbE5clearEv
FNDA:5,_ZN4xlnt8optionalINS_14cell_referenceEE3getEv
FNDA:155,_ZN4xlnt8optionalINS_11phonetic_prEE3setERKS1_
FNDA:1,_ZN4xlnt8optionalIN12_GLOBAL__N_111convertibleEE9value_refEv
FNDA:47,_ZNK4xlnt8optionalINS_14cell_referenceEE3getEv
FNDA:81,_ZN4xlnt8optionalIiE3setERKi
FNDA:184,_ZN4xlnt8optionalINS_20horizontal_alignmentEE9value_refEv
FNDA:706,_ZN4xlnt8optionalINS_13header_footerEEC2Ev
FNDA:3241,_ZN4xlnt8optionalIbE3setEOb
FNDA:2,_ZN4xlnt8optionalISt4pairINS_8column_tES2_EE3setEOS3_
FNDA:296,_ZN4xlnt8optionalISt4pairINS_8column_tES2_EEaSERKS4_
FNDA:56,_ZNK4xlnt8optionalINS_13print_optionsEE6is_setEv
FNDA:15,_ZNK4xlnt8optionalINS_8sheet_prEEeqERKS2_
FNDA:53480,_ZN4xlnt8optionalINSt7__cxx1112basic_stringIcSt11char_traitsIcESaIcEEEE5clearEv
FNDA:2,_ZN4xlnt8optionalISt4pairIjjEEaSEOS2_
FNDA:91,_ZN4xlnt8optionalINS_4fontEEaSEOS1_
FNDA:9669,_ZN4xlnt8optionalImEaSEOm
FNDA:123,_ZN4xlnt8optionalINS_10paper_sizeEE5clearEv
FNDA:891,_ZNK4xlnt8optionalINSt7__cxx1112basic_stringIcSt11char_traitsIcESaIcEEEEeqERKS7_
FNDA:3174,_ZN4xlnt8optionalIbEaSEOb
FNDA:143,_ZNK4xlnt8optionalINS_20horizontal_alignmentEE6is_setEv
FNDA:1446,_ZN4xlnt8optionalINS_8ext_listEE5clearEv
FNDA:0,_ZN4xlnt8optionalINS_18vertical_alignmentEE3setEOS1_
FNDA:2151,_ZN4xlnt8optionalINS_6border15border_propertyEEaSERKS2_
FNDA:96,_ZN4xlnt8optionalINS_11orientationEEC2ERKS2_
FNDA:130527,_ZN4xlnt8optionalIdE5clearEv
FNDA:0,_ZN4xlnt8optionalINS_10paper_sizeEEaSERKS2_
FNDA:2,_ZNK4xlnt8optionalINS_11phonetic_pr5alignEEeqERKS3_
FNDA:376,_ZN4xlnt8optionalINS_4fontEE9value_refEv
FNDA:208,_ZNK4xlnt8optionalINS_18vertical_alignmentEE9value_refEv
FNDA:174,_ZN4xlnt8optionalINS_13workbook_viewEE3getEv
FNDA:782,_ZN4xlnt8optionalINS_4paneEED2Ev
FNDA:11219,_ZN4xlnt8optionalINS_4fontEEC2Ev
FNDA:445,_ZN4xlnt8optionalINS_6detail10stylesheetEED2Ev
FNDA:706,_ZN4xlnt8optionalINS_12page_marginsEEC2Ev
FNDA:839,_ZNK4xlnt8optionalINS_12border_styleEE9value_refEv
FNDA:43613,_ZN4xlnt8optionalIdE3getEv
FNDA:70,_ZN4xlnt8optionalINSt7__cxx1112basic_stringIcSt11char_traitsIcESaIcEEEE3getEv
FNDA:27,_ZN4xlnt8optionalINS_10paper_sizeEEC2Ev
FNDA:1150,_ZN4xlnt8optionalINS_8ext_listEED2Ev
FNDA:706,_ZN4xlnt8optionalINS_10page_setupEEC2Ev
FNDA:1,_ZNK4xlnt8optionalINS_11phonetic_pr5alignEE9value_refEv
FNDA:12,_ZNK4xlnt8optionalIPNS_6detail11format_implEE9value_refEv
FNDA:14644,_ZN4xlnt8optionalImE3setEOm
FNDA:147406,_ZN4xlnt8optionalImE3getEv
FNDA:98,_ZN4xlnt8optionalINS_18vertical_alignmentEE3getEv
FNDA:8,_ZN4xlnt8optionalISt4pairIjjEE9value_refEv
FNDA:47,_ZNK4xlnt8optionalINS_6detail13workbook_impl14file_version_tEE6is_setEv
FNDA:15,_ZNK4xlnt8optionalINS_13print_optionsEEeqERKS2_
FNDA:115,_ZNK4xlnt8optionalINS_6detail10stylesheetEE9value_refEv
FNDA:8,_ZNK4xlnt8optionalINS_22calculation_propertiesEE13compare_equalIS1_LPv0EEEbRKT_S7_
FNDA:6232,_ZNK4xlnt8optionalIdEeqERKS1_
FNDA:1,_ZN4xlnt8optionalIN12_GLOBAL__N_111convertibleEEC2EOS2_
FNDA:17,_ZN4xlnt8optionalINS_14cell_referenceEE9value_refEv
FNDA:40,_ZN4xlnt8optionalIPNS_7commentEEaSERKS3_
FNDA:997,_ZN4xlnt8optionalINS_12page_marginsEE5clearEv
FNDA:715,_ZN4xlnt8optionalISt4pairINS_8column_tES2_EED2Ev
FNDA:0,_ZN4xlnt8optionalISt4pairIjjEE3setERKS2_
FNDA:1123,_ZNK4xlnt8optionalIiE9value_refEv
FNDA:11502,_ZN4xlnt8optionalIPNS_6detail11format_implEEC2ERKS4_
FNDA:1472,_ZN4xlnt8optionalINS_18diagonal_directionEE5clearEv
FNDA:1,_ZN4xlnt8optionalIN12_GLOBAL__N_111alive_countEEaSERKS3_
FNDA:34,_ZN4xlnt8optionalISt5arrayINS0_INS_9rich_textEEELm3EEE3setEOS4_
FNDA:3,_ZN4xlnt8optionalINS_7drawing19spreadsheet_drawingEEaSERKS2_
FNDA:1633,_ZN4xlnt8optionalIiEC2Ev
FNDA:2046,_ZN4xlnt8optionalIPNS_7commentEEC2EOS3_
FNDA:19582,_ZN4xlnt8optionalINSt7__cxx1112basic_stringIcSt11char_traitsIcESaIcEEEEC2ERKS7_
FNDA:659,_ZN4xlnt8optionalIiE3setEOi
FNDA:108,_ZNK4xlnt8optionalINS_20horizontal_alignmentEE9value_refEv
FNDA:44803,_ZN4xlnt8optionalIdEaSERKd
FNDA:200520,_ZN4xlnt8optionalImE9value_refEv
FNDA:1412,_ZN4xlnt8optionalINS_15range_referenceEEC2Ev
FNDA:25261,_ZN4xlnt8optionalIPNS_7commentEE5clearEv
FNDA:1312,_ZN4xlnt8optionalIiEC2EOS1_
FNDA:0,_ZN4xlnt8optionalINS_4paneEEaSERKS2_
FNDA:259,_ZN4xlnt8optionalINS_12border_styleEE3setERKS1_
FNDA:158,_ZN4xlnt8optionalINS_6detail14hyperlink_implEE9value_refEv
FNDA:665,_ZN4xlnt8optionalIPNS_6detail11format_implEE3getEv
FNDA:9,_ZN4xlnt8optionalIN12_GLOBAL__N_111alive_countEED2Ev
FNDA:3450,_ZNK4xlnt8optionalIbE6is_setEv
FNDA:0,_ZNK4xlnt8optionalIPNS_7commentEE9value_refEv
FNDA:349,_ZN4xlnt8optionalIPNS_6detail11format_implEEaSERKS3_
FNDA:51326,_ZN4xlnt8optionalINS_4fontEED2Ev
FNDA:3,_ZN4xlnt8optionalIN12_GLOBAL__N_111alive_countEE9value_refEv
FNDA:63480,_ZNK4xlnt8optionalIdE9value_refEv
FNDA:2863,_ZN4xlnt8optionalINS_6detail10stylesheetEE9value_refEv
FNDA:5,_ZN4xlnt8optionalINS_8sheet_prEE9value_refEv
FNDA:0,_ZN4xlnt8optionalINS_9rich_textEEaSEOS2_
FNDA:79144,_ZN4xlnt8optionalINS_11phonetic_prEE5clearEv
FNDA:342,_ZNK4xlnt8optionalINS_14cell_referenceEE9value_refEv
FNDA:196,_ZN4xlnt8optionalINS_13workbook_viewEEaSERKS2_
FNDA:16,_ZNK4xlnt8optionalINS_22calculation_propertiesEE9value_refEv
FNDA:331,_ZN4xlnt8optionalINS_22calculation_propertiesEEaSERKS1_
FNDA:17,_ZNK4xlnt8optionalINS_13workbook_viewEE9value_refEv
FNDA:3,_ZN4xlnt8optionalI2tmE5clearEv
FNDA:3,_ZN4xlnt8optionalI2tmED2Ev
FNDA:5,_ZNK4xlnt8optionalINS_7drawing19spreadsheet_drawingEE6is_setEv
FNDA:2151,_ZN4xlnt8optionalINS_6border15border_propertyEE3setERKS2_
FNDA:296,_ZN4xlnt8optionalINS_8sheet_prEEaSERKS2_
FNDA:434,_ZN4xlnt8optionalINS_18diagonal_directionEEC2Ev
FNDA:1716,_ZN4xlnt8optionalINS_5colorEE3setERKS1_
FNDA:705,_ZN4xlnt8optionalINS_8sheet_prEED2Ev
FNDA:1091,_ZNK4xlnt8optionalINS_4fontEE9value_refEv
FNDA:0,_ZNK4xlnt8optionalINS_11phonetic_pr5alignEE13compare_equalIS2_LPv0EEEbRKT_S8_
FNDA:172,_ZN4xlnt8optionalINS_6detail13workbook_impl14file_version_tEE3getEv
FNDA:8,_ZN4xlnt8optionalISt4pairINS_8column_tES2_EE9value_refEv
FNDA:150,_ZN4xlnt8optionalINS_6detail14hyperlink_implEE3getEv
FNDA:175,_ZN4xlnt8optionalINS_13workbook_viewEE9value_refEv
FNDA:0,_ZN4xlnt8optionalINS_18diagonal_directionEE3getEv
FNDA:3,_ZN4xlnt8optionalINS_14cell_referenceEEaSEOS1_
FNDA:5,_ZNK4xlnt8optionalINS_5themeEE9value_refEv
FNDA:445,_ZN4xlnt8optionalINS_13workbook_viewEEC2Ev
FNDA:226,_ZNK4xlnt8optionalINS_4fontEE3getEv
FNDA:72,_ZN4xlnt8optionalIiEaSERKi
FNDA:1,_ZN4xlnt8optionalIN12_GLOBAL__N_111alive_countEEaSEOS3_
FNDA:2862,_ZN4xlnt8optionalINS_6detail10stylesheetEE3getEv
FNDA:2137,_ZN4xlnt8optionalIdE3setEOd
FNDA:12,_ZNK4xlnt8optionalINS_10paper_sizeEEeqERKS2_
FNDA:0,_ZN4xlnt8optionalINS_6border15border_propertyEEaSEOS3_
FNDA:186216,_ZN4xlnt8optionalImE5clearEv
FNDA:2,_ZN4xlnt8optionalINS_13print_optionsEE3getEv
FNDA:102,_ZN4xlnt8optionalINS_9rich_textEEC2Ev
FNDA:1001,_ZN4xlnt8optionalINS_13print_optionsEE5clearEv
FNDA:3,_ZNK4xlnt8optionalINS_4paneEE3getEv
FNDA:445,_ZN4xlnt8optionalINS_5themeEED2Ev
FNDA:23902,_ZNK4xlnt8optionalINS_6border15border_propertyEE9value_refEv
FNDA:51379,_ZN4xlnt8optionalINS_4fontEE5clearEv
FNDA:0,_ZN4xlnt8optionalINS_12border_styleEE3setEOS1_
FNDA:1011,_ZN4xlnt8optionalISt4pairIjjEE5clearEv
FNDA:296,_ZN4xlnt8optionalINS_12page_marginsEEaSERKS2_
FNDA:116,_ZN4xlnt8optionalINS_12border_styleEE3getEv
FNDA:3,_ZN4xlnt8optionalINS_14cell_referenceEE3setEOS1_
FNDA:7,_ZNK4xlnt8optionalINS_6detail14hyperlink_implEEeqERKS3_
FNDA:25220,_ZN4xlnt8optionalIPNS_6detail11format_implEED2Ev
FNDA:876,_ZN4xlnt8optionalINS_5colorEE3setEOS1_
FNDA:57,_ZN4xlnt8optionalINSt7__cxx1112basic_stringIcSt11char_traitsIcESaIcEEEEaSEOS6_
FNDA:335,_ZN4xlnt8optionalINS_6detail10stylesheetEEaSEOS2_
FNDA:193,_ZN4xlnt8optionalINS_20horizontal_alignmentEEC2ERKS2_
FNDA:226488,_ZNK4xlnt8optionalImE6is_setEv
FNDA:4164,_ZN4xlnt8optionalIiED2Ev
FNDA:10,_ZN4xlnt8optionalINS_12border_styleEEC2EOS2_
FNDA:174,_ZNK4xlnt8optionalINS_15range_referenceEE6is_setEv
FNDA:60802,_ZN4xlnt8optionalINS_5colorEEC2ERKS2_
FNDA:421,_ZN4xlnt8optionalINS_4paneEEC2ERKS2_
FNDA:19441,_ZN4xlnt8optionalINSt7__cxx1112basic_stringIcSt11char_traitsIcESaIcEEEEC2Ev
FNDA:8135,_ZN4xlnt8optionalINS_6border15border_propertyEE9value_refEv
FNDA:705,_ZN4xlnt8optionalINS_7drawing19spreadsheet_drawingEED2Ev
FNDA:259,_ZN4xlnt8optionalINS_12border_styleEEaSERKS1_
FNDA:6186,_ZNK4xlnt8optionalIdE13compare_equalIdLPv0EEEbRKT_S6_
FNDA:25220,_ZN4xlnt8optionalINS_6detail14hyperlink_implEED2Ev
FNDA:15,_ZNK4xlnt8optionalINS_13header_footerEEeqERKS2_
FNDA:38045,_ZNK4xlnt8optionalImEeqERKS1_
FNDA:108,_ZN4xlnt8optionalIiE9value_refEv
FNDA:8,_ZNK4xlnt8optionalINS_4paneEEeqERKS2_
FNDA:6,_ZN4xlnt8optionalINS_4fontEEaSERKS1_
FNDA:3,_ZN4xlnt8optionalINS_7drawing19spreadsheet_drawingEE3setERKS2_
FNDA:1345,_ZN4xlnt8optionalIdEaSEOS1_
FNDA:1208,_ZN4xlnt8optionalINS_14cell_referenceEED2Ev
FNDA:8,_ZN4xlnt8optionalINS_15range_referenceEE9value_refEv
FNDA:18,_ZN4xlnt8optionalINS_13header_footerEEaSERKS1_
FNDA:152,_ZN4xlnt8optionalISt5arrayINS0_INS_9rich_textEEELm3EEE9value_refEv
FNDA:2,_ZN4xlnt8optionalINS_15range_referenceEEaSEOS1_
FNDA:0,_ZNK4xlnt8optionalISt4pairINS_8column_tES2_EE13compare_equalIS3_LPv0EEEbRKT_S9_
FNDA:0,_ZN4xlnt8optionalINS_11phonetic_pr5alignEE9value_refEv
FNDA:268,_ZNK4xlnt8optionalINSt7__cxx1112basic_stringIcSt11char_traitsIcESaIcEEEE13compare_equalIS6_LPv0EEEbRKT_SC_
FNDA:1715,_ZN4xlnt8optionalINS_5colorEEaSERKS1_
FNDA:11329,_ZNK4xlnt8optionalIPNS_7commentEE6is_setEv
FNDA:4340,_ZNK4xlnt8optionalINSt7__cxx1112basic_stringIcSt11char_traitsIcESaIcEEEE3getEv
FNDA:3443,_ZNK4xlnt8optionalIbE9value_refEv
FNDA:2,_ZN4xlnt8optionalINS_8ext_listEE3getEv
FNDA:7,_ZN4xlnt8optionalINS_6detail14hyperlink_implEEaSERKS2_
FNDA:15,_ZNK4xlnt8optionalINS_12page_marginsEEeqERKS2_
FNDA:5,_ZN4xlnt8optionalINS_8sheet_prEE3getEv
FNDA:25263,_ZN4xlnt8optionalIPNS_6detail11format_implEE5clearEv
FNDA:12,_ZNK4xlnt8optionalINS_14cell_referenceEE13compare_equalIS1_LPv0EEEbRKT_S7_
FNDA:509,_ZNK4xlnt8optionalINS_11phonetic_prEE6is_setEv
FNDA:0,_ZN4xlnt8optionalINS_11phonetic_pr13phonetic_typeEEaSERKS3_
FNDA:56,_ZNK4xlnt8optionalINS_8sheet_prEE6is_setEv
FNDA:296,_ZN4xlnt8optionalINS_13header_footerEEaSERKS2_
FNDA:88,_ZN4xlnt8optionalINS_22calculation_propertiesEE9value_refEv
FNDA:143,_ZNK4xlnt8optionalINS_18vertical_alignmentEE6is_setEv
FNDA:706,_ZN4xlnt8optionalINS_13print_optionsEEC2Ev
FNDA:10,_ZN4xlnt8optionalISt4pairIjjEEC2ERKS3_
FNDA:143,_ZN4xlnt8optionalIbE9value_refEv
FNDA:1,_ZN4xlnt8optionalIN12_GLOBAL__N_111convertibleEE5clearEv
FNDA:1460,_ZN4xlnt8optionalINS_20horizontal_alignmentEE5clearEv
FNDA:4871,_ZN4xlnt8optionalImEC2EOm
FNDA:0,_ZN4xlnt8optionalINS_18diagonal_directionEE9value_refEv
FNDA:921,_ZN4xlnt8optionalINS_5colorEEaSEOS2_
FNDA:47520,_ZN4xlnt8optionalINS_5colorEE5clearEv
FNDA:0,_ZN4xlnt8optionalINS_5themeEE3getEv
FNDA:43,_ZN4xlnt8optionalINS_11phonetic_pr13phonetic_typeEE3setERKS2_
FNDA:2,_ZNK4xlnt8optionalINS_11phonetic_pr13phonetic_typeEEeqERKS3_
FNDA:24618,_ZN4xlnt8optionalIbEC2Ev
FNDA:11673,_ZN4xlnt8optionalIPNS_7commentEEC2Ev
FNDA:0,_ZNK4xlnt8optionalINS_4paneEE13compare_equalIS1_LPv0EEEbRKT_S7_
FNDA:706,_ZN4xlnt8optionalISt4pairINS_8column_tES2_EEC2Ev
FNDA:1324,_ZN4xlnt8optionalINS_20horizontal_alignmentEED2Ev
FNDA:445,_ZN4xlnt8optionalINS_6detail13workbook_impl14file_version_tEEC2Ev
FNDA:3,_ZN4xlnt8optionalI2tmE3setERKS1_
FNDA:12,_ZNK4xlnt8optionalIPNS_6detail11format_implEE3getEv
FNDA:4,_ZN4xlnt8optionalINS_11phonetic_prEE3getEv
FNDA:19,_ZNK4xlnt8optionalImEneERKS1_
FNDA:25,_ZN4xlnt8optionalINS_10page_setupEE3setERKS1_
FNDA:0,_ZN4xlnt8optionalINS_18diagonal_directionEE3setEOS1_
FNDA:2,_ZN4xlnt8optionalINS_15range_referenceEE3setEOS1_
FNDA:2,_ZNK4xlnt8optionalINS_5themeEE13compare_equalIS1_LPv0EEEbRKT_S7_
FNDA:0,_ZN4xlnt8optionalINS_11phonetic_pr5alignEEaSERKS3_
FNDA:116,_ZN4xlnt8optionalINS_12border_styleEE9value_refEv
FNDA:88447,_ZN4xlnt8optionalIdE3setERKd
FNDA:3,_ZN4xlnt8optionalI2tmEaSERKS1_
FNDA:0,_ZN4xlnt8optionalINS_12border_styleEEaSEOS2_
FNDA:196,_ZNK4xlnt8optionalINS_13workbook_viewEE6is_setEv
FNDA:9,_ZN4xlnt8optionalINS_11orientationEE9value_refEv
FNDA:21,_ZN4xlnt8optionalINS_13header_footerEE3getEv
FNDA:14,_ZNK4xlnt8optionalINS_5themeEEeqERKS2_
FNDA:0,_ZNK4xlnt8optionalINS_8ext_listEE13compare_equalIS1_LPv0EEEbRKT_S7_
FNDA:0,_ZN4xlnt8optionalINS_11phonetic_pr13phonetic_typeEE9value_refEv
FNDA:18278,_ZN4xlnt8optionalINS_11phonetic_prEEaSERKS2_
FNDA:705,_ZN4xlnt8optionalINS_13print_optionsEED2Ev
FNDA:99,_ZNK4xlnt8optionalINS_6detail10stylesheetEE3getEv
FNDA:0,_ZN4xlnt8optionalINS_14cell_referenceEEaSERKS2_
FNDA:3,_ZN4xlnt8optionalIN12_GLOBAL__N_111alive_countEEC2Ev
FNDA:1,_ZN4xlnt8optionalIN12_GLOBAL__N_110no_defaultEEC2Ev
FNDA:9,_ZN4xlnt8optionalI2tmE3getEv
FNDA:12,_ZN4xlnt8optionalINS_13print_optionsEE3setERKS1_
FNDA:102,_ZNK4xlnt8optionalINS_9rich_textEE6is_setEv
FNDA:1001,_ZN4xlnt8optionalINS_13header_footerEE5clearEv
FNDA:6,_ZN4xlnt8optionalINS_4fontEE3setERKS1_
FNDA:9,_ZNK4xlnt8optionalINS_11orientationEE6is_setEv
FNDA:243,_ZN4xlnt8optionalINS_18vertical_alignmentEEC2ERKS2_
FNDA:11404,_ZN4xlnt8optionalINSt7__cxx1112basic_stringIcSt11char_traitsIcESaIcEEEEC2EOS7_
FNDA:3,_ZN4xlnt8optionalI2tmEC2Ev
FNDA:73,_ZN4xlnt8optionalIiE3getEv
FNDA:706,_ZN4xlnt8optionalINS_8sheet_prEEC2Ev
FNDA:1001,_ZN4xlnt8optionalINS_10page_setupEE5clearEv
FNDA:29,_ZNK4xlnt8optionalINS_8ext_listEEeqERKS2_
FNDA:9,_ZNK4xlnt8optionalINS_10paper_sizeEE6is_setEv
FNDA:655,_ZN4xlnt8optionalINS_18vertical_alignmentEEC2EOS2_
FNDA:11970,_ZNK4xlnt8optionalINS_12border_styleEE6is_setEv
FNDA:1,_ZNK4xlnt8optionalIN12_GLOBAL__N_111convertibleEE6is_setEv
FNDA:15,_ZN4xlnt8optionalIbE3getEv
FNDA:1472,_ZN4xlnt8optionalINS_18diagonal_directionEED2Ev
FNDA:302,_ZN4xlnt8optionalINS_12page_marginsEE9value_refEv
FNDA:47,_ZN4xlnt8optionalINS_11phonetic_pr13phonetic_typeEEC2Ev
FNDA:3038,_ZN4xlnt8optionalINS_6border15border_propertyEEC2Ev
FNDA:399,_ZN4xlnt8optionalINS_18vertical_alignmentEEaSERKS1_
FNDA:41,_ZN4xlnt8optionalINS_6detail14hyperlink_implEEaSERKS3_
FNDA:0,_ZN4xlnt8optionalINS_9rich_textEE3setEOS1_
FNDA:14,_ZNK4xlnt8optionalINS_13workbook_viewEEeqERKS2_
FNDA:41448,_ZN4xlnt8optionalINS_11phonetic_prEEC2Ev
FNDA:301,_ZN4xlnt8optionalINS_12page_marginsEE3getEv
FNDA:784,_ZN4xlnt8optionalINS_4paneEE5clearEv
FNDA:3,_ZN4xlnt8optionalIN12_GLOBAL__N_111alive_countEE3setEOS2_
FNDA:34624,_ZN4xlnt8optionalINS_6border15border_propertyEED2Ev
FNDA:1,_ZN4xlnt8optionalIN12_GLOBAL__N_111alive_countEE3setERKS2_
FNDA:382,_ZNK4xlnt8optionalIiE6is_setEv
FNDA:18,_ZN4xlnt8optionalINS_13header_footerEE3setERKS1_
FNDA:706,_ZN4xlnt8optionalISt4pairIjjEEC2Ev
FNDA:2,_ZNK4xlnt8optionalINS_11phonetic_prEE13compare_equalIS1_LPv0EEEbRKT_S7_
FNDA:0,_ZN4xlnt8optionalIbEaSEOS1_
FNDA:2428,_ZN4xlnt8optionalINS_5colorEE3getEv
FNDA:8125,_ZN4xlnt8optionalINS_6border15border_propertyEE3getEv
FNDA:22581,_ZNK4xlnt8optionalINSt7__cxx1112basic_stringIcSt11char_traitsIcESaIcEEEE6is_setEv
FNDA:1,_ZN4xlnt8optionalINS_5themeEE9value_refEv
FNDA:2,_ZN4xlnt8optionalIiEaSEOS1_
FNDA:323,_ZN4xlnt8optionalINS_5themeEE3setERKS1_
FNDA:34,_ZN4xlnt8optionalISt5arrayINS0_INS_9rich_textEEELm3EEEaSEOS4_
FNDA:202,_ZN4xlnt8optionalINS_11phonetic_pr13phonetic_typeEED2Ev
FNDA:1,_ZN4xlnt8optionalIN12_GLOBAL__N_111alive_countEEC2ERKS3_
FNDA:254,_ZN4xlnt8optionalINS_9rich_textEE5clearEv
FNDA:349,_ZN4xlnt8optionalIPNS_6detail11format_implEE3setERKS3_
FNDA:1288,_ZN4xlnt8optionalINS_6border15border_propertyEEC2EOS3_
FNDA:4,_ZN4xlnt8optionalIN12_GLOBAL__N_111alive_countEEC2EOS2_
FNDA:14,_ZNK4xlnt8optionalINS_6detail13workbook_impl14file_version_tEEeqERKS4_
FNDA:4,_ZN4xlnt8optionalINS_11phonetic_prEE9value_refEv
FNDA:8,_ZNK4xlnt8optionalINS_13workbook_viewEE13compare_equalIS1_LPv0EEEbRKT_S7_
FNDA:2,_ZN4xlnt8optionalISt4pairIjjEE3setEOS2_
FNDA:57,_ZNK4xlnt8optionalINS_13header_footerEE6is_setEv
FNDA:0,_ZN4xlnt8optionalISt4pairINS_8column_tES2_EE3setERKS3_
FNDA:655,_ZN4xlnt8optionalINS_20horizontal_alignmentEEC2EOS2_
FNDA:8,_ZNK4xlnt8optionalINS_11phonetic_pr5alignEE6is_setEv
FNDA:11673,_ZN4xlnt8optionalINS_6detail14hyperlink_implEEC2Ev
FNDA:88,_ZN4xlnt8optionalINS_22calculation_propertiesEE3getEv
FNDA:119954,_ZN4xlnt8optionalImEC2Ev
FNDA:27,_ZN4xlnt8optionalINS_11orientationEEC2Ev
FNDA:8108,_ZNK4xlnt8optionalINSt7__cxx1112basic_stringIcSt11char_traitsIcESaIcEEEE9value_refEv
FNDA:12,_ZNK4xlnt8optionalINS_8sheet_prEE9value_refEv
FNDA:673,_ZN4xlnt8optionalIPNS_6detail11format_implEE9value_refEv
FNDA:640,_ZN4xlnt8optionalINS_6detail10stylesheetEE5clearEv
FNDA:93,_ZN4xlnt8optionalINSt7__cxx1112basic_stringIcSt11char_traitsIcESaIcEEEE3setEOS6_
FNDA:461,_ZN4xlnt8optionalINS_14cell_referenceEEC2Ev
FNDA:1212,_ZN4xlnt8optionalIiEC2ERKS1_
FNDA:88,_ZNK4xlnt8optionalINS_18diagonal_directionEE6is_setEv
FNDA:21047,_ZN4xlnt8optionalImEC2EOS1_
FNDA:705,_ZN4xlnt8optionalINS_10page_setupEED2Ev
FNDA:2,_ZN4xlnt8optionalINS_15range_referenceEEaSERKS1_
FNDA:10687,_ZN4xlnt8optionalIbEaSERKS1_
FNDA:2137,_ZN4xlnt8optionalIdEaSEOd
FNDA:335,_ZN4xlnt8optionalINS_6detail10stylesheetEE3setEOS2_
FNDA:202,_ZN4xlnt8optionalINS_11phonetic_pr5alignEED2Ev
FNDA:1,_ZN4xlnt8optionalIN12_GLOBAL__N_110no_defaultEE5clearEv
FNDA:25220,_ZN4xlnt8optionalIPNS_7commentEED2Ev
FNDA:10,_ZNK4xlnt8optionalIiEneERKS1_
FNDA:0,_ZNK4xlnt8optionalISt4pairIjjEE13compare_equalIS2_LPv0EEEbRKT_S8_
FNDA:640,_ZN4xlnt8optionalINS_13workbook_viewEE5clearEv
FNDA:6,_ZNK4xlnt8optionalINS_13print_optionsEE13compare_equalIS1_LPv0EEEbRKT_S7_
FNDA:46558,_ZN4xlnt8optionalINS_5colorEED2Ev
FNDA:15019,_ZN4xlnt8optionalIdEC2EOS1_
FNDA:65,_ZNK4xlnt8optionalISt4pairINS_8column_tES2_EE6is_setEv
FNDA:0,_ZN4xlnt8optionalINS_11orientationEE3setERKS1_
FNDA:93,_ZNK4xlnt8optionalINS_14cell_referenceEE6is_setEv
FNDA:47,_ZNK4xlnt8optionalINS_22calculation_propertiesEE6is_setEv
FNDA:202,_ZN4xlnt8optionalINS_11phonetic_pr5alignEE5clearEv
FNDA:2609,_ZN4xlnt8optionalINS_5colorEEC2EOS2_
FNDA:0,_ZNK4xlnt8optionalINS_8ext_listEE9value_refEv
FNDA:1,_ZN4xlnt8optionalIN12_GLOBAL__N_111convertibleEE3getEv
FNDA:0,_ZN4xlnt8optionalINS_12border_styleEEaSERKS2_
FNDA:123,_ZN4xlnt8optionalINS_11orientationEED2Ev
FNDA:5,_ZNK4xlnt8optionalINS_11phonetic_pr13phonetic_typeEE3getEv
FNDA:445,_ZN4xlnt8optionalINS_6detail13workbook_impl14file_version_tEED2Ev
FNDA:32546,_ZN4xlnt8optionalImEC2ERKS1_
FNDA:2,_ZN4xlnt8optionalINS_8ext_listEE9value_refEv
FNDA:2,_ZN4xlnt8optionalISt4pairINS_8column_tES2_EEaSEOS3_
FNDA:0,_ZNK4xlnt8optionalINS_6detail14hyperlink_implEE9value_refEv
FNDA:50,_ZN4xlnt8optionalINS_4paneEE9value_refEv
FNDA:1001,_ZN4xlnt8optionalINS_8sheet_prEE5clearEv
FNDA:116414,_ZNK4xlnt8optionalImE9value_refEv
FNDA:12,_ZN4xlnt8optionalIN12_GLOBAL__N_111alive_countEE5clearEv
FNDA:123,_ZN4xlnt8optionalINS_11orientationEE5clearEv
FNDA:330,_ZN4xlnt8optionalINS_4fontEE3getEv
FNDA:4,_ZN4xlnt8optionalIiEaSERKS1_
FNDA:0,_ZN4xlnt8optionalINS_4paneEEC2EOS2_
FNDA:640,_ZN4xlnt8optionalINS_6detail13workbook_impl14file_version_tEE5clearEv
FNDA:23263,_ZNK4xlnt8optionalImE13compare_equalImLPv0EEEbRKT_S6_
FNDA:1,_ZN4xlnt8optionalIN12_GLOBAL__N_111convertibleEED2Ev
FNDA:715,_ZN4xlnt8optionalISt4pairIjjEED2Ev
FNDA:204,_ZN4xlnt8optionalINS_9rich_textEED2Ev
FNDA:17,_ZNK4xlnt8optionalINS_4fontEE13compare_equalIS1_LPv0EEEbRKT_S7_
FNDA:0,_ZNK4xlnt8optionalIPNS_7commentEE3getEv
FNDA:9,_ZN4xlnt8optionalINS_11orientationEE3getEv
FNDA:89318,_ZN4xlnt8optionalImEaSERKm
FNDA:854,_ZN4xlnt8optionalINS_18diagonal_directionEEC2ERKS2_
FNDA:44771,_ZN4xlnt8optionalIdEaSERKS1_
FNDA:9942,_ZNK4xlnt8optionalINS_11phonetic_prEEneERKS2_
FNDA:296,_ZN4xlnt8optionalINS_8ext_listEEaSERKS2_
FNDA:445,_ZN4xlnt8optionalINS_22calculation_propertiesEEC2Ev
FNDA:56,_ZNK4xlnt8optionalINS_8ext_listEE6is_setEv
FNDA:8,_ZNK4xlnt8optionalISt4pairIjjEE9value_refEv
FNDA:2046,_ZN4xlnt8optionalIPNS_6detail11format_implEEC2EOS4_
FNDA:8,_ZNK4xlnt8optionalINS_6detail10stylesheetEE13compare_equalIS2_LPv0EEEbRKT_S8_
FNDA:30,_ZNK4xlnt8optionalINS_15range_referenceEEeqERKS2_
FNDA:26,_ZN4xlnt8optionalINS_11orientationEE3setEOS1_
FNDA:10,_ZN4xlnt8optionalISt4pairINS_8column_tES2_EEC2ERKS4_
FNDA:154,_ZNK4xlnt8optionalINS_11phonetic_pr13phonetic_typeEE9value_refEv
FNDA:96,_ZNK4xlnt8optionalINS_11orientationEE9value_refEv
FNDA:12,_ZNK4xlnt8optionalINS_13print_optionsEE9value_refEv
FNDA:15,_ZNK4xlnt8optionalINS_10page_setupEEeqERKS2_
FNDA:50654,_ZN4xlnt8optionalIdE9value_refEv
FNDA:15,_ZNK4xlnt8optionalISt4pairIjjEEeqERKS3_
FNDA:0,_ZN4xlnt8optionalINS_18diagonal_directionEEaSEOS2_
FNDA:12,_ZNK4xlnt8optionalINS_13header_footerEE9value_refEv
FNDA:333,_ZN4xlnt8optionalINS_13workbook_viewEEaSERKS1_
FNDA:173,_ZN4xlnt8optionalINS_6detail13workbook_impl14file_version_tEE9value_refEv
FNDA:121035,_ZN4xlnt8optionalIdED2Ev
FNDA:6,_ZNK4xlnt8optionalINS_8sheet_prEE13compare_equalIS1_LPv0EEEbRKT_S7_
FNF:559
FNH:514
DA:58,23904
DA:60,23904
DA:67,6186
DA:69,6186
DA:76,374798
DA:77,374798
DA:79,374798
DA:85,29
DA:86,29
DA:88,29
DA:89,29
DA:95,5042
DA:96,5042
DA:98,5042
DA:99,5042
DA:105,306840
DA:106,306840
DA:108,306840
DA:110,60174
DA:112,306840
DA:118,78398
DA:119,78398
DA:121,78398
DA:123,10612
DA:124,10612
DA:126,78398
DA:132,130636
DA:134,130636
DA:136,95022
DA:140,35614
DA:142,130636
DA:149,7309
DA:151,7309
DA:153,5511
DA:154,5511
DA:158,1798
DA:160,7309
DA:166,715852
DA:168,715852
DA:169,715852
DA:175,403422
DA:177,403422
DA:183,239689
DA:189,239689
DA:191,47016
DA:195,192673
DA:196,192673
DA:201,239689
DA:206,23076
DA:216,23076
DA:218,1298
DA:222,21778
DA:223,21778
DA:228,23076
DA:233,144487
DA:235,144487
DA:236,144487
DA:242,17058
DA:244,17058
DA:245,17058
DA:251,786558
DA:253,786558
DA:255,280036
DA:257,786558
DA:258,786558
DA:264,207228
DA:266,207228
DA:268,3
DA:271,207225
DA:278,19767
DA:280,19767
DA:282,0
DA:285,19767
DA:293,89053
DA:295,89053
DA:297,4110
DA:299,84943
DA:301,54853
DA:304,30090
DA:312,9971
DA:314,9971
DA:319,271662
DA:321,271662
DA:324,235143
DA:326,235143
LF:85
LH:84
end_of_record
TN:
SF:/root/project/include/xlnt/utils/path.hpp
FN:239,_ZNKSt4hashIN4xlnt4pathEEclERKS1_
FNDA:57470,_ZNKSt4hashIN4xlnt4pathEEclERKS1_
FNF:1
FNH:1
DA:239,57470
DA:242,57470
LF:2
LH:2
end_of_record
TN:
SF:/root/project/include/xlnt/utils/scoped_enum_hash.hpp
FN:41,_ZNK4xlnt16scoped_enum_hashINS_13header_footer8locationEEclES2_
FN:41,_ZNK4xlnt16scoped_enum_hashINS_7variant4typeEEclES2_
FNDA:145,_ZNK4xlnt16scoped_enum_hashINS_7variant4typeEEclES2_
FNDA:198,_ZNK4xlnt16scoped_enum_hashINS_13header_footer8locationEEclES2_
FNF:2
FNH:2
DA:41,343
DA:44,343
LF:2
LH:2
end_of_record
TN:
SF:/root/project/include/xlnt/workbook/calculation_properties.hpp
FN:52,_ZN4xlnteqERKNS_22calculation_propertiesES2_
FNDA:8,_ZN4xlnteqERKNS_22calculation_propertiesES2_
FNF:1
FNH:1
DA:52,8
DA:54,8
DA:55,8
LF:3
LH:3
end_of_record
TN:
SF:/root/project/include/xlnt/workbook/theme.hpp
FN:38,_ZNK4xlnt5themeeqERKS0_
FNDA:2,_ZNK4xlnt5themeeqERKS0_
FNF:1
FNH:1
DA:38,2
DA:40,2
LF:2
LH:2
end_of_record
TN:
SF:/root/project/include/xlnt/workbook/workbook.hpp
FN:185,_ZN4xlnt8workbookC2EOS0_
FN:191,_ZN4xlnt8workbookC2ERKS0_
FN:198,_ZN4xlnt8workbookD2Ev
FN:954,_ZN4xlnt8workbookaSERKS0_
FN:960,_ZN4xlnt8workbookaSEOS0_
FNDA:2,_ZN4xlnt8workbookaSERKS0_
FNDA:2,_ZN4xlnt8workbookC2ERKS0_
FNDA:1,_ZN4xlnt8workbookC2EOS0_
FNDA:1328,_ZN4xlnt8workbookD2Ev
FNDA:9,_ZN4xlnt8workbookaSEOS0_
FNF:5
FNH:5
DA:185,1
DA:191,2
DA:198,1328
DA:954,2
DA:960,9
LF:5
LH:5
end_of_record
TN:
SF:/root/project/include/xlnt/workbook/workbook_view.hpp
FN:106,_ZN4xlnteqERKNS_13workbook_viewES2_
FNDA:8,_ZN4xlnteqERKNS_13workbook_viewES2_
FNF:1
FNH:1
DA:106,8
DA:108,8
DA:109,8
DA:110,8
DA:111,8
DA:112,8
DA:113,8
DA:114,8
DA:115,8
DA:116,16
LF:10
LH:10
end_of_record
TN:
SF:/root/project/include/xlnt/workbook/worksheet_iterator.hpp
FN:59,_ZN4xlnt18worksheet_iteratorC2Ev
FN:169,_ZN4xlnt24const_worksheet_iteratorC2Ev
FNDA:2,_ZN4xlnt18worksheet_iteratorC2Ev
FNDA:2,_ZN4xlnt24const_worksheet_iteratorC2Ev
FNF:2
FNH:2
DA:59,2
DA:169,2
LF:2
LH:2
end_of_record
TN:
SF:/root/project/include/xlnt/worksheet/cell_iterator.hpp
FN:63,_ZN4xlnt13cell_iteratorC2Ev
FN:74,_ZN4xlnt13cell_iteratorC2ERKS0_
FN:89,_ZN4xlnt13cell_iteratoraSEOS0_
FN:202,_ZN4xlnt19const_cell_iteratorC2Ev
FN:213,_ZN4xlnt19const_cell_iteratorC2ERKS0_
FNDA:2,_ZN4xlnt13cell_iteratorC2Ev
FNDA:2,_ZN4xlnt13cell_iteratoraSEOS0_
FNDA:198,_ZN4xlnt13cell_iteratorC2ERKS0_
FNDA:517,_ZN4xlnt19const_cell_iteratorC2ERKS0_
FNDA:2,_ZN4xlnt19const_cell_iteratorC2Ev
FNF:5
FNH:5
DA:63,2
DA:74,198
DA:89,2
DA:202,2
DA:213,517
LF:5
LH:5
end_of_record
TN:
SF:/root/project/include/xlnt/worksheet/column_properties.hpp
FN:70,_ZN4xlnteqERKNS_17column_propertiesES2_
FNDA:6150,_ZN4xlnteqERKNS_17column_propertiesES2_
FNF:1
FNH:1
DA:70,6150
DA:72,6150
DA:73,6150
DA:74,6150
DA:75,6150
DA:76,12300
LF:6
LH:6
end_of_record
TN:
SF:/root/project/include/xlnt/worksheet/pane.hpp
FN:90,_ZNK4xlnt4paneeqERKS0_
FNDA:0,_ZNK4xlnt4paneeqERKS0_
FNF:1
FNH:0
DA:90,0
DA:92,0
DA:93,0
DA:94,0
DA:95,0
DA:96,0
LF:6
LH:0
end_of_record
TN:
SF:/root/project/include/xlnt/worksheet/print_options.hpp
FN:60,_ZN4xlnteqERKNS_13print_optionsES2_
FNDA:6,_ZN4xlnteqERKNS_13print_optionsES2_
FNF:1
FNH:1
DA:60,6
DA:62,6
DA:63,6
DA:64,6
DA:65,6
DA:66,12
LF:6
LH:6
end_of_record
TN:
SF:/root/project/include/xlnt/worksheet/range.hpp
FN:90,_ZN4xlnt5rangeC2ERKS0_
FNDA:6,_ZN4xlnt5rangeC2ERKS0_
FNF:1
FNH:1
DA:90,6
LF:1
LH:1
end_of_record
TN:
SF:/root/project/include/xlnt/worksheet/range_iterator.hpp
FN:58,_ZN4xlnt14range_iteratorC2Ev
FN:70,_ZN4xlnt14range_iteratorC2ERKS0_
FN:85,_ZN4xlnt14range_iteratoraSEOS0_
FN:178,_ZN4xlnt20const_range_iteratorC2Ev
FNDA:2,_ZN4xlnt20const_range_iteratorC2Ev
FNDA:22,_ZN4xlnt14range_iteratorC2ERKS0_
FNDA:2,_ZN4xlnt14range_iteratorC2Ev
FNDA:1,_ZN4xlnt14range_iteratoraSEOS0_
FNF:4
FNH:4
DA:58,2
DA:70,22
DA:85,1
DA:178,2
LF:4
LH:4
end_of_record
TN:
SF:/root/project/include/xlnt/worksheet/row_properties.hpp
FN:79,_ZN4xlnteqERKNS_14row_propertiesES2_
FNDA:6,_ZN4xlnteqERKNS_14row_propertiesES2_
FNF:1
FNH:1
DA:79,6
DA:81,6
DA:82,6
DA:83,6
DA:84,6
DA:85,6
DA:86,6
DA:87,12
LF:8
LH:8
end_of_record
TN:
SF:/root/project/include/xlnt/worksheet/selection.hpp
FN:47,_ZN4xlnt9selectionC2Ev
FN:53,_ZN4xlnt9selectionC2ENS_11pane_cornerENS_14cell_referenceE
FN:70,_ZNK4xlnt9selection15has_active_cellEv
FN:78,_ZNK4xlnt9selection11active_cellEv
FN:86,_ZN4xlnt9selection11active_cellERKNS_14cell_referenceE
FN:94,_ZNK4xlnt9selection9has_sqrefEv
FN:107,_ZNK4xlnt9selection5sqrefEv
FN:118,_ZNK4xlnt9selection6sqrefsEv
FN:149,_ZNK4xlnt9selection4paneEv
FN:157,_ZN4xlnt9selection4paneENS_11pane_cornerE
FN:166,_ZNK4xlnt9selectioneqERKS0_
FNDA:66,_ZN4xlnt9selectionC2Ev
FNDA:39,_ZNK4xlnt9selection9has_sqrefEv
FNDA:18,_ZN4xlnt9selectionC2ENS_11pane_cornerENS_14cell_referenceE
FNDA:6,_ZNK4xlnt9selectioneqERKS0_
FNDA:35,_ZNK4xlnt9selection11active_cellEv
FNDA:13,_ZN4xlnt9selection4paneENS_11pane_cornerE
FNDA:42,_ZNK4xlnt9selection4paneEv
FNDA:32,_ZNK4xlnt9selection15has_active_cellEv
FNDA:61,_ZN4xlnt9selection11active_cellERKNS_14cell_referenceE
FNDA:7,_ZNK4xlnt9selection5sqrefEv
FNDA:41,_ZNK4xlnt9selection6sqrefsEv
FNF:11
FNH:11
DA:47,66
DA:53,18
DA:54,36
DA:56,18
DA:70,32
DA:72,32
DA:78,35
DA:80,35
DA:86,61
DA:88,61
DA:89,61
DA:94,39
DA:96,39
DA:107,7
DA:109,7
DA:110,0
DA:112,7
DA:118,41
DA:120,41
DA:149,42
DA:151,42
DA:157,13
DA:159,13
DA:160,13
DA:166,6
DA:168,6
DA:169,6
DA:170,12
LF:28
LH:27
end_of_record
TN:
SF:/root/project/include/xlnt/worksheet/sheet_format_properties.hpp
FN:60,_ZN4xlnteqERKNS_23sheet_format_propertiesES2_
FNDA:16,_ZN4xlnteqERKNS_23sheet_format_propertiesES2_
FNF:1
FNH:1
DA:60,16
DA:62,16
DA:63,16
DA:64,16
DA:65,32
LF:5
LH:5
end_of_record
TN:
SF:/root/project/include/xlnt/worksheet/sheet_pr.hpp
FN:83,_ZN4xlnteqERKNS_8sheet_prES2_
FNDA:6,_ZN4xlnteqERKNS_8sheet_prES2_
FNF:1
FNH:1
DA:83,6
DA:85,6
DA:86,6
DA:87,6
DA:88,6
DA:89,6
DA:90,6
DA:91,6
DA:92,6
DA:93,12
LF:10
LH:10
end_of_record
TN:
SF:/root/project/include/xlnt/worksheet/sheet_view.hpp
FN:55,_ZN4xlnt10sheet_view2idEm
FN:63,_ZNK4xlnt10sheet_view2idEv
FN:71,_ZNK4xlnt10sheet_view8has_paneEv
FN:79,_ZN4xlnt10sheet_view4paneEv
FN:87,_ZNK4xlnt10sheet_view4paneEv
FN:95,_ZN4xlnt10sheet_view10clear_paneEv
FN:103,_ZN4xlnt10sheet_view4paneERKNS_4paneE
FN:111,_ZNK4xlnt10sheet_view14has_selectionsEv
FN:119,_ZN4xlnt10sheet_view13add_selectionERKNS_9selectionE
FN:127,_ZN4xlnt10sheet_view16clear_selectionsEv
FN:135,_ZNK4xlnt10sheet_view10selectionsEv
FN:143,_ZN4xlnt10sheet_view9selectionEm
FN:151,_ZN4xlnt10sheet_view15show_grid_linesEb
FN:159,_ZNK4xlnt10sheet_view15show_grid_linesEv
FN:167,_ZN4xlnt10sheet_view18default_grid_colorEb
FN:183,_ZN4xlnt10sheet_view4typeENS_15sheet_view_typeE
FN:191,_ZNK4xlnt10sheet_view4typeEv
FN:199,_ZNK4xlnt10sheet_view17has_top_left_cellEv
FN:207,_ZN4xlnt10sheet_view13top_left_cellERKNS_14cell_referenceE
FN:215,_ZNK4xlnt10sheet_view13top_left_cellEv
FN:224,_ZNK4xlnt10sheet_vieweqERKS0_
FNDA:53,_ZNK4xlnt10sheet_view17has_top_left_cellEv
FNDA:84,_ZN4xlnt10sheet_view13add_selectionERKNS_9selectionE
FNDA:3,_ZNK4xlnt10sheet_view4paneEv
FNDA:8,_ZNK4xlnt10sheet_vieweqERKS0_
FNDA:72,_ZNK4xlnt10sheet_view10selectionsEv
FNDA:2,_ZN4xlnt10sheet_view10clear_paneEv
FNDA:13,_ZN4xlnt10sheet_view18default_grid_colorEb
FNDA:64,_ZNK4xlnt10sheet_view8has_paneEv
FNDA:13,_ZN4xlnt10sheet_view15show_grid_linesEb
FNDA:50,_ZN4xlnt10sheet_view4paneEv
FNDA:10,_ZN4xlnt10sheet_view4paneERKNS_4paneE
FNDA:9,_ZN4xlnt10sheet_view16clear_selectionsEv
FNDA:55,_ZNK4xlnt10sheet_view4typeEv
FNDA:4,_ZN4xlnt10sheet_view4typeENS_15sheet_view_typeE
FNDA:3,_ZNK4xlnt10sheet_view13top_left_cellEv
FNDA:11,_ZN4xlnt10sheet_view9selectionEm
FNDA:53,_ZNK4xlnt10sheet_view2idEv
FNDA:15,_ZN4xlnt10sheet_view13top_left_cellERKNS_14cell_referenceE
FNDA:54,_ZNK4xlnt10sheet_view15show_grid_linesEv
FNDA:7,_ZNK4xlnt10sheet_view14has_selectionsEv
FNDA:110,_ZN4xlnt10sheet_view2idEm
FNF:21
FNH:21
DA:55,110
DA:57,110
DA:58,110
DA:63,53
DA:65,53
DA:71,64
DA:73,64
DA:79,50
DA:81,50
DA:87,3
DA:89,3
DA:95,2
DA:97,2
DA:98,2
DA:103,10
DA:105,10
DA:106,10
DA:111,7
DA:113,7
DA:119,84
DA:121,84
DA:122,84
DA:127,9
DA:129,9
DA:130,9
DA:135,72
DA:137,72
DA:143,11
DA:145,11
DA:151,13
DA:153,13
DA:154,13
DA:159,54
DA:161,54
DA:167,13
DA:169,13
DA:170,13
DA:183,4
DA:185,4
DA:186,4
DA:191,55
DA:193,55
DA:199,53
DA:201,53
DA:207,15
DA:209,15
DA:210,15
DA:215,3
DA:217,3
DA:224,8
DA:226,8
DA:227,8
DA:228,8
DA:229,8
DA:230,8
DA:231,16
LF:56
LH:56
end_of_record
TN:
SF:/root/project/source/cell/cell.cpp
FN:65,_ZN12_GLOBAL__N_112cast_numericERKNSt7__cxx1112basic_stringIcSt11char_traitsIcESaIcEEE
FN:74,_ZN12_GLOBAL__N_115cast_percentageERKNSt7__cxx1112basic_stringIcSt11char_traitsIcESaIcEEE
FN:89,_ZN12_GLOBAL__N_19cast_timeERKNSt7__cxx1112basic_stringIcSt11char_traitsIcESaIcEEE
FN:155,_ZN4xlnt4cell11error_codesB5cxx11Ev
FN:169,_ZN4xlnt4cell12check_stringERKNSt7__cxx1112basic_stringIcSt11char_traitsIcESaIcEEE
FN:194,_ZN4xlnt4cellC2EPNS_6detail9cell_implE
FN:199,_ZNK4xlnt4cell19garbage_collectibleEv
FN:204,_ZN4xlnt4cell5valueEDn
FN:209,_ZN4xlnt4cell5valueEb
FN:215,_ZN4xlnt4cell5valueEi
FN:221,_ZN4xlnt4cell5valueEj
FN:227,_ZN4xlnt4cell5valueEx
FN:233,_ZN4xlnt4cell5valueEy
FN:239,_ZN4xlnt4cell5valueEf
FN:245,_ZN4xlnt4cell5valueEd
FN:251,_ZN4xlnt4cell5valueERKNSt7__cxx1112basic_stringIcSt11char_traitsIcESaIcEEE
FN:256,_ZN4xlnt4cell5valueERKNS_9rich_textE
FN:264,_ZN4xlnt4cell5valueEPKc
FN:269,_ZN4xlnt4cell5valueES0_
FN:279,_ZN4xlnt4cell5valueERKNS_4dateE
FN:286,_ZN4xlnt4cell5valueERKNS_8datetimeE
FN:293,_ZN4xlnt4cell5valueERKNS_4timeE
FN:300,_ZN4xlnt4cell5valueERKNS_9timedeltaE
FN:307,_ZNK4xlnt4cell3rowEv
FN:312,_ZNK4xlnt4cell6columnEv
FN:317,_ZNK4xlnt4cell12column_indexEv
FN:322,_ZN4xlnt4cell6mergedEb
FN:327,_ZNK4xlnt4cell9is_mergedEv
FN:332,_ZNK4xlnt4cell17phonetics_visibleEv
FN:337,_ZN4xlnt4cell14show_phoneticsEb
FN:342,_ZNK4xlnt4cell7is_dateEv
FN:349,_ZNK4xlnt4cell9referenceEv
FN:354,_ZNK4xlnt4cell7compareERKS0_b
FN:366,_ZNK4xlnt4celleqERKS0_
FN:371,_ZNK4xlnt4cellneERKS0_
FN:376,_ZN4xlnt4cellaSERKS0_
FN:378,_ZNK4xlnt4cell9hyperlinkEv
FN:383,_ZN4xlnt4cell9hyperlinkERKNSt7__cxx1112basic_stringIcSt11char_traitsIcESaIcEEES8_
FN:398,_ZZN4xlnt4cell9hyperlinkERKNSt7__cxx1112basic_stringIcSt11char_traitsIcESaIcEEES8_ENKUlNS_12relationshipEE_clES9_
FN:425,_ZN4xlnt4cell9hyperlinkES0_RKNSt7__cxx1112basic_stringIcSt11char_traitsIcESaIcEEE
FN:445,_ZN4xlnt4cell9hyperlinkENS_5rangeERKNSt7__cxx1112basic_stringIcSt11char_traitsIcESaIcEEE
FN:466,_ZN4xlnt4cell7formulaERKNSt7__cxx1112basic_stringIcSt11char_traitsIcESaIcEEE
FN:485,_ZNK4xlnt4cell11has_formulaEv
FN:490,_ZNK4xlnt4cell7formulaB5cxx11Ev
FN:495,_ZN4xlnt4cell13clear_formulaEv
FN:504,_ZNK4xlnt4cell5errorB5cxx11Ev
FN:513,_ZN4xlnt4cell5errorERKNSt7__cxx1112basic_stringIcSt11char_traitsIcESaIcEEE
FN:524,_ZN4xlnt4cell6offsetEii
FN:529,_ZN4xlnt4cell9worksheetEv
FN:534,_ZNK4xlnt4cell9worksheetEv
FN:539,_ZN4xlnt4cell8workbookEv
FN:544,_ZNK4xlnt4cell8workbookEv
FN:549,_ZNK4xlnt4cell6anchorEv
FN:568,_ZNK4xlnt4cell9data_typeEv
FN:573,_ZN4xlnt4cell9data_typeENS_9cell_typeE
FN:578,_ZNK4xlnt4cell22computed_number_formatEv
FN:583,_ZNK4xlnt4cell13computed_fontEv
FN:588,_ZNK4xlnt4cell13computed_fillEv
FN:593,_ZNK4xlnt4cell15computed_borderEv
FN:598,_ZNK4xlnt4cell18computed_alignmentEv
FN:603,_ZNK4xlnt4cell19computed_protectionEv
FN:608,_ZN4xlnt4cell11clear_valueEv
FN:617,_ZNK4xlnt4cell5valueIbEET_v
FN:623,_ZNK4xlnt4cell5valueIiEET_v
FN:629,_ZNK4xlnt4cell5valueIxEET_v
FN:635,_ZNK4xlnt4cell5valueIjEET_v
FN:641,_ZNK4xlnt4cell5valueIyEET_v
FN:647,_ZNK4xlnt4cell5valueIfEET_v
FN:653,_ZNK4xlnt4cell5valueIdEET_v
FN:659,_ZNK4xlnt4cell5valueINS_4timeEEET_v
FN:665,_ZNK4xlnt4cell5valueINS_8datetimeEEET_v
FN:671,_ZNK4xlnt4cell5valueINS_4dateEEET_v
FN:677,_ZNK4xlnt4cell5valueINS_9timedeltaEEET_v
FN:682,_ZN4xlnt4cell9alignmentERKNS_9alignmentE
FN:688,_ZN4xlnt4cell6borderERKNS_6borderE
FN:694,_ZN4xlnt4cell4fillERKNS_4fillE
FN:700,_ZN4xlnt4cell4fontERKNS_4fontE
FN:706,_ZN4xlnt4cell13number_formatERKNS_13number_formatE
FN:712,_ZN4xlnt4cell10protectionERKNS_10protectionE
FN:719,_ZNK4xlnt4cell5valueINSt7__cxx1112basic_stringIcSt11char_traitsIcESaIcEEEEET_v
FN:725,_ZNK4xlnt4cell5valueINS_9rich_textEEET_v
[...]
FN:132,_ZNK4xlnt9worksheet14has_page_setupEv
FN:137,_ZNK4xlnt9worksheet12page_marginsEv
FN:142,_ZN4xlnt9worksheet12page_marginsERKNS_12page_marginsE
FN:147,_ZN4xlnt9worksheet11auto_filterERKNSt7__cxx1112basic_stringIcSt11char_traitsIcESaIcEEE
FN:152,_ZN4xlnt9worksheet11auto_filterERKNS_15range_referenceE
FN:157,_ZN4xlnt9worksheet11auto_filterERKNS_5rangeE
FN:162,_ZNK4xlnt9worksheet11auto_filterEv
FN:167,_ZNK4xlnt9worksheet15has_auto_filterEv
FN:172,_ZN4xlnt9worksheet17clear_auto_filterEv
FN:177,_ZN4xlnt9worksheet10page_setupERKNS_10page_setupE
FN:182,_ZNK4xlnt9worksheet10page_setupEv
FN:192,_ZN4xlnt9worksheet8workbookEv
FN:197,_ZNK4xlnt9worksheet8workbookEv
FN:202,_ZN4xlnt9worksheet15garbage_collectEv
FN:219,_ZN4xlnt9worksheet2idEm
FN:224,_ZNK4xlnt9worksheet2idEv
FN:229,_ZNK4xlnt9worksheet5titleB5cxx11Ev
FN:234,_ZN4xlnt9worksheet5titleERKNSt7__cxx1112basic_stringIcSt11char_traitsIcESaIcEEE
FN:267,_ZNK4xlnt9worksheet12frozen_panesEv
FN:277,_ZN4xlnt9worksheet12freeze_panesENS_4cellE
FN:282,_ZN4xlnt9worksheet12freeze_panesERKNS_14cell_referenceE
FN:327,_ZN4xlnt9worksheet14unfreeze_panesEv
FN:337,_ZN4xlnt9worksheet11active_cellERKNS_14cell_referenceE
FN:356,_ZNK4xlnt9worksheet15has_active_cellEv
FN:366,_ZNK4xlnt9worksheet11active_cellEv
FN:383,_ZN4xlnt9worksheet4cellERKNS_14cell_referenceE
FN:398,_ZNK4xlnt9worksheet4cellERKNS_14cell_referenceE
FN:403,_ZN4xlnt9worksheet4cellENS_8column_tEj
FN:408,_ZNK4xlnt9worksheet4cellENS_8column_tEj
FN:413,_ZNK4xlnt9worksheet8has_cellERKNS_14cell_referenceE
FN:419,_ZNK4xlnt9worksheet18has_row_propertiesEj
FN:424,_ZN4xlnt9worksheet11named_rangeERKNSt7__cxx1112basic_stringIcSt11char_traitsIcESaIcEEE
FN:439,_ZNK4xlnt9worksheet11named_rangeERKNSt7__cxx1112basic_stringIcSt11char_traitsIcESaIcEEE
FN:454,_ZNK4xlnt9worksheet13lowest_columnEv
FN:471,_ZNK4xlnt9worksheet22lowest_column_or_propsEv
FN:488,_ZNK4xlnt9worksheet10lowest_rowEv
FN:505,_ZNK4xlnt9worksheet19lowest_row_or_propsEv
FN:522,_ZNK4xlnt9worksheet11highest_rowEv
FN:534,_ZNK4xlnt9worksheet20highest_row_or_propsEv
FN:551,_ZNK4xlnt9worksheet14highest_columnEv
FN:563,_ZNK4xlnt9worksheet23highest_column_or_propsEv
FN:580,_ZNK4xlnt9worksheet19calculate_dimensionEbb
FN:628,_ZN4xlnt9worksheet5rangeERKNSt7__cxx1112basic_stringIcSt11char_traitsIcESaIcEEE
FN:638,_ZNK4xlnt9worksheet5rangeERKNSt7__cxx1112basic_stringIcSt11char_traitsIcESaIcEEE
FN:648,_ZN4xlnt9worksheet5rangeERKNS_15range_referenceE
FN:653,_ZNK4xlnt9worksheet5rangeERKNS_15range_referenceE
FN:658,_ZN4xlnt9worksheet11merge_cellsERKNSt7__cxx1112basic_stringIcSt11char_traitsIcESaIcEEE
FN:663,_ZN4xlnt9worksheet13unmerge_cellsERKNSt7__cxx1112basic_stringIcSt11char_traitsIcESaIcEEE
FN:668,_ZN4xlnt9worksheet11merge_cellsERKNS_15range_referenceE
FN:696,_ZN4xlnt9worksheet13unmerge_cellsERKNS_15range_referenceE
FN:716,_ZNK4xlnt9worksheet8next_rowEv
FN:728,_ZN4xlnt9worksheet4rowsEb
FN:733,_ZNK4xlnt9worksheet4rowsEb
FN:738,_ZN4xlnt9worksheet7columnsEb
FN:743,_ZNK4xlnt9worksheet7columnsEb
FN:764,_ZN4xlnt9worksheet10clear_cellERKNS_14cell_referenceE
FN:770,_ZN4xlnt9worksheet9clear_rowEj
FN:787,_ZN4xlnt9worksheet11insert_rowsEjj
FN:792,_ZN4xlnt9worksheet14insert_columnsENS_8column_tEj
FN:797,_ZN4xlnt9worksheet11delete_rowsEjj
FN:802,_ZN4xlnt9worksheet14delete_columnsENS_8column_tEj
FN:807,_ZN4xlnt9worksheet10move_cellsEjjNS_12row_or_col_tEb
FN:927,_ZZN4xlnt9worksheet10move_cellsEjjNS_12row_or_col_tEbENKUlRNS_14cell_referenceEE_clES3_
FN:959,_ZNK4xlnt9worksheeteqERKS0_
FN:964,_ZNK4xlnt9worksheet7compareERKS0_b
FN:976,_ZNK4xlnt9worksheetneERKS0_
FN:981,_ZNK4xlnt9worksheeteqEDn
FN:986,_ZNK4xlnt9worksheetneEDn
FN:991,_ZN4xlnt9worksheetaSERKS0_
FN:996,_ZNK4xlnt9worksheetixERKNS_14cell_referenceE
FN:1001,_ZNK4xlnt9worksheet15has_named_rangeERKNSt7__cxx1112basic_stringIcSt11char_traitsIcESaIcEEE
FN:1006,_ZN4xlnt9worksheet18remove_named_rangeERKNSt7__cxx1112basic_stringIcSt11char_traitsIcESaIcEEE
FN:1016,_ZN4xlnt9worksheet7reserveEm
FN:1021,_ZNK4xlnt9worksheet13header_footerEv
FN:1026,_ZNK4xlnt9worksheet9point_posEii
FN:1047,_ZN4xlnt9worksheet11sheet_stateENS_11sheet_stateE
FN:1052,_ZNK4xlnt9worksheet11sheet_stateEv
FN:1057,_ZN4xlnt9worksheet21add_column_propertiesENS_8column_tERKNS_17column_propertiesE
FN:1062,_ZNK4xlnt9worksheet21has_column_propertiesENS_8column_tE
FN:1067,_ZN4xlnt9worksheet17column_propertiesENS_8column_tE
FN:1072,_ZNK4xlnt9worksheet17column_propertiesENS_8column_tE
FN:1077,_ZN4xlnt9worksheet14row_propertiesEj
FN:1082,_ZNK4xlnt9worksheet14row_propertiesEj
FN:1087,_ZN4xlnt9worksheet18add_row_propertiesEjRKNS_14row_propertiesE
FN:1092,_ZN4xlnt9worksheet5beginEv
FN:1097,_ZN4xlnt9worksheet3endEv
FN:1102,_ZNK4xlnt9worksheet6cbeginEv
FN:1107,_ZNK4xlnt9worksheet4cendEv
FN:1112,_ZNK4xlnt9worksheet5beginEv
FN:1117,_ZNK4xlnt9worksheet3endEv
FN:1122,_ZN4xlnt9worksheet16print_title_rowsEjj
FN:1127,_ZNK4xlnt9worksheet16print_title_rowsEv
FN:1132,_ZN4xlnt9worksheet16print_title_colsENS_8column_tES1_
FN:1137,_ZNK4xlnt9worksheet16print_title_colsEv
FN:1142,_ZNK4xlnt9worksheet16has_print_titlesEv
FN:1147,_ZN4xlnt9worksheet18clear_print_titlesEv
FN:1153,_ZN4xlnt9worksheet10print_areaERKNSt7__cxx1112basic_stringIcSt11char_traitsIcESaIcEEE
FN:1158,_ZNK4xlnt9worksheet10print_areaEv
FN:1163,_ZNK4xlnt9worksheet14has_print_areaEv
FN:1168,_ZN4xlnt9worksheet16clear_print_areaEv
FN:1173,_ZNK4xlnt9worksheet8has_viewEv
FN:1178,_ZNK4xlnt9worksheet4viewEm
FN:1183,_ZN4xlnt9worksheet8add_viewERKNS_10sheet_viewE
FN:1188,_ZN4xlnt9worksheet29register_comments_in_manifestEv
FN:1193,_ZN4xlnt9worksheet31register_calc_chain_in_manifestEv
FN:1198,_ZNK4xlnt9worksheet23has_phonetic_propertiesEv
FN:1203,_ZNK4xlnt9worksheet19phonetic_propertiesEv
FN:1208,_ZN4xlnt9worksheet19phonetic_propertiesERKNS_11phonetic_prE
FN:1213,_ZNK4xlnt9worksheet17has_header_footerEv
FN:1218,_ZN4xlnt9worksheet13header_footerERKNS_13header_footerE
FN:1223,_ZN4xlnt9worksheet17clear_page_breaksEv
FN:1229,_ZN4xlnt9worksheet17page_break_at_rowEj
FN:1234,_ZNK4xlnt9worksheet15page_break_rowsEv
FN:1239,_ZN4xlnt9worksheet20page_break_at_columnENS_8column_tE
FN:1244,_ZNK4xlnt9worksheet18page_break_columnsEv
FN:1249,_ZNK4xlnt9worksheet12column_widthENS_8column_tE
FN:1263,_ZNK4xlnt9worksheet10row_heightEj
FN:1277,_ZN4xlnt9worksheet24garbage_collect_formulaeEv
FN:1282,_ZN4xlnt9worksheet6parentERNS_8workbookE
FN:1287,_ZN4xlnt9worksheet18conditional_formatERKNS_15range_referenceERKNS_9conditionE
FN:1292,_ZNK4xlnt9worksheet4pathEv
FN:1298,_ZNK4xlnt9worksheet22referring_relationshipEv
FN:1309,_ZNK4xlnt9worksheet17format_propertiesEv
FN:1314,_ZN4xlnt9worksheet17format_propertiesERKNS_23sheet_format_propertiesE
FN:1319,_ZNK4xlnt9worksheet11has_drawingEv
FN:1324,_ZNK4xlnt9worksheet8is_emptyEv
FNDA:1,_ZNK4xlnt9worksheetneERKS0_
FNDA:56,_ZNK4xlnt9worksheet18page_break_columnsEv
FNDA:2,_ZN4xlnt9worksheet14unfreeze_panesEv
FNDA:0,_ZN4xlnt9worksheet17clear_auto_filterEv
FNDA:9,_ZN4xlnt9worksheet10move_cellsEjjNS_12row_or_col_tEb
FNDA:34,_ZN4xlnt9worksheet29register_comments_in_manifestEv
FNDA:71,_ZNK4xlnt9worksheet10page_setupEv
FNDA:22,_ZN4xlnt9worksheet5rangeERKNSt7__cxx1112basic_stringIcSt11char_traitsIcESaIcEEE
FNDA:2,_ZN4xlnt9worksheet16print_title_rowsEjj
FNDA:6,_ZNK4xlnt9worksheet4rowsEb
FNDA:175,_ZNK4xlnt9worksheet19calculate_dimensionEbb
FNDA:52,_ZN12_GLOBAL__N_116points_to_pixelsEdd
FNDA:56,_ZNK4xlnt9worksheet23has_phonetic_propertiesEv
FNDA:8,_ZN4xlnt9worksheet12freeze_panesERKNS_14cell_referenceE
FNDA:3,_ZNK4xlnt9worksheet11has_drawingEv
FNDA:0,_ZNK4xlnt9worksheetneEDn
FNDA:17,_ZN4xlnt9worksheet31register_calc_chain_in_manifestEv
FNDA:17,_ZNK4xlnt9worksheet10row_heightEj
FNDA:0,_ZN4xlnt9worksheet20page_break_at_columnENS_8column_tE
FNDA:56,_ZNK4xlnt9worksheet15page_break_rowsEv
FNDA:57,_ZNK4xlnt9worksheet23highest_column_or_propsEv
FNDA:62,_ZNK4xlnt9worksheet14highest_columnEv
FNDA:1,_ZNK4xlnt9worksheet5rangeERKNS_15range_referenceE
FNDA:2,_ZN4xlnt9worksheet10print_areaERKNSt7__cxx1112basic_stringIcSt11char_traitsIcESaIcEEE
FNDA:2,_ZN4xlnt9worksheet14insert_columnsENS_8column_tEj
FNDA:2,_ZN4xlnt9worksheet11auto_filterERKNS_15range_referenceE
FNDA:10,_ZNK4xlnt9worksheet16print_title_rowsEv
FNDA:4425,_ZN4xlnt9worksheetC2ERKS0_
FNDA:6,_ZN4xlnt9worksheetC2Ev
FNDA:25,_ZN4xlnt9worksheet10page_setupERKNS_10page_setupE
FNDA:56,_ZNK4xlnt9worksheet17format_propertiesEv
FNDA:2,_ZN4xlnt9worksheet14delete_columnsENS_8column_tEj
FNDA:1,_ZNK4xlnt9worksheet5rangeERKNSt7__cxx1112basic_stringIcSt11char_traitsIcESaIcEEE
FNDA:23,_ZN4xlnt9worksheet4cellENS_8column_tEj
FNDA:2,_ZNK4xlnt9worksheet11active_cellEv
FNDA:115,_ZNK4xlnt9worksheet15has_auto_filterEv
FNDA:2,_ZN4xlnt9worksheet6parentERNS_8workbookE
FNDA:1400,_ZN4xlnt9worksheet14row_propertiesEj
FNDA:4,_ZNK4xlnt9worksheet10print_areaEv
FNDA:0,_ZN4xlnt9worksheet11sheet_stateENS_11sheet_stateE
FNDA:67,_ZNK4xlnt9worksheet13merged_rangesEv
FNDA:0,_ZNK4xlnt9worksheet11named_rangeERKNSt7__cxx1112basic_stringIcSt11char_traitsIcESaIcEEE
FNDA:3,_ZN4xlnt9worksheet5beginEv
FNDA:57,_ZNK4xlnt9worksheet22lowest_column_or_propsEv
FNDA:0,_ZNK4xlnt9worksheetixERKNS_14cell_referenceE
FNDA:3,_ZNK4xlnt9worksheet11auto_filterEv
FNDA:2091,_ZNK4xlnt9worksheet7compareERKS0_b
FNDA:0,_ZN4xlnt9worksheet16clear_print_areaEv
FNDA:0,_ZNK4xlnt9worksheet4cellENS_8column_tEj
FNDA:2,_ZNK4xlnt9worksheet3endEv
FNDA:0,_ZN4xlnt9worksheet17page_break_at_rowEj
FNDA:0,_ZNK4xlnt9worksheet8next_rowEv
FNDA:2,_ZN4xlnt9worksheet18remove_named_rangeERKNSt7__cxx1112basic_stringIcSt11char_traitsIcESaIcEEE
FNDA:0,_ZNK4xlnt9worksheet17column_propertiesENS_8column_tE
FNDA:1201,_ZNK4xlnt9worksheet5titleB5cxx11Ev
FNDA:244,_ZNK4xlnt9worksheet14has_page_setupEv
FNDA:57,_ZNK4xlnt9worksheet17has_header_footerEv
FNDA:1,_ZN4xlnt9worksheet15garbage_collectEv
FNDA:3008,_ZNK4xlnt9worksheet18has_row_propertiesEj
FNDA:11052,_ZN4xlnt9worksheet8workbookEv
FNDA:35,_ZNK4xlnt9worksheet12column_widthENS_8column_tE
FNDA:71,_ZNK4xlnt9worksheet8has_viewEv
FNDA:1,_ZNK4xlnt9worksheet9point_posEii
FNDA:43619,_ZN4xlnt9worksheet21add_column_propertiesENS_8column_tERKNS_17column_propertiesE
FNDA:21,_ZNK4xlnt9worksheet13header_footerEv
FNDA:1601,_ZNK4xlnt9worksheet21has_column_propertiesENS_8column_tE
FNDA:0,_ZNK4xlnt9worksheeteqEDn
FNDA:301,_ZNK4xlnt9worksheet12page_marginsEv
FNDA:60,_ZNK4xlnt9worksheet15has_named_rangeERKNSt7__cxx1112basic_stringIcSt11char_traitsIcESaIcEEE
FNDA:13483,_ZN4xlnt9worksheetC2EPNS_6detail14worksheet_implE
FNDA:57,_ZNK4xlnt9worksheet19lowest_row_or_propsEv
FNDA:14,_ZNK4xlnt9worksheet14row_propertiesEj
FNDA:40,_ZN4xlnt9worksheet5rangeERKNS_15range_referenceE
FNDA:18,_ZN4xlnt9worksheet24garbage_collect_formulaeEv
FNDA:68,_ZNK4xlnt9worksheet4viewEm
FNDA:85,_ZNK4xlnt9worksheet10lowest_rowEv
FNDA:4,_ZNK4xlnt9worksheet19phonetic_propertiesEv
FNDA:18,_ZN4xlnt9worksheet13header_footerERKNS_13header_footerE
FNDA:0,_ZNK4xlnt9worksheet8is_emptyEv
FNDA:16,_ZN4xlnt9worksheet7columnsEb
FNDA:36,_ZNK4xlnt9worksheet4cellERKNS_14cell_referenceE
FNDA:53,_ZNK4xlnt9worksheet22referring_relationshipEv
FNDA:23449,_ZN4xlnt9worksheet4cellERKNS_14cell_referenceE
FNDA:109,_ZN4xlnt9worksheetixERKNS_14cell_referenceE
FNDA:57,_ZNK4xlnt9worksheet16has_page_marginsEv
FNDA:3,_ZN4xlnt9worksheet3endEv
FNDA:2,_ZN4xlnt9worksheet13unmerge_cellsERKNS_15range_referenceE
FNDA:59,_ZNK4xlnt9worksheet14has_print_areaEv
FNDA:1,_ZN4xlnt9worksheet7reserveEm
FNDA:2,_ZNK4xlnt9worksheet4cendEv
FNDA:0,_ZN4xlnt9worksheet11auto_filterERKNS_5rangeE
FNDA:7,_ZN4xlnt9worksheet10clear_cellERKNS_14cell_referenceE
FNDA:2,_ZN4xlnt9worksheet13unmerge_cellsERKNSt7__cxx1112basic_stringIcSt11char_traitsIcESaIcEEE
FNDA:1,_ZN4xlnt9worksheet18conditional_formatERKNS_15range_referenceERKNS_9conditionE
FNDA:2,_ZNK4xlnt9worksheet6cbeginEv
FNDA:268,_ZNK4xlnt9worksheet2idEv
FNDA:2,_ZN4xlnt9worksheet16print_title_colsENS_8column_tES1_
FNDA:2,_ZN4xlnt9worksheet11delete_rowsEjj
FNDA:251,_ZN4xlnt9worksheet8add_viewERKNS_10sheet_viewE
FNDA:3,_ZN4xlnt9worksheet11insert_rowsEjj
FNDA:0,_ZN4xlnt9worksheet2idEm
FNDA:2,_ZN4xlnt9worksheet12freeze_panesENS_4cellE
FNDA:14336,_ZNK4xlnt9worksheet8has_cellERKNS_14cell_referenceE
FNDA:0,_ZN4xlnt9worksheet18clear_print_titlesEv
FNDA:6,_ZN4xlnt9worksheetaSERKS0_
FNDA:61,_ZNK4xlnt9worksheet13lowest_columnEv
FNDA:1,_ZN4xlnt9worksheet9clear_rowEj
FNDA:2089,_ZNK4xlnt9worksheeteqERKS0_
FNDA:6,_ZN4xlnt9worksheet18create_named_rangeERKNSt7__cxx1112basic_stringIcSt11char_traitsIcESaIcEEES8_
FNDA:321,_ZNK4xlnt9worksheet8workbookEv
FNDA:48,_ZZN4xlnt9worksheet10move_cellsEjjNS_12row_or_col_tEbENKUlRNS_14cell_referenceEE_clES3_
FNDA:2,_ZNK4xlnt9worksheet5beginEv
FNDA:0,_ZN4xlnt9worksheet17clear_page_breaksEv
FNDA:1354,_ZN4xlnt9worksheet17column_propertiesENS_8column_tE
FNDA:14,_ZN4xlnt9worksheet18add_row_propertiesEjRKNS_14row_propertiesE
FNDA:41,_ZN4xlnt9worksheet4rowsEb
FNDA:2,_ZNK4xlnt9worksheet7columnsEb
FNDA:1,_ZN4xlnt9worksheet11auto_filterERKNSt7__cxx1112basic_stringIcSt11char_traitsIcESaIcEEE
FNDA:59,_ZNK4xlnt9worksheet16has_print_titlesEv
FNDA:10,_ZNK4xlnt9worksheet16print_title_colsEv
FNDA:2,_ZNK4xlnt9worksheet12frozen_panesEv
FNDA:12,_ZN4xlnt9worksheet11merge_cellsERKNS_15range_referenceE
FNDA:1,_ZN4xlnt9worksheet11active_cellERKNS_14cell_referenceE
FNDA:353,_ZN4xlnt9worksheet12page_marginsERKNS_12page_marginsE
FNDA:0,_ZN4xlnt9worksheet19phonetic_propertiesERKNS_11phonetic_prE
FNDA:12,_ZN4xlnt9worksheet18create_named_rangeERKNSt7__cxx1112basic_stringIcSt11char_traitsIcESaIcEEERKNS_15range_referenceE
FNDA:57,_ZNK4xlnt9worksheet20highest_row_or_propsEv
FNDA:8,_ZNK4xlnt9worksheet11sheet_stateEv
FNDA:4,_ZNK4xlnt9worksheet16has_frozen_panesEv
FNDA:51,_ZNK4xlnt9worksheet4pathEv
FNDA:3,_ZNK4xlnt9worksheet15has_active_cellEv
FNDA:10,_ZN4xlnt9worksheet11merge_cellsERKNSt7__cxx1112basic_stringIcSt11char_traitsIcESaIcEEE
FNDA:9,_ZN4xlnt9worksheet11named_rangeERKNSt7__cxx1112basic_stringIcSt11char_traitsIcESaIcEEE
FNDA:91,_ZNK4xlnt9worksheet11highest_rowEv
FNDA:3,_ZN4xlnt9worksheet17format_propertiesERKNS_23sheet_format_propertiesE
FNDA:37,_ZN4xlnt9worksheet5titleERKNSt7__cxx1112basic_stringIcSt11char_traitsIcESaIcEEE
FNF:136
FNH:118
DA:57,52
DA:59,52
DA:66,6
DA:67,6
DA:69,6
DA:71,13483
DA:72,13483
DA:74,13483
DA:76,4425
DA:77,4425
DA:79,4425
DA:81,4
DA:83,8
DA:84,8
DA:85,4
DA:88,6
DA:90,6
DA:91,4
DA:93,12
DA:97,12
DA:101,4
DA:103,2
DA:105,4
DA:106,10
DA:109,8
DA:111,10
DA:112,10
DA:114,10
DA:115,10
DA:117,109
DA:119,109
DA:122,67
DA:124,67
DA:127,57
DA:129,57
DA:132,244
DA:134,244
DA:137,301
DA:139,301
DA:142,353
DA:144,353
DA:145,353
DA:147,1
DA:149,1
DA:150,1
DA:152,2
DA:154,2
DA:155,2
DA:157,0
DA:159,0
DA:160,0
DA:162,3
DA:164,3
DA:167,115
DA:169,115
DA:172,0
DA:174,0
DA:175,0
DA:177,25
DA:179,25
DA:180,25
DA:182,71
DA:184,71
DA:186,0
DA:189,71
DA:192,11052
DA:194,11052
DA:197,321
DA:199,321
DA:202,1
DA:204,1
DA:206,2
DA:208,1
DA:210,0
DA:214,1
DA:217,1
DA:219,0
DA:221,0
DA:222,0
DA:224,268
DA:226,268
DA:229,1201
DA:231,1201
DA:234,37
DA:237,37
DA:239,6
DA:242,31
DA:244,2
DA:247,28
DA:249,7
DA:253,42
DA:254,42
DA:255,21
DA:257,2
DA:261,19
DA:262,19
DA:264,19
DA:267,2
DA:269,2
DA:271,0
DA:274,2
DA:277,2
DA:279,2
DA:280,2
DA:282,8
DA:284,8
DA:286,1
DA:287,1
DA:289,7
DA:291,0
DA:294,7
DA:295,7
DA:297,7
DA:300,7
DA:301,7
DA:303,7
DA:304,7
DA:306,1
DA:307,1
DA:308,1
DA:310,6
DA:312,1
DA:313,1
DA:314,1
DA:318,5
DA:319,5
DA:320,5
DA:321,5
DA:322,5
DA:323,5
DA:327,2
DA:329,2
DA:331,2
DA:333,2
DA:334,2
DA:337,1
DA:339,1
DA:341,0
DA:344,1
DA:346,1
DA:348,1
DA:352,0
DA:354,1
DA:356,3
DA:358,3
DA:359,3
DA:360,3
DA:361,2
DA:363,2
DA:364,2
DA:366,2
DA:368,2
DA:370,0
DA:373,2
DA:375,2
DA:377,0
DA:380,2
DA:383,23449
DA:385,23449
DA:386,23449
DA:388,11365
DA:389,11365
DA:390,11365
DA:391,11365
DA:393,11365
DA:394,11365
DA:395,23449
DA:398,36
DA:400,36
DA:403,23
DA:405,23
DA:408,0
DA:410,0
DA:413,14336
DA:415,14336
DA:416,14336
DA:419,3008
DA:421,3008
DA:424,9
DA:426,9
DA:428,1
DA:431,8
DA:433,1
DA:436,7
DA:439,0
DA:441,0
DA:443,0
DA:446,0
DA:448,0
DA:451,0
DA:454,61
DA:456,61
DA:458,20
DA:461,41
DA:463,11263
DA:465,11222
DA:468,41
DA:471,57
DA:473,57
DA:475,57
DA:477,1
DA:480,1391
DA:482,1334
DA:485,57
DA:488,85
DA:490,85
DA:492,34
DA:495,51
DA:497,21743
DA:499,21692
DA:502,51
DA:505,57
DA:507,57
DA:509,57
DA:511,1
DA:514,1341
DA:516,1284
DA:519,57
DA:522,91
DA:524,91
DA:526,22341
DA:528,22250
DA:531,91
DA:534,57
DA:536,57
DA:538,57
DA:540,1
DA:543,1341
DA:545,1284
DA:548,57
DA:551,62
DA:553,62
DA:555,11285
DA:557,11223
DA:560,62
DA:563,57
DA:565,57
DA:567,57
DA:569,1
DA:572,1391
DA:574,1334
DA:577,57
DA:580,175
DA:586,175
DA:589,29
DA:594,146
DA:595,146
DA:596,146
DA:598,2841
DA:600,2740
DA:601,2734
DA:603,2740
DA:606,146
DA:609,0
DA:612,146
DA:613,146
DA:614,146
DA:615,146
DA:616,23620
DA:618,23474
DA:619,23429
DA:620,23429
DA:622,23474
DA:623,23474
DA:625,146
DA:628,22
DA:630,22
DA:632,3
DA:635,19
DA:638,1
DA:640,1
DA:642,0
DA:645,1
DA:648,40
DA:650,40
DA:653,1
DA:655,1
DA:658,10
DA:660,10
DA:661,10
DA:663,2
DA:665,2
DA:666,1
DA:668,12
DA:670,12
DA:671,12
DA:673,154
DA:675,831
DA:677,760
DA:679,760
DA:681,748
DA:683,1
DA:687,747
DA:691,760
DA:693,12
DA:694,12
DA:696,2
DA:698,2
DA:700,2
DA:702,1
DA:705,1
DA:707,9
DA:709,36
DA:711,16
DA:713,1
DA:714,1
DA:716,0
DA:718,0
DA:720,0
DA:722,0
DA:725,0
DA:728,41
DA:730,41
DA:733,6
DA:735,6
DA:738,16
DA:740,16
DA:743,2
DA:745,2
DA:764,7
DA:766,7
DA:768,7
DA:770,1
DA:772,141
DA:774,140
DA:776,4
DA:780,136
DA:783,1
DA:785,1
DA:787,3
DA:789,3
DA:790,2
DA:792,2
DA:794,2
DA:795,2
DA:797,2
DA:799,2
DA:800,2
DA:802,2
DA:804,2
DA:805,2
DA:807,9
DA:809,9
DA:811,0
DA:814,9
DA:816,3
DA:819,8
DA:821,8
DA:822,96
DA:825,88
DA:827,44
DA:828,44
DA:829,44
DA:830,44
DA:831,44
DA:832,44
DA:833,0
DA:834,0
DA:837,88
DA:839,40
DA:840,40
DA:842,24
DA:844,16
DA:846,16
DA:849,40
DA:850,40
DA:851,40
DA:852,48
DA:854,16
DA:858,32
DA:862,48
DA:864,40
DA:867,8
DA:869,4
DA:871,4
DA:872,10
DA:874,6
DA:875,6
DA:877,2
DA:878,2
DA:879,2
DA:881,4
DA:883,2
DA:887,2
DA:891,6
DA:893,2
DA:895,4
DA:896,4
DA:898,4
DA:900,4
DA:901,10
DA:903,6
DA:904,6
DA:906,2
DA:907,2
DA:908,2
DA:910,4
DA:912,2
DA:916,2
DA:920,6
DA:922,2
DA:924,4
DA:927,48
DA:928,48
DA:929,48
DA:931,28
DA:932,28
DA:934,18
DA:936,10
DA:938,10
DA:941,48
DA:943,32
DA:945,24
DA:946,24
DA:948,24
DA:949,24
DA:951,24
DA:952,24
DA:954,16
DA:957,8
DA:959,2089
DA:961,2089
DA:964,2091
DA:966,2091
DA:968,2089
DA:972,2
DA:976,1
DA:978,1
DA:981,0
DA:983,0
DA:986,0
DA:988,0
DA:991,6
DA:993,6
DA:994,6
DA:996,0
DA:998,0
DA:1001,60
DA:1003,60
DA:1006,2
DA:1008,2
DA:1010,1
DA:1013,1
DA:1014,1
DA:1016,1
DA:1018,1
DA:1019,1
DA:1021,21
DA:1023,21
DA:1026,1
DA:1028,1
DA:1029,1
DA:1031,1
DA:1032,1
DA:1034,2
DA:1036,1
DA:1039,2
DA:1041,1
DA:1044,1
DA:1047,0
DA:1049,0
DA:1050,0
DA:1052,8
DA:1054,8
DA:1057,43619
DA:1059,43619
DA:1060,43619
DA:1062,1601
DA:1064,1601
DA:1067,1354
DA:1069,1354
DA:1072,0
DA:1074,0
DA:1077,1400
DA:1079,1400
DA:1082,14
DA:1084,14
DA:1087,14
DA:1089,14
DA:1090,14
DA:1092,3
DA:1094,3
DA:1097,3
DA:1099,3
DA:1102,2
DA:1104,2
DA:1107,2
DA:1109,2
DA:1112,2
DA:1114,2
DA:1117,2
DA:1119,2
DA:1122,2
DA:1124,2
DA:1125,2
DA:1127,10
DA:1129,10
DA:1132,2
DA:1134,2
DA:1135,2
DA:1137,10
DA:1139,10
DA:1142,59
DA:1144,59
DA:1147,0
DA:1149,0
DA:1150,0
DA:1151,0
DA:1153,2
DA:1155,2
DA:1156,2
DA:1158,4
DA:1160,4
DA:1163,59
DA:1165,59
DA:1168,0
DA:1170,0
DA:1173,71
DA:1175,71
DA:1178,68
DA:1180,68
DA:1183,251
DA:1185,251
DA:1186,251
DA:1188,34
DA:1190,34
DA:1191,34
DA:1193,17
DA:1195,17
DA:1196,17
DA:1198,56
DA:1200,56
DA:1203,4
DA:1205,4
DA:1208,0
DA:1210,0
DA:1211,0
DA:1213,57
DA:1215,57
DA:1218,18
DA:1220,18
DA:1221,18
DA:1223,0
DA:1225,0
DA:1226,0
DA:1227,0
DA:1229,0
DA:1231,0
DA:1232,0
DA:1234,56
DA:1236,56
DA:1239,0
DA:1241,0
DA:1242,0
DA:1244,56
DA:1246,56
DA:1249,35
DA:1253,35
DA:1255,0
DA:1259,35
DA:1263,17
DA:1267,17
DA:1269,0
DA:1273,17
DA:1277,18
DA:1279,18
DA:1280,18
DA:1282,2
DA:1284,2
DA:1285,2
DA:1287,1
DA:1289,1
DA:1292,51
DA:1294,51
DA:1295,102
DA:1296,51
DA:1298,53
DA:1300,53
DA:1301,53
DA:1302,106
DA:1303,53
DA:1304,106
DA:1305,53
DA:1306,53
DA:1307,53
DA:1309,56
DA:1311,56
DA:1314,3
DA:1316,3
DA:1317,3
DA:1319,3
DA:1321,3
DA:1324,0
DA:1326,0
LF:594
LH:525
end_of_record
