TN:
SF:/root/project/include/xlnt/cell/cell_reference.hpp
FNL:0,265,270
FNA:0,19015,_ZNKSt4hashIN4xlnt14cell_referenceEEclERKS1_
FNF:1
FNH:1
BRDA:269,0,0,19015
BRDA:269,0,2,19015
BRF:2
BRH:2
DA:265,19015
DA:269,19015
LF:2
LH:2
end_of_record
TN:
SF:/root/project/include/xlnt/cell/comment.hpp
FNF:0
FNH:0
LF:0
LH:0
end_of_record
TN:
SF:/root/project/include/xlnt/cell/index_types.hpp
FNL:0,302,306
FNA:0,95523,_ZNKSt4hashIN4xlnt8column_tEEclERKS1_
FNF:1
FNH:1
DA:302,95523
DA:305,95523
LF:2
LH:2
end_of_record
TN:
SF:/root/project/include/xlnt/cell/phonetic_run.hpp
FNF:0
FNH:0
LF:0
LH:0
end_of_record
TN:
SF:/root/project/include/xlnt/cell/rich_text.hpp
FNL:0,169,179
FNA:0,1250,_ZNK4xlnt14rich_text_hashclERKNS_9rich_textE
FNL:1,47,47
FNA:1,2323,_ZN4xlnt9rich_textC2Ev
FNF:2
FNH:2
BRDA:173,0,0,1250
BRDA:173,0,2,1271
BRDA:173,0,4,1271
BRDA:173,0,5,1250
BRF:4
BRH:4
DA:47,2323
DA:169,1250
DA:171,1250
DA:173,2521
DA:175,1271
DA:176,2521
DA:178,1250
LF:7
LH:7
end_of_record
TN:
SF:/root/project/include/xlnt/cell/rich_text_run.hpp
FNF:0
FNH:0
LF:0
LH:0
end_of_record
TN:
SF:/root/project/include/xlnt/drawing/spreadsheet_drawing.hpp
FNF:0
FNH:0
LF:0
LH:0
end_of_record
TN:
SF:/root/project/include/xlnt/internal/format_impl_ptr.hpp
FNL:0,34,34
FNA:0,1803,_ZN4xlnt6detail15format_impl_ptrC2Ev
FNL:1,35,35
FNA:1,2024,_ZN4xlnt6detail15format_impl_ptrC2ERKS1_
FNL:2,36,36
FNA:2,4057,_ZN4xlnt6detail15format_impl_ptrC2EOS1_
FNL:3,37,37
FNA:3,2492,_ZN4xlnt6detail15format_impl_ptrC2EPNS0_11format_implE
FNL:4,38,38
FNA:4,10375,_ZN4xlnt6detail15format_impl_ptrD2Ev
FNL:5,40,49
FNA:5,436,_ZN4xlnt6detail15format_impl_ptraSERKS1_
FNL:6,51,57
FNA:6,2106,_ZN4xlnt6detail15format_impl_ptraSEOS1_
FNL:7,61,61
FNA:7,1989,_ZNK4xlnt6detail15format_impl_ptr6is_setEv
FNL:8,62,62
FNA:8,2,_ZN4xlnt6detail15format_impl_ptr5clearEv
FNL:9,64,64
FNA:9,5842,_ZNK4xlnt6detail15format_impl_ptr3getEv
FNL:10,65,65
FNA:10,3346,_ZNK4xlnt6detail15format_impl_ptrptEv
FNL:11,66,66
FNA:11,2483,_ZNK4xlnt6detail15format_impl_ptrcvPNS0_11format_implEEv
FNF:12
FNH:12
BRDA:42,0,0,1
BRDA:42,0,1,435
BRDA:62,0,0,2
BRDA:62,0,2,2
BRF:4
BRH:4
DA:34,1803
DA:35,2024
DA:36,4057
DA:37,2492
DA:38,10375
DA:40,436
DA:42,436
DA:43,1
DA:45,435
DA:46,435
DA:47,435
DA:48,435
DA:51,2106
DA:53,2106
DA:54,2106
DA:55,2106
DA:56,2106
DA:61,1989
DA:62,2
DA:64,5842
DA:65,3346
DA:66,2483
LF:22
LH:22
end_of_record
TN:
SF:/root/project/include/xlnt/packaging/ext_list.hpp
FNL:0,77,81
FNA:0,0,_ZN4xlnteqERKNS_8ext_list3extES3_
FNF:1
FNH:0
BRDA:80,0,0,-
BRDA:80,0,1,-
BRDA:80,0,2,-
BRDA:80,0,3,-
BRF:4
BRH:0
DA:77,0
DA:79,0
DA:80,0
LF:3
LH:0
end_of_record
TN:
SF:/root/project/include/xlnt/packaging/manifest.hpp
FNF:0
FNH:0
LF:0
LH:0
end_of_record
TN:
SF:/root/project/include/xlnt/packaging/relationship.hpp
FNF:0
FNH:0
LF:0
LH:0
end_of_record
TN:
SF:/root/project/include/xlnt/packaging/uri.hpp
FNF:0
FNH:0
LF:0
LH:0
end_of_record
TN:
SF:/root/project/include/xlnt/styles/alignment.hpp
FNF:0
FNH:0
LF:0
LH:0
end_of_record
TN:
SF:/root/project/include/xlnt/styles/border.hpp
FNF:0
FNH:0
LF:0
LH:0
end_of_record
TN:
SF:/root/project/include/xlnt/styles/color.hpp
FNL:0,360,395
FNA:0,45,_ZNKSt4hashIN4xlnt5colorEEclERKS1_
FNF:1
FNH:1
BRDA:365,0,0,45
BRDA:368,0,0,45
BRDA:371,0,0,45
BRDA:371,0,2,8
BRDA:371,0,3,37
BRDA:373,0,0,8
BRDA:376,0,0,45
BRDA:376,0,2,6
BRDA:376,0,3,6
BRDA:376,0,4,33
BRDA:376,0,5,0
BRDA:379,0,0,6
BRDA:379,0,2,6
BRDA:382,0,0,6
BRDA:382,0,2,6
BRDA:386,0,0,33
BRDA:387,0,0,33
BRDA:388,0,0,33
BRDA:389,0,0,33
BRDA:390,0,0,33
BRF:20
BRH:19
DA:360,45
DA:362,45
DA:365,45
DA:368,45
DA:371,45
DA:373,8
DA:376,45
DA:378,6
DA:379,6
DA:380,6
DA:381,6
DA:382,6
DA:383,6
DA:384,33
DA:386,33
DA:387,33
DA:388,33
DA:389,33
DA:390,33
DA:391,33
DA:394,45
LF:21
LH:21
end_of_record
TN:
SF:/root/project/include/xlnt/styles/conditional_format.hpp
FNL:0,56,59
FNA:0,0,_ZNK4xlnt9conditioneqERKS0_
FNF:1
FNH:0
DA:56,0
DA:58,0
LF:2
LH:0
end_of_record
TN:
SF:/root/project/include/xlnt/styles/fill.hpp
FNF:0
FNH:0
LF:0
LH:0
end_of_record
TN:
SF:/root/project/include/xlnt/styles/font.hpp
FNL:0,342,393
FNA:0,72,_ZNKSt4hashIN4xlnt4fontEEclERKS1_
FNF:1
FNH:1
BRDA:347,0,0,72
BRDA:347,0,2,41
BRDA:347,0,3,31
BRDA:349,0,0,41
BRDA:353,0,0,72
BRDA:353,0,2,41
BRDA:353,0,3,31
BRDA:355,0,0,41
BRDA:359,0,0,72
BRDA:360,0,0,72
BRDA:361,0,0,72
BRDA:362,0,0,72
BRDA:363,0,0,72
BRDA:364,0,0,72
BRDA:365,0,0,72
BRDA:366,0,0,72
BRDA:369,0,0,72
BRDA:369,0,2,1
BRDA:369,0,3,71
BRDA:371,0,0,1
BRDA:375,0,0,72
BRDA:375,0,2,1
BRDA:375,0,3,71
BRDA:377,0,0,1
BRDA:377,0,2,1
BRDA:381,0,0,72
BRDA:381,0,2,3
BRDA:381,0,3,69
BRDA:383,0,0,3
BRDA:387,0,0,72
BRDA:387,0,2,1
BRDA:387,0,3,71
BRDA:389,0,0,1
BRF:33
BRH:33
DA:342,72
DA:344,72
DA:347,72
DA:349,41
DA:353,72
DA:355,41
DA:359,72
DA:360,72
DA:361,72
DA:362,72
DA:363,72
DA:364,72
DA:365,72
DA:366,72
DA:369,72
DA:371,1
DA:375,72
DA:377,1
DA:381,72
DA:383,3
DA:387,72
DA:389,1
DA:392,72
LF:23
LH:23
end_of_record
TN:
SF:/root/project/include/xlnt/styles/format.hpp
FNF:0
FNH:0
LF:0
LH:0
end_of_record
TN:
SF:/root/project/include/xlnt/styles/number_format.hpp
FNF:0
FNH:0
LF:0
LH:0
end_of_record
TN:
SF:/root/project/include/xlnt/utils/date.hpp
FNL:0,59,59
FNA:0,0,_ZN4xlnt4dateC2Ev
FNL:1,95,98
FNA:1,100,_ZNK4xlnt4date7is_nullEv
FNF:2
FNH:1
DA:59,0
DA:95,100
DA:97,100
LF:3
LH:2
end_of_record
TN:
SF:/root/project/include/xlnt/utils/exceptions.hpp
FNF:0
FNH:0
LF:0
LH:0
end_of_record
TN:
SF:/root/project/include/xlnt/utils/hash_combine.hpp
FNL:0,37,41
FNA:0,1,_ZN4xlnt6detail12hash_combineINS_5colorEEEvRmRKT_
FNA:0,42,_ZN4xlnt6detail12hash_combineINSt7__cxx1112basic_stringIcSt11char_traitsIcESaIcEEEEEvRmRKT_
FNA:0,549,_ZN4xlnt6detail12hash_combineIbEEvRmRKT_
FNA:0,49,_ZN4xlnt6detail12hash_combineIdEEvRmRKT_
FNA:0,132,_ZN4xlnt6detail12hash_combineIhEEvRmRKT_
FNA:0,117,_ZN4xlnt6detail12hash_combineIiEEvRmRKT_
FNA:0,16,_ZN4xlnt6detail12hash_combineImEEvRmRKT_
FNF:1
FNH:1
BRDA:40,0,0,1
BRF:1
BRH:1
DA:37,906
DA:40,906
DA:41,906
LF:3
LH:3
end_of_record
TN:
SF:/root/project/include/xlnt/utils/numeric.hpp
FNL:0,41,44
FNA:0,12583,_ZN4xlnt6detail3absIdEET_S2_
FNA:0,8,_ZN4xlnt6detail3absIfEET_S2_
FNA:0,3,_ZN4xlnt6detail3absIiEET_S2_
FNL:1,50,53
FNA:1,12580,_ZN4xlnt6detail3maxIddEENSt11common_typeIJT_T0_EE4typeES3_S4_
FNA:1,3,_ZN4xlnt6detail3maxIdiEENSt11common_typeIJT_T0_EE4typeES3_S4_
FNA:1,8,_ZN4xlnt6detail3maxIffEENSt11common_typeIJT_T0_EE4typeES3_S4_
FNA:1,3,_ZN4xlnt6detail3maxIidEENSt11common_typeIJT_T0_EE4typeES3_S4_
FNA:1,6,_ZN4xlnt6detail3maxIiiEENSt11common_typeIJT_T0_EE4typeES3_S4_
FNL:2,59,62
FNA:2,3,_ZN4xlnt6detail3minIdiEENSt11common_typeIJT_T0_EE4typeES3_S4_
FNA:2,3,_ZN4xlnt6detail3minIidEENSt11common_typeIJT_T0_EE4typeES3_S4_
FNA:2,6,_ZN4xlnt6detail3minIiiEENSt11common_typeIJT_T0_EE4typeES3_S4_
FNL:3,75,103
FNA:3,4,_ZN4xlnt6detail12float_equalsIdddEEbRKT0_RKT1_i
FNA:3,9,_ZN4xlnt6detail12float_equalsIddfEEbRKT0_RKT1_i
FNA:3,6272,_ZN4xlnt6detail12float_equalsIfddEEbRKT0_RKT1_i
FNA:3,5,_ZN4xlnt6detail12float_equalsIfdfEEbRKT0_RKT1_i
FNA:3,4,_ZN4xlnt6detail12float_equalsIfffEEbRKT0_RKT1_i
FNF:4
FNH:4
BRDA:43,0,0,21
BRDA:43,0,1,12570
BRDA:52,0,0,100
BRDA:52,0,1,12500
BRDA:61,0,0,6
BRDA:61,0,1,6
BRDA:87,0,0,6294
BRDA:87,0,1,0
BRDA:87,0,2,0
BRDA:87,0,3,6294
BRDA:87,0,4,0
BRDA:87,0,5,6294
BRDA:102,0,0,6280
BRDA:102,0,1,14
BRDA:102,0,2,6273
BRDA:102,0,3,7
BRF:16
BRH:13
DA:41,12594
DA:43,12594
DA:50,12600
DA:52,12600
DA:59,12
DA:61,12
DA:75,6294
DA:87,6294
DA:89,0
DA:94,6294
DA:99,6294
DA:102,6294
LF:12
LH:11
end_of_record
TN:
SF:/root/project/include/xlnt/utils/optional.hpp
FNL:0,107,118
FNA:0,1,_ZN4xlnt8optionalIN12_GLOBAL__N_111alive_countEEC2ERKS3_
FNA:0,109,_ZN4xlnt8optionalINS_10paper_sizeEEC2ERKS2_
FNA:0,109,_ZN4xlnt8optionalINS_11orientationEEC2ERKS2_
FNA:0,156,_ZN4xlnt8optionalINS_11phonetic_pr13phonetic_typeEEC2ERKS3_
FNA:0,156,_ZN4xlnt8optionalINS_11phonetic_pr5alignEEC2ERKS3_
FNA:0,30751,_ZN4xlnt8optionalINS_12border_styleEEC2ERKS2_
FNA:0,782,_ZN4xlnt8optionalINS_14cell_referenceEEC2ERKS2_
FNA:0,679,_ZN4xlnt8optionalINS_18diagonal_directionEEC2ERKS2_
FNA:0,253,_ZN4xlnt8optionalINS_18vertical_alignmentEEC2ERKS2_
FNA:0,203,_ZN4xlnt8optionalINS_20horizontal_alignmentEEC2ERKS2_
FNA:0,9138,_ZN4xlnt8optionalINS_4fontEEC2ERKS2_
FNA:0,467,_ZN4xlnt8optionalINS_4paneEEC2ERKS2_
FNA:0,43181,_ZN4xlnt8optionalINS_5colorEEC2ERKS2_
FNA:0,23586,_ZN4xlnt8optionalINS_6border15border_propertyEEC2ERKS3_
FNA:0,1252,_ZN4xlnt8optionalINS_6detail14hyperlink_implEEC2ERKS3_
FNA:0,6140,_ZN4xlnt8optionalINSt7__cxx1112basic_stringIcSt11char_traitsIcESaIcEEEEC2ERKS7_
FNA:0,1252,_ZN4xlnt8optionalIPNS_7commentEEC2ERKS3_
FNA:0,10,_ZN4xlnt8optionalISt4pairINS_8column_tES2_EEC2ERKS4_
FNA:0,10,_ZN4xlnt8optionalISt4pairIjjEEC2ERKS3_
FNA:0,9149,_ZN4xlnt8optionalIbEC2ERKS1_
FNA:0,9324,_ZN4xlnt8optionalIdEC2ERKS1_
FNA:0,1302,_ZN4xlnt8optionalIiEC2ERKS1_
FNA:0,15005,_ZN4xlnt8optionalImEC2ERKS1_
FNL:1,124,136
FNA:1,1,_ZN4xlnt8optionalIN12_GLOBAL__N_111alive_countEEC2EOS3_
FNA:1,20,_ZN4xlnt8optionalINS_12border_styleEEC2EOS2_
FNA:1,9,_ZN4xlnt8optionalINS_14cell_referenceEEC2EOS2_
FNA:1,195,_ZN4xlnt8optionalINS_18diagonal_directionEEC2EOS2_
FNA:1,719,_ZN4xlnt8optionalINS_18vertical_alignmentEEC2EOS2_
FNA:1,719,_ZN4xlnt8optionalINS_20horizontal_alignmentEEC2EOS2_
FNA:1,42,_ZN4xlnt8optionalINS_4fontEEC2EOS2_
FNA:1,0,_ZN4xlnt8optionalINS_4paneEEC2EOS2_
FNA:1,2854,_ZN4xlnt8optionalINS_5colorEEC2EOS2_
FNA:1,1365,_ZN4xlnt8optionalINS_6border15border_propertyEEC2EOS3_
FNA:1,2035,_ZN4xlnt8optionalINS_6detail14hyperlink_implEEC2EOS3_
FNA:1,150,_ZN4xlnt8optionalINS_9rich_textEEC2EOS2_
FNA:1,13368,_ZN4xlnt8optionalINSt7__cxx1112basic_stringIcSt11char_traitsIcESaIcEEEEC2EOS7_
FNA:1,2035,_ZN4xlnt8optionalIPNS_7commentEEC2EOS3_
FNA:1,15404,_ZN4xlnt8optionalIbEC2EOS1_
FNA:1,20861,_ZN4xlnt8optionalIdEC2EOS1_
FNA:1,1440,_ZN4xlnt8optionalIiEC2EOS1_
FNA:1,18776,_ZN4xlnt8optionalImEC2EOS1_
FNL:2,142,153
FNA:2,1,_ZN4xlnt8optionalIN12_GLOBAL__N_111alive_countEEaSERKS3_
FNA:2,341,_ZN4xlnt8optionalINS_10page_setupEEaSERKS2_
FNA:2,0,_ZN4xlnt8optionalINS_10paper_sizeEEaSERKS2_
FNA:2,0,_ZN4xlnt8optionalINS_11orientationEEaSERKS2_
FNA:2,0,_ZN4xlnt8optionalINS_11phonetic_pr13phonetic_typeEEaSERKS3_
FNA:2,0,_ZN4xlnt8optionalINS_11phonetic_pr5alignEEaSERKS3_
FNA:2,7684,_ZN4xlnt8optionalINS_11phonetic_prEEaSERKS2_
FNA:2,0,_ZN4xlnt8optionalINS_12border_styleEEaSERKS2_
FNA:2,341,_ZN4xlnt8optionalINS_12page_marginsEEaSERKS2_
FNA:2,341,_ZN4xlnt8optionalINS_13header_footerEEaSERKS2_
FNA:2,341,_ZN4xlnt8optionalINS_13print_optionsEEaSERKS2_
FNA:2,198,_ZN4xlnt8optionalINS_13workbook_viewEEaSERKS2_
FNA:2,0,_ZN4xlnt8optionalINS_14cell_referenceEEaSERKS2_
FNA:2,682,_ZN4xlnt8optionalINS_15range_referenceEEaSERKS2_
FNA:2,0,_ZN4xlnt8optionalINS_4fontEEaSERKS2_
FNA:2,0,_ZN4xlnt8optionalINS_4paneEEaSERKS2_
FNA:2,5,_ZN4xlnt8optionalINS_5colorEEaSERKS2_
FNA:2,198,_ZN4xlnt8optionalINS_5themeEEaSERKS2_
FNA:2,198,_ZN4xlnt8optionalINS_6detail13workbook_impl14file_version_tEEaSERKS4_
FNA:2,43,_ZN4xlnt8optionalINS_6detail14hyperlink_implEEaSERKS3_
FNA:2,341,_ZN4xlnt8optionalINS_8ext_listEEaSERKS2_
FNA:2,341,_ZN4xlnt8optionalINS_8sheet_prEEaSERKS2_
FNA:2,1499,_ZN4xlnt8optionalINSt7__cxx1112basic_stringIcSt11char_traitsIcESaIcEEEEaSERKS7_
FNA:2,42,_ZN4xlnt8optionalIPNS_7commentEEaSERKS3_
FNA:2,341,_ZN4xlnt8optionalISt4pairINS_8column_tES2_EEaSERKS4_
FNA:2,341,_ZN4xlnt8optionalISt4pairIjjEEaSERKS3_
FNA:2,15868,_ZN4xlnt8optionalIbEaSERKS1_
FNA:2,94099,_ZN4xlnt8optionalIdEaSERKS1_
FNA:2,6,_ZN4xlnt8optionalIiEaSERKS1_
FNA:2,107821,_ZN4xlnt8optionalImEaSERKS1_
FNL:3,159,171
FNA:3,1,_ZN4xlnt8optionalIN12_GLOBAL__N_111alive_countEEaSEOS3_
FNA:3,0,_ZN4xlnt8optionalINS_12border_styleEEaSEOS2_
FNA:3,0,_ZN4xlnt8optionalINS_14cell_referenceEEaSEOS2_
FNA:3,0,_ZN4xlnt8optionalINS_18diagonal_directionEEaSEOS2_
FNA:3,0,_ZN4xlnt8optionalINS_18vertical_alignmentEEaSEOS2_
FNA:3,0,_ZN4xlnt8optionalINS_20horizontal_alignmentEEaSEOS2_
FNA:3,12,_ZN4xlnt8optionalINS_4fontEEaSEOS2_
FNA:3,0,_ZN4xlnt8optionalINS_4paneEEaSEOS2_
FNA:3,991,_ZN4xlnt8optionalINS_5colorEEaSEOS2_
FNA:3,0,_ZN4xlnt8optionalINS_6border15border_propertyEEaSEOS3_
FNA:3,0,_ZN4xlnt8optionalINS_9rich_textEEaSEOS2_
FNA:3,44,_ZN4xlnt8optionalINSt7__cxx1112basic_stringIcSt11char_traitsIcESaIcEEEEaSEOS7_
FNA:3,0,_ZN4xlnt8optionalIbEaSEOS1_
FNA:3,1452,_ZN4xlnt8optionalIdEaSEOS1_
FNA:3,2,_ZN4xlnt8optionalIiEaSEOS1_
FNA:3,5198,_ZN4xlnt8optionalImEaSEOS1_
FNL:4,176,179
FNA:4,3,_ZN4xlnt8optionalI2tmED2Ev
FNA:4,1,_ZN4xlnt8optionalIN12_GLOBAL__N_110no_defaultEED2Ev
FNA:4,9,_ZN4xlnt8optionalIN12_GLOBAL__N_111alive_countEED2Ev
FNA:4,1,_ZN4xlnt8optionalIN12_GLOBAL__N_111convertibleEED2Ev
FNA:4,801,_ZN4xlnt8optionalINS_10page_setupEED2Ev
FNA:4,148,_ZN4xlnt8optionalINS_10paper_sizeEED2Ev
FNA:4,148,_ZN4xlnt8optionalINS_11orientationEED2Ev
FNA:4,204,_ZN4xlnt8optionalINS_11phonetic_pr13phonetic_typeEED2Ev
FNA:4,204,_ZN4xlnt8optionalINS_11phonetic_pr5alignEED2Ev
FNA:4,10642,_ZN4xlnt8optionalINS_11phonetic_prEED2Ev
FNA:4,33162,_ZN4xlnt8optionalINS_12border_styleEED2Ev
FNA:4,801,_ZN4xlnt8optionalINS_12page_marginsEED2Ev
FNA:4,801,_ZN4xlnt8optionalINS_13header_footerEED2Ev
FNA:4,801,_ZN4xlnt8optionalINS_13print_optionsEED2Ev
FNA:4,486,_ZN4xlnt8optionalINS_13workbook_viewEED2Ev
FNA:4,1335,_ZN4xlnt8optionalINS_14cell_referenceEED2Ev
FNA:4,1602,_ZN4xlnt8optionalINS_15range_referenceEED2Ev
FNA:4,1363,_ZN4xlnt8optionalINS_18diagonal_directionEED2Ev
FNA:4,1511,_ZN4xlnt8optionalINS_18vertical_alignmentEED2Ev
FNA:4,1461,_ZN4xlnt8optionalINS_20horizontal_alignmentEED2Ev
FNA:4,486,_ZN4xlnt8optionalINS_22calculation_propertiesEED2Ev
FNA:4,10390,_ZN4xlnt8optionalINS_4fontEED2Ev
FNA:4,876,_ZN4xlnt8optionalINS_4paneEED2Ev
FNA:4,52736,_ZN4xlnt8optionalINS_5colorEED2Ev
FNA:4,486,_ZN4xlnt8optionalINS_5themeEED2Ev
FNA:4,28374,_ZN4xlnt8optionalINS_6border15border_propertyEED2Ev
FNA:4,486,_ZN4xlnt8optionalINS_6detail10stylesheetEED2Ev
FNA:4,486,_ZN4xlnt8optionalINS_6detail13workbook_impl14file_version_tEED2Ev
FNA:4,4713,_ZN4xlnt8optionalINS_6detail14hyperlink_implEED2Ev
FNA:4,801,_ZN4xlnt8optionalINS_7drawing19spreadsheet_drawingEED2Ev
FNA:4,1287,_ZN4xlnt8optionalINS_8ext_listEED2Ev
FNA:4,801,_ZN4xlnt8optionalINS_8sheet_prEED2Ev
FNA:4,300,_ZN4xlnt8optionalINS_9rich_textEED2Ev
FNA:4,29651,_ZN4xlnt8optionalINSt7__cxx1112basic_stringIcSt11char_traitsIcESaIcEEEED2Ev
FNA:4,4713,_ZN4xlnt8optionalIPNS_7commentEED2Ev
FNA:4,811,_ZN4xlnt8optionalISt4pairINS_8column_tES2_EED2Ev
FNA:4,811,_ZN4xlnt8optionalISt4pairIjjEED2Ev
FNA:4,174,_ZN4xlnt8optionalISt5arrayINS0_INS_9rich_textEEELm3EEED2Ev
FNA:4,52152,_ZN4xlnt8optionalIbED2Ev
FNA:4,227910,_ZN4xlnt8optionalIdED2Ev
FNA:4,4590,_ZN4xlnt8optionalIiED2Ev
FNA:4,258772,_ZN4xlnt8optionalImED2Ev
FNL:5,185,188
FNA:5,3,_ZNK4xlnt8optionalI2tmE6is_setEv
FNA:5,1,_ZNK4xlnt8optionalIN12_GLOBAL__N_111convertibleEE6is_setEv
FNA:5,239,_ZNK4xlnt8optionalINS_10page_setupEE6is_setEv
FNA:5,15,_ZNK4xlnt8optionalINS_10paper_sizeEE6is_setEv
FNA:5,9,_ZNK4xlnt8optionalINS_11orientationEE6is_setEv
FNA:5,15,_ZNK4xlnt8optionalINS_11phonetic_pr13phonetic_typeEE6is_setEv
FNA:5,10,_ZNK4xlnt8optionalINS_11phonetic_pr5alignEE6is_setEv
FNA:5,426,_ZNK4xlnt8optionalINS_11phonetic_prEE6is_setEv
FNA:5,9285,_ZNK4xlnt8optionalINS_12border_styleEE6is_setEv
FNA:5,339,_ZNK4xlnt8optionalINS_12page_marginsEE6is_setEv
FNA:5,83,_ZNK4xlnt8optionalINS_13header_footerEE6is_setEv
FNA:5,53,_ZNK4xlnt8optionalINS_13print_optionsEE6is_setEv
FNA:5,186,_ZNK4xlnt8optionalINS_13workbook_viewEE6is_setEv
FNA:5,125,_ZNK4xlnt8optionalINS_14cell_referenceEE6is_setEv
FNA:5,175,_ZNK4xlnt8optionalINS_15range_referenceEE6is_setEv
FNA:5,85,_ZNK4xlnt8optionalINS_18diagonal_directionEE6is_setEv
FNA:5,149,_ZNK4xlnt8optionalINS_18vertical_alignmentEE6is_setEv
FNA:5,149,_ZNK4xlnt8optionalINS_20horizontal_alignmentEE6is_setEv
FNA:5,130,_ZNK4xlnt8optionalINS_22calculation_propertiesEE6is_setEv
FNA:5,487,_ZNK4xlnt8optionalINS_4fontEE6is_setEv
FNA:5,116,_ZNK4xlnt8optionalINS_4paneEE6is_setEv
FNA:5,17877,_ZNK4xlnt8optionalINS_5colorEE6is_setEv
FNA:5,1,_ZNK4xlnt8optionalINS_5themeEE6is_setEv
FNA:5,13098,_ZNK4xlnt8optionalINS_6border15border_propertyEE6is_setEv
FNA:5,156,_ZNK4xlnt8optionalINS_6detail10stylesheetEE6is_setEv
FNA:5,225,_ZNK4xlnt8optionalINS_6detail13workbook_impl14file_version_tEE6is_setEv
FNA:5,1041,_ZNK4xlnt8optionalINS_6detail14hyperlink_implEE6is_setEv
FNA:5,5,_ZNK4xlnt8optionalINS_7drawing19spreadsheet_drawingEE6is_setEv
FNA:5,53,_ZNK4xlnt8optionalINS_8ext_listEE6is_setEv
FNA:5,53,_ZNK4xlnt8optionalINS_8sheet_prEE6is_setEv
FNA:5,150,_ZNK4xlnt8optionalINS_9rich_textEE6is_setEv
FNA:5,11936,_ZNK4xlnt8optionalINSt7__cxx1112basic_stringIcSt11char_traitsIcESaIcEEEE6is_setEv
FNA:5,1070,_ZNK4xlnt8optionalIPNS_7commentEE6is_setEv
FNA:5,62,_ZNK4xlnt8optionalISt4pairINS_8column_tES2_EE6is_setEv
FNA:5,58,_ZNK4xlnt8optionalISt4pairIjjEE6is_setEv
FNA:5,174,_ZNK4xlnt8optionalISt5arrayINS0_INS_9rich_textEEELm3EEE6is_setEv
FNA:5,3304,_ZNK4xlnt8optionalIbE6is_setEv
FNA:5,104181,_ZNK4xlnt8optionalIdE6is_setEv
FNA:5,388,_ZNK4xlnt8optionalIiE6is_setEv
FNA:5,114773,_ZNK4xlnt8optionalImE6is_setEv
FNL:6,193,204
FNA:6,3,_ZN4xlnt8optionalI2tmE3setERKS1_
FNA:6,1,_ZN4xlnt8optionalIN12_GLOBAL__N_111alive_countEE3setERKS2_
FNA:6,37,_ZN4xlnt8optionalINS_10page_setupEE3setERKS1_
FNA:6,29,_ZN4xlnt8optionalINS_10paper_sizeEE3setERKS1_
FNA:6,0,_ZN4xlnt8optionalINS_11orientationEE3setERKS1_
FNA:6,43,_ZN4xlnt8optionalINS_11phonetic_pr13phonetic_typeEE3setERKS2_
FNA:6,1,_ZN4xlnt8optionalINS_11phonetic_pr5alignEE3setERKS2_
FNA:6,156,_ZN4xlnt8optionalINS_11phonetic_prEE3setERKS1_
FNA:6,280,_ZN4xlnt8optionalINS_12border_styleEE3setERKS1_
FNA:6,402,_ZN4xlnt8optionalINS_12page_marginsEE3setERKS1_
FNA:6,31,_ZN4xlnt8optionalINS_13header_footerEE3setERKS1_
FNA:6,23,_ZN4xlnt8optionalINS_13print_optionsEE3setERKS1_
FNA:6,375,_ZN4xlnt8optionalINS_13workbook_viewEE3setERKS1_
FNA:6,100,_ZN4xlnt8optionalINS_14cell_referenceEE3setERKS1_
FNA:6,2,_ZN4xlnt8optionalINS_15range_referenceEE3setERKS1_
FNA:6,1,_ZN4xlnt8optionalINS_18diagonal_directionEE3setERKS1_
FNA:6,457,_ZN4xlnt8optionalINS_18vertical_alignmentEE3setERKS1_
FNA:6,116,_ZN4xlnt8optionalINS_20horizontal_alignmentEE3setERKS1_
FNA:6,372,_ZN4xlnt8optionalINS_22calculation_propertiesEE3setERKS1_
FNA:6,6,_ZN4xlnt8optionalINS_4fontEE3setERKS1_
FNA:6,10,_ZN4xlnt8optionalINS_4paneEE3setERKS1_
FNA:6,1841,_ZN4xlnt8optionalINS_5colorEE3setERKS1_
FNA:6,362,_ZN4xlnt8optionalINS_5themeEE3setERKS1_
FNA:6,2391,_ZN4xlnt8optionalINS_6border15border_propertyEE3setERKS2_
FNA:6,79,_ZN4xlnt8optionalINS_6detail13workbook_impl14file_version_tEE3setERKS3_
FNA:6,7,_ZN4xlnt8optionalINS_6detail14hyperlink_implEE3setERKS2_
FNA:6,3,_ZN4xlnt8optionalINS_7drawing19spreadsheet_drawingEE3setERKS2_
FNA:6,4,_ZN4xlnt8optionalINS_8ext_listEE3setERKS1_
FNA:6,35,_ZN4xlnt8optionalINS_8sheet_prEE3setERKS1_
FNA:6,50,_ZN4xlnt8optionalINS_9rich_textEE3setERKS1_
FNA:6,3387,_ZN4xlnt8optionalINSt7__cxx1112basic_stringIcSt11char_traitsIcESaIcEEEE3setERKS6_
FNA:6,0,_ZN4xlnt8optionalIPNS_7commentEE3setERKS2_
FNA:6,0,_ZN4xlnt8optionalISt4pairINS_8column_tES2_EE3setERKS3_
FNA:6,0,_ZN4xlnt8optionalISt4pairIjjEE3setERKS2_
FNA:6,2424,_ZN4xlnt8optionalIbE3setERKb
FNA:6,186909,_ZN4xlnt8optionalIdE3setERKd
FNA:6,85,_ZN4xlnt8optionalIiE3setERKi
FNA:6,196805,_ZN4xlnt8optionalImE3setERKm
FNL:7,209,224
FNA:7,3,_ZN4xlnt8optionalIN12_GLOBAL__N_111alive_countEE3setEOS2_
FNA:7,37,_ZN4xlnt8optionalINS_11orientationEE3setEOS1_
FNA:7,0,_ZN4xlnt8optionalINS_12border_styleEE3setEOS1_
FNA:7,3,_ZN4xlnt8optionalINS_14cell_referenceEE3setEOS1_
FNA:7,2,_ZN4xlnt8optionalINS_15range_referenceEE3setEOS1_
FNA:7,0,_ZN4xlnt8optionalINS_18diagonal_directionEE3setEOS1_
FNA:7,0,_ZN4xlnt8optionalINS_18vertical_alignmentEE3setEOS1_
FNA:7,0,_ZN4xlnt8optionalINS_20horizontal_alignmentEE3setEOS1_
FNA:7,91,_ZN4xlnt8optionalINS_4fontEE3setEOS1_
FNA:7,0,_ZN4xlnt8optionalINS_4paneEE3setEOS1_
FNA:7,961,_ZN4xlnt8optionalINS_5colorEE3setEOS1_
FNA:7,0,_ZN4xlnt8optionalINS_6border15border_propertyEE3setEOS2_
FNA:7,375,_ZN4xlnt8optionalINS_6detail10stylesheetEE3setEOS2_
FNA:7,293,_ZN4xlnt8optionalINS_6detail13workbook_impl14file_version_tEE3setEOS3_
FNA:7,46,_ZN4xlnt8optionalINS_6detail14hyperlink_implEE3setEOS2_
FNA:7,0,_ZN4xlnt8optionalINS_9rich_textEE3setEOS1_
FNA:7,93,_ZN4xlnt8optionalINSt7__cxx1112basic_stringIcSt11char_traitsIcESaIcEEEE3setEOS6_
FNA:7,34,_ZN4xlnt8optionalIPNS_7commentEE3setEOS2_
FNA:7,2,_ZN4xlnt8optionalISt4pairINS_8column_tES2_EE3setEOS3_
FNA:7,2,_ZN4xlnt8optionalISt4pairIjjEE3setEOS2_
FNA:7,50,_ZN4xlnt8optionalISt5arrayINS0_INS_9rich_textEEELm3EEE3setEOS4_
FNA:7,4252,_ZN4xlnt8optionalIbE3setEOb
FNA:7,2783,_ZN4xlnt8optionalIdE3setEOd
FNA:7,737,_ZN4xlnt8optionalIiE3setEOi
FNA:7,14839,_ZN4xlnt8optionalImE3setEOm
FNL:8,229,233
FNA:8,3,_ZN4xlnt8optionalI2tmEaSERKS1_
FNA:8,37,_ZN4xlnt8optionalINS_10page_setupEEaSERKS1_
FNA:8,29,_ZN4xlnt8optionalINS_10paper_sizeEEaSERKS1_
FNA:8,280,_ZN4xlnt8optionalINS_12border_styleEEaSERKS1_
FNA:8,398,_ZN4xlnt8optionalINS_12page_marginsEEaSERKS1_
FNA:8,31,_ZN4xlnt8optionalINS_13header_footerEEaSERKS1_
FNA:8,374,_ZN4xlnt8optionalINS_13workbook_viewEEaSERKS1_
FNA:8,76,_ZN4xlnt8optionalINS_14cell_referenceEEaSERKS1_
FNA:8,2,_ZN4xlnt8optionalINS_15range_referenceEEaSERKS1_
FNA:8,1,_ZN4xlnt8optionalINS_18diagonal_directionEEaSERKS1_
FNA:8,457,_ZN4xlnt8optionalINS_18vertical_alignmentEEaSERKS1_
FNA:8,116,_ZN4xlnt8optionalINS_20horizontal_alignmentEEaSERKS1_
FNA:8,372,_ZN4xlnt8optionalINS_22calculation_propertiesEEaSERKS1_
FNA:8,6,_ZN4xlnt8optionalINS_4fontEEaSERKS1_
FNA:8,10,_ZN4xlnt8optionalINS_4paneEEaSERKS1_
FNA:8,1840,_ZN4xlnt8optionalINS_5colorEEaSERKS1_
FNA:8,361,_ZN4xlnt8optionalINS_5themeEEaSERKS1_
FNA:8,2391,_ZN4xlnt8optionalINS_6border15border_propertyEEaSERKS2_
FNA:8,78,_ZN4xlnt8optionalINS_6detail13workbook_impl14file_version_tEEaSERKS3_
FNA:8,7,_ZN4xlnt8optionalINS_6detail14hyperlink_implEEaSERKS2_
FNA:8,3,_ZN4xlnt8optionalINS_7drawing19spreadsheet_drawingEEaSERKS2_
FNA:8,50,_ZN4xlnt8optionalINS_9rich_textEEaSERKS1_
FNA:8,3364,_ZN4xlnt8optionalINSt7__cxx1112basic_stringIcSt11char_traitsIcESaIcEEEEaSERKS6_
FNA:8,94095,_ZN4xlnt8optionalIdEaSERKd
FNA:8,76,_ZN4xlnt8optionalIiEaSERKi
FNA:8,95534,_ZN4xlnt8optionalImEaSERKm
FNL:9,238,242
FNA:9,3,_ZN4xlnt8optionalINS_14cell_referenceEEaSEOS1_
FNA:9,2,_ZN4xlnt8optionalINS_15range_referenceEEaSEOS1_
FNA:9,91,_ZN4xlnt8optionalINS_4fontEEaSEOS1_
FNA:9,375,_ZN4xlnt8optionalINS_6detail10stylesheetEEaSEOS2_
FNA:9,293,_ZN4xlnt8optionalINS_6detail13workbook_impl14file_version_tEEaSEOS3_
FNA:9,46,_ZN4xlnt8optionalINS_6detail14hyperlink_implEEaSEOS2_
FNA:9,56,_ZN4xlnt8optionalINSt7__cxx1112basic_stringIcSt11char_traitsIcESaIcEEEEaSEOS6_
FNA:9,2,_ZN4xlnt8optionalISt4pairINS_8column_tES2_EEaSEOS3_
FNA:9,2,_ZN4xlnt8optionalISt4pairIjjEEaSEOS2_
FNA:9,50,_ZN4xlnt8optionalISt5arrayINS0_INS_9rich_textEEELm3EEEaSEOS4_
FNA:9,4134,_ZN4xlnt8optionalIbEaSEOb
FNA:9,2783,_ZN4xlnt8optionalIdEaSEOd
FNA:9,736,_ZN4xlnt8optionalIiEaSEOi
FNA:9,9637,_ZN4xlnt8optionalImEaSEOm
FNL:10,247,254
FNA:10,3,_ZN4xlnt8optionalI2tmE5clearEv
FNA:10,1,_ZN4xlnt8optionalIN12_GLOBAL__N_110no_defaultEE5clearEv
FNA:10,12,_ZN4xlnt8optionalIN12_GLOBAL__N_111alive_countEE5clearEv
FNA:10,1,_ZN4xlnt8optionalIN12_GLOBAL__N_111convertibleEE5clearEv
FNA:10,1142,_ZN4xlnt8optionalINS_10page_setupEE5clearEv
FNA:10,148,_ZN4xlnt8optionalINS_10paper_sizeEE5clearEv
FNA:10,148,_ZN4xlnt8optionalINS_11orientationEE5clearEv
FNA:10,204,_ZN4xlnt8optionalINS_11phonetic_pr13phonetic_typeEE5clearEv
FNA:10,204,_ZN4xlnt8optionalINS_11phonetic_pr5alignEE5clearEv
FNA:10,27093,_ZN4xlnt8optionalINS_11phonetic_prEE5clearEv
FNA:10,33162,_ZN4xlnt8optionalINS_12border_styleEE5clearEv
FNA:10,1139,_ZN4xlnt8optionalINS_12page_marginsEE5clearEv
FNA:10,1142,_ZN4xlnt8optionalINS_13header_footerEE5clearEv
FNA:10,1142,_ZN4xlnt8optionalINS_13print_optionsEE5clearEv
FNA:10,683,_ZN4xlnt8optionalINS_13workbook_viewEE5clearEv
FNA:10,1344,_ZN4xlnt8optionalINS_14cell_referenceEE5clearEv
FNA:10,2284,_ZN4xlnt8optionalINS_15range_referenceEE5clearEv
FNA:10,1363,_ZN4xlnt8optionalINS_18diagonal_directionEE5clearEv
FNA:10,2121,_ZN4xlnt8optionalINS_18vertical_alignmentEE5clearEv
FNA:10,1598,_ZN4xlnt8optionalINS_20horizontal_alignmentEE5clearEv
FNA:10,583,_ZN4xlnt8optionalINS_22calculation_propertiesEE5clearEv
FNA:10,10443,_ZN4xlnt8optionalINS_4fontEE5clearEv
FNA:10,878,_ZN4xlnt8optionalINS_4paneEE5clearEv
FNA:10,53770,_ZN4xlnt8optionalINS_5colorEE5clearEv
FNA:10,683,_ZN4xlnt8optionalINS_5themeEE5clearEv
FNA:10,28394,_ZN4xlnt8optionalINS_6border15border_propertyEE5clearEv
FNA:10,683,_ZN4xlnt8optionalINS_6detail10stylesheetEE5clearEv
FNA:10,688,_ZN4xlnt8optionalINS_6detail13workbook_impl14file_version_tEE5clearEv
FNA:10,4756,_ZN4xlnt8optionalINS_6detail14hyperlink_implEE5clearEv
FNA:10,801,_ZN4xlnt8optionalINS_7drawing19spreadsheet_drawingEE5clearEv
FNA:10,1628,_ZN4xlnt8optionalINS_8ext_listEE5clearEv
FNA:10,1142,_ZN4xlnt8optionalINS_8sheet_prEE5clearEv
FNA:10,350,_ZN4xlnt8optionalINS_9rich_textEE5clearEv
FNA:10,33631,_ZN4xlnt8optionalINSt7__cxx1112basic_stringIcSt11char_traitsIcESaIcEEEE5clearEv
FNA:10,4756,_ZN4xlnt8optionalIPNS_7commentEE5clearEv
FNA:10,1152,_ZN4xlnt8optionalISt4pairINS_8column_tES2_EE5clearEv
FNA:10,1152,_ZN4xlnt8optionalISt4pairIjjEE5clearEv
FNA:10,174,_ZN4xlnt8optionalISt5arrayINS0_INS_9rich_textEEELm3EEE5clearEv
FNA:10,68594,_ZN4xlnt8optionalIbE5clearEv
FNA:10,240284,_ZN4xlnt8optionalIdE5clearEv
FNA:10,4630,_ZN4xlnt8optionalIiE5clearEv
FNA:10,270686,_ZN4xlnt8optionalImE5clearEv
FNL:11,261,269
FNA:11,9,_ZN4xlnt8optionalI2tmE3getEv
FNA:11,1,_ZN4xlnt8optionalIN12_GLOBAL__N_111convertibleEE3getEv
FNA:11,72,_ZN4xlnt8optionalINS_10page_setupEE3getEv
FNA:11,9,_ZN4xlnt8optionalINS_11orientationEE3getEv
FNA:11,5,_ZN4xlnt8optionalINS_11phonetic_prEE3getEv
FNA:11,116,_ZN4xlnt8optionalINS_12border_styleEE3getEv
FNA:11,283,_ZN4xlnt8optionalINS_12page_marginsEE3getEv
FNA:11,23,_ZN4xlnt8optionalINS_13header_footerEE3getEv
FNA:11,2,_ZN4xlnt8optionalINS_13print_optionsEE3getEv
FNA:11,170,_ZN4xlnt8optionalINS_13workbook_viewEE3getEv
FNA:11,5,_ZN4xlnt8optionalINS_14cell_referenceEE3getEv
FNA:11,7,_ZN4xlnt8optionalINS_15range_referenceEE3getEv
FNA:11,0,_ZN4xlnt8optionalINS_18diagonal_directionEE3getEv
FNA:11,98,_ZN4xlnt8optionalINS_18vertical_alignmentEE3getEv
FNA:11,48,_ZN4xlnt8optionalINS_20horizontal_alignmentEE3getEv
FNA:11,83,_ZN4xlnt8optionalINS_22calculation_propertiesEE3getEv
FNA:11,330,_ZN4xlnt8optionalINS_4fontEE3getEv
FNA:11,47,_ZN4xlnt8optionalINS_4paneEE3getEv
FNA:11,386,_ZN4xlnt8optionalINS_5colorEE3getEv
FNA:11,0,_ZN4xlnt8optionalINS_5themeEE3getEv
FNA:11,6330,_ZN4xlnt8optionalINS_6border15border_propertyEE3getEv
FNA:11,2650,_ZN4xlnt8optionalINS_6detail10stylesheetEE3getEv
FNA:11,168,_ZN4xlnt8optionalINS_6detail13workbook_impl14file_version_tEE3getEv
FNA:11,162,_ZN4xlnt8optionalINS_6detail14hyperlink_implEE3getEv
FNA:11,2,_ZN4xlnt8optionalINS_7drawing19spreadsheet_drawingEE3getEv
FNA:11,2,_ZN4xlnt8optionalINS_8ext_listEE3getEv
FNA:11,5,_ZN4xlnt8optionalINS_8sheet_prEE3getEv
FNA:11,50,_ZN4xlnt8optionalINS_9rich_textEE3getEv
FNA:11,74,_ZN4xlnt8optionalINSt7__cxx1112basic_stringIcSt11char_traitsIcESaIcEEEE3getEv
FNA:11,88,_ZN4xlnt8optionalIPNS_7commentEE3getEv
FNA:11,8,_ZN4xlnt8optionalISt4pairINS_8column_tES2_EE3getEv
FNA:11,8,_ZN4xlnt8optionalISt4pairIjjEE3getEv
FNA:11,200,_ZN4xlnt8optionalISt5arrayINS0_INS_9rich_textEEELm3EEE3getEv
FNA:11,19,_ZN4xlnt8optionalIbE3getEv
FNA:11,92783,_ZN4xlnt8optionalIdE3getEv
FNA:11,73,_ZN4xlnt8optionalIiE3getEv
FNA:11,96535,_ZN4xlnt8optionalImE3getEv
FNL:12,276,284
FNA:12,4,_ZNK4xlnt8optionalINS_10paper_sizeEE3getEv
FNA:12,5,_ZNK4xlnt8optionalINS_11phonetic_pr13phonetic_typeEE3getEv
FNA:12,0,_ZNK4xlnt8optionalINS_11phonetic_pr5alignEE3getEv
FNA:12,12,_ZNK4xlnt8optionalINS_11phonetic_prEE3getEv
FNA:12,42,_ZNK4xlnt8optionalINS_14cell_referenceEE3getEv
FNA:12,226,_ZNK4xlnt8optionalINS_4fontEE3getEv
FNA:12,2,_ZNK4xlnt8optionalINS_4paneEE3getEv
FNA:12,1612,_ZNK4xlnt8optionalINS_5colorEE3getEv
FNA:12,93,_ZNK4xlnt8optionalINS_6detail10stylesheetEE3getEv
FNA:12,3646,_ZNK4xlnt8optionalINSt7__cxx1112basic_stringIcSt11char_traitsIcESaIcEEEE3getEv
FNA:12,0,_ZNK4xlnt8optionalIPNS_7commentEE3getEv
FNA:12,595,_ZNK4xlnt8optionalIbE3getEv
FNA:12,4625,_ZNK4xlnt8optionalIdE3getEv
FNA:12,83,_ZNK4xlnt8optionalIiE3getEv
FNA:12,6334,_ZNK4xlnt8optionalImE3getEv
FNL:13,291,303
FNA:13,15,_ZNK4xlnt8optionalINS_10page_setupEEeqERKS2_
FNA:13,14,_ZNK4xlnt8optionalINS_10paper_sizeEEeqERKS2_
FNA:13,4,_ZNK4xlnt8optionalINS_11phonetic_pr13phonetic_typeEEeqERKS3_
FNA:13,4,_ZNK4xlnt8optionalINS_11phonetic_pr5alignEEeqERKS3_
FNA:13,58,_ZNK4xlnt8optionalINS_11phonetic_prEEeqERKS2_
FNA:13,15,_ZNK4xlnt8optionalINS_12page_marginsEEeqERKS2_
FNA:13,15,_ZNK4xlnt8optionalINS_13header_footerEEeqERKS2_
FNA:13,15,_ZNK4xlnt8optionalINS_13print_optionsEEeqERKS2_
FNA:13,14,_ZNK4xlnt8optionalINS_13workbook_viewEEeqERKS2_
FNA:13,22,_ZNK4xlnt8optionalINS_14cell_referenceEEeqERKS2_
FNA:13,30,_ZNK4xlnt8optionalINS_15range_referenceEEeqERKS2_
FNA:13,14,_ZNK4xlnt8optionalINS_22calculation_propertiesEEeqERKS2_
FNA:13,51,_ZNK4xlnt8optionalINS_4fontEEeqERKS2_
FNA:13,9,_ZNK4xlnt8optionalINS_4paneEEeqERKS2_
FNA:13,14,_ZNK4xlnt8optionalINS_5themeEEeqERKS2_
FNA:13,14,_ZNK4xlnt8optionalINS_6detail10stylesheetEEeqERKS3_
FNA:13,14,_ZNK4xlnt8optionalINS_6detail13workbook_impl14file_version_tEEeqERKS4_
FNA:13,7,_ZNK4xlnt8optionalINS_6detail14hyperlink_implEEeqERKS3_
FNA:13,29,_ZNK4xlnt8optionalINS_8ext_listEEeqERKS2_
FNA:13,15,_ZNK4xlnt8optionalINS_8sheet_prEEeqERKS2_
FNA:13,1314,_ZNK4xlnt8optionalINSt7__cxx1112basic_stringIcSt11char_traitsIcESaIcEEEEeqERKS7_
FNA:13,15,_ZNK4xlnt8optionalISt4pairINS_8column_tES2_EEeqERKS4_
FNA:13,15,_ZNK4xlnt8optionalISt4pairIjjEEeqERKS3_
FNA:13,8105,_ZNK4xlnt8optionalIbEeqERKS1_
FNA:13,6233,_ZNK4xlnt8optionalIdEeqERKS1_
FNA:13,26,_ZNK4xlnt8optionalIiEeqERKS1_
FNA:13,14462,_ZNK4xlnt8optionalImEeqERKS1_
FNL:14,310,313
FNA:14,43,_ZNK4xlnt8optionalINS_11phonetic_prEEneERKS2_
FNA:14,10,_ZNK4xlnt8optionalIiEneERKS1_
FNA:14,28,_ZNK4xlnt8optionalImEneERKS1_
FNL:15,317,320
FNA:15,9,_ZN4xlnt8optionalI2tmE9value_refEv
FNA:15,3,_ZN4xlnt8optionalIN12_GLOBAL__N_111alive_countEE9value_refEv
FNA:15,1,_ZN4xlnt8optionalIN12_GLOBAL__N_111convertibleEE9value_refEv
FNA:15,72,_ZN4xlnt8optionalINS_10page_setupEE9value_refEv
FNA:15,0,_ZN4xlnt8optionalINS_10paper_sizeEE9value_refEv
FNA:15,9,_ZN4xlnt8optionalINS_11orientationEE9value_refEv
FNA:15,0,_ZN4xlnt8optionalINS_11phonetic_pr13phonetic_typeEE9value_refEv
FNA:15,0,_ZN4xlnt8optionalINS_11phonetic_pr5alignEE9value_refEv
FNA:15,5,_ZN4xlnt8optionalINS_11phonetic_prEE9value_refEv
FNA:15,116,_ZN4xlnt8optionalINS_12border_styleEE9value_refEv
FNA:15,283,_ZN4xlnt8optionalINS_12page_marginsEE9value_refEv
FNA:15,23,_ZN4xlnt8optionalINS_13header_footerEE9value_refEv
FNA:15,2,_ZN4xlnt8optionalINS_13print_optionsEE9value_refEv
FNA:15,172,_ZN4xlnt8optionalINS_13workbook_viewEE9value_refEv
FNA:15,14,_ZN4xlnt8optionalINS_14cell_referenceEE9value_refEv
FNA:15,8,_ZN4xlnt8optionalINS_15range_referenceEE9value_refEv
FNA:15,0,_ZN4xlnt8optionalINS_18diagonal_directionEE9value_refEv
FNA:15,708,_ZN4xlnt8optionalINS_18vertical_alignmentEE9value_refEv
FNA:15,185,_ZN4xlnt8optionalINS_20horizontal_alignmentEE9value_refEv
FNA:15,83,_ZN4xlnt8optionalINS_22calculation_propertiesEE9value_refEv
FNA:15,376,_ZN4xlnt8optionalINS_4fontEE9value_refEv
FNA:15,47,_ZN4xlnt8optionalINS_4paneEE9value_refEv
FNA:15,1308,_ZN4xlnt8optionalINS_5colorEE9value_refEv
FNA:15,1,_ZN4xlnt8optionalINS_5themeEE9value_refEv
FNA:15,6350,_ZN4xlnt8optionalINS_6border15border_propertyEE9value_refEv
FNA:15,2651,_ZN4xlnt8optionalINS_6detail10stylesheetEE9value_refEv
FNA:15,169,_ZN4xlnt8optionalINS_6detail13workbook_impl14file_version_tEE9value_refEv
FNA:15,173,_ZN4xlnt8optionalINS_6detail14hyperlink_implEE9value_refEv
FNA:15,2,_ZN4xlnt8optionalINS_7drawing19spreadsheet_drawingEE9value_refEv
FNA:15,2,_ZN4xlnt8optionalINS_8ext_listEE9value_refEv
FNA:15,5,_ZN4xlnt8optionalINS_8sheet_prEE9value_refEv
FNA:15,100,_ZN4xlnt8optionalINS_9rich_textEE9value_refEv
FNA:15,2511,_ZN4xlnt8optionalINSt7__cxx1112basic_stringIcSt11char_traitsIcESaIcEEEE9value_refEv
FNA:15,88,_ZN4xlnt8optionalIPNS_7commentEE9value_refEv
FNA:15,8,_ZN4xlnt8optionalISt4pairINS_8column_tES2_EE9value_refEv
FNA:15,8,_ZN4xlnt8optionalISt4pairIjjEE9value_refEv
FNA:15,200,_ZN4xlnt8optionalISt5arrayINS0_INS_9rich_textEEELm3EEE9value_refEv
FNA:15,3026,_ZN4xlnt8optionalIbE9value_refEv
FNA:15,102427,_ZN4xlnt8optionalIdE9value_refEv
FNA:15,110,_ZN4xlnt8optionalIiE9value_refEv
FNA:15,109070,_ZN4xlnt8optionalImE9value_refEv
FNL:16,322,325
FNA:16,2,_ZNK4xlnt8optionalIN12_GLOBAL__N_111alive_countEE9value_refEv
FNA:16,12,_ZNK4xlnt8optionalINS_10page_setupEE9value_refEv
FNA:16,83,_ZNK4xlnt8optionalINS_10paper_sizeEE9value_refEv
FNA:16,107,_ZNK4xlnt8optionalINS_11orientationEE9value_refEv
FNA:16,156,_ZNK4xlnt8optionalINS_11phonetic_pr13phonetic_typeEE9value_refEv
FNA:16,3,_ZNK4xlnt8optionalINS_11phonetic_pr5alignEE9value_refEv
FNA:16,124,_ZNK4xlnt8optionalINS_11phonetic_prEE9value_refEv
FNA:16,860,_ZNK4xlnt8optionalINS_12border_styleEE9value_refEv
FNA:16,20,_ZNK4xlnt8optionalINS_12page_marginsEE9value_refEv
FNA:16,12,_ZNK4xlnt8optionalINS_13header_footerEE9value_refEv
FNA:16,12,_ZNK4xlnt8optionalINS_13print_optionsEE9value_refEv
FNA:16,17,_ZNK4xlnt8optionalINS_13workbook_viewEE9value_refEv
FNA:16,353,_ZNK4xlnt8optionalINS_14cell_referenceEE9value_refEv
FNA:16,0,_ZNK4xlnt8optionalINS_15range_referenceEE9value_refEv
FNA:16,3,_ZNK4xlnt8optionalINS_18diagonal_directionEE9value_refEv
FNA:16,208,_ZNK4xlnt8optionalINS_18vertical_alignmentEE9value_refEv
FNA:16,108,_ZNK4xlnt8optionalINS_20horizontal_alignmentEE9value_refEv
FNA:16,16,_ZNK4xlnt8optionalINS_22calculation_propertiesEE9value_refEv
FNA:16,1091,_ZNK4xlnt8optionalINS_4fontEE9value_refEv
FNA:16,10,_ZNK4xlnt8optionalINS_4paneEE9value_refEv
FNA:16,5611,_ZNK4xlnt8optionalINS_5colorEE9value_refEv
FNA:16,5,_ZNK4xlnt8optionalINS_5themeEE9value_refEv
FNA:16,18539,_ZNK4xlnt8optionalINS_6border15border_propertyEE9value_refEv
FNA:16,109,_ZNK4xlnt8optionalINS_6detail10stylesheetEE9value_refEv
FNA:16,17,_ZNK4xlnt8optionalINS_6detail13workbook_impl14file_version_tEE9value_refEv
FNA:16,0,_ZNK4xlnt8optionalINS_6detail14hyperlink_implEE9value_refEv
FNA:16,0,_ZNK4xlnt8optionalINS_8ext_listEE9value_refEv
FNA:16,12,_ZNK4xlnt8optionalINS_8sheet_prEE9value_refEv
FNA:16,6586,_ZNK4xlnt8optionalINSt7__cxx1112basic_stringIcSt11char_traitsIcESaIcEEEE9value_refEv
FNA:16,0,_ZNK4xlnt8optionalIPNS_7commentEE9value_refEv
FNA:16,8,_ZNK4xlnt8optionalISt4pairINS_8column_tES2_EE9value_refEv
FNA:16,8,_ZNK4xlnt8optionalISt4pairIjjEE9value_refEv
FNA:16,3723,_ZNK4xlnt8optionalIbE9value_refEv
FNA:16,112228,_ZNK4xlnt8optionalIdE9value_refEv
FNA:16,1183,_ZNK4xlnt8optionalIiE9value_refEv
FNA:16,132945,_ZNK4xlnt8optionalImE9value_refEv
FNL:17,59,62
FNA:17,6,_ZNK4xlnt8optionalINS_10page_setupEE13compare_equalIS1_LPv0EEEbRKT_S7_
FNA:17,12,_ZNK4xlnt8optionalINS_10paper_sizeEE13compare_equalIS1_LPv0EEEbRKT_S7_
FNA:17,3,_ZNK4xlnt8optionalINS_11phonetic_pr13phonetic_typeEE13compare_equalIS2_LPv0EEEbRKT_S8_
FNA:17,1,_ZNK4xlnt8optionalINS_11phonetic_pr5alignEE13compare_equalIS2_LPv0EEEbRKT_S8_
FNA:17,2,_ZNK4xlnt8optionalINS_11phonetic_prEE13compare_equalIS1_LPv0EEEbRKT_S7_
FNA:17,8,_ZNK4xlnt8optionalINS_12page_marginsEE13compare_equalIS1_LPv0EEEbRKT_S7_
FNA:17,6,_ZNK4xlnt8optionalINS_13header_footerEE13compare_equalIS1_LPv0EEEbRKT_S7_
FNA:17,6,_ZNK4xlnt8optionalINS_13print_optionsEE13compare_equalIS1_LPv0EEEbRKT_S7_
FNA:17,8,_ZNK4xlnt8optionalINS_13workbook_viewEE13compare_equalIS1_LPv0EEEbRKT_S7_
FNA:17,12,_ZNK4xlnt8optionalINS_14cell_referenceEE13compare_equalIS1_LPv0EEEbRKT_S7_
FNA:17,0,_ZNK4xlnt8optionalINS_15range_referenceEE13compare_equalIS1_LPv0EEEbRKT_S7_
FNA:17,8,_ZNK4xlnt8optionalINS_22calculation_propertiesEE13compare_equalIS1_LPv0EEEbRKT_S7_
FNA:17,17,_ZNK4xlnt8optionalINS_4fontEE13compare_equalIS1_LPv0EEEbRKT_S7_
FNA:17,0,_ZNK4xlnt8optionalINS_4paneEE13compare_equalIS1_LPv0EEEbRKT_S7_
FNA:17,2,_ZNK4xlnt8optionalINS_5themeEE13compare_equalIS1_LPv0EEEbRKT_S7_
FNA:17,8,_ZNK4xlnt8optionalINS_6detail10stylesheetEE13compare_equalIS2_LPv0EEEbRKT_S8_
FNA:17,8,_ZNK4xlnt8optionalINS_6detail13workbook_impl14file_version_tEE13compare_equalIS3_LPv0EEEbRKT_S9_
FNA:17,0,_ZNK4xlnt8optionalINS_6detail14hyperlink_implEE13compare_equalIS2_LPv0EEEbRKT_S8_
FNA:17,0,_ZNK4xlnt8optionalINS_8ext_listEE13compare_equalIS1_LPv0EEEbRKT_S7_
FNA:17,6,_ZNK4xlnt8optionalINS_8sheet_prEE13compare_equalIS1_LPv0EEEbRKT_S7_
FNA:17,27,_ZNK4xlnt8optionalINSt7__cxx1112basic_stringIcSt11char_traitsIcESaIcEEEE13compare_equalIS6_LPv0EEEbRKT_SC_
FNA:17,0,_ZNK4xlnt8optionalISt4pairINS_8column_tES2_EE13compare_equalIS3_LPv0EEEbRKT_S9_
FNA:17,0,_ZNK4xlnt8optionalISt4pairIjjEE13compare_equalIS2_LPv0EEEbRKT_S8_
FNA:17,255,_ZNK4xlnt8optionalIbE13compare_equalIbLPv0EEEbRKT_S6_
FNA:17,14,_ZNK4xlnt8optionalIiE13compare_equalIiLPv0EEEbRKT_S6_
FNA:17,9611,_ZNK4xlnt8optionalImE13compare_equalImLPv0EEEbRKT_S6_
FNL:18,68,71
FNA:18,6187,_ZNK4xlnt8optionalIdE13compare_equalIdLPv0EEEbRKT_S6_
FNL:19,77,81
FNA:19,3,_ZN4xlnt8optionalI2tmEC2Ev
FNA:19,1,_ZN4xlnt8optionalIN12_GLOBAL__N_110no_defaultEEC2Ev
FNA:19,3,_ZN4xlnt8optionalIN12_GLOBAL__N_111alive_countEEC2Ev
FNA:19,802,_ZN4xlnt8optionalINS_10page_setupEEC2Ev
FNA:19,39,_ZN4xlnt8optionalINS_10paper_sizeEEC2Ev
FNA:19,39,_ZN4xlnt8optionalINS_11orientationEEC2Ev
FNA:19,48,_ZN4xlnt8optionalINS_11phonetic_pr13phonetic_typeEEC2Ev
FNA:19,48,_ZN4xlnt8optionalINS_11phonetic_pr5alignEEC2Ev
FNA:19,10644,_ZN4xlnt8optionalINS_11phonetic_prEEC2Ev
FNA:19,2391,_ZN4xlnt8optionalINS_12border_styleEEC2Ev
FNA:19,802,_ZN4xlnt8optionalINS_12page_marginsEEC2Ev
FNA:19,802,_ZN4xlnt8optionalINS_13header_footerEEC2Ev
FNA:19,802,_ZN4xlnt8optionalINS_13print_optionsEEC2Ev
FNA:19,486,_ZN4xlnt8optionalINS_13workbook_viewEEC2Ev
FNA:19,529,_ZN4xlnt8optionalINS_14cell_referenceEEC2Ev
FNA:19,1604,_ZN4xlnt8optionalINS_15range_referenceEEC2Ev
FNA:19,488,_ZN4xlnt8optionalINS_18diagonal_directionEEC2Ev
FNA:19,539,_ZN4xlnt8optionalINS_18vertical_alignmentEEC2Ev
FNA:19,539,_ZN4xlnt8optionalINS_20horizontal_alignmentEEC2Ev
FNA:19,486,_ZN4xlnt8optionalINS_22calculation_propertiesEEC2Ev
FNA:19,1206,_ZN4xlnt8optionalINS_4fontEEC2Ev
FNA:19,409,_ZN4xlnt8optionalINS_4paneEEC2Ev
FNA:19,6698,_ZN4xlnt8optionalINS_5colorEEC2Ev
FNA:19,486,_ZN4xlnt8optionalINS_5themeEEC2Ev
FNA:19,3416,_ZN4xlnt8optionalINS_6border15border_propertyEEC2Ev
FNA:19,486,_ZN4xlnt8optionalINS_6detail10stylesheetEEC2Ev
FNA:19,486,_ZN4xlnt8optionalINS_6detail13workbook_impl14file_version_tEEC2Ev
FNA:19,1427,_ZN4xlnt8optionalINS_6detail14hyperlink_implEEC2Ev
FNA:19,802,_ZN4xlnt8optionalINS_7drawing19spreadsheet_drawingEEC2Ev
FNA:19,1288,_ZN4xlnt8optionalINS_8ext_listEEC2Ev
FNA:19,802,_ZN4xlnt8optionalINS_8sheet_prEEC2Ev
FNA:19,150,_ZN4xlnt8optionalINS_9rich_textEEC2Ev
FNA:19,10142,_ZN4xlnt8optionalINSt7__cxx1112basic_stringIcSt11char_traitsIcESaIcEEEEC2Ev
FNA:19,1427,_ZN4xlnt8optionalIPNS_7commentEEC2Ev
FNA:19,802,_ZN4xlnt8optionalISt4pairINS_8column_tES2_EEC2Ev
FNA:19,802,_ZN4xlnt8optionalISt4pairIjjEEC2Ev
FNA:19,174,_ZN4xlnt8optionalISt5arrayINS0_INS_9rich_textEEELm3EEEC2Ev
FNA:19,27530,_ZN4xlnt8optionalIbEC2Ev
FNA:19,197588,_ZN4xlnt8optionalIdEC2Ev
FNA:19,1841,_ZN4xlnt8optionalIiEC2Ev
FNA:19,219775,_ZN4xlnt8optionalImEC2Ev
FNL:20,87,91
FNA:20,15,_ZN4xlnt8optionalINS_14cell_referenceEEC2ERKS1_
FNA:20,4,_ZN4xlnt8optionalINS_4fontEEC2ERKS1_
FNA:20,7,_ZN4xlnt8optionalIiEC2ERKi
FNL:21,97,101
FNA:21,4,_ZN4xlnt8optionalIN12_GLOBAL__N_111alive_countEEC2EOS2_
FNA:21,1,_ZN4xlnt8optionalIN12_GLOBAL__N_111convertibleEEC2EOS2_
FNA:21,69,_ZN4xlnt8optionalIbEC2EOb
FNA:21,139,_ZN4xlnt8optionalIdEC2EOd
FNA:21,5214,_ZN4xlnt8optionalImEC2EOm
FNF:22
FNH:22
BRDA:90,0,0,4
BRDA:90,0,2,0
BRDA:90,0,3,0
BRDA:110,0,0,37858
BRDA:110,0,1,115157
BRDA:112,0,0,3708
BRDA:112,0,2,0
BRDA:112,0,3,0
BRDA:127,0,0,16150
BRDA:127,0,1,63843
BRDA:129,0,0,50
BRDA:129,0,2,0
BRDA:129,0,3,0
BRDA:144,0,0,196620
BRDA:144,0,1,34452
BRDA:161,0,0,5780
BRDA:161,0,1,1920
BRDA:195,0,0,6183
BRDA:195,0,1,390644
BRDA:201,0,0,3622
BRDA:201,0,2,0
BRDA:201,0,3,0
BRDA:215,0,0,1363
BRDA:215,0,1,23240
BRDA:221,0,0,50
BRDA:221,0,2,0
BRDA:221,0,3,0
BRDA:249,0,0,473345
BRDA:249,0,1,331447
BRDA:263,0,0,2
BRDA:263,0,1,200849
BRDA:265,0,0,2
BRDA:265,0,2,2
BRDA:278,0,0,0
BRDA:278,0,1,17279
BRDA:280,0,0,-
BRDA:280,0,2,-
BRDA:293,0,0,86
BRDA:293,0,1,30457
BRDA:297,0,0,14250
BRDA:297,0,1,16207
BRF:41
BRH:28
DA:59,10020
DA:61,10020
DA:68,6187
DA:70,6187
DA:77,498832
DA:78,498832
DA:79,498832
DA:81,498832
DA:87,26
DA:88,26
DA:90,26
DA:91,26
DA:97,5427
DA:98,5427
DA:100,5427
DA:101,5427
DA:107,153015
DA:108,153015
DA:110,153015
DA:112,37858
DA:116,115157
DA:118,153015
DA:124,79993
DA:125,79993
DA:127,79993
DA:129,16150
DA:130,16150
DA:134,63843
DA:136,79993
DA:142,231072
DA:144,231072
DA:146,196620
DA:150,34452
DA:152,231072
DA:159,7700
DA:161,7700
DA:163,5780
DA:164,5780
DA:168,1920
DA:170,7700
DA:176,737290
DA:178,737290
DA:179,737290
DA:185,280685
DA:187,280685
DA:193,396827
DA:195,396827
DA:197,6183
DA:201,390644
DA:202,390644
DA:204,396827
DA:209,24603
DA:215,24603
DA:217,1363
DA:221,23240
DA:222,23240
DA:224,24603
DA:229,199991
DA:231,199991
DA:232,199991
DA:238,18210
DA:240,18210
DA:241,18210
DA:247,804792
DA:249,804792
DA:251,473345
DA:253,804792
DA:254,804792
DA:261,200851
DA:263,200851
DA:265,6
DA:268,200849
DA:276,17279
DA:278,17279
DA:280,0
DA:283,17279
DA:291,30543
DA:293,30543
DA:295,86
DA:297,30457
DA:299,14250
DA:302,16207
DA:310,81
DA:312,81
DA:317,230325
DA:319,230325
DA:322,284171
DA:324,284171
LF:88
LH:87
end_of_record
TN:
SF:/root/project/include/xlnt/utils/path.hpp
FNL:0,239,243
FNA:0,22647,_ZNKSt4hashIN4xlnt4pathEEclERKS1_
FNF:1
FNH:1
DA:239,22647
DA:242,22647
LF:2
LH:2
end_of_record
TN:
SF:/root/project/include/xlnt/utils/scoped_enum_hash.hpp
FNL:0,41,45
FNA:0,198,_ZNK4xlnt16scoped_enum_hashINS_13header_footer8locationEEclES2_
FNA:0,133,_ZNK4xlnt16scoped_enum_hashINS_7variant4typeEEclES2_
FNF:1
FNH:1
DA:41,331
DA:44,331
LF:2
LH:2
end_of_record
TN:
SF:/root/project/include/xlnt/utils/variant.hpp
FNF:0
FNH:0
LF:0
LH:0
end_of_record
TN:
SF:/root/project/include/xlnt/workbook/calculation_properties.hpp
FNL:0,52,56
FNA:0,9,_ZN4xlnteqERKNS_22calculation_propertiesES2_
FNF:1
FNH:1
BRDA:55,0,0,9
BRDA:55,0,1,0
BRDA:55,0,2,9
BRDA:55,0,3,0
BRF:4
BRH:2
DA:52,9
DA:54,9
DA:55,9
LF:3
LH:3
end_of_record
TN:
SF:/root/project/include/xlnt/workbook/named_range.hpp
FNF:0
FNH:0
LF:0
LH:0
end_of_record
TN:
SF:/root/project/include/xlnt/workbook/theme.hpp
FNL:0,38,41
FNA:0,2,_ZNK4xlnt5themeeqERKS0_
FNF:1
FNH:1
DA:38,2
DA:40,2
LF:2
LH:2
end_of_record
TN:
SF:/root/project/include/xlnt/workbook/workbook.hpp
FNL:0,1090,1090
FNA:0,2,_ZN4xlnt8workbookaSERKS0_
FNL:1,1096,1096
FNA:1,10,_ZN4xlnt8workbookaSEOS0_
FNL:2,185,185
FNA:2,1,_ZN4xlnt8workbookC2EOS0_
FNL:3,191,191
FNA:3,2,_ZN4xlnt8workbookC2ERKS0_
FNL:4,198,198
FNA:4,1436,_ZN4xlnt8workbookD2Ev
FNF:5
FNH:5
DA:185,1
DA:191,2
DA:198,1436
DA:1090,2
DA:1096,10
LF:5
LH:5
end_of_record
TN:
SF:/root/project/include/xlnt/workbook/workbook_view.hpp
FNL:0,106,117
FNA:0,8,_ZN4xlnteqERKNS_13workbook_viewES2_
FNF:1
FNH:1
BRDA:109,0,0,8
BRDA:109,0,1,0
BRDA:110,0,0,8
BRDA:110,0,1,0
BRDA:111,0,0,8
BRDA:111,0,1,0
BRDA:112,0,0,8
BRDA:112,0,1,0
BRDA:113,0,0,8
BRDA:113,0,1,0
BRDA:114,0,0,8
BRDA:114,0,1,0
BRDA:115,0,0,8
BRDA:115,0,1,0
BRDA:116,0,0,8
BRDA:116,0,1,0
BRDA:116,0,2,8
BRDA:116,0,3,0
BRF:18
BRH:9
DA:106,8
DA:108,8
DA:109,8
DA:110,8
DA:111,8
DA:112,8
DA:113,8
DA:114,8
DA:115,8
DA:116,16
LF:10
LH:10
end_of_record
TN:
SF:/root/project/include/xlnt/workbook/worksheet_iterator.hpp
FNL:0,169,169
FNA:0,2,_ZN4xlnt24const_worksheet_iteratorC2Ev
FNL:1,59,59
FNA:1,2,_ZN4xlnt18worksheet_iteratorC2Ev
FNF:2
FNH:2
DA:59,2
DA:169,2
LF:2
LH:2
end_of_record
TN:
SF:/root/project/include/xlnt/worksheet/cell_iterator.hpp
FNL:0,202,202
FNA:0,2,_ZN4xlnt19const_cell_iteratorC2Ev
FNL:1,213,213
FNA:1,517,_ZN4xlnt19const_cell_iteratorC2ERKS0_
FNL:2,63,63
FNA:2,2,_ZN4xlnt13cell_iteratorC2Ev
FNL:3,74,74
FNA:3,198,_ZN4xlnt13cell_iteratorC2ERKS0_
FNL:4,89,89
FNA:4,2,_ZN4xlnt13cell_iteratoraSEOS0_
FNF:5
FNH:5
DA:63,2
DA:74,198
DA:89,2
DA:202,2
DA:213,517
LF:5
LH:5
end_of_record
TN:
SF:/root/project/include/xlnt/worksheet/cell_vector.hpp
FNF:0
FNH:0
LF:0
LH:0
end_of_record
TN:
SF:/root/project/include/xlnt/worksheet/column_properties.hpp
FNL:0,70,77
FNA:0,6150,_ZN4xlnteqERKNS_17column_propertiesES2_
FNF:1
FNH:1
BRDA:73,0,0,6150
BRDA:73,0,1,0
BRDA:74,0,0,6150
BRDA:74,0,1,0
BRDA:75,0,0,6150
BRDA:75,0,1,0
BRDA:76,0,0,6150
BRDA:76,0,1,0
BRDA:76,0,2,6150
BRDA:76,0,3,0
BRF:10
BRH:5
DA:70,6150
DA:72,6150
DA:73,6150
DA:74,6150
DA:75,6150
DA:76,12300
LF:6
LH:6
end_of_record
TN:
SF:/root/project/include/xlnt/worksheet/header_footer.hpp
FNF:0
FNH:0
LF:0
LH:0
end_of_record
TN:
SF:/root/project/include/xlnt/worksheet/page_setup.hpp
FNF:0
FNH:0
LF:0
LH:0
end_of_record
TN:
SF:/root/project/include/xlnt/worksheet/pane.hpp
FNL:0,90,97
FNA:0,1,_ZNK4xlnt4paneeqERKS0_
FNF:1
FNH:1
BRDA:93,0,0,1
BRDA:93,0,1,0
BRDA:94,0,0,1
BRDA:94,0,1,0
BRDA:95,0,0,1
BRDA:95,0,1,0
BRDA:96,0,0,1
BRDA:96,0,1,0
BRDA:96,0,2,1
BRDA:96,0,3,0
BRF:10
BRH:5
DA:90,1
DA:92,1
DA:93,1
DA:94,1
DA:95,1
DA:96,2
LF:6
LH:6
end_of_record
TN:
SF:/root/project/include/xlnt/worksheet/phonetic_pr.hpp
FNL:0,74,74
FNA:0,1,_ZN4xlnt11phonetic_prC2Ev
FNF:1
FNH:1
DA:74,1
LF:1
LH:1
end_of_record
TN:
SF:/root/project/include/xlnt/worksheet/print_options.hpp
FNL:0,60,67
FNA:0,6,_ZN4xlnteqERKNS_13print_optionsES2_
FNF:1
FNH:1
BRDA:63,0,0,6
BRDA:63,0,1,0
BRDA:64,0,0,6
BRDA:64,0,1,0
BRDA:65,0,0,6
BRDA:65,0,1,0
BRDA:66,0,0,6
BRDA:66,0,1,0
BRDA:66,0,2,6
BRDA:66,0,3,0
BRF:10
BRH:5
DA:60,6
DA:62,6
DA:63,6
DA:64,6
DA:65,6
DA:66,12
LF:6
LH:6
end_of_record
TN:
SF:/root/project/include/xlnt/worksheet/range.hpp
FNL:0,90,90
FNA:0,6,_ZN4xlnt5rangeC2ERKS0_
FNF:1
FNH:1
DA:90,6
LF:1
LH:1
end_of_record
TN:
SF:/root/project/include/xlnt/worksheet/range_iterator.hpp
FNL:0,178,178
FNA:0,2,_ZN4xlnt20const_range_iteratorC2Ev
FNL:1,58,58
FNA:1,2,_ZN4xlnt14range_iteratorC2Ev
FNL:2,70,70
FNA:2,22,_ZN4xlnt14range_iteratorC2ERKS0_
FNL:3,85,85
FNA:3,1,_ZN4xlnt14range_iteratoraSEOS0_
FNF:4
FNH:4
DA:58,2
DA:70,22
DA:85,1
DA:178,2
LF:4
LH:4
end_of_record
TN:
SF:/root/project/include/xlnt/worksheet/row_properties.hpp
FNL:0,79,88
FNA:0,6,_ZN4xlnteqERKNS_14row_propertiesES2_
FNF:1
FNH:1
BRDA:82,0,0,6
BRDA:82,0,1,0
BRDA:83,0,0,6
BRDA:83,0,1,0
BRDA:84,0,0,6
BRDA:84,0,1,0
BRDA:85,0,0,6
BRDA:85,0,1,0
BRDA:86,0,0,6
BRDA:86,0,1,0
BRDA:87,0,0,6
BRDA:87,0,1,0
BRDA:87,0,2,6
BRDA:87,0,3,0
BRF:14
BRH:7
DA:79,6
DA:81,6
DA:82,6
DA:83,6
DA:84,6
DA:85,6
DA:86,6
DA:87,12
LF:8
LH:8
end_of_record
TN:
SF:/root/project/include/xlnt/worksheet/selection.hpp
FNL:0,100,103
FNA:0,38,_ZNK4xlnt9selection9has_sqrefEv
FNL:1,115,121
FNA:1,8,_ZNK4xlnt9selection5sqrefEv
FNL:2,126,129
FNA:2,38,_ZNK4xlnt9selection6sqrefsEv
FNL:3,157,160
FNA:3,36,_ZNK4xlnt9selection4paneEv
FNL:4,165,168
FNA:4,21,_ZN4xlnt9selection4paneENS_11pane_cornerE
FNL:5,174,179
FNA:5,6,_ZNK4xlnt9selectioneqERKS0_
FNL:6,47,47
FNA:6,75,_ZN4xlnt9selectionC2Ev
FNL:7,53,56
FNA:7,15,_ZN4xlnt9selectionC2ENS_11pane_cornerENS_14cell_referenceE
FNL:8,70,73
FNA:8,29,_ZNK4xlnt9selection15has_active_cellEv
FNL:9,80,87
FNA:9,32,_ZNK4xlnt9selection11active_cellEv
FNL:10,92,95
FNA:10,70,_ZN4xlnt9selection11active_cellERKNS_14cell_referenceE
FNF:11
FNH:11
BRDA:54,0,0,15
BRDA:54,0,2,15
BRDA:82,0,0,0
BRDA:82,0,1,32
BRDA:84,0,0,-
BRDA:84,0,2,-
BRDA:117,0,0,1
BRDA:117,0,1,7
BRDA:118,0,0,1
BRDA:118,0,2,1
BRDA:177,0,0,6
BRDA:177,0,1,0
BRDA:178,0,0,6
BRDA:178,0,1,0
BRDA:178,0,2,6
BRDA:178,0,3,0
BRF:16
BRH:10
DA:47,75
DA:53,15
DA:54,30
DA:56,15
DA:70,29
DA:72,29
DA:80,32
DA:82,32
DA:84,0
DA:86,32
DA:92,70
DA:94,70
DA:95,70
DA:100,38
DA:102,38
DA:115,8
DA:117,8
DA:118,3
DA:120,7
DA:126,38
DA:128,38
DA:157,36
DA:159,36
DA:165,21
DA:167,21
DA:168,21
DA:174,6
DA:176,6
DA:177,6
DA:178,12
LF:30
LH:29
end_of_record
TN:
SF:/root/project/include/xlnt/worksheet/sheet_format_properties.hpp
FNL:0,60,66
FNA:0,16,_ZN4xlnteqERKNS_23sheet_format_propertiesES2_
FNF:1
FNH:1
BRDA:63,0,0,16
BRDA:63,0,1,0
BRDA:64,0,0,16
BRDA:64,0,1,0
BRDA:65,0,0,16
BRDA:65,0,1,0
BRDA:65,0,2,16
BRDA:65,0,3,0
BRF:8
BRH:4
DA:60,16
DA:62,16
DA:63,16
DA:64,16
DA:65,32
LF:5
LH:5
end_of_record
TN:
SF:/root/project/include/xlnt/worksheet/sheet_pr.hpp
FNL:0,83,94
FNA:0,6,_ZN4xlnteqERKNS_8sheet_prES2_
FNF:1
FNH:1
BRDA:86,0,0,6
BRDA:86,0,1,0
BRDA:87,0,0,6
BRDA:87,0,1,0
BRDA:88,0,0,6
BRDA:88,0,1,0
BRDA:89,0,0,6
BRDA:89,0,1,0
BRDA:90,0,0,6
BRDA:90,0,1,0
BRDA:91,0,0,6
BRDA:91,0,1,0
BRDA:92,0,0,6
BRDA:92,0,1,0
BRDA:93,0,0,6
BRDA:93,0,1,0
BRDA:93,0,2,6
BRDA:93,0,3,0
BRF:18
BRH:9
DA:83,6
DA:85,6
DA:86,6
DA:87,6
DA:88,6
DA:89,6
DA:90,6
DA:91,6
DA:92,6
DA:93,12
LF:10
LH:10
end_of_record
TN:
SF:/root/project/include/xlnt/worksheet/sheet_view.hpp
FNL:0,107,110
FNA:0,2,_ZN4xlnt10sheet_view10clear_paneEv
FNL:1,115,118
FNA:1,10,_ZN4xlnt10sheet_view4paneERKNS_4paneE
FNL:2,123,126
FNA:2,8,_ZNK4xlnt10sheet_view14has_selectionsEv
FNL:3,131,134
FNA:3,90,_ZN4xlnt10sheet_view13add_selectionERKNS_9selectionE
FNL:4,139,142
FNA:4,8,_ZN4xlnt10sheet_view16clear_selectionsEv
FNL:5,147,150
FNA:5,69,_ZNK4xlnt10sheet_view10selectionsEv
FNL:6,156,164
FNA:6,11,_ZN4xlnt10sheet_view9selectionEm
FNL:7,169,172
FNA:7,24,_ZN4xlnt10sheet_view15show_grid_linesEb
FNL:8,177,180
FNA:8,51,_ZNK4xlnt10sheet_view15show_grid_linesEv
FNL:9,185,188
FNA:9,21,_ZN4xlnt10sheet_view18default_grid_colorEb
FNL:10,201,204
FNA:10,4,_ZN4xlnt10sheet_view4typeENS_15sheet_view_typeE
FNL:11,209,212
FNA:11,52,_ZNK4xlnt10sheet_view4typeEv
FNL:12,217,220
FNA:12,52,_ZNK4xlnt10sheet_view17has_top_left_cellEv
FNL:13,225,228
FNA:13,24,_ZN4xlnt10sheet_view13top_left_cellERKNS_14cell_referenceE
FNL:14,235,242
FNA:14,5,_ZNK4xlnt10sheet_view13top_left_cellEv
FNL:15,247,250
FNA:15,22,_ZN4xlnt10sheet_view10zoom_scaleEi
FNL:16,255,258
FNA:16,56,_ZNK4xlnt10sheet_view10zoom_scaleEv
FNL:17,264,273
FNA:17,9,_ZNK4xlnt10sheet_vieweqERKS0_
FNL:18,55,58
FNA:18,116,_ZN4xlnt10sheet_view2idEm
FNL:19,63,66
FNA:19,50,_ZNK4xlnt10sheet_view2idEv
FNL:20,71,74
FNA:20,66,_ZNK4xlnt10sheet_view8has_paneEv
FNL:21,81,88
FNA:21,48,_ZN4xlnt10sheet_view4paneEv
FNL:22,95,102
FNA:22,2,_ZNK4xlnt10sheet_view4paneEv
FNF:23
FNH:23
BRDA:83,0,0,1
BRDA:83,0,1,47
BRDA:85,0,0,1
BRDA:85,0,2,1
BRDA:97,0,0,0
BRDA:97,0,1,2
BRDA:99,0,0,-
BRDA:99,0,2,-
BRDA:158,0,0,0
BRDA:158,0,1,11
BRDA:160,0,0,-
BRDA:160,0,2,-
BRDA:160,0,4,-
BRDA:160,0,6,-
BRDA:160,0,8,-
BRDA:160,0,10,-
BRDA:160,0,12,-
BRDA:237,0,0,1
BRDA:237,0,1,4
BRDA:239,0,0,1
BRDA:239,0,2,1
BRDA:267,0,0,9
BRDA:267,0,1,0
BRDA:268,0,0,9
BRDA:268,0,1,0
BRDA:269,0,0,9
BRDA:269,0,1,0
BRDA:270,0,0,9
BRDA:270,0,1,0
BRDA:271,0,0,9
BRDA:271,0,1,0
BRDA:272,0,0,9
BRDA:272,0,1,0
BRDA:272,0,2,9
BRDA:272,0,3,0
BRF:35
BRH:17
DA:55,116
DA:57,116
DA:58,116
DA:63,50
DA:65,50
DA:71,66
DA:73,66
DA:81,48
DA:83,48
DA:85,3
DA:87,47
DA:95,2
DA:97,2
DA:99,0
DA:101,2
DA:107,2
DA:109,2
DA:110,2
DA:115,10
DA:117,10
DA:118,10
DA:123,8
DA:125,8
DA:131,90
DA:133,90
DA:134,90
DA:139,8
DA:141,8
DA:142,8
DA:147,69
DA:149,69
DA:156,11
DA:158,11
DA:160,0
DA:163,11
DA:169,24
DA:171,24
DA:172,24
DA:177,51
DA:179,51
DA:185,21
DA:187,21
DA:188,21
DA:201,4
DA:203,4
DA:204,4
DA:209,52
DA:211,52
DA:217,52
DA:219,52
DA:225,24
DA:227,24
DA:228,24
DA:235,5
DA:237,5
DA:239,3
DA:241,4
DA:247,22
DA:249,22
DA:250,22
DA:255,56
DA:257,56
DA:264,9
DA:266,9
DA:267,9
DA:268,9
DA:269,9
DA:270,9
DA:271,9
DA:272,18
LF:70
LH:68
end_of_record
TN:
SF:/root/project/source/cell/cell.cpp
FNL:0,1001,1004
FNA:0,967,_ZNK4xlnt4cell13has_hyperlinkEv
FNL:1,1008,1011
FNA:1,1049,_ZNK4xlnt4cell11has_commentEv
FNL:2,1013,1020
FNA:2,1,_ZN4xlnt4cell13clear_commentEv
FNL:3,1022,1030
FNA:3,56,_ZNK4xlnt4cell7commentEv
FNL:4,1032,1035
FNA:4,0,_ZN4xlnt4cell7commentERKNSt7__cxx1112basic_stringIcSt11char_traitsIcESaIcEEES8_
FNL:5,1037,1040
FNA:5,4,_ZN4xlnt4cell7commentERKNSt7__cxx1112basic_stringIcSt11char_traitsIcESaIcEEERKNS_4fontES8_
FNL:6,1042,1062
FNA:6,34,_ZN4xlnt4cell7commentERKNS_7commentE
FNL:7,1064,1067
FNA:7,34,_ZNK4xlnt4cell5widthEv
FNL:8,1069,1072
FNA:8,0,_ZNK4xlnt4cell6heightEv
FNL:9,155,167
FNA:9,1,_ZN4xlnt4cell11error_codesB5cxx11Ev
FNL:10,169,192
FNA:10,615,_ZN4xlnt4cell12check_stringERKNSt7__cxx1112basic_stringIcSt11char_traitsIcESaIcEEE
FNL:11,194,197
FNA:11,3265,_ZN4xlnt4cellC2EPNS_6detail9cell_implE
FNL:12,199,202
FNA:12,957,_ZNK4xlnt4cell19garbage_collectibleEv
FNL:13,204,207
FNA:13,1,_ZN4xlnt4cell5valueEDn
FNL:14,209,213
FNA:14,10,_ZN4xlnt4cell5valueEb
FNL:15,215,219
FNA:15,14,_ZN4xlnt4cell5valueEi
FNL:16,221,225
FNA:16,2,_ZN4xlnt4cell5valueEj
FNL:17,227,231
FNA:17,2,_ZN4xlnt4cell5valueEx
FNL:18,233,237
FNA:18,2,_ZN4xlnt4cell5valueEy
FNL:19,239,243
FNA:19,2,_ZN4xlnt4cell5valueEf
FNL:20,245,249
FNA:20,6,_ZN4xlnt4cell5valueEd
FNL:21,251,254
FNA:21,322,_ZN4xlnt4cell5valueERKNSt7__cxx1112basic_stringIcSt11char_traitsIcESaIcEEE
FNL:22,256,262
FNA:22,293,_ZN4xlnt4cell5valueERKNS_9rich_textE
FNL:23,264,267
FNA:23,120,_ZN4xlnt4cell5valueEPKc
FNL:24,269,277
FNA:24,1,_ZN4xlnt4cell5valueES0_
FNL:25,279,284
FNA:25,3,_ZN4xlnt4cell5valueERKNS_4dateE
FNL:26,286,291
FNA:26,5,_ZN4xlnt4cell5valueERKNS_8datetimeE
FNL:27,293,298
FNA:27,2,_ZN4xlnt4cell5valueERKNS_4timeE
FNL:28,300,305
FNA:28,2,_ZN4xlnt4cell5valueERKNS_9timedeltaE
FNL:29,307,310
FNA:29,7,_ZNK4xlnt4cell3rowEv
FNL:30,312,315
FNA:30,39,_ZNK4xlnt4cell6columnEv
FNL:31,317,320
FNA:31,1,_ZNK4xlnt4cell12column_indexEv
FNL:32,322,325
FNA:32,774,_ZN4xlnt4cell6mergedEb
FNL:33,327,330
FNA:33,0,_ZNK4xlnt4cell9is_mergedEv
FNL:34,332,335
FNA:34,964,_ZNK4xlnt4cell17phonetics_visibleEv
FNL:35,337,340
FNA:35,2,_ZN4xlnt4cell14show_phoneticsEb
FNL:36,342,347
FNA:36,7,_ZNK4xlnt4cell7is_dateEv
FNL:37,349,352
FNA:37,1131,_ZNK4xlnt4cell9referenceEv
FNL:38,354,364
FNA:38,17,_ZNK4xlnt4cell7compareERKS0_b
FNL:39,366,369
FNA:39,17,_ZNK4xlnt4celleqERKS0_
FNL:40,371,374
FNA:40,2,_ZNK4xlnt4cellneERKS0_
FNL:41,376,376
FNA:41,1,_ZN4xlnt4cellaSERKS0_
FNL:42,378,385
FNA:42,71,_ZNK4xlnt4cell9hyperlinkEv
FNL:43,387,427
FNA:43,40,_ZN4xlnt4cell9hyperlinkERKNSt7__cxx1112basic_stringIcSt11char_traitsIcESaIcEEES8_
FNL:44,402,402
FNA:44,63,_ZZN4xlnt4cell9hyperlinkERKNSt7__cxx1112basic_stringIcSt11char_traitsIcESaIcEEES8_ENKUlRKNS_12relationshipEE_clESB_
FNL:45,429,447
FNA:45,4,_ZN4xlnt4cell9hyperlinkES0_RKNSt7__cxx1112basic_stringIcSt11char_traitsIcESaIcEEE
FNL:46,449,468
FNA:46,3,_ZN4xlnt4cell9hyperlinkENS_5rangeERKNSt7__cxx1112basic_stringIcSt11char_traitsIcESaIcEEE
FNL:47,470,487
FNA:47,17,_ZN4xlnt4cell7formulaERKNSt7__cxx1112basic_stringIcSt11char_traitsIcESaIcEEE
FNL:48,489,492
FNA:48,2207,_ZNK4xlnt4cell11has_formulaEv
FNL:49,494,501
FNA:49,19,_ZNK4xlnt4cell7formulaB5cxx11Ev
FNL:50,503,510
FNA:50,794,_ZN4xlnt4cell13clear_formulaEv
FNL:51,512,519
FNA:51,21,_ZNK4xlnt4cell5errorB5cxx11Ev
FNL:52,521,530
FNA:52,17,_ZN4xlnt4cell5errorERKNSt7__cxx1112basic_stringIcSt11char_traitsIcESaIcEEE
FNL:53,532,535
FNA:53,1,_ZN4xlnt4cell6offsetEii
FNL:54,537,540
FNA:54,460,_ZN4xlnt4cell9worksheetEv
FNL:55,542,545
FNA:55,253,_ZNK4xlnt4cell9worksheetEv
FNL:56,547,550
FNA:56,348,_ZN4xlnt4cell8workbookEv
FNL:57,552,555
FNA:57,203,_ZNK4xlnt4cell8workbookEv
FNL:58,557,574
FNA:58,35,_ZNK4xlnt4cell6anchorEv
FNL:59,576,579
FNA:59,2962,_ZNK4xlnt4cell9data_typeEv
FNL:60,581,584
FNA:60,151,_ZN4xlnt4cell9data_typeENS_9cell_typeE
FNL:61,586,589
FNA:61,48,_ZNK4xlnt4cell22computed_number_formatEv
FNL:62,591,594
FNA:62,0,_ZNK4xlnt4cell13computed_fontEv
FNL:63,596,599
FNA:63,0,_ZNK4xlnt4cell13computed_fillEv
FNL:64,601,604
FNA:64,0,_ZNK4xlnt4cell15computed_borderEv
FNL:65,606,609
FNA:65,0,_ZNK4xlnt4cell18computed_alignmentEv
FNL:66,611,614
FNA:66,0,_ZNK4xlnt4cell19computed_protectionEv
FNL:67,616,622
FNA:67,767,_ZN4xlnt4cell11clear_valueEv
FNL:68,625,628
FNA:68,7,_ZNK4xlnt4cell5valueIbEET_v
FNL:69,631,634
FNA:69,24,_ZNK4xlnt4cell5valueIiEET_v
FNL:70,637,640
FNA:70,1,_ZNK4xlnt4cell5valueIxEET_v
FNL:71,643,646
FNA:71,1,_ZNK4xlnt4cell5valueIjEET_v
FNL:72,649,652
FNA:72,1,_ZNK4xlnt4cell5valueIyEET_v
FNL:73,65,72
FNA:73,11,_ZN12_GLOBAL__N_112cast_numericERKNSt7__cxx1112basic_stringIcSt11char_traitsIcESaIcEEE
FNL:74,655,658
FNA:74,1,_ZNK4xlnt4cell5valueIfEET_v
FNL:75,661,664
FNA:75,67,_ZNK4xlnt4cell5valueIdEET_v
FNL:76,667,670
FNA:76,3,_ZNK4xlnt4cell5valueINS_4timeEEET_v
FNL:77,673,676
FNA:77,0,_ZNK4xlnt4cell5valueINS_8datetimeEEET_v
FNL:78,679,682
FNA:78,0,_ZNK4xlnt4cell5valueINS_4dateEEET_v
FNL:79,685,688
FNA:79,0,_ZNK4xlnt4cell5valueINS_9timedeltaEEET_v
FNL:80,690,694
FNA:80,1,_ZN4xlnt4cell9alignmentERKNS_9alignmentE
FNL:81,696,700
FNA:81,1,_ZN4xlnt4cell6borderERKNS_6borderE
FNL:82,702,706
FNA:82,13,_ZN4xlnt4cell4fillERKNS_4fillE
FNL:83,708,712
FNA:83,23,_ZN4xlnt4cell4fontERKNS_4fontE
FNL:84,714,718
FNA:84,21,_ZN4xlnt4cell13number_formatERKNS_13number_formatE
FNL:85,720,724
FNA:85,1,_ZN4xlnt4cell10protectionERKNS_10protectionE
FNL:86,727,730
FNA:86,212,_ZNK4xlnt4cell5valueINSt7__cxx1112basic_stringIcSt11char_traitsIcESaIcEEEEET_v
FNL:87,733,741
FNA:87,215,_ZNK4xlnt4cell5valueINS_9rich_textEEET_v
FNL:88,74,87
FNA:88,14,_ZN12_GLOBAL__N_115cast_percentageERKNSt7__cxx1112basic_stringIcSt11char_traitsIcESaIcEEE
FNL:89,743,746
FNA:89,114,_ZNK4xlnt4cell9has_valueEv
FNL:90,748,769
FNA:90,48,_ZNK4xlnt4cell9to_stringB5cxx11Ev
FNL:91,771,774
FNA:91,1095,_ZNK4xlnt4cell10has_formatEv
FNL:92,776,779
FNA:92,103,_ZN4xlnt4cell6formatENS_6formatE
FNL:93,781,784
FNA:93,13,_ZNK4xlnt4cell9base_dateEv
FNL:94,786,789
FNA:94,4,_ZN4xlnteqEDnRKNS_4cellE
FNL:95,791,794
FNA:95,2,_ZN4xlnteqERKNS_4cellEDn
FNL:96,796,799
FNA:96,0,_ZN4xlntneEDnRKNS_4cellE
FNL:97,801,804
FNA:97,0,_ZN4xlntneERKNS_4cellEDn
FNL:98,806,809
FNA:98,6,_ZN4xlntlsERSoRKNS_4cellE
FNL:99,811,861
FNA:99,23,_ZN4xlnt4cell5valueERKNSt7__cxx1112basic_stringIcSt11char_traitsIcESaIcEEEb
FNL:100,863,867
FNA:100,2,_ZN4xlnt4cell12clear_formatEv
FNL:101,869,875
FNA:101,2,_ZN4xlnt4cell11clear_styleEv
FNL:102,877,887
FNA:102,4,_ZN4xlnt4cell5styleERKNS_5styleE
FNL:103,889,892
FNA:103,2,_ZN4xlnt4cell5styleERKNSt7__cxx1112basic_stringIcSt11char_traitsIcESaIcEEE
FNL:104,89,149
FNA:104,13,_ZN12_GLOBAL__N_19cast_timeERKNSt7__cxx1112basic_stringIcSt11char_traitsIcESaIcEEE
FNL:105,894,904
FNA:105,7,_ZN4xlnt4cell5styleEv
FNL:106,906,914
FNA:106,0,_ZNK4xlnt4cell5styleEv
FNL:107,916,919
FNA:107,5,_ZNK4xlnt4cell9has_styleEv
FNL:108,921,929
FNA:108,11,_ZN4xlnt4cell17modifiable_formatEv
FNL:109,931,939
FNA:109,400,_ZNK4xlnt4cell6formatEv
FNL:110,941,949
FNA:110,2,_ZNK4xlnt4cell9alignmentEv
FNL:111,951,959
FNA:111,2,_ZNK4xlnt4cell6borderEv
FNL:112,961,969
FNA:112,4,_ZNK4xlnt4cell4fillEv
FNL:113,971,979
FNA:113,8,_ZNK4xlnt4cell4fontEv
FNL:114,981,989
FNA:114,19,_ZNK4xlnt4cell13number_formatEv
FNL:115,991,999
FNA:115,2,_ZNK4xlnt4cell10protectionEv
FNF:116
FNH:102
BRDA:68,0,0,11
BRDA:70,0,0,2
BRDA:70,0,1,9
BRDA:76,0,0,1
BRDA:76,0,1,13
BRDA:78,0,0,1
BRDA:78,0,2,1
BRDA:80,0,0,1
BRDA:80,0,1,0
BRDA:91,0,0,13
BRDA:97,0,0,5
BRDA:97,0,1,13
BRDA:99,0,0,5
BRDA:99,0,2,5
BRDA:104,0,0,13
BRDA:104,0,2,13
BRDA:106,0,0,4
BRDA:106,0,1,9
BRDA:106,0,2,0
BRDA:106,0,3,4
BRDA:106,0,4,9
BRDA:106,0,5,4
BRDA:113,0,0,9
BRDA:113,0,1,3
BRDA:115,0,0,8
BRDA:115,0,1,1
BRDA:115,0,2,8
BRDA:115,0,4,0
BRDA:115,0,5,8
BRDA:115,0,6,8
BRDA:115,0,7,1
BRDA:115,0,8,1
BRDA:115,0,9,8
BRDA:115,0,10,0
BRDA:115,0,11,0
BRDA:120,0,0,26
BRDA:120,0,1,8
BRDA:122,0,0,25
BRDA:122,0,1,1
BRDA:122,0,2,0
BRDA:122,0,3,25
BRDA:122,0,4,0
BRDA:122,0,5,1
BRDA:127,0,0,8
BRDA:129,0,0,8
BRDA:135,0,0,1
BRDA:135,0,1,2
BRDA:142,0,0,1
BRDA:142,0,1,1
BRDA:164,0,0,1
BRDA:164,0,1,0
BRDA:164,0,2,1
BRDA:164,0,3,0
BRDA:164,0,4,1
BRDA:164,0,6,7
BRDA:164,0,7,1
BRDA:164,0,8,0
BRDA:164,0,9,0
BRDA:164,0,10,0
BRDA:164,0,11,0
BRDA:167,0,0,1
BRDA:167,0,2,1
BRDA:167,0,4,1
BRDA:167,0,6,1
BRDA:167,0,8,1
BRDA:167,0,10,1
BRDA:167,0,12,1
BRDA:167,0,14,0
BRDA:167,0,15,0
BRDA:167,0,16,0
BRDA:167,0,17,0
BRDA:174,0,0,2
BRDA:174,0,1,613
BRDA:178,0,0,1
BRDA:178,0,1,612
BRDA:180,0,0,1
BRDA:183,0,0,67807
BRDA:183,0,1,584
BRDA:185,0,0,67807
BRDA:185,0,1,0
BRDA:185,0,2,67798
BRDA:185,0,3,9
BRDA:185,0,4,67797
BRDA:185,0,5,1
BRDA:185,0,6,67796
BRDA:185,0,7,1
BRDA:185,0,8,67790
BRDA:185,0,9,6
BRDA:185,0,10,18
BRDA:185,0,11,67772
BRDA:187,0,0,29
BRDA:212,0,0,6
BRDA:212,0,1,4
BRDA:253,0,0,293
BRDA:253,0,2,293
BRDA:253,0,4,293
BRDA:258,0,0,293
BRDA:258,0,2,293
BRDA:261,0,0,293
BRDA:261,0,2,293
BRDA:266,0,0,120
BRDA:266,0,2,120
BRDA:283,0,0,3
BRDA:283,0,2,3
BRDA:290,0,0,5
BRDA:290,0,2,5
BRDA:297,0,0,2
BRDA:297,0,2,2
BRDA:304,0,0,2
BRDA:304,0,2,2
BRDA:304,0,4,2
BRDA:345,0,0,4
BRDA:345,0,1,0
BRDA:346,0,0,4
BRDA:346,0,1,3
BRDA:346,0,2,4
BRDA:346,0,4,4
BRDA:346,0,6,3
BRDA:346,0,7,1
BRDA:346,0,8,4
BRDA:346,0,9,3
BRDA:346,0,10,0
BRDA:346,0,11,0
BRDA:351,0,0,1131
BRDA:356,0,0,17
BRDA:356,0,1,0
BRDA:380,0,0,1
BRDA:380,0,1,70
BRDA:382,0,0,1
BRDA:382,0,2,1
BRDA:382,0,4,1
BRDA:382,0,6,1
BRDA:382,0,8,1
BRDA:384,0,0,70
BRDA:384,0,2,70
BRDA:389,0,0,1
BRDA:389,0,1,39
BRDA:391,0,0,1
BRDA:391,0,2,1
BRDA:391,0,4,1
BRDA:391,0,6,1
BRDA:391,0,8,1
BRDA:394,0,0,39
BRDA:395,0,0,39
BRDA:395,0,2,39
BRDA:397,0,0,39
BRDA:400,0,0,39
BRDA:400,0,2,39
BRDA:401,0,0,39
BRDA:403,0,0,32
BRDA:403,0,1,7
BRDA:405,0,0,32
BRDA:405,0,2,32
BRDA:410,0,0,7
BRDA:410,0,2,7
BRDA:410,0,4,7
BRDA:412,0,0,7
BRDA:413,0,0,7
BRDA:415,0,0,7
BRDA:415,0,2,7
BRDA:415,0,4,7
BRDA:418,0,0,32
BRDA:418,0,1,7
BRDA:420,0,0,32
BRDA:420,0,2,32
BRDA:424,0,0,7
BRDA:424,0,2,4
BRDA:424,0,3,3
BRDA:424,0,4,7
BRDA:425,0,0,7
BRDA:425,0,2,7
BRDA:425,0,4,7
BRDA:432,0,0,4
BRDA:432,0,2,4
BRDA:432,0,4,4
BRDA:432,0,6,4
BRDA:432,0,8,4
BRDA:432,0,10,4
BRDA:434,0,0,4
BRDA:435,0,0,4
BRDA:436,0,0,4
BRDA:436,0,2,4
BRDA:436,0,4,4
BRDA:436,0,6,4
BRDA:436,0,8,4
BRDA:438,0,0,1
BRDA:438,0,1,3
BRDA:440,0,0,1
BRDA:440,0,2,1
BRDA:444,0,0,3
BRDA:444,0,2,2
BRDA:444,0,3,1
BRDA:444,0,4,3
BRDA:445,0,0,3
BRDA:445,0,2,3
BRDA:445,0,4,3
BRDA:452,0,0,3
BRDA:452,0,2,3
BRDA:452,0,4,3
BRDA:452,0,6,3
BRDA:452,0,8,3
BRDA:452,0,10,3
BRDA:454,0,0,3
BRDA:455,0,0,3
BRDA:456,0,0,3
BRDA:456,0,2,3
BRDA:456,0,4,3
BRDA:456,0,6,3
BRDA:456,0,8,3
BRDA:459,0,0,1
BRDA:459,0,1,2
BRDA:461,0,0,1
BRDA:461,0,2,1
BRDA:465,0,0,2
BRDA:465,0,2,1
BRDA:465,0,3,1
BRDA:465,0,4,2
BRDA:466,0,0,2
BRDA:466,0,2,2
BRDA:466,0,4,2
BRDA:472,0,0,1
BRDA:472,0,1,16
BRDA:477,0,0,7
BRDA:477,0,1,9
BRDA:479,0,0,7
BRDA:486,0,0,16
BRDA:486,0,2,16
BRDA:496,0,0,1
BRDA:496,0,1,18
BRDA:498,0,0,1
BRDA:498,0,2,1
BRDA:498,0,4,1
BRDA:498,0,6,1
BRDA:498,0,8,1
BRDA:505,0,0,18
BRDA:505,0,1,776
BRDA:508,0,0,18
BRDA:508,0,2,18
BRDA:514,0,0,7
BRDA:514,0,1,14
BRDA:516,0,0,7
BRDA:516,0,2,7
BRDA:523,0,0,16
BRDA:523,0,1,1
BRDA:523,0,2,1
BRDA:523,0,3,15
BRDA:523,0,4,2
BRDA:523,0,5,15
BRDA:525,0,0,2
BRDA:534,0,0,1
BRDA:534,0,2,1
BRDA:534,0,4,1
BRDA:534,0,6,1
BRDA:549,0,0,348
BRDA:549,0,2,348
BRDA:554,0,0,203
BRDA:554,0,2,203
BRDA:561,0,0,35
BRDA:561,0,2,35
BRDA:561,0,4,35
BRDA:561,0,6,35
BRDA:561,0,8,0
BRDA:561,0,9,35
BRDA:563,0,0,-
BRDA:563,0,2,-
BRDA:563,0,4,-
BRDA:568,0,0,16
BRDA:568,0,1,35
BRDA:570,0,0,16
BRDA:570,0,2,16
BRDA:613,0,0,-
BRDA:692,0,0,0
BRDA:692,0,1,1
BRDA:692,0,2,0
BRDA:692,0,4,1
BRDA:692,0,6,1
BRDA:692,0,8,1
BRDA:692,0,9,0
BRDA:692,0,10,0
BRDA:692,0,11,0
BRDA:693,0,0,1
BRDA:693,0,2,1
BRDA:693,0,4,1
BRDA:698,0,0,0
BRDA:698,0,1,1
BRDA:698,0,2,0
BRDA:698,0,4,1
BRDA:698,0,6,1
BRDA:698,0,8,1
BRDA:698,0,9,0
BRDA:698,0,10,0
BRDA:698,0,11,0
BRDA:699,0,0,1
BRDA:699,0,2,1
BRDA:699,0,4,1
BRDA:704,0,0,4
BRDA:704,0,1,9
BRDA:704,0,2,4
BRDA:704,0,4,9
BRDA:704,0,6,9
BRDA:704,0,8,9
BRDA:704,0,9,4
BRDA:704,0,10,0
BRDA:704,0,11,0
BRDA:705,0,0,13
BRDA:705,0,2,13
BRDA:705,0,4,13
BRDA:710,0,0,1
BRDA:710,0,1,22
BRDA:710,0,2,1
BRDA:710,0,4,22
BRDA:710,0,6,22
BRDA:710,0,8,22
BRDA:710,0,9,1
BRDA:710,0,10,0
BRDA:710,0,11,0
BRDA:711,0,0,23
BRDA:711,0,2,23
BRDA:711,0,4,23
BRDA:716,0,0,4
BRDA:716,0,1,17
BRDA:716,0,2,4
BRDA:716,0,4,17
BRDA:716,0,6,17
BRDA:716,0,8,17
BRDA:716,0,9,4
BRDA:716,0,10,0
BRDA:716,0,11,0
BRDA:717,0,0,21
BRDA:717,0,2,21
BRDA:717,0,4,21
BRDA:722,0,0,0
BRDA:722,0,1,1
BRDA:722,0,2,0
BRDA:722,0,4,1
BRDA:722,0,6,1
BRDA:722,0,8,1
BRDA:722,0,9,0
BRDA:722,0,10,0
BRDA:722,0,11,0
BRDA:723,0,0,1
BRDA:723,0,2,1
BRDA:723,0,4,1
BRDA:729,0,0,212
BRDA:729,0,2,212
BRDA:735,0,0,190
BRDA:735,0,1,25
BRDA:737,0,0,190
BRDA:737,0,2,190
BRDA:737,0,4,190
BRDA:750,0,0,48
BRDA:752,0,0,2
BRDA:752,0,1,5
BRDA:752,0,2,37
BRDA:752,0,3,4
BRDA:752,0,4,0
BRDA:755,0,0,2
BRDA:758,0,0,5
BRDA:758,0,2,5
BRDA:763,0,0,37
BRDA:763,0,2,37
BRDA:765,0,0,2
BRDA:765,0,1,2
BRDA:765,0,2,4
BRDA:768,0,0,-
BRDA:783,0,0,13
BRDA:783,0,2,13
BRDA:808,0,0,6
BRDA:808,0,2,6
BRDA:813,0,0,23
BRDA:815,0,0,23
BRDA:815,0,1,0
BRDA:815,0,2,0
BRDA:815,0,3,23
BRDA:815,0,4,0
BRDA:815,0,5,23
BRDA:820,0,0,3
BRDA:820,0,1,20
BRDA:820,0,2,2
BRDA:820,0,3,1
BRDA:820,0,4,2
BRDA:820,0,5,21
BRDA:822,0,0,2
BRDA:826,0,0,7
BRDA:826,0,1,14
BRDA:826,0,2,7
BRDA:826,0,3,0
BRDA:826,0,4,7
BRDA:826,0,5,14
BRDA:828,0,0,7
BRDA:832,0,0,14
BRDA:834,0,0,1
BRDA:834,0,1,13
BRDA:838,0,0,1
BRDA:838,0,2,1
BRDA:842,0,0,13
BRDA:844,0,0,3
BRDA:844,0,1,10
BRDA:847,0,0,3
BRDA:847,0,2,3
BRDA:848,0,0,3
BRDA:852,0,0,10
BRDA:854,0,0,8
BRDA:854,0,1,2
BRDA:865,0,0,2
BRDA:865,0,1,0
BRDA:871,0,0,2
BRDA:871,0,1,0
BRDA:873,0,0,2
BRDA:873,0,2,2
BRDA:879,0,0,2
BRDA:879,0,1,2
BRDA:879,0,2,2
BRDA:879,0,4,2
BRDA:879,0,6,2
BRDA:879,0,8,2
BRDA:879,0,9,2
BRDA:879,0,10,0
BRDA:879,0,11,0
BRDA:881,0,0,4
BRDA:881,0,2,4
BRDA:882,0,0,4
BRDA:882,0,2,4
BRDA:883,0,0,4
BRDA:883,0,2,4
BRDA:884,0,0,4
BRDA:884,0,2,4
BRDA:886,0,0,4
BRDA:886,0,2,4
BRDA:886,0,4,4
BRDA:891,0,0,2
BRDA:891,0,2,1
BRDA:891,0,4,1
BRDA:896,0,0,7
BRDA:896,0,1,0
BRDA:896,0,2,7
BRDA:896,0,4,7
BRDA:896,0,6,1
BRDA:896,0,7,6
BRDA:896,0,8,7
BRDA:896,0,9,0
BRDA:896,0,10,1
BRDA:896,0,11,6
BRDA:896,0,12,0
BRDA:896,0,13,0
BRDA:898,0,0,1
BRDA:898,0,2,1
BRDA:898,0,4,1
BRDA:898,0,6,1
BRDA:898,0,8,1
BRDA:901,0,0,6
BRDA:903,0,0,6
BRDA:908,0,0,-
BRDA:908,0,1,-
BRDA:908,0,2,-
BRDA:908,0,4,-
BRDA:908,0,6,-
BRDA:908,0,7,-
BRDA:908,0,8,-
BRDA:908,0,9,-
BRDA:908,0,10,-
BRDA:908,0,11,-
BRDA:908,0,12,-
BRDA:908,0,13,-
BRDA:910,0,0,-
BRDA:910,0,2,-
BRDA:910,0,4,-
BRDA:910,0,6,-
BRDA:910,0,8,-
BRDA:913,0,0,-
BRDA:913,0,2,-
BRDA:918,0,0,4
BRDA:918,0,1,1
BRDA:918,0,2,4
BRDA:918,0,4,4
BRDA:918,0,6,2
BRDA:918,0,7,2
BRDA:918,0,8,4
BRDA:918,0,9,1
BRDA:918,0,10,0
BRDA:918,0,11,0
BRDA:923,0,0,0
BRDA:923,0,1,11
BRDA:925,0,0,-
BRDA:925,0,2,-
BRDA:925,0,4,-
BRDA:925,0,6,-
BRDA:925,0,8,-
BRDA:928,0,0,11
BRDA:928,0,2,11
BRDA:933,0,0,1
BRDA:933,0,1,399
BRDA:935,0,0,1
BRDA:935,0,2,1
BRDA:935,0,4,1
BRDA:935,0,6,1
BRDA:935,0,8,1
BRDA:938,0,0,399
BRDA:938,0,2,399
BRDA:943,0,0,1
BRDA:943,0,1,1
BRDA:945,0,0,1
BRDA:945,0,2,1
BRDA:953,0,0,1
BRDA:953,0,1,1
BRDA:955,0,0,1
BRDA:955,0,2,1
BRDA:963,0,0,3
BRDA:963,0,1,1
BRDA:965,0,0,3
BRDA:965,0,2,3
BRDA:973,0,0,7
BRDA:973,0,1,1
BRDA:975,0,0,7
BRDA:975,0,2,7
BRDA:983,0,0,18
BRDA:983,0,1,1
BRDA:985,0,0,18
BRDA:985,0,2,18
BRDA:993,0,0,1
BRDA:993,0,1,1
BRDA:995,0,0,1
BRDA:995,0,2,1
BRDA:998,0,0,1
BRDA:1015,0,0,1
BRDA:1015,0,1,0
BRDA:1017,0,0,1
BRDA:1017,0,2,1
BRDA:1017,0,4,1
BRDA:1024,0,0,2
BRDA:1024,0,1,54
BRDA:1026,0,0,2
BRDA:1026,0,2,2
BRDA:1026,0,4,2
BRDA:1026,0,6,2
BRDA:1026,0,8,2
BRDA:1034,0,0,-
BRDA:1034,0,2,-
BRDA:1039,0,0,4
BRDA:1039,0,2,4
BRDA:1039,0,4,4
BRDA:1044,0,0,0
BRDA:1044,0,1,34
BRDA:1046,0,0,-
BRDA:1046,0,2,-
BRDA:1050,0,0,34
BRDA:1050,0,2,34
BRDA:1050,0,4,34
BRDA:1050,0,6,34
BRDA:1051,0,0,34
BRDA:1051,0,2,34
BRDA:1051,0,4,34
BRDA:1055,0,0,34
BRDA:1056,0,0,34
BRDA:1059,0,0,34
BRDA:1059,0,2,34
BRDA:1061,0,0,34
BRDA:1061,0,2,34
BRDA:1066,0,0,34
BRDA:1066,0,2,34
BRDA:1071,0,0,-
BRDA:1071,0,2,-
BRF:562
BRH:465
DA:65,11
DA:67,11
DA:68,11
DA:69,11
DA:70,11
DA:71,11
DA:74,14
DA:76,14
DA:78,1
DA:80,1
DA:82,1
DA:86,13
DA:89,13
DA:91,13
DA:93,13
DA:94,13
DA:95,13
DA:97,18
DA:99,5
DA:100,5
DA:101,5
DA:104,13
DA:106,13
DA:108,9
DA:111,4
DA:113,12
DA:115,9
DA:117,1
DA:120,34
DA:122,26
DA:124,0
DA:127,8
DA:129,8
DA:132,3
DA:133,3
DA:135,3
DA:137,1
DA:138,1
DA:139,1
DA:140,1
DA:142,2
DA:144,1
DA:145,1
DA:148,3
DA:149,13
DA:155,1
DA:158,0
DA:159,0
DA:160,0
DA:161,0
DA:162,0
DA:163,0
DA:164,10
DA:166,1
DA:167,1
DA:169,615
DA:172,615
DA:174,615
DA:176,2
DA:178,613
DA:180,1
DA:183,68391
DA:185,67807
DA:187,29
DA:191,584
DA:192,29
DA:194,3265
DA:195,3265
DA:197,3265
DA:199,957
DA:201,957
DA:204,1
DA:206,1
DA:207,1
DA:209,10
DA:211,10
DA:212,10
DA:213,10
DA:215,14
DA:217,14
DA:218,14
DA:219,14
DA:221,2
DA:223,2
DA:224,2
DA:225,2
DA:227,2
DA:229,2
DA:230,2
DA:231,2
DA:233,2
DA:235,2
DA:236,2
DA:237,2
DA:239,2
DA:241,2
DA:242,2
DA:243,2
DA:245,6
DA:247,6
DA:248,6
DA:249,6
DA:251,322
DA:253,322
DA:254,293
DA:256,293
DA:258,293
DA:260,293
DA:261,293
DA:262,293
DA:264,120
DA:266,120
DA:267,120
DA:269,1
DA:271,1
DA:272,1
DA:273,1
DA:274,1
DA:275,1
DA:276,1
DA:277,1
DA:279,3
DA:281,3
DA:282,3
DA:283,3
DA:284,3
DA:286,5
DA:288,5
DA:289,5
DA:290,5
DA:291,5
DA:293,2
DA:295,2
DA:296,2
DA:297,2
DA:298,2
DA:300,2
DA:302,2
DA:303,2
DA:304,2
DA:305,2
DA:307,7
DA:309,7
DA:312,39
DA:314,39
DA:317,1
DA:319,1
DA:322,774
DA:324,774
DA:325,774
DA:327,0
DA:329,0
DA:332,964
DA:334,964
DA:337,2
DA:339,2
DA:340,2
DA:342,7
DA:344,7
DA:345,4
DA:346,11
DA:349,1131
DA:351,1131
DA:354,17
DA:356,17
DA:358,17
DA:362,0
DA:366,17
DA:368,17
DA:371,2
DA:373,2
DA:376,1
DA:378,71
DA:380,71
DA:382,1
DA:384,70
DA:387,40
DA:389,40
DA:391,1
DA:394,39
DA:395,39
DA:397,39
DA:400,39
DA:401,39
DA:402,63
DA:403,39
DA:405,32
DA:410,14
DA:412,14
DA:413,7
DA:415,7
DA:416,7
DA:418,39
DA:420,32
DA:424,7
DA:425,7
DA:427,39
DA:429,4
DA:432,4
DA:434,4
DA:435,8
DA:436,28
DA:438,4
DA:440,1
DA:444,3
DA:445,3
DA:447,4
DA:449,3
DA:452,3
DA:454,3
DA:455,6
DA:456,21
DA:459,3
DA:461,1
DA:465,2
DA:466,2
DA:468,3
DA:470,17
DA:472,17
DA:474,1
DA:477,16
DA:479,7
DA:483,9
DA:486,16
DA:489,2207
DA:491,2207
DA:494,19
DA:496,19
DA:498,1
DA:500,18
DA:503,794
DA:505,794
DA:507,18
DA:508,18
DA:510,794
DA:512,21
DA:514,21
DA:516,7
DA:518,14
DA:521,17
DA:523,17
DA:525,2
DA:528,15
DA:529,15
DA:530,15
DA:532,1
DA:534,1
DA:537,460
DA:539,460
DA:542,253
DA:544,253
DA:547,348
DA:549,348
DA:552,203
DA:554,203
DA:557,35
DA:559,35
DA:561,35
DA:563,0
DA:566,35
DA:568,51
DA:570,16
DA:573,35
DA:576,2962
DA:578,2962
DA:581,151
DA:583,151
DA:584,151
DA:586,48
DA:588,48
DA:591,0
DA:593,0
DA:596,0
DA:598,0
DA:601,0
DA:603,0
DA:606,0
DA:608,0
DA:611,0
DA:613,0
DA:616,767
DA:618,767
DA:619,767
DA:620,767
DA:621,767
DA:622,767
DA:625,7
DA:627,7
DA:631,24
DA:633,24
DA:637,1
DA:639,1
DA:643,1
DA:645,1
DA:649,1
DA:651,1
DA:655,1
DA:657,1
DA:661,67
DA:663,67
DA:667,3
DA:669,3
DA:673,0
DA:675,0
DA:679,0
DA:681,0
DA:685,0
DA:687,0
DA:690,1
DA:692,1
DA:693,1
DA:694,1
DA:696,1
DA:698,1
DA:699,1
DA:700,1
DA:702,13
DA:704,13
DA:705,13
DA:706,13
DA:708,23
DA:710,23
DA:711,23
DA:712,23
DA:714,21
DA:716,21
DA:717,21
DA:718,21
DA:720,1
DA:722,1
DA:723,1
DA:724,1
DA:727,212
DA:729,212
DA:733,215
DA:735,215
DA:737,190
DA:740,25
DA:743,114
DA:745,114
DA:748,48
DA:750,48
DA:752,48
DA:754,2
DA:755,4
DA:756,5
DA:758,5
DA:759,37
DA:763,37
DA:764,4
DA:765,8
DA:768,0
DA:769,48
DA:771,1095
DA:773,1095
DA:776,103
DA:778,103
DA:779,103
DA:781,13
DA:783,13
DA:786,4
DA:788,4
DA:791,2
DA:793,2
DA:796,0
DA:798,0
DA:801,0
DA:803,0
DA:806,6
DA:808,6
DA:811,23
DA:813,23
DA:815,23
DA:817,9
DA:820,23
DA:822,2
DA:823,2
DA:826,21
DA:828,7
DA:829,7
DA:832,14
DA:834,14
DA:836,1
DA:837,1
DA:838,1
DA:842,13
DA:844,13
DA:846,3
DA:847,3
DA:848,3
DA:852,10
DA:854,10
DA:856,8
DA:857,8
DA:863,2
DA:865,2
DA:866,2
DA:867,2
DA:869,2
DA:871,2
DA:873,2
DA:875,2
DA:877,4
DA:879,4
DA:881,4
DA:882,4
DA:883,4
DA:884,4
DA:886,4
DA:887,4
DA:889,2
DA:891,3
DA:892,1
DA:894,7
DA:896,7
DA:898,1
DA:901,6
DA:903,12
DA:904,6
DA:906,0
DA:908,0
DA:910,0
DA:913,0
DA:916,5
DA:918,5
DA:921,11
DA:923,11
DA:925,0
DA:928,11
DA:931,400
DA:933,400
DA:935,1
DA:938,399
DA:941,2
DA:943,2
DA:945,1
DA:948,1
DA:951,2
DA:953,2
DA:955,1
DA:958,1
DA:961,4
DA:963,4
DA:965,3
DA:968,1
DA:971,8
DA:973,8
DA:975,7
DA:978,1
DA:981,19
DA:983,19
DA:985,18
DA:988,1
DA:991,2
DA:993,2
DA:995,1
DA:998,1
DA:1001,967
DA:1003,967
DA:1008,1049
DA:1010,1049
DA:1013,1
DA:1015,1
DA:1017,1
DA:1018,1
DA:1020,1
DA:1022,56
DA:1024,56
DA:1026,2
DA:1029,54
DA:1032,0
DA:1034,0
DA:1035,0
DA:1037,4
DA:1039,4
DA:1040,4
DA:1042,34
DA:1044,34
DA:1046,0
DA:1050,34
DA:1051,34
DA:1055,34
DA:1056,34
DA:1057,34
DA:1059,34
DA:1061,34
DA:1062,34
DA:1064,34
DA:1066,34
DA:1069,0
DA:1071,0
LF:491
LH:448
end_of_record
TN:
SF:/root/project/source/cell/cell_reference.cpp
FNL:0,106,109
FNA:0,0,_ZNK4xlnt14cell_reference8to_rangeEv
FNL:1,111,115
FNA:1,12,_ZN4xlnt14cell_reference15split_referenceERKNSt7__cxx1112basic_stringIcSt11char_traitsIcESaIcEEE
FNL:2,117,179
FNA:2,1029,_ZN4xlnt14cell_reference15split_referenceERKNSt7__cxx1112basic_stringIcSt11char_traitsIcESaIcEEERbS9_
FNL:3,181,184
FNA:3,36,_ZNK4xlnt14cell_reference15column_absoluteEv
FNL:4,186,189
FNA:4,46,_ZN4xlnt14cell_reference15column_absoluteEb
FNL:5,191,194
FNA:5,36,_ZNK4xlnt14cell_reference12row_absoluteEv
FNL:6,196,199
FNA:6,46,_ZN4xlnt14cell_reference12row_absoluteEb
FNL:7,201,204
FNA:7,33407,_ZNK4xlnt14cell_reference6columnEv
FNL:8,206,209
FNA:8,1010,_ZN4xlnt14cell_reference6columnERKNSt7__cxx1112basic_stringIcSt11char_traitsIcESaIcEEE
FNL:9,211,214
FNA:9,27546,_ZNK4xlnt14cell_reference12column_indexEv
FNL:10,216,219
FNA:10,7220,_ZN4xlnt14cell_reference12column_indexENS_8column_tE
FNL:11,221,224
FNA:11,30249,_ZNK4xlnt14cell_reference3rowEv
FNL:12,226,229
FNA:12,3154,_ZN4xlnt14cell_reference3rowEj
FNL:13,231,234
FNA:13,37,_ZNK4xlnt14cell_referenceeqERKNSt7__cxx1112basic_stringIcSt11char_traitsIcESaIcEEE
FNL:14,236,239
FNA:14,35,_ZNK4xlnt14cell_referenceeqEPKc
FNL:15,241,244
FNA:15,1,_ZNK4xlnt14cell_referenceneERKS0_
FNL:16,246,249
FNA:16,1,_ZNK4xlnt14cell_referenceneERKNSt7__cxx1112basic_stringIcSt11char_traitsIcESaIcEEE
FNL:17,251,254
FNA:17,1,_ZNK4xlnt14cell_referenceneEPKc
FNL:18,256,263
FNA:18,43,_ZNK4xlnt14cell_reference11make_offsetEii
FNL:19,265,271
FNA:19,9230,_ZNK4xlnt14cell_referenceeqERKS0_
FNL:20,37,40
FNA:20,4,_ZNK4xlnt19cell_reference_hashclERKNS_14cell_referenceE
FNL:21,42,48
FNA:21,46,_ZN4xlnt14cell_reference13make_absoluteEbb
FNL:22,50,53
FNA:22,474,_ZN4xlnt14cell_referenceC2Ev
FNL:23,55,61
FNA:23,1017,_ZN4xlnt14cell_referenceC2ERKNSt7__cxx1112basic_stringIcSt11char_traitsIcESaIcEEE
FNL:24,63,66
FNA:24,362,_ZN4xlnt14cell_referenceC2EPKc
FNL:25,68,78
FNA:25,12961,_ZN4xlnt14cell_referenceC2ENS_8column_tEj
FNL:26,80,83
FNA:26,1,_ZNK4xlnt14cell_referencecmERKS0_
FNL:27,85,104
FNA:27,1416,_ZNK4xlnt14cell_reference9to_stringB5cxx11Ev
FNF:28
FNH:27
BRDA:51,0,0,474
BRDA:51,0,2,474
BRDA:58,0,0,1010
BRDA:59,0,0,1010
BRDA:64,0,0,362
BRDA:64,0,2,359
BRDA:72,0,0,12960
BRDA:72,0,2,12960
BRDA:72,0,3,0
BRDA:73,0,0,12960
BRDA:73,0,2,12960
BRDA:73,0,3,0
BRDA:74,0,0,12960
BRDA:74,0,1,1
BRDA:74,0,2,12960
BRDA:74,0,4,12960
BRDA:74,0,6,0
BRDA:74,0,7,12960
BRDA:74,0,8,1
BRDA:74,0,9,12960
BRDA:76,0,0,1
BRDA:89,0,0,8
BRDA:89,0,1,1408
BRDA:91,0,0,8
BRDA:94,0,0,1416
BRDA:94,0,2,1416
BRDA:96,0,0,8
BRDA:96,0,1,1408
BRDA:98,0,0,8
BRDA:101,0,0,1416
BRDA:114,0,0,4
BRDA:125,0,0,1026
BRDA:125,0,1,3
BRDA:125,0,2,10
BRDA:125,0,3,1016
BRDA:125,0,4,10
BRDA:125,0,5,1019
BRDA:136,0,0,2084
BRDA:136,0,1,6
BRDA:136,0,2,1061
BRDA:136,0,3,1023
BRDA:136,0,4,1061
BRDA:136,0,5,1029
BRDA:138,0,0,1061
BRDA:142,0,0,5
BRDA:142,0,1,1024
BRDA:144,0,0,5
BRDA:148,0,0,1022
BRDA:148,0,1,2
BRDA:148,0,2,9
BRDA:148,0,3,1013
BRDA:148,0,4,9
BRDA:148,0,5,1015
BRDA:159,0,0,1237
BRDA:159,0,1,1016
BRDA:159,0,2,1229
BRDA:159,0,3,8
BRDA:159,0,4,1229
BRDA:159,0,5,1024
BRDA:161,0,0,1229
BRDA:166,0,0,1016
BRDA:166,0,1,8
BRDA:166,0,2,2
BRDA:166,0,3,1014
BRDA:166,0,4,10
BRDA:166,0,5,1014
BRDA:168,0,0,10
BRDA:173,0,0,1014
BRDA:173,0,2,0
BRDA:173,0,3,1014
BRDA:175,0,0,-
BRDA:178,0,0,1014
BRDA:208,0,0,1010
BRDA:233,0,0,37
BRDA:233,0,2,37
BRDA:238,0,0,35
BRDA:238,0,2,35
BRDA:248,0,0,1
BRDA:248,0,2,1
BRDA:253,0,0,1
BRDA:253,0,2,1
BRDA:262,0,0,43
BRDA:262,0,2,43
BRDA:268,0,0,7519
BRDA:268,0,1,277
BRDA:269,0,0,7519
BRDA:269,0,1,0
BRDA:270,0,0,7796
BRDA:270,0,1,1434
BRDA:270,0,2,7519
BRDA:270,0,3,0
BRF:91
BRH:84
DA:37,4
DA:39,4
DA:42,46
DA:44,46
DA:45,46
DA:47,46
DA:50,474
DA:51,474
DA:53,474
DA:55,1017
DA:58,1017
DA:59,1010
DA:60,1010
DA:61,1010
DA:63,362
DA:64,365
DA:66,359
DA:68,12961
DA:69,12961
DA:71,25922
DA:72,12960
DA:73,12960
DA:74,25921
DA:76,1
DA:78,12960
DA:80,1
DA:82,1
DA:85,1416
DA:87,1416
DA:89,1416
DA:91,8
DA:94,1416
DA:96,1416
DA:98,8
DA:101,1416
DA:103,1416
DA:104,0
DA:106,0
DA:108,0
DA:111,12
DA:114,16
DA:117,1029
DA:120,1029
DA:121,1029
DA:122,1029
DA:125,1029
DA:127,10
DA:128,10
DA:132,1019
DA:136,2090
DA:138,1061
DA:139,1061
DA:142,1029
DA:144,5
DA:148,1024
DA:150,9
DA:151,9
DA:155,1015
DA:159,2253
DA:161,1229
DA:162,1229
DA:166,1024
DA:168,10
DA:172,1014
DA:173,1014
DA:175,0
DA:178,2028
DA:179,1044
DA:181,36
DA:183,36
DA:186,46
DA:188,46
DA:189,46
DA:191,36
DA:193,36
DA:196,46
DA:198,46
DA:199,46
DA:201,33407
DA:203,33407
DA:206,1010
DA:208,1010
DA:209,1010
DA:211,27546
DA:213,27546
DA:216,7220
DA:218,7220
DA:219,7220
DA:221,30249
DA:223,30249
DA:226,3154
DA:228,3154
DA:229,3154
DA:231,37
DA:233,37
DA:236,35
DA:238,70
DA:241,1
DA:243,1
DA:246,1
DA:248,1
DA:251,1
DA:253,2
DA:256,43
DA:259,43
DA:260,43
DA:262,43
DA:265,9230
DA:267,9230
DA:268,7796
DA:269,7519
DA:270,17026
LF:112
LH:108
end_of_record
TN:
SF:/root/project/source/cell/comment.cpp
FNL:0,102,105
FNA:0,16,_ZNK4xlnt7comment6heightEv
FNL:1,107,114
FNA:1,2,_ZNK4xlnt7commenteqERKS0_
FNL:2,116,119
FNA:2,0,_ZNK4xlnt7commentneERKS0_
FNL:3,29,32
FNA:3,34,_ZN4xlnt7commentC2Ev
FNL:4,34,37
FNA:4,32,_ZN4xlnt7commentC2ERKNS_9rich_textERKNSt7__cxx1112basic_stringIcSt11char_traitsIcESaIcEEE
FNL:5,39,43
FNA:5,37,_ZN4xlnt7commentC2ERKNSt7__cxx1112basic_stringIcSt11char_traitsIcESaIcEEES8_
FNL:6,45,48
FNA:6,16,_ZNK4xlnt7comment4textEv
FNL:7,50,53
FNA:7,2,_ZNK4xlnt7comment10plain_textB5cxx11Ev
FNL:8,55,58
FNA:8,34,_ZNK4xlnt7comment6authorB5cxx11Ev
FNL:9,60,63
FNA:9,0,_ZN4xlnt7comment4hideEv
FNL:10,65,68
FNA:10,0,_ZN4xlnt7comment4showEv
FNL:11,70,74
FNA:11,34,_ZN4xlnt7comment8positionEii
FNL:12,76,80
FNA:12,1,_ZN4xlnt7comment4sizeEii
FNL:13,82,85
FNA:13,16,_ZNK4xlnt7comment7visibleEv
FNL:14,87,90
FNA:14,16,_ZNK4xlnt7comment4leftEv
FNL:15,92,95
FNA:15,16,_ZNK4xlnt7comment3topEv
FNL:16,97,100
FNA:16,16,_ZNK4xlnt7comment5widthEv
FNF:17
FNH:14
BRDA:30,0,0,34
BRDA:30,0,2,34
BRDA:30,0,4,34
BRDA:35,0,0,32
BRDA:40,0,0,37
BRDA:42,0,0,37
BRDA:111,0,0,2
BRDA:111,0,1,0
BRDA:112,0,0,2
BRDA:112,0,1,0
BRDA:113,0,0,2
BRDA:113,0,1,0
BRDA:113,0,2,2
BRDA:113,0,3,0
BRF:14
BRH:10
DA:29,34
DA:30,102
DA:32,34
DA:34,32
DA:35,32
DA:37,32
DA:39,37
DA:40,37
DA:42,37
DA:43,37
DA:45,16
DA:47,16
DA:50,2
DA:52,2
DA:55,34
DA:57,34
DA:60,0
DA:62,0
DA:63,0
DA:65,0
DA:67,0
DA:68,0
DA:70,34
DA:72,34
DA:73,34
DA:74,34
DA:76,1
DA:78,1
DA:79,1
DA:80,1
DA:82,16
DA:84,16
DA:87,16
DA:89,16
DA:92,16
DA:94,16
DA:97,16
DA:99,16
DA:102,16
DA:104,16
DA:107,2
DA:110,2
DA:111,2
DA:112,2
DA:113,4
DA:116,0
DA:118,0
LF:47
LH:39
end_of_record
TN:
SF:/root/project/source/cell/hyperlink.cpp
FNL:0,101,104
FNA:0,1,_ZN4xlnt9hyperlink7tooltipERKNSt7__cxx1112basic_stringIcSt11char_traitsIcESaIcEEE
FNL:1,106,109
FNA:1,0,_ZN4xlnt9hyperlink13clear_tooltipEv
FNL:2,111,118
FNA:2,2,_ZNK4xlnt9hyperlink7tooltipB5cxx11Ev
FNL:3,120,123
FNA:3,1,_ZNK4xlnt9hyperlink12has_locationEv
FNL:4,125,128
FNA:4,1,_ZN4xlnt9hyperlink8locationERKNSt7__cxx1112basic_stringIcSt11char_traitsIcESaIcEEE
FNL:5,130,133
FNA:5,0,_ZN4xlnt9hyperlink14clear_locationEv
FNL:6,135,142
FNA:6,2,_ZNK4xlnt9hyperlink8locationB5cxx11Ev
FNL:7,32,35
FNA:7,70,_ZN4xlnt9hyperlinkC2EPNS_6detail14hyperlink_implE
FNL:8,37,45
FNA:8,19,_ZNK4xlnt9hyperlink12relationshipEv
FNL:9,47,55
FNA:9,6,_ZNK4xlnt9hyperlink3urlB5cxx11Ev
FNL:10,57,65
FNA:10,9,_ZNK4xlnt9hyperlink12target_rangeB5cxx11Ev
FNL:11,67,70
FNA:11,61,_ZNK4xlnt9hyperlink8externalEv
FNL:12,72,75
FNA:12,0,_ZNK4xlnt9hyperlink11has_displayEv
FNL:13,77,80
FNA:13,0,_ZN4xlnt9hyperlink7displayERKNSt7__cxx1112basic_stringIcSt11char_traitsIcESaIcEEE
FNL:14,82,85
FNA:14,0,_ZN4xlnt9hyperlink13clear_displayEv
FNL:15,87,94
FNA:15,25,_ZNK4xlnt9hyperlink7displayB5cxx11Ev
FNL:16,96,99
FNA:16,1,_ZNK4xlnt9hyperlink11has_tooltipEv
FNF:17
FNH:12
BRDA:39,0,0,0
BRDA:39,0,1,19
BRDA:41,0,0,-
BRDA:41,0,2,-
BRDA:49,0,0,0
BRDA:49,0,1,6
BRDA:51,0,0,-
BRDA:51,0,2,-
BRDA:59,0,0,0
BRDA:59,0,1,9
BRDA:61,0,0,-
BRDA:61,0,2,-
BRDA:89,0,0,0
BRDA:89,0,1,25
[...]
FNL:92,368,376
FNA:92,3,_ZNK4xlnt9worksheet15has_active_cellEv
FNL:93,378,393
FNA:93,3,_ZNK4xlnt9worksheet11active_cellEv
FNL:94,395,408
FNA:94,2936,_ZN4xlnt9worksheet4cellERKNS_14cell_referenceE
FNL:95,410,418
FNA:95,37,_ZNK4xlnt9worksheet4cellERKNS_14cell_referenceE
FNL:96,420,423
FNA:96,23,_ZN4xlnt9worksheet4cellENS_8column_tEj
FNL:97,425,428
FNA:97,0,_ZNK4xlnt9worksheet4cellENS_8column_tEj
FNL:98,430,434
FNA:98,4069,_ZNK4xlnt9worksheet8has_cellERKNS_14cell_referenceE
FNL:99,436,439
FNA:99,2771,_ZNK4xlnt9worksheet18has_row_propertiesEj
FNL:100,441,457
FNA:100,9,_ZN4xlnt9worksheet11named_rangeERKNSt7__cxx1112basic_stringIcSt11char_traitsIcESaIcEEE
FNL:101,459,475
FNA:101,0,_ZNK4xlnt9worksheet11named_rangeERKNSt7__cxx1112basic_stringIcSt11char_traitsIcESaIcEEE
FNL:102,477,492
FNA:102,58,_ZNK4xlnt9worksheet13lowest_columnEv
FNL:103,494,509
FNA:103,54,_ZNK4xlnt9worksheet22lowest_column_or_propsEv
FNL:104,511,526
FNA:104,80,_ZNK4xlnt9worksheet10lowest_rowEv
FNL:105,528,543
FNA:105,54,_ZNK4xlnt9worksheet19lowest_row_or_propsEv
FNL:106,545,555
FNA:106,86,_ZNK4xlnt9worksheet11highest_rowEv
FNL:107,557,572
FNA:107,54,_ZNK4xlnt9worksheet20highest_row_or_propsEv
FNL:108,57,60
FNA:108,52,_ZN12_GLOBAL__N_116points_to_pixelsEdd
FNL:109,574,584
FNA:109,59,_ZNK4xlnt9worksheet14highest_columnEv
FNL:110,586,601
FNA:110,54,_ZNK4xlnt9worksheet23highest_column_or_propsEv
FNL:111,603,649
FNA:111,167,_ZNK4xlnt9worksheet19calculate_dimensionEbb
FNL:112,651,659
FNA:112,24,_ZN4xlnt9worksheet5rangeERKNSt7__cxx1112basic_stringIcSt11char_traitsIcESaIcEEE
FNL:113,66,69
FNA:113,6,_ZN4xlnt9worksheetC2Ev
FNL:114,661,669
FNA:114,1,_ZNK4xlnt9worksheet5rangeERKNSt7__cxx1112basic_stringIcSt11char_traitsIcESaIcEEE
FNL:115,671,674
FNA:115,41,_ZN4xlnt9worksheet5rangeERKNS_15range_referenceE
FNL:116,676,679
FNA:116,1,_ZNK4xlnt9worksheet5rangeERKNS_15range_referenceE
FNL:117,681,684
FNA:117,9,_ZN4xlnt9worksheet11merge_cellsERKNSt7__cxx1112basic_stringIcSt11char_traitsIcESaIcEEE
FNL:118,686,689
FNA:118,2,_ZN4xlnt9worksheet13unmerge_cellsERKNSt7__cxx1112basic_stringIcSt11char_traitsIcESaIcEEE
FNL:119,691,717
FNA:119,11,_ZN4xlnt9worksheet11merge_cellsERKNS_15range_referenceE
FNL:120,71,74
FNA:120,3222,_ZN4xlnt9worksheetC2EPNS_6detail14worksheet_implE
FNL:121,719,737
FNA:121,2,_ZN4xlnt9worksheet13unmerge_cellsERKNS_15range_referenceE
FNL:122,739,749
FNA:122,0,_ZNK4xlnt9worksheet8next_rowEv
FNL:123,751,754
FNA:123,39,_ZN4xlnt9worksheet4rowsEb
FNL:124,756,759
FNA:124,6,_ZNK4xlnt9worksheet4rowsEb
FNL:125,76,79
FNA:125,4395,_ZN4xlnt9worksheetC2ERKS0_
FNL:126,761,764
FNA:126,16,_ZN4xlnt9worksheet7columnsEb
FNL:127,766,769
FNA:127,2,_ZNK4xlnt9worksheet7columnsEb
FNL:128,787,791
FNA:128,7,_ZN4xlnt9worksheet10clear_cellERKNS_14cell_referenceE
FNL:129,793,808
FNA:129,1,_ZN4xlnt9worksheet9clear_rowEj
FNL:130,81,86
FNA:130,8,_ZNK4xlnt9worksheet16has_frozen_panesEv
FNL:131,810,813
FNA:131,3,_ZN4xlnt9worksheet11insert_rowsEjj
FNL:132,815,818
FNA:132,2,_ZN4xlnt9worksheet14insert_columnsENS_8column_tEj
FNL:133,820,823
FNA:133,6,_ZN4xlnt9worksheet11delete_rowsEjj
FNL:134,825,828
FNA:134,2,_ZN4xlnt9worksheet14delete_columnsENS_8column_tEj
FNL:135,830,980
FNA:135,13,_ZN4xlnt9worksheet10move_cellsEjjNS_12row_or_col_tEb
FNL:136,88,91
FNA:136,6,_ZN4xlnt9worksheet18create_named_rangeERKNSt7__cxx1112basic_stringIcSt11char_traitsIcESaIcEEES8_
FNL:137,93,115
FNA:137,12,_ZN4xlnt9worksheet18create_named_rangeERKNSt7__cxx1112basic_stringIcSt11char_traitsIcESaIcEEERKNS_15range_referenceE
FNL:138,950,964
FNA:138,48,_ZZN4xlnt9worksheet10move_cellsEjjNS_12row_or_col_tEbENKUlRNS_14cell_referenceEE_clES3_
FNL:139,982,985
FNA:139,2072,_ZNK4xlnt9worksheeteqERKS0_
FNL:140,987,997
FNA:140,2074,_ZNK4xlnt9worksheet7compareERKS0_b
FNL:141,999,1002
FNA:141,1,_ZNK4xlnt9worksheetneERKS0_
FNF:142
FNH:124
BRDA:83,0,0,3
BRDA:83,0,1,5
BRDA:84,0,0,8
BRDA:84,0,1,0
BRDA:84,0,2,0
BRDA:84,0,3,3
BRDA:85,0,0,0
BRDA:85,0,1,0
BRDA:90,0,0,6
BRDA:90,0,2,4
BRDA:97,0,0,4
BRDA:101,0,0,4
BRDA:101,0,2,4
BRDA:101,0,4,3
BRDA:101,0,5,1
BRDA:101,0,6,2
BRDA:101,0,7,1
BRDA:101,0,8,2
BRDA:101,0,9,2
BRDA:103,0,0,2
BRDA:103,0,2,2
BRDA:103,0,4,2
BRDA:106,0,0,2
BRDA:106,0,1,8
BRDA:109,0,0,8
BRDA:112,0,0,10
BRDA:114,0,0,10
BRDA:114,0,2,10
BRDA:114,0,4,10
BRDA:139,0,0,1
BRDA:139,0,1,283
BRDA:141,0,0,1
BRDA:141,0,2,1
BRDA:141,0,4,1
BRDA:158,0,0,1
BRDA:168,0,0,-
BRDA:173,0,0,2
BRDA:173,0,1,3
BRDA:175,0,0,2
BRDA:175,0,2,2
BRDA:175,0,4,2
BRDA:197,0,0,72
BRDA:197,0,1,1
BRDA:206,0,0,542
BRDA:211,0,0,313
BRDA:218,0,0,1
BRDA:218,0,1,1
BRDA:220,0,0,1
BRDA:220,0,2,1
BRDA:220,0,4,0
BRDA:220,0,5,1
BRDA:222,0,0,-
BRDA:249,0,0,6
BRDA:249,0,1,30
BRDA:254,0,0,29
BRDA:254,0,1,1
BRDA:254,0,2,28
BRDA:254,0,4,1
BRDA:254,0,5,27
BRDA:254,0,6,2
BRDA:254,0,7,27
BRDA:256,0,0,2
BRDA:259,0,0,7
BRDA:259,0,1,20
BRDA:261,0,0,7
BRDA:265,0,0,20
BRDA:265,0,2,20
BRDA:266,0,0,20
BRDA:266,0,2,20
BRDA:266,0,4,20
BRDA:267,0,0,2
BRDA:267,0,1,18
BRDA:269,0,0,2
BRDA:273,0,0,18
BRDA:273,0,2,18
BRDA:274,0,0,18
BRDA:276,0,0,18
BRDA:276,0,2,18
BRDA:281,0,0,2
BRDA:281,0,1,2
BRDA:283,0,0,2
BRDA:283,0,2,2
BRDA:283,0,4,2
BRDA:291,0,0,2
BRDA:291,0,2,2
BRDA:296,0,0,1
BRDA:296,0,1,6
BRDA:301,0,0,0
BRDA:301,0,1,6
BRDA:303,0,0,-
BRDA:307,0,0,6
BRDA:307,0,1,0
BRDA:309,0,0,6
BRDA:316,0,0,6
BRDA:316,0,2,6
BRDA:316,0,4,1
BRDA:316,0,5,5
BRDA:318,0,0,1
BRDA:318,0,2,1
BRDA:322,0,0,1
BRDA:322,0,1,4
BRDA:324,0,0,1
BRDA:324,0,2,1
BRDA:326,0,0,1
BRDA:326,0,2,1
BRDA:326,0,4,1
BRDA:330,0,0,4
BRDA:330,0,2,4
BRDA:330,0,4,4
BRDA:330,0,6,4
BRDA:331,0,0,4
BRDA:331,0,2,4
BRDA:331,0,4,4
BRDA:331,0,6,4
BRDA:331,0,8,4
BRDA:332,0,0,4
BRDA:332,0,2,4
BRDA:334,0,0,4
BRDA:334,0,2,4
BRDA:334,0,4,4
BRDA:341,0,0,0
BRDA:341,0,1,2
BRDA:351,0,0,0
BRDA:351,0,1,1
BRDA:353,0,0,-
BRDA:358,0,0,1
BRDA:358,0,1,0
BRDA:360,0,0,1
BRDA:360,0,2,1
BRDA:370,0,0,0
BRDA:370,0,1,3
BRDA:372,0,0,1
BRDA:372,0,1,2
BRDA:373,0,0,2
BRDA:373,0,2,2
BRDA:380,0,0,0
BRDA:380,0,1,3
BRDA:382,0,0,-
BRDA:382,0,2,-
BRDA:382,0,4,-
BRDA:387,0,0,1
BRDA:387,0,1,2
BRDA:389,0,0,1
BRDA:389,0,2,1
BRDA:389,0,4,1
BRDA:397,0,0,2936
BRDA:398,0,0,1111
BRDA:398,0,1,1825
BRDA:400,0,0,1111
BRDA:402,0,0,1111
BRDA:402,0,2,1111
BRDA:403,0,0,1111
BRDA:405,0,0,1111
BRDA:407,0,0,2936
BRDA:412,0,0,37
BRDA:413,0,0,1
BRDA:413,0,1,36
BRDA:415,0,0,1
BRDA:415,0,2,1
BRDA:415,0,4,1
BRDA:415,0,6,1
BRDA:417,0,0,36
BRDA:422,0,0,23
BRDA:422,0,2,23
BRDA:427,0,0,-
BRDA:427,0,2,-
BRDA:432,0,0,4069
BRDA:438,0,0,2771
BRDA:444,0,0,9
BRDA:444,0,2,9
BRDA:444,0,4,1
BRDA:444,0,5,8
BRDA:446,0,0,1
BRDA:449,0,0,8
BRDA:451,0,0,1
BRDA:451,0,1,7
BRDA:453,0,0,1
BRDA:456,0,0,7
BRDA:456,0,2,7
BRDA:462,0,0,-
BRDA:462,0,2,-
BRDA:462,0,4,-
BRDA:462,0,5,-
BRDA:464,0,0,-
BRDA:467,0,0,-
BRDA:469,0,0,-
BRDA:469,0,1,-
BRDA:471,0,0,-
BRDA:474,0,0,-
BRDA:474,0,2,-
BRDA:479,0,0,20
BRDA:479,0,1,38
BRDA:481,0,0,20
BRDA:484,0,0,38
BRDA:486,0,0,963
BRDA:486,0,1,38
BRDA:488,0,0,963
BRDA:488,0,2,963
BRDA:496,0,0,54
BRDA:498,0,0,19
BRDA:498,0,1,35
BRDA:498,0,2,1
BRDA:498,0,3,18
BRDA:498,0,4,1
BRDA:498,0,5,53
BRDA:503,0,0,1334
BRDA:503,0,1,54
BRDA:505,0,0,1334
BRDA:513,0,0,34
BRDA:513,0,1,46
BRDA:515,0,0,34
BRDA:518,0,0,46
BRDA:520,0,0,1175
BRDA:520,0,1,46
BRDA:522,0,0,1175
BRDA:530,0,0,54
BRDA:532,0,0,19
BRDA:532,0,1,35
BRDA:532,0,2,1
BRDA:532,0,3,18
BRDA:532,0,4,1
BRDA:532,0,5,53
BRDA:537,0,0,1283
BRDA:537,0,1,54
BRDA:547,0,0,86
BRDA:549,0,0,1733
BRDA:549,0,1,86
BRDA:551,0,0,1733
BRDA:559,0,0,54
BRDA:561,0,0,19
BRDA:561,0,1,35
BRDA:561,0,2,1
BRDA:561,0,3,18
BRDA:561,0,4,1
BRDA:561,0,5,53
BRDA:566,0,0,1283
BRDA:566,0,1,54
BRDA:576,0,0,59
BRDA:578,0,0,964
BRDA:578,0,1,59
BRDA:580,0,0,964
BRDA:580,0,2,964
BRDA:588,0,0,54
BRDA:590,0,0,19
BRDA:590,0,1,35
BRDA:590,0,2,1
BRDA:590,0,3,18
BRDA:590,0,4,1
BRDA:590,0,5,53
BRDA:595,0,0,1334
BRDA:595,0,1,54
BRDA:597,0,0,1334
BRDA:609,0,0,29
BRDA:609,0,1,138
BRDA:609,0,2,29
BRDA:609,0,3,0
BRDA:609,0,4,29
BRDA:609,0,5,138
BRDA:612,0,0,29
BRDA:612,0,2,29
BRDA:612,0,4,29
BRDA:612,0,6,29
BRDA:612,0,8,29
BRDA:617,0,0,123
BRDA:617,0,1,15
BRDA:617,0,2,123
BRDA:617,0,4,15
BRDA:618,0,0,138
BRDA:619,0,0,93
BRDA:619,0,1,45
BRDA:621,0,0,2734
BRDA:621,0,1,93
BRDA:623,0,0,2732
BRDA:623,0,1,2
BRDA:629,0,0,0
BRDA:629,0,1,138
BRDA:632,0,0,-
BRDA:632,0,2,-
BRDA:632,0,4,-
BRDA:635,0,0,123
BRDA:635,0,1,15
BRDA:635,0,2,123
BRDA:635,0,4,15
BRDA:636,0,0,138
BRDA:639,0,0,3198
BRDA:639,0,1,138
BRDA:641,0,0,3165
BRDA:641,0,1,33
BRDA:642,0,0,3165
BRDA:645,0,0,3198
BRDA:648,0,0,138
BRDA:653,0,0,3
BRDA:653,0,1,21
BRDA:658,0,0,21
BRDA:658,0,2,21
BRDA:663,0,0,0
BRDA:663,0,1,1
BRDA:668,0,0,1
BRDA:668,0,2,1
BRDA:673,0,0,41
BRDA:678,0,0,1
BRDA:683,0,0,9
BRDA:683,0,2,9
BRDA:688,0,0,2
BRDA:688,0,2,1
BRDA:696,0,0,11
BRDA:696,0,2,11
BRDA:696,0,4,11
BRDA:696,0,6,69
BRDA:696,0,8,69
BRDA:696,0,10,80
BRDA:696,0,12,69
BRDA:696,0,13,11
BRDA:698,0,0,69
BRDA:698,0,2,69
BRDA:698,0,4,758
BRDA:698,0,6,827
BRDA:698,0,8,758
BRDA:698,0,9,69
BRDA:700,0,0,758
BRDA:702,0,0,747
BRDA:702,0,1,11
BRDA:704,0,0,747
BRDA:704,0,2,1
BRDA:704,0,3,746
BRDA:706,0,0,1
BRDA:710,0,0,746
BRDA:714,0,0,758
BRDA:721,0,0,2
BRDA:723,0,0,1
BRDA:723,0,1,1
BRDA:725,0,0,1
BRDA:725,0,2,1
BRDA:725,0,4,1
BRDA:725,0,6,1
BRDA:728,0,0,1
BRDA:730,0,0,1
BRDA:730,0,2,1
BRDA:730,0,4,1
BRDA:730,0,6,4
BRDA:730,0,8,4
BRDA:730,0,10,5
BRDA:730,0,12,4
BRDA:730,0,13,1
BRDA:732,0,0,4
BRDA:732,0,2,4
BRDA:732,0,4,16
BRDA:732,0,6,16
BRDA:732,0,8,20
BRDA:732,0,10,16
BRDA:732,0,11,4
BRDA:734,0,0,16
BRDA:743,0,0,-
BRDA:743,0,1,-
BRDA:743,0,2,-
BRDA:743,0,3,-
BRDA:743,0,4,-
BRDA:743,0,5,-
BRDA:753,0,0,39
BRDA:753,0,2,39
BRDA:758,0,0,6
BRDA:758,0,2,6
BRDA:763,0,0,16
BRDA:763,0,2,16
BRDA:768,0,0,2
BRDA:768,0,2,2
BRDA:795,0,0,140
BRDA:795,0,1,1
BRDA:797,0,0,140
BRDA:797,0,2,4
BRDA:797,0,3,136
BRDA:799,0,0,4
BRDA:832,0,0,8
BRDA:832,0,1,5
BRDA:832,0,2,0
BRDA:832,0,3,8
BRDA:834,0,0,-
BRDA:834,0,2,-
BRDA:837,0,0,5
BRDA:837,0,1,8
BRDA:837,0,2,3
BRDA:837,0,3,2
BRDA:837,0,4,3
BRDA:837,0,6,2
BRDA:837,0,7,1
BRDA:837,0,8,4
BRDA:837,0,9,8
BRDA:837,0,10,2
BRDA:837,0,11,2
BRDA:837,0,12,2
BRDA:837,0,14,2
BRDA:837,0,16,2
BRDA:837,0,18,2
BRDA:837,0,20,0
BRDA:837,0,21,2
BRDA:837,0,22,1
BRDA:837,0,23,12
BRDA:839,0,0,1
BRDA:839,0,2,1
BRDA:845,0,0,95
BRDA:845,0,1,12
BRDA:848,0,0,51
BRDA:848,0,1,44
BRDA:848,0,2,0
BRDA:851,0,0,51
BRDA:854,0,0,44
BRDA:857,0,0,-
BRDA:860,0,0,42
BRDA:860,0,1,53
BRDA:862,0,0,42
BRDA:863,0,0,26
BRDA:863,0,1,16
BRDA:865,0,0,15
BRDA:865,0,1,11
BRDA:867,0,0,16
BRDA:867,0,1,0
BRDA:869,0,0,9
BRDA:869,0,1,7
BRDA:869,0,2,16
BRDA:872,0,0,42
BRDA:873,0,0,42
BRDA:875,0,0,39
BRDA:875,0,1,14
BRDA:875,0,2,21
BRDA:875,0,3,18
BRDA:877,0,0,21
BRDA:885,0,0,42
BRDA:885,0,1,12
BRDA:887,0,0,42
BRDA:887,0,2,42
BRDA:887,0,4,42
BRDA:890,0,0,8
BRDA:890,0,1,4
BRDA:895,0,0,8
BRDA:895,0,1,8
BRDA:898,0,0,3
BRDA:898,0,1,5
BRDA:900,0,0,2
BRDA:900,0,1,1
BRDA:901,0,0,3
BRDA:901,0,2,3
BRDA:902,0,0,3
BRDA:904,0,0,4
BRDA:904,0,1,1
BRDA:904,0,2,3
BRDA:904,0,3,1
BRDA:906,0,0,3
BRDA:914,0,0,3
BRDA:914,0,1,8
BRDA:916,0,0,3
BRDA:919,0,0,4
BRDA:919,0,1,0
BRDA:924,0,0,6
BRDA:924,0,1,4
BRDA:927,0,0,2
BRDA:927,0,1,4
BRDA:929,0,0,1
BRDA:929,0,1,1
BRDA:929,0,2,2
BRDA:930,0,0,2
BRDA:931,0,0,2
BRDA:933,0,0,3
BRDA:933,0,1,1
BRDA:933,0,2,2
BRDA:933,0,3,1
BRDA:935,0,0,2
BRDA:943,0,0,2
BRDA:943,0,1,4
BRDA:945,0,0,2
BRDA:951,0,0,24
BRDA:951,0,1,24
BRDA:952,0,0,28
BRDA:952,0,1,20
BRDA:954,0,0,14
BRDA:954,0,1,14
BRDA:955,0,0,18
BRDA:955,0,1,10
BRDA:959,0,0,10
BRDA:959,0,1,0
BRDA:961,0,0,10
BRDA:961,0,2,10
BRDA:966,0,0,24
BRDA:966,0,1,12
BRDA:968,0,0,24
BRDA:969,0,0,24
BRDA:971,0,0,24
BRDA:972,0,0,24
BRDA:974,0,0,24
BRDA:975,0,0,24
BRDA:975,0,2,16
BRDA:975,0,3,8
BRDA:989,0,0,2072
BRDA:989,0,1,2
BRDA:1026,0,0,52
BRDA:1031,0,0,2
BRDA:1033,0,0,1
BRDA:1033,0,1,1
BRDA:1035,0,0,1
BRDA:1038,0,0,1
BRDA:1048,0,0,2
BRDA:1048,0,1,23
BRDA:1050,0,0,2
BRDA:1050,0,2,2
BRDA:1050,0,4,2
BRDA:1057,0,0,1
BRDA:1063,0,0,1
BRDA:1063,0,1,1
BRDA:1065,0,0,1
BRDA:1065,0,2,1
BRDA:1068,0,0,1
BRDA:1068,0,1,1
BRDA:1070,0,0,1
BRDA:1073,0,0,1
BRDA:1073,0,2,1
BRDA:1073,0,4,1
BRDA:1078,0,0,-
BRDA:1078,0,2,-
BRDA:1083,0,0,8
BRDA:1083,0,2,8
BRDA:1093,0,0,1482
BRDA:1103,0,0,-
BRDA:1105,0,0,-
BRDA:1105,0,1,-
BRDA:1107,0,0,-
BRDA:1120,0,0,14
BRDA:1122,0,0,0
BRDA:1122,0,1,14
BRDA:1124,0,0,-
BRDA:1137,0,0,3
BRDA:1137,0,2,3
BRDA:1142,0,0,3
BRDA:1142,0,2,3
BRDA:1147,0,0,2
BRDA:1147,0,2,2
BRDA:1152,0,0,2
BRDA:1152,0,2,2
BRDA:1187,0,0,52
BRDA:1187,0,1,4
BRDA:1187,0,2,2
BRDA:1187,0,3,50
BRDA:1198,0,0,2
BRDA:1198,0,2,2
BRDA:1203,0,0,1
BRDA:1203,0,1,4
BRDA:1205,0,0,1
BRDA:1205,0,2,1
BRDA:1205,0,4,1
BRDA:1232,0,0,1
BRDA:1232,0,1,74
BRDA:1234,0,0,1
BRDA:1234,0,2,1
BRDA:1234,0,4,1
BRDA:1234,0,6,1
BRDA:1234,0,8,1
BRDA:1234,0,10,1
BRDA:1234,0,12,1
BRDA:1234,0,14,1
BRDA:1234,0,16,1
BRDA:1247,0,0,-
BRDA:1247,0,1,-
BRDA:1249,0,0,-
BRDA:1249,0,2,-
BRDA:1249,0,4,-
BRDA:1249,0,6,-
BRDA:1249,0,8,-
BRDA:1249,0,10,-
BRDA:1249,0,12,-
BRDA:1249,0,14,-
BRDA:1249,0,16,-
BRDA:1252,0,0,-
BRDA:1262,0,0,34
BRDA:1262,0,2,34
BRDA:1267,0,0,16
BRDA:1267,0,2,16
BRDA:1277,0,0,1
BRDA:1277,0,1,5
BRDA:1279,0,0,1
BRDA:1279,0,2,1
BRDA:1279,0,4,1
BRDA:1329,0,0,0
BRDA:1329,0,1,35
BRDA:1343,0,0,14
BRDA:1343,0,1,3
BRDA:1343,0,2,0
BRDA:1343,0,3,14
BRDA:1343,0,4,0
BRDA:1343,0,5,17
BRDA:1355,0,0,18
BRDA:1355,0,2,18
BRDA:1365,0,0,1
BRDA:1365,0,2,1
BRDA:1365,0,4,1
BRDA:1370,0,0,53
BRDA:1371,0,0,53
BRDA:1371,0,2,53
BRDA:1371,0,4,53
BRDA:1371,0,6,53
BRDA:1371,0,8,53
BRDA:1371,0,10,53
BRDA:1376,0,0,55
BRDA:1377,0,0,55
BRDA:1378,0,0,55
BRDA:1378,0,2,55
BRDA:1379,0,0,55
BRDA:1381,0,0,55
BRDA:1381,0,2,55
BRDA:1381,0,4,55
BRDA:1381,0,6,55
BRDA:1381,0,8,55
BRDA:1381,0,10,55
BRDA:1407,0,0,1
BRDA:1407,0,1,4
BRDA:1417,0,0,1
BRDA:1417,0,1,1
BRDA:1420,0,0,1
BRF:615
BRH:539
DA:57,52
DA:59,52
DA:66,6
DA:67,6
DA:69,6
DA:71,3222
DA:72,3222
DA:74,3222
DA:76,4395
DA:77,4395
DA:79,4395
DA:81,8
DA:83,16
DA:84,16
DA:85,8
DA:88,6
DA:90,6
DA:91,4
DA:93,12
DA:97,12
DA:101,4
DA:103,2
DA:105,4
DA:106,10
DA:109,8
DA:111,10
DA:112,10
DA:114,10
DA:115,10
DA:117,109
DA:119,109
DA:122,62
DA:124,62
DA:127,55
DA:129,55
DA:132,166
DA:134,166
DA:137,284
DA:139,284
DA:141,1
DA:143,283
DA:146,398
DA:148,398
DA:149,398
DA:151,1
DA:153,1
DA:154,1
DA:156,1
DA:158,1
DA:159,1
DA:161,2
DA:163,2
DA:164,2
DA:166,0
DA:168,0
DA:169,0
DA:171,5
DA:173,5
DA:175,2
DA:177,3
DA:180,109
DA:182,109
DA:185,0
DA:187,0
DA:188,0
DA:190,37
DA:192,37
DA:193,37
DA:195,73
DA:197,73
DA:199,72
DA:201,1
DA:204,542
DA:206,542
DA:209,313
DA:211,313
DA:214,1
DA:216,1
DA:218,2
DA:220,1
DA:222,0
DA:226,1
DA:229,1
DA:231,0
DA:233,0
DA:234,0
DA:236,288
DA:238,288
DA:241,1370
DA:243,1370
DA:246,36
DA:249,36
DA:251,6
DA:254,30
DA:256,2
DA:259,27
DA:261,7
DA:265,40
DA:266,40
DA:267,20
DA:269,2
DA:273,18
DA:274,18
DA:276,18
DA:279,4
DA:281,4
DA:283,2
DA:286,2
DA:289,2
DA:291,2
DA:292,2
DA:294,7
DA:296,7
DA:298,1
DA:299,1
DA:301,6
DA:303,0
DA:306,6
DA:307,6
DA:309,6
DA:312,6
DA:313,6
DA:315,6
DA:316,6
DA:318,1
DA:319,1
DA:320,1
DA:322,5
DA:324,1
DA:325,1
DA:326,1
DA:330,4
DA:331,4
DA:332,4
DA:333,4
DA:334,4
DA:335,4
DA:339,2
DA:341,2
DA:343,2
DA:345,2
DA:346,2
DA:349,1
DA:351,1
DA:353,0
DA:356,1
DA:358,1
DA:360,1
DA:364,0
DA:366,1
DA:368,3
DA:370,3
DA:371,3
DA:372,3
DA:373,2
DA:375,2
DA:376,2
DA:378,3
DA:380,3
DA:382,0
DA:385,3
DA:387,3
DA:389,1
DA:392,2
DA:395,2936
DA:397,2936
DA:398,2936
DA:400,1111
DA:401,1111
DA:402,1111
DA:403,1111
DA:405,1111
DA:406,1111
DA:407,2936
DA:410,37
DA:412,37
DA:413,37
DA:415,1
DA:417,36
DA:420,23
DA:422,23
DA:425,0
DA:427,0
DA:430,4069
DA:432,4069
DA:433,4069
DA:436,2771
DA:438,2771
DA:441,9
DA:444,9
DA:446,1
DA:449,8
DA:451,8
DA:453,1
DA:456,14
DA:459,0
DA:462,0
DA:464,0
DA:467,0
DA:469,0
DA:471,0
DA:474,0
DA:477,58
DA:479,58
DA:481,20
DA:484,38
DA:486,1001
DA:488,963
DA:491,38
DA:494,54
DA:496,54
DA:498,54
DA:500,1
DA:503,1388
DA:505,1334
DA:508,54
DA:511,80
DA:513,80
DA:515,34
DA:518,46
DA:520,1221
DA:522,1175
DA:525,46
DA:528,54
DA:530,54
DA:532,54
DA:534,1
DA:537,1337
DA:539,1283
DA:542,54
DA:545,86
DA:547,86
DA:549,1819
DA:551,1733
DA:554,86
DA:557,54
DA:559,54
DA:561,54
DA:563,1
DA:566,1337
DA:568,1283
DA:571,54
DA:574,59
DA:576,59
DA:578,1023
DA:580,964
DA:583,59
DA:586,54
DA:588,54
DA:590,54
DA:592,1
DA:595,1388
DA:597,1334
DA:600,54
DA:603,167
DA:609,167
DA:612,29
DA:617,138
DA:618,138
DA:619,138
DA:621,2827
DA:623,2734
DA:624,2732
DA:626,2734
DA:629,138
DA:632,0
DA:635,138
DA:636,138
DA:637,138
DA:638,138
DA:639,3336
DA:641,3198
DA:642,3165
DA:643,3165
DA:645,3198
DA:646,3198
DA:648,138
DA:651,24
DA:653,24
DA:655,3
DA:658,21
DA:661,1
DA:663,1
DA:665,0
DA:668,1
DA:671,41
DA:673,41
DA:676,1
DA:678,1
DA:681,9
DA:683,9
DA:684,9
DA:686,2
DA:688,2
DA:689,1
DA:691,11
DA:693,11
DA:694,11
DA:696,149
DA:698,827
DA:700,758
DA:702,758
DA:704,747
DA:706,1
DA:710,746
DA:714,758
DA:716,11
DA:717,11
DA:719,2
DA:721,2
DA:723,2
DA:725,1
DA:728,1
DA:730,9
DA:732,36
DA:734,16
DA:736,1
DA:737,1
DA:739,0
DA:741,0
DA:743,0
DA:745,0
DA:748,0
DA:751,39
DA:753,39
DA:756,6
DA:758,6
DA:761,16
DA:763,16
DA:766,2
DA:768,2
DA:787,7
DA:789,7
DA:791,7
DA:793,1
DA:795,141
DA:797,140
DA:799,4
DA:803,136
DA:806,1
DA:808,1
DA:810,3
DA:812,3
DA:813,2
DA:815,2
DA:817,2
DA:818,2
DA:820,6
DA:822,6
DA:823,6
DA:825,2
DA:827,2
DA:828,2
DA:830,13
DA:832,13
DA:834,0
DA:837,13
DA:839,3
DA:842,12
DA:844,12
DA:845,107
DA:848,95
DA:850,51
DA:851,51
DA:852,51
DA:853,44
DA:854,44
DA:855,44
DA:856,0
DA:857,0
DA:860,95
DA:862,42
DA:863,42
DA:865,26
DA:867,16
DA:869,16
DA:872,42
DA:873,42
DA:874,42
DA:875,53
DA:877,21
DA:881,32
DA:885,54
DA:887,42
DA:890,12
DA:892,8
DA:894,8
DA:895,16
DA:897,8
DA:898,8
DA:900,3
DA:901,3
DA:902,3
DA:904,5
DA:906,3
DA:910,2
DA:914,11
DA:916,3
DA:918,8
DA:919,4
DA:921,4
DA:923,4
DA:924,10
DA:926,6
DA:927,6
DA:929,2
DA:930,2
DA:931,2
DA:933,4
DA:935,2
DA:939,2
DA:943,6
DA:945,2
DA:947,4
DA:950,48
DA:951,48
DA:952,48
DA:954,28
DA:955,28
DA:957,18
DA:959,10
DA:961,10
DA:964,48
DA:966,36
DA:968,24
DA:969,24
DA:971,24
DA:972,24
DA:974,24
DA:975,24
DA:977,16
DA:980,12
DA:982,2072
DA:984,2072
DA:987,2074
DA:989,2074
DA:991,2072
DA:995,2
DA:999,1
DA:1001,1
DA:1004,0
DA:1006,0
DA:1009,0
DA:1011,0
DA:1014,6
DA:1016,6
DA:1017,6
DA:1019,0
DA:1021,0
DA:1024,52
DA:1026,52
DA:1029,2
DA:1031,2
DA:1033,2
DA:1035,1
DA:1038,1
DA:1039,1
DA:1041,1
DA:1043,1
DA:1044,1
DA:1046,25
DA:1048,25
DA:1050,2
DA:1052,23
DA:1055,1
DA:1057,1
DA:1058,1
DA:1060,1
DA:1061,1
DA:1063,2
DA:1065,1
DA:1068,2
DA:1070,1
DA:1073,1
DA:1076,0
DA:1078,0
DA:1079,0
DA:1081,8
DA:1083,8
DA:1086,92789
DA:1088,92789
DA:1089,92789
DA:1091,1482
DA:1093,1482
DA:1096,1354
DA:1098,1354
DA:1101,0
DA:1103,0
DA:1105,0
DA:1107,0
DA:1110,0
DA:1113,1399
DA:1115,1399
DA:1118,14
DA:1120,14
DA:1122,14
DA:1124,0
DA:1127,28
DA:1130,15
DA:1132,15
DA:1133,15
DA:1135,3
DA:1137,3
DA:1140,3
DA:1142,3
DA:1145,2
DA:1147,2
DA:1150,2
DA:1152,2
DA:1155,2
DA:1157,2
DA:1160,2
DA:1162,2
DA:1165,2
DA:1167,2
DA:1168,2
DA:1170,10
DA:1172,10
DA:1175,2
DA:1177,2
DA:1178,2
DA:1180,10
DA:1182,10
DA:1185,56
DA:1187,56
DA:1190,0
DA:1192,0
DA:1193,0
DA:1194,0
DA:1196,2
DA:1198,2
DA:1199,2
DA:1201,5
DA:1203,5
DA:1205,1
DA:1207,4
DA:1210,56
DA:1212,56
DA:1215,0
DA:1217,0
DA:1220,79
DA:1222,79
DA:1225,2
DA:1227,2
DA:1230,75
DA:1232,75
DA:1234,1
DA:1237,74
DA:1240,292
DA:1242,292
DA:1243,292
DA:1245,0
DA:1247,0
DA:1249,0
DA:1252,0
DA:1253,0
DA:1255,1
DA:1257,1
DA:1258,1
DA:1260,34
DA:1262,34
DA:1263,34
DA:1265,16
DA:1267,16
DA:1268,16
DA:1270,55
DA:1272,55
DA:1275,6
DA:1277,6
DA:1279,1
DA:1281,5
DA:1284,1
DA:1286,1
DA:1287,1
DA:1289,58
DA:1291,58
DA:1294,31
DA:1296,31
DA:1297,31
DA:1299,0
DA:1301,0
DA:1302,0
DA:1303,0
DA:1305,0
DA:1307,0
DA:1308,0
DA:1310,53
DA:1312,53
DA:1315,0
DA:1317,0
DA:1318,0
DA:1320,53
DA:1322,53
DA:1325,35
DA:1329,35
DA:1331,0
DA:1335,35
DA:1339,17
DA:1343,17
DA:1345,0
DA:1349,17
DA:1353,18
DA:1355,18
DA:1356,18
DA:1358,2
DA:1360,2
DA:1361,2
DA:1363,1
DA:1365,1
DA:1368,53
DA:1370,53
DA:1371,106
DA:1372,53
DA:1374,55
DA:1376,55
DA:1377,55
DA:1378,110
DA:1379,55
DA:1380,110
DA:1381,55
DA:1382,55
DA:1383,55
DA:1385,53
DA:1387,53
DA:1390,3
DA:1392,3
DA:1393,3
DA:1395,3
DA:1397,3
DA:1400,0
DA:1402,0
DA:1405,5
DA:1407,5
DA:1409,1
DA:1412,4
DA:1415,2
DA:1417,2
DA:1419,1
DA:1420,1
DA:1421,1
DA:1422,2
DA:1423,2
LF:642
LH:569
end_of_record
