TN:
SF:/root/project/include/xlnt/cell/cell_reference.hpp
FNL:0,265,270
FNA:0,91123,_ZNKSt4hashIN4xlnt14cell_referenceEEclERKS1_
FNF:1
FNH:1
DA:265,91123
DA:269,91123
LF:2
LH:2
end_of_record
TN:
SF:/root/project/include/xlnt/cell/index_types.hpp
FNL:0,302,306
FNA:0,46353,_ZNKSt4hashIN4xlnt8column_tEEclERKS1_
FNF:1
FNH:1
DA:302,46353
DA:305,46353
LF:2
LH:2
end_of_record
TN:
SF:/root/project/include/xlnt/cell/rich_text.hpp
FNL:0,167,177
FNA:0,11362,_ZNK4xlnt14rich_text_hashclERKNS_9rich_textE
FNL:1,47,47
FNA:1,12582,_ZN4xlnt9rich_textC2Ev
FNF:2
FNH:2
DA:47,12582
DA:167,11362
DA:169,11362
DA:171,22745
DA:173,11383
DA:174,22745
DA:176,11362
LF:7
LH:7
end_of_record
TN:
SF:/root/project/include/xlnt/packaging/ext_list.hpp
FNL:0,77,81
FNA:0,0,_ZN4xlnteqERKNS_8ext_list3extES3_
FNF:1
FNH:0
DA:77,0
DA:79,0
DA:80,0
LF:3
LH:0
end_of_record
TN:
SF:/root/project/include/xlnt/styles/conditional_format.hpp
FNL:0,56,59
FNA:0,0,_ZNK4xlnt9conditioneqERKS0_
FNF:1
FNH:0
DA:56,0
DA:58,0
LF:2
LH:0
end_of_record
TN:
SF:/root/project/include/xlnt/utils/date.hpp
FNL:0,59,59
FNA:0,0,_ZN4xlnt4dateC2Ev
FNL:1,95,98
FNA:1,100,_ZNK4xlnt4date7is_nullEv
FNF:2
FNH:1
DA:59,0
DA:95,100
DA:97,100
LF:3
LH:2
end_of_record
TN:
SF:/root/project/include/xlnt/utils/exceptions.hpp
FNL:0,111,111
FNA:0,11,_ZN4xlnt19invalid_sheet_titleC2ERKS0_
FNL:1,134,134
FNA:1,1,_ZN4xlnt12invalid_fileC2ERKS0_
FNL:2,157,157
FNA:2,29,_ZN4xlnt17illegal_characterC2ERKS0_
FNL:3,201,201
FNA:3,4,_ZN4xlnt20invalid_column_indexC2ERKS0_
FNL:4,228,228
FNA:4,3,_ZN4xlnt22invalid_cell_referenceC2ERKS0_
FNL:5,250,250
FNA:5,21,_ZN4xlnt17invalid_attributeC2ERKS0_
FNL:6,272,272
FNA:6,9,_ZN4xlnt13key_not_foundC2ERKS0_
FNL:7,50,50
FNA:7,111,_ZN4xlnt9exceptionC2ERKS0_
FNL:8,89,89
FNA:8,8,_ZN4xlnt17invalid_parameterC2ERKS0_
FNF:9
FNH:9
DA:50,111
DA:89,8
DA:111,11
DA:134,1
DA:157,29
DA:201,4
DA:228,3
DA:250,21
DA:272,9
LF:9
LH:9
end_of_record
TN:
SF:/root/project/include/xlnt/utils/numeric.hpp
FNL:0,41,44
FNA:0,12571,_ZN4xlnt6detail3absIdEET_S2_
FNA:0,8,_ZN4xlnt6detail3absIfEET_S2_
FNA:0,3,_ZN4xlnt6detail3absIiEET_S2_
FNL:1,50,53
FNA:1,12568,_ZN4xlnt6detail3maxIddEENSt11common_typeIJT_T0_EE4typeES3_S4_
FNA:1,3,_ZN4xlnt6detail3maxIdiEENSt11common_typeIJT_T0_EE4typeES3_S4_
FNA:1,8,_ZN4xlnt6detail3maxIffEENSt11common_typeIJT_T0_EE4typeES3_S4_
FNA:1,3,_ZN4xlnt6detail3maxIidEENSt11common_typeIJT_T0_EE4typeES3_S4_
FNA:1,6,_ZN4xlnt6detail3maxIiiEENSt11common_typeIJT_T0_EE4typeES3_S4_
FNL:2,59,62
FNA:2,3,_ZN4xlnt6detail3minIdiEENSt11common_typeIJT_T0_EE4typeES3_S4_
FNA:2,3,_ZN4xlnt6detail3minIidEENSt11common_typeIJT_T0_EE4typeES3_S4_
FNA:2,6,_ZN4xlnt6detail3minIiiEENSt11common_typeIJT_T0_EE4typeES3_S4_
FNL:3,75,103
FNA:3,4,_ZN4xlnt6detail12float_equalsIdddEEbRKT0_RKT1_i
FNA:3,9,_ZN4xlnt6detail12float_equalsIddfEEbRKT0_RKT1_i
FNA:3,6266,_ZN4xlnt6detail12float_equalsIfddEEbRKT0_RKT1_i
FNA:3,5,_ZN4xlnt6detail12float_equalsIfdfEEbRKT0_RKT1_i
FNA:3,4,_ZN4xlnt6detail12float_equalsIfffEEbRKT0_RKT1_i
FNF:4
FNH:4
DA:41,12582
DA:43,12582
DA:50,12588
DA:52,12588
DA:59,12
DA:61,12
DA:75,6288
DA:87,6288
DA:89,0
DA:94,6288
DA:99,6288
DA:102,6288
LF:12
LH:11
end_of_record
TN:
SF:/root/project/include/xlnt/utils/optional.hpp
FNL:0,105,112
FNA:0,1,_ZN4xlnt8optionalIN12_GLOBAL__N_111alive_countEEC2ERKS3_
FNA:0,96,_ZN4xlnt8optionalINS_10paper_sizeEEC2ERKS2_
FNA:0,96,_ZN4xlnt8optionalINS_11orientationEEC2ERKS2_
FNA:0,155,_ZN4xlnt8optionalINS_11phonetic_pr13phonetic_typeEEC2ERKS3_
FNA:0,155,_ZN4xlnt8optionalINS_11phonetic_pr5alignEEC2ERKS3_
FNA:0,38574,_ZN4xlnt8optionalINS_12border_styleEEC2ERKS2_
FNA:0,717,_ZN4xlnt8optionalINS_14cell_referenceEEC2ERKS2_
FNA:0,854,_ZN4xlnt8optionalINS_18diagonal_directionEEC2ERKS2_
FNA:0,243,_ZN4xlnt8optionalINS_18vertical_alignmentEEC2ERKS2_
FNA:0,193,_ZN4xlnt8optionalINS_20horizontal_alignmentEEC2ERKS2_
FNA:0,40061,_ZN4xlnt8optionalINS_4fontEEC2ERKS2_
FNA:0,421,_ZN4xlnt8optionalINS_4paneEEC2ERKS2_
FNA:0,60802,_ZN4xlnt8optionalINS_5colorEEC2ERKS2_
FNA:0,30298,_ZN4xlnt8optionalINS_6border15border_propertyEEC2ERKS3_
FNA:0,11502,_ZN4xlnt8optionalINS_6detail14hyperlink_implEEC2ERKS3_
FNA:0,19582,_ZN4xlnt8optionalINSt7__cxx1112basic_stringIcSt11char_traitsIcESaIcEEEEC2ERKS7_
FNA:0,11502,_ZN4xlnt8optionalIPNS_6detail11format_implEEC2ERKS4_
FNA:0,11502,_ZN4xlnt8optionalIPNS_7commentEEC2ERKS3_
FNA:0,10,_ZN4xlnt8optionalISt4pairINS_8column_tES2_EEC2ERKS4_
FNA:0,10,_ZN4xlnt8optionalISt4pairIjjEEC2ERKS3_
FNA:0,27217,_ZN4xlnt8optionalIbEC2ERKS1_
FNA:0,19091,_ZN4xlnt8optionalIdEC2ERKS1_
FNA:0,1212,_ZN4xlnt8optionalIiEC2ERKS1_
FNA:0,32546,_ZN4xlnt8optionalImEC2ERKS1_
FNL:1,118,126
FNA:1,1,_ZN4xlnt8optionalIN12_GLOBAL__N_111alive_countEEC2EOS3_
FNA:1,10,_ZN4xlnt8optionalINS_12border_styleEEC2EOS2_
FNA:1,12,_ZN4xlnt8optionalINS_14cell_referenceEEC2EOS2_
FNA:1,184,_ZN4xlnt8optionalINS_18diagonal_directionEEC2EOS2_
FNA:1,655,_ZN4xlnt8optionalINS_18vertical_alignmentEEC2EOS2_
FNA:1,655,_ZN4xlnt8optionalINS_20horizontal_alignmentEEC2EOS2_
FNA:1,42,_ZN4xlnt8optionalINS_4fontEEC2EOS2_
FNA:1,0,_ZN4xlnt8optionalINS_4paneEEC2EOS2_
FNA:1,2609,_ZN4xlnt8optionalINS_5colorEEC2EOS2_
FNA:1,1288,_ZN4xlnt8optionalINS_6border15border_propertyEEC2EOS3_
FNA:1,2046,_ZN4xlnt8optionalINS_6detail14hyperlink_implEEC2EOS3_
FNA:1,102,_ZN4xlnt8optionalINS_9rich_textEEC2EOS2_
FNA:1,11404,_ZN4xlnt8optionalINSt7__cxx1112basic_stringIcSt11char_traitsIcESaIcEEEEC2EOS7_
FNA:1,2046,_ZN4xlnt8optionalIPNS_6detail11format_implEEC2EOS4_
FNA:1,2046,_ZN4xlnt8optionalIPNS_7commentEEC2EOS3_
FNA:1,17920,_ZN4xlnt8optionalIbEC2EOS1_
FNA:1,15019,_ZN4xlnt8optionalIdEC2EOS1_
FNA:1,1312,_ZN4xlnt8optionalIiEC2EOS1_
FNA:1,21047,_ZN4xlnt8optionalImEC2EOS1_
FNL:2,132,143
FNA:2,1,_ZN4xlnt8optionalIN12_GLOBAL__N_111alive_countEEaSERKS3_
FNA:2,296,_ZN4xlnt8optionalINS_10page_setupEEaSERKS2_
FNA:2,0,_ZN4xlnt8optionalINS_10paper_sizeEEaSERKS2_
FNA:2,0,_ZN4xlnt8optionalINS_11orientationEEaSERKS2_
FNA:2,0,_ZN4xlnt8optionalINS_11phonetic_pr13phonetic_typeEEaSERKS3_
FNA:2,0,_ZN4xlnt8optionalINS_11phonetic_pr5alignEEaSERKS3_
FNA:2,18278,_ZN4xlnt8optionalINS_11phonetic_prEEaSERKS2_
FNA:2,0,_ZN4xlnt8optionalINS_12border_styleEEaSERKS2_
FNA:2,296,_ZN4xlnt8optionalINS_12page_marginsEEaSERKS2_
FNA:2,296,_ZN4xlnt8optionalINS_13header_footerEEaSERKS2_
FNA:2,296,_ZN4xlnt8optionalINS_13print_optionsEEaSERKS2_
FNA:2,196,_ZN4xlnt8optionalINS_13workbook_viewEEaSERKS2_
FNA:2,0,_ZN4xlnt8optionalINS_14cell_referenceEEaSERKS2_
FNA:2,592,_ZN4xlnt8optionalINS_15range_referenceEEaSERKS2_
FNA:2,0,_ZN4xlnt8optionalINS_4fontEEaSERKS2_
FNA:2,0,_ZN4xlnt8optionalINS_4paneEEaSERKS2_
FNA:2,5,_ZN4xlnt8optionalINS_5colorEEaSERKS2_
FNA:2,196,_ZN4xlnt8optionalINS_5themeEEaSERKS2_
FNA:2,196,_ZN4xlnt8optionalINS_6detail13workbook_impl14file_version_tEEaSERKS4_
FNA:2,41,_ZN4xlnt8optionalINS_6detail14hyperlink_implEEaSERKS3_
FNA:2,296,_ZN4xlnt8optionalINS_8ext_listEEaSERKS2_
FNA:2,296,_ZN4xlnt8optionalINS_8sheet_prEEaSERKS2_
FNA:2,567,_ZN4xlnt8optionalINSt7__cxx1112basic_stringIcSt11char_traitsIcESaIcEEEEaSERKS7_
FNA:2,41,_ZN4xlnt8optionalIPNS_6detail11format_implEEaSERKS4_
FNA:2,40,_ZN4xlnt8optionalIPNS_7commentEEaSERKS3_
FNA:2,296,_ZN4xlnt8optionalISt4pairINS_8column_tES2_EEaSERKS4_
FNA:2,296,_ZN4xlnt8optionalISt4pairIjjEEaSERKS3_
FNA:2,10687,_ZN4xlnt8optionalIbEaSERKS1_
FNA:2,44771,_ZN4xlnt8optionalIdEaSERKS1_
FNA:2,4,_ZN4xlnt8optionalIiEaSERKS1_
FNA:2,52653,_ZN4xlnt8optionalImEaSERKS1_
FNL:3,149,161
FNA:3,1,_ZN4xlnt8optionalIN12_GLOBAL__N_111alive_countEEaSEOS3_
FNA:3,0,_ZN4xlnt8optionalINS_12border_styleEEaSEOS2_
FNA:3,0,_ZN4xlnt8optionalINS_18diagonal_directionEEaSEOS2_
FNA:3,0,_ZN4xlnt8optionalINS_18vertical_alignmentEEaSEOS2_
FNA:3,0,_ZN4xlnt8optionalINS_20horizontal_alignmentEEaSEOS2_
FNA:3,12,_ZN4xlnt8optionalINS_4fontEEaSEOS2_
FNA:3,921,_ZN4xlnt8optionalINS_5colorEEaSEOS2_
FNA:3,0,_ZN4xlnt8optionalINS_6border15border_propertyEEaSEOS3_
FNA:3,0,_ZN4xlnt8optionalINS_9rich_textEEaSEOS2_
FNA:3,38,_ZN4xlnt8optionalINSt7__cxx1112basic_stringIcSt11char_traitsIcESaIcEEEEaSEOS7_
FNA:3,0,_ZN4xlnt8optionalIbEaSEOS1_
FNA:3,1345,_ZN4xlnt8optionalIdEaSEOS1_
FNA:3,2,_ZN4xlnt8optionalIiEaSEOS1_
FNA:3,4990,_ZN4xlnt8optionalImEaSEOS1_
FNL:4,166,169
FNA:4,3,_ZN4xlnt8optionalI2tmED2Ev
FNA:4,1,_ZN4xlnt8optionalIN12_GLOBAL__N_110no_defaultEED2Ev
FNA:4,9,_ZN4xlnt8optionalIN12_GLOBAL__N_111alive_countEED2Ev
FNA:4,1,_ZN4xlnt8optionalIN12_GLOBAL__N_111convertibleEED2Ev
FNA:4,705,_ZN4xlnt8optionalINS_10page_setupEED2Ev
FNA:4,123,_ZN4xlnt8optionalINS_10paper_sizeEED2Ev
FNA:4,123,_ZN4xlnt8optionalINS_11orientationEED2Ev
FNA:4,202,_ZN4xlnt8optionalINS_11phonetic_pr13phonetic_typeEED2Ev
FNA:4,202,_ZN4xlnt8optionalINS_11phonetic_pr5alignEED2Ev
FNA:4,41446,_ZN4xlnt8optionalINS_11phonetic_prEED2Ev
FNA:4,40735,_ZN4xlnt8optionalINS_12border_styleEED2Ev
FNA:4,705,_ZN4xlnt8optionalINS_12page_marginsEED2Ev
FNA:4,705,_ZN4xlnt8optionalINS_13header_footerEED2Ev
FNA:4,705,_ZN4xlnt8optionalINS_13print_optionsEED2Ev
FNA:4,445,_ZN4xlnt8optionalINS_13workbook_viewEED2Ev
FNA:4,1208,_ZN4xlnt8optionalINS_14cell_referenceEED2Ev
FNA:4,1410,_ZN4xlnt8optionalINS_15range_referenceEED2Ev
FNA:4,1472,_ZN4xlnt8optionalINS_18diagonal_directionEED2Ev
FNA:4,1374,_ZN4xlnt8optionalINS_18vertical_alignmentEED2Ev
FNA:4,1324,_ZN4xlnt8optionalINS_20horizontal_alignmentEED2Ev
FNA:4,445,_ZN4xlnt8optionalINS_22calculation_propertiesEED2Ev
FNA:4,51326,_ZN4xlnt8optionalINS_4fontEED2Ev
FNA:4,782,_ZN4xlnt8optionalINS_4paneEED2Ev
FNA:4,46558,_ZN4xlnt8optionalINS_5colorEED2Ev
FNA:4,445,_ZN4xlnt8optionalINS_5themeEED2Ev
FNA:4,34624,_ZN4xlnt8optionalINS_6border15border_propertyEED2Ev
FNA:4,445,_ZN4xlnt8optionalINS_6detail10stylesheetEED2Ev
FNA:4,445,_ZN4xlnt8optionalINS_6detail13workbook_impl14file_version_tEED2Ev
FNA:4,25220,_ZN4xlnt8optionalINS_6detail14hyperlink_implEED2Ev
FNA:4,705,_ZN4xlnt8optionalINS_7drawing19spreadsheet_drawingEED2Ev
FNA:4,1150,_ZN4xlnt8optionalINS_8ext_listEED2Ev
FNA:4,705,_ZN4xlnt8optionalINS_8sheet_prEED2Ev
FNA:4,204,_ZN4xlnt8optionalINS_9rich_textEED2Ev
FNA:4,50426,_ZN4xlnt8optionalINSt7__cxx1112basic_stringIcSt11char_traitsIcESaIcEEEED2Ev
FNA:4,25220,_ZN4xlnt8optionalIPNS_6detail11format_implEED2Ev
FNA:4,25220,_ZN4xlnt8optionalIPNS_7commentEED2Ev
FNA:4,715,_ZN4xlnt8optionalISt4pairINS_8column_tES2_EED2Ev
FNA:4,715,_ZN4xlnt8optionalISt4pairIjjEED2Ev
FNA:4,108,_ZN4xlnt8optionalISt5arrayINS0_INS_9rich_textEEELm3EEED2Ev
FNA:4,54771,_ZN4xlnt8optionalIbED2Ev
FNA:4,121035,_ZN4xlnt8optionalIdED2Ev
FNA:4,4164,_ZN4xlnt8optionalIiED2Ev
FNA:4,177526,_ZN4xlnt8optionalImED2Ev
FNL:5,175,178
FNA:5,3,_ZNK4xlnt8optionalI2tmE6is_setEv
FNA:5,1,_ZNK4xlnt8optionalIN12_GLOBAL__N_111convertibleEE6is_setEv
FNA:5,244,_ZNK4xlnt8optionalINS_10page_setupEE6is_setEv
FNA:5,9,_ZNK4xlnt8optionalINS_10paper_sizeEE6is_setEv
FNA:5,9,_ZNK4xlnt8optionalINS_11orientationEE6is_setEv
FNA:5,8,_ZNK4xlnt8optionalINS_11phonetic_pr13phonetic_typeEE6is_setEv
FNA:5,8,_ZNK4xlnt8optionalINS_11phonetic_pr5alignEE6is_setEv
FNA:5,509,_ZNK4xlnt8optionalINS_11phonetic_prEE6is_setEv
FNA:5,11970,_ZNK4xlnt8optionalINS_12border_styleEE6is_setEv
FNA:5,57,_ZNK4xlnt8optionalINS_12page_marginsEE6is_setEv
FNA:5,57,_ZNK4xlnt8optionalINS_13header_footerEE6is_setEv
FNA:5,56,_ZNK4xlnt8optionalINS_13print_optionsEE6is_setEv
FNA:5,196,_ZNK4xlnt8optionalINS_13workbook_viewEE6is_setEv
FNA:5,93,_ZNK4xlnt8optionalINS_14cell_referenceEE6is_setEv
FNA:5,174,_ZNK4xlnt8optionalINS_15range_referenceEE6is_setEv
FNA:5,88,_ZNK4xlnt8optionalINS_18diagonal_directionEE6is_setEv
FNA:5,143,_ZNK4xlnt8optionalINS_18vertical_alignmentEE6is_setEv
FNA:5,143,_ZNK4xlnt8optionalINS_20horizontal_alignmentEE6is_setEv
FNA:5,47,_ZNK4xlnt8optionalINS_22calculation_propertiesEE6is_setEv
FNA:5,589,_ZNK4xlnt8optionalINS_4fontEE6is_setEv
FNA:5,64,_ZNK4xlnt8optionalINS_4paneEE6is_setEv
FNA:5,22995,_ZNK4xlnt8optionalINS_5colorEE6is_setEv
FNA:5,1,_ZNK4xlnt8optionalINS_5themeEE6is_setEv
FNA:5,16811,_ZNK4xlnt8optionalINS_6border15border_propertyEE6is_setEv
FNA:5,56,_ZNK4xlnt8optionalINS_6detail10stylesheetEE6is_setEv
FNA:5,47,_ZNK4xlnt8optionalINS_6detail13workbook_impl14file_version_tEE6is_setEv
FNA:5,11229,_ZNK4xlnt8optionalINS_6detail14hyperlink_implEE6is_setEv
FNA:5,5,_ZNK4xlnt8optionalINS_7drawing19spreadsheet_drawingEE6is_setEv
FNA:5,56,_ZNK4xlnt8optionalINS_8ext_listEE6is_setEv
FNA:5,56,_ZNK4xlnt8optionalINS_8sheet_prEE6is_setEv
FNA:5,102,_ZNK4xlnt8optionalINS_9rich_textEE6is_setEv
FNA:5,22581,_ZNK4xlnt8optionalINSt7__cxx1112basic_stringIcSt11char_traitsIcESaIcEEEE6is_setEv
FNA:5,13799,_ZNK4xlnt8optionalIPNS_6detail11format_implEE6is_setEv
FNA:5,11329,_ZNK4xlnt8optionalIPNS_7commentEE6is_setEv
FNA:5,65,_ZNK4xlnt8optionalISt4pairINS_8column_tES2_EE6is_setEv
FNA:5,61,_ZNK4xlnt8optionalISt4pairIjjEE6is_setEv
FNA:5,108,_ZNK4xlnt8optionalISt5arrayINS0_INS_9rich_textEEELm3EEE6is_setEv
FNA:5,3450,_ZNK4xlnt8optionalIbE6is_setEv
FNA:5,59333,_ZNK4xlnt8optionalIdE6is_setEv
FNA:5,382,_ZNK4xlnt8optionalIiE6is_setEv
FNA:5,226488,_ZNK4xlnt8optionalImE6is_setEv
FNL:6,183,201
FNA:6,3,_ZN4xlnt8optionalI2tmE3setERKS1_
FNA:6,1,_ZN4xlnt8optionalIN12_GLOBAL__N_111alive_countEE3setERKS2_
FNA:6,25,_ZN4xlnt8optionalINS_10page_setupEE3setERKS1_
FNA:6,18,_ZN4xlnt8optionalINS_10paper_sizeEE3setERKS1_
FNA:6,0,_ZN4xlnt8optionalINS_11orientationEE3setERKS1_
FNA:6,43,_ZN4xlnt8optionalINS_11phonetic_pr13phonetic_typeEE3setERKS2_
FNA:6,1,_ZN4xlnt8optionalINS_11phonetic_pr5alignEE3setERKS2_
FNA:6,155,_ZN4xlnt8optionalINS_11phonetic_prEE3setERKS1_
FNA:6,259,_ZN4xlnt8optionalINS_12border_styleEE3setERKS1_
FNA:6,357,_ZN4xlnt8optionalINS_12page_marginsEE3setERKS1_
FNA:6,18,_ZN4xlnt8optionalINS_13header_footerEE3setERKS1_
FNA:6,12,_ZN4xlnt8optionalINS_13print_optionsEE3setERKS1_
FNA:6,334,_ZN4xlnt8optionalINS_13workbook_viewEE3setERKS1_
FNA:6,83,_ZN4xlnt8optionalINS_14cell_referenceEE3setERKS1_
FNA:6,2,_ZN4xlnt8optionalINS_15range_referenceEE3setERKS1_
FNA:6,1,_ZN4xlnt8optionalINS_18diagonal_directionEE3setERKS1_
FNA:6,399,_ZN4xlnt8optionalINS_18vertical_alignmentEE3setERKS1_
FNA:6,114,_ZN4xlnt8optionalINS_20horizontal_alignmentEE3setERKS1_
FNA:6,331,_ZN4xlnt8optionalINS_22calculation_propertiesEE3setERKS1_
FNA:6,6,_ZN4xlnt8optionalINS_4fontEE3setERKS1_
FNA:6,10,_ZN4xlnt8optionalINS_4paneEE3setERKS1_
FNA:6,1716,_ZN4xlnt8optionalINS_5colorEE3setERKS1_
FNA:6,323,_ZN4xlnt8optionalINS_5themeEE3setERKS1_
FNA:6,2151,_ZN4xlnt8optionalINS_6border15border_propertyEE3setERKS2_
FNA:6,328,_ZN4xlnt8optionalINS_6detail13workbook_impl14file_version_tEE3setERKS3_
FNA:6,7,_ZN4xlnt8optionalINS_6detail14hyperlink_implEE3setERKS2_
FNA:6,3,_ZN4xlnt8optionalINS_7drawing19spreadsheet_drawingEE3setERKS2_
FNA:6,4,_ZN4xlnt8optionalINS_8ext_listEE3setERKS1_
FNA:6,24,_ZN4xlnt8optionalINS_8sheet_prEE3setERKS1_
FNA:6,50,_ZN4xlnt8optionalINS_9rich_textEE3setERKS1_
FNA:6,3443,_ZN4xlnt8optionalINSt7__cxx1112basic_stringIcSt11char_traitsIcESaIcEEEE3setERKS6_
FNA:6,349,_ZN4xlnt8optionalIPNS_6detail11format_implEE3setERKS3_
FNA:6,0,_ZN4xlnt8optionalIPNS_7commentEE3setERKS2_
FNA:6,0,_ZN4xlnt8optionalISt4pairINS_8column_tES2_EE3setERKS3_
FNA:6,0,_ZN4xlnt8optionalISt4pairIjjEE3setERKS2_
FNA:6,2225,_ZN4xlnt8optionalIbE3setERKb
FNA:6,88447,_ZN4xlnt8optionalIdE3setERKd
FNA:6,81,_ZN4xlnt8optionalIiE3setERKi
FNA:6,138366,_ZN4xlnt8optionalImE3setERKm
FNL:7,206,228
FNA:7,3,_ZN4xlnt8optionalIN12_GLOBAL__N_111alive_countEE3setEOS2_
FNA:7,26,_ZN4xlnt8optionalINS_11orientationEE3setEOS1_
FNA:7,0,_ZN4xlnt8optionalINS_12border_styleEE3setEOS1_
FNA:7,3,_ZN4xlnt8optionalINS_14cell_referenceEE3setEOS1_
FNA:7,2,_ZN4xlnt8optionalINS_15range_referenceEE3setEOS1_
FNA:7,0,_ZN4xlnt8optionalINS_18diagonal_directionEE3setEOS1_
FNA:7,0,_ZN4xlnt8optionalINS_18vertical_alignmentEE3setEOS1_
FNA:7,0,_ZN4xlnt8optionalINS_20horizontal_alignmentEE3setEOS1_
FNA:7,91,_ZN4xlnt8optionalINS_4fontEE3setEOS1_
FNA:7,876,_ZN4xlnt8optionalINS_5colorEE3setEOS1_
FNA:7,0,_ZN4xlnt8optionalINS_6border15border_propertyEE3setEOS2_
FNA:7,335,_ZN4xlnt8optionalINS_6detail10stylesheetEE3setEOS2_
FNA:7,44,_ZN4xlnt8optionalINS_6detail14hyperlink_implEE3setEOS2_
FNA:7,0,_ZN4xlnt8optionalINS_9rich_textEE3setEOS1_
FNA:7,93,_ZN4xlnt8optionalINSt7__cxx1112basic_stringIcSt11char_traitsIcESaIcEEEE3setEOS6_
FNA:7,850,_ZN4xlnt8optionalIPNS_6detail11format_implEE3setEOS3_
FNA:7,34,_ZN4xlnt8optionalIPNS_7commentEE3setEOS2_
FNA:7,2,_ZN4xlnt8optionalISt4pairINS_8column_tES2_EE3setEOS3_
FNA:7,2,_ZN4xlnt8optionalISt4pairIjjEE3setEOS2_
FNA:7,34,_ZN4xlnt8optionalISt5arrayINS0_INS_9rich_textEEELm3EEE3setEOS4_
FNA:7,3241,_ZN4xlnt8optionalIbE3setEOb
FNA:7,2137,_ZN4xlnt8optionalIdE3setEOd
FNA:7,659,_ZN4xlnt8optionalIiE3setEOi
FNA:7,14644,_ZN4xlnt8optionalImE3setEOm
FNL:8,233,237
FNA:8,3,_ZN4xlnt8optionalI2tmEaSERKS1_
FNA:8,25,_ZN4xlnt8optionalINS_10page_setupEEaSERKS1_
FNA:8,18,_ZN4xlnt8optionalINS_10paper_sizeEEaSERKS1_
FNA:8,259,_ZN4xlnt8optionalINS_12border_styleEEaSERKS1_
FNA:8,353,_ZN4xlnt8optionalINS_12page_marginsEEaSERKS1_
FNA:8,18,_ZN4xlnt8optionalINS_13header_footerEEaSERKS1_
FNA:8,333,_ZN4xlnt8optionalINS_13workbook_viewEEaSERKS1_
FNA:8,68,_ZN4xlnt8optionalINS_14cell_referenceEEaSERKS1_
FNA:8,2,_ZN4xlnt8optionalINS_15range_referenceEEaSERKS1_
FNA:8,1,_ZN4xlnt8optionalINS_18diagonal_directionEEaSERKS1_
FNA:8,399,_ZN4xlnt8optionalINS_18vertical_alignmentEEaSERKS1_
FNA:8,114,_ZN4xlnt8optionalINS_20horizontal_alignmentEEaSERKS1_
FNA:8,331,_ZN4xlnt8optionalINS_22calculation_propertiesEEaSERKS1_
FNA:8,6,_ZN4xlnt8optionalINS_4fontEEaSERKS1_
FNA:8,10,_ZN4xlnt8optionalINS_4paneEEaSERKS1_
FNA:8,1715,_ZN4xlnt8optionalINS_5colorEEaSERKS1_
FNA:8,322,_ZN4xlnt8optionalINS_5themeEEaSERKS1_
FNA:8,2151,_ZN4xlnt8optionalINS_6border15border_propertyEEaSERKS2_
FNA:8,327,_ZN4xlnt8optionalINS_6detail13workbook_impl14file_version_tEEaSERKS3_
FNA:8,7,_ZN4xlnt8optionalINS_6detail14hyperlink_implEEaSERKS2_
FNA:8,3,_ZN4xlnt8optionalINS_7drawing19spreadsheet_drawingEEaSERKS2_
FNA:8,50,_ZN4xlnt8optionalINS_9rich_textEEaSERKS1_
FNA:8,3430,_ZN4xlnt8optionalINSt7__cxx1112basic_stringIcSt11char_traitsIcESaIcEEEEaSERKS6_
FNA:8,349,_ZN4xlnt8optionalIPNS_6detail11format_implEEaSERKS3_
FNA:8,44803,_ZN4xlnt8optionalIdEaSERKd
FNA:8,72,_ZN4xlnt8optionalIiEaSERKi
FNA:8,89318,_ZN4xlnt8optionalImEaSERKm
FNL:9,242,246
FNA:9,3,_ZN4xlnt8optionalINS_14cell_referenceEEaSEOS1_
FNA:9,2,_ZN4xlnt8optionalINS_15range_referenceEEaSEOS1_
FNA:9,91,_ZN4xlnt8optionalINS_4fontEEaSEOS1_
FNA:9,335,_ZN4xlnt8optionalINS_6detail10stylesheetEEaSEOS2_
FNA:9,44,_ZN4xlnt8optionalINS_6detail14hyperlink_implEEaSEOS2_
FNA:9,57,_ZN4xlnt8optionalINSt7__cxx1112basic_stringIcSt11char_traitsIcESaIcEEEEaSEOS6_
FNA:9,850,_ZN4xlnt8optionalIPNS_6detail11format_implEEaSEOS3_
FNA:9,2,_ZN4xlnt8optionalISt4pairINS_8column_tES2_EEaSEOS3_
FNA:9,2,_ZN4xlnt8optionalISt4pairIjjEEaSEOS2_
FNA:9,34,_ZN4xlnt8optionalISt5arrayINS0_INS_9rich_textEEELm3EEEaSEOS4_
FNA:9,3174,_ZN4xlnt8optionalIbEaSEOb
FNA:9,2137,_ZN4xlnt8optionalIdEaSEOd
FNA:9,658,_ZN4xlnt8optionalIiEaSEOi
FNA:9,9669,_ZN4xlnt8optionalImEaSEOm
FNL:10,251,258
FNA:10,3,_ZN4xlnt8optionalI2tmE5clearEv
FNA:10,1,_ZN4xlnt8optionalIN12_GLOBAL__N_110no_defaultEE5clearEv
FNA:10,12,_ZN4xlnt8optionalIN12_GLOBAL__N_111alive_countEE5clearEv
FNA:10,1,_ZN4xlnt8optionalIN12_GLOBAL__N_111convertibleEE5clearEv
FNA:10,1001,_ZN4xlnt8optionalINS_10page_setupEE5clearEv
FNA:10,123,_ZN4xlnt8optionalINS_10paper_sizeEE5clearEv
FNA:10,123,_ZN4xlnt8optionalINS_11orientationEE5clearEv
FNA:10,202,_ZN4xlnt8optionalINS_11phonetic_pr13phonetic_typeEE5clearEv
FNA:10,202,_ZN4xlnt8optionalINS_11phonetic_pr5alignEE5clearEv
FNA:10,79144,_ZN4xlnt8optionalINS_11phonetic_prEE5clearEv
FNA:10,40735,_ZN4xlnt8optionalINS_12border_styleEE5clearEv
FNA:10,997,_ZN4xlnt8optionalINS_12page_marginsEE5clearEv
FNA:10,1001,_ZN4xlnt8optionalINS_13header_footerEE5clearEv
FNA:10,1001,_ZN4xlnt8optionalINS_13print_optionsEE5clearEv
FNA:10,640,_ZN4xlnt8optionalINS_13workbook_viewEE5clearEv
FNA:10,1220,_ZN4xlnt8optionalINS_14cell_referenceEE5clearEv
FNA:10,2002,_ZN4xlnt8optionalINS_15range_referenceEE5clearEv
FNA:10,1472,_ZN4xlnt8optionalINS_18diagonal_directionEE5clearEv
FNA:10,1920,_ZN4xlnt8optionalINS_18vertical_alignmentEE5clearEv
FNA:10,1460,_ZN4xlnt8optionalINS_20horizontal_alignmentEE5clearEv
FNA:10,540,_ZN4xlnt8optionalINS_22calculation_propertiesEE5clearEv
FNA:10,51379,_ZN4xlnt8optionalINS_4fontEE5clearEv
FNA:10,784,_ZN4xlnt8optionalINS_4paneEE5clearEv
FNA:10,47520,_ZN4xlnt8optionalINS_5colorEE5clearEv
FNA:10,640,_ZN4xlnt8optionalINS_5themeEE5clearEv
FNA:10,34634,_ZN4xlnt8optionalINS_6border15border_propertyEE5clearEv
FNA:10,640,_ZN4xlnt8optionalINS_6detail10stylesheetEE5clearEv
FNA:10,640,_ZN4xlnt8optionalINS_6detail13workbook_impl14file_version_tEE5clearEv
FNA:10,25261,_ZN4xlnt8optionalINS_6detail14hyperlink_implEE5clearEv
FNA:10,705,_ZN4xlnt8optionalINS_7drawing19spreadsheet_drawingEE5clearEv
FNA:10,1446,_ZN4xlnt8optionalINS_8ext_listEE5clearEv
FNA:10,1001,_ZN4xlnt8optionalINS_8sheet_prEE5clearEv
FNA:10,254,_ZN4xlnt8optionalINS_9rich_textEE5clearEv
FNA:10,53480,_ZN4xlnt8optionalINSt7__cxx1112basic_stringIcSt11char_traitsIcESaIcEEEE5clearEv
FNA:10,25263,_ZN4xlnt8optionalIPNS_6detail11format_implEE5clearEv
FNA:10,25261,_ZN4xlnt8optionalIPNS_7commentEE5clearEv
FNA:10,1011,_ZN4xlnt8optionalISt4pairINS_8column_tES2_EE5clearEv
FNA:10,1011,_ZN4xlnt8optionalISt4pairIjjEE5clearEv
FNA:10,108,_ZN4xlnt8optionalISt5arrayINS0_INS_9rich_textEEELm3EEE5clearEv
FNA:10,60777,_ZN4xlnt8optionalIbE5clearEv
FNA:10,130527,_ZN4xlnt8optionalIdE5clearEv
FNA:10,4200,_ZN4xlnt8optionalIiE5clearEv
FNA:10,186216,_ZN4xlnt8optionalImE5clearEv
FNL:11,264,272
FNA:11,9,_ZN4xlnt8optionalI2tmE3getEv
FNA:11,1,_ZN4xlnt8optionalIN12_GLOBAL__N_111convertibleEE3getEv
FNA:11,71,_ZN4xlnt8optionalINS_10page_setupEE3getEv
FNA:11,9,_ZN4xlnt8optionalINS_11orientationEE3getEv
FNA:11,4,_ZN4xlnt8optionalINS_11phonetic_prEE3getEv
FNA:11,116,_ZN4xlnt8optionalINS_12border_styleEE3getEv
FNA:11,301,_ZN4xlnt8optionalINS_12page_marginsEE3getEv
FNA:11,21,_ZN4xlnt8optionalINS_13header_footerEE3getEv
FNA:11,2,_ZN4xlnt8optionalINS_13print_optionsEE3getEv
FNA:11,174,_ZN4xlnt8optionalINS_13workbook_viewEE3getEv
FNA:11,5,_ZN4xlnt8optionalINS_14cell_referenceEE3getEv
FNA:11,7,_ZN4xlnt8optionalINS_15range_referenceEE3getEv
FNA:11,0,_ZN4xlnt8optionalINS_18diagonal_directionEE3getEv
FNA:11,98,_ZN4xlnt8optionalINS_18vertical_alignmentEE3getEv
FNA:11,48,_ZN4xlnt8optionalINS_20horizontal_alignmentEE3getEv
FNA:11,88,_ZN4xlnt8optionalINS_22calculation_propertiesEE3getEv
FNA:11,330,_ZN4xlnt8optionalINS_4fontEE3getEv
FNA:11,50,_ZN4xlnt8optionalINS_4paneEE3getEv
FNA:11,2428,_ZN4xlnt8optionalINS_5colorEE3getEv
FNA:11,0,_ZN4xlnt8optionalINS_5themeEE3getEv
FNA:11,8125,_ZN4xlnt8optionalINS_6border15border_propertyEE3getEv
FNA:11,2862,_ZN4xlnt8optionalINS_6detail10stylesheetEE3getEv
FNA:11,172,_ZN4xlnt8optionalINS_6detail13workbook_impl14file_version_tEE3getEv
FNA:11,150,_ZN4xlnt8optionalINS_6detail14hyperlink_implEE3getEv
FNA:11,2,_ZN4xlnt8optionalINS_7drawing19spreadsheet_drawingEE3getEv
FNA:11,2,_ZN4xlnt8optionalINS_8ext_listEE3getEv
FNA:11,5,_ZN4xlnt8optionalINS_8sheet_prEE3getEv
FNA:11,50,_ZN4xlnt8optionalINS_9rich_textEE3getEv
FNA:11,70,_ZN4xlnt8optionalINSt7__cxx1112basic_stringIcSt11char_traitsIcESaIcEEEE3getEv
FNA:11,665,_ZN4xlnt8optionalIPNS_6detail11format_implEE3getEv
FNA:11,88,_ZN4xlnt8optionalIPNS_7commentEE3getEv
FNA:11,8,_ZN4xlnt8optionalISt4pairINS_8column_tES2_EE3getEv
FNA:11,8,_ZN4xlnt8optionalISt4pairIjjEE3getEv
FNA:11,152,_ZN4xlnt8optionalISt5arrayINS0_INS_9rich_textEEELm3EEE3getEv
FNA:11,15,_ZN4xlnt8optionalIbE3getEv
FNA:11,43613,_ZN4xlnt8optionalIdE3getEv
FNA:11,73,_ZN4xlnt8optionalIiE3getEv
FNA:11,147406,_ZN4xlnt8optionalImE3getEv
FNL:12,278,286
FNA:12,4,_ZNK4xlnt8optionalINS_10paper_sizeEE3getEv
FNA:12,5,_ZNK4xlnt8optionalINS_11phonetic_pr13phonetic_typeEE3getEv
FNA:12,0,_ZNK4xlnt8optionalINS_11phonetic_pr5alignEE3getEv
FNA:12,11,_ZNK4xlnt8optionalINS_11phonetic_prEE3getEv
FNA:12,47,_ZNK4xlnt8optionalINS_14cell_referenceEE3getEv
FNA:12,226,_ZNK4xlnt8optionalINS_4fontEE3getEv
FNA:12,3,_ZNK4xlnt8optionalINS_4paneEE3getEv
FNA:12,1969,_ZNK4xlnt8optionalINS_5colorEE3getEv
FNA:12,99,_ZNK4xlnt8optionalINS_6detail10stylesheetEE3getEv
FNA:12,4340,_ZNK4xlnt8optionalINSt7__cxx1112basic_stringIcSt11char_traitsIcESaIcEEEE3getEv
FNA:12,12,_ZNK4xlnt8optionalIPNS_6detail11format_implEE3getEv
FNA:12,0,_ZNK4xlnt8optionalIPNS_7commentEE3getEv
FNA:12,594,_ZNK4xlnt8optionalIbE3getEv
FNA:12,4940,_ZNK4xlnt8optionalIdE3getEv
FNA:12,89,_ZNK4xlnt8optionalIiE3getEv
FNA:12,7428,_ZNK4xlnt8optionalImE3getEv
FNL:13,293,305
FNA:13,15,_ZNK4xlnt8optionalINS_10page_setupEEeqERKS2_
FNA:13,12,_ZNK4xlnt8optionalINS_10paper_sizeEEeqERKS2_
FNA:13,2,_ZNK4xlnt8optionalINS_11phonetic_pr13phonetic_typeEEeqERKS3_
FNA:13,2,_ZNK4xlnt8optionalINS_11phonetic_pr5alignEEeqERKS3_
FNA:13,9957,_ZNK4xlnt8optionalINS_11phonetic_prEEeqERKS2_
FNA:13,15,_ZNK4xlnt8optionalINS_12page_marginsEEeqERKS2_
FNA:13,15,_ZNK4xlnt8optionalINS_13header_footerEEeqERKS2_
FNA:13,15,_ZNK4xlnt8optionalINS_13print_optionsEEeqERKS2_
FNA:13,14,_ZNK4xlnt8optionalINS_13workbook_viewEEeqERKS2_
FNA:13,20,_ZNK4xlnt8optionalINS_14cell_referenceEEeqERKS2_
FNA:13,30,_ZNK4xlnt8optionalINS_15range_referenceEEeqERKS2_
FNA:13,14,_ZNK4xlnt8optionalINS_22calculation_propertiesEEeqERKS2_
FNA:13,9950,_ZNK4xlnt8optionalINS_4fontEEeqERKS2_
FNA:13,8,_ZNK4xlnt8optionalINS_4paneEEeqERKS2_
FNA:13,14,_ZNK4xlnt8optionalINS_5themeEEeqERKS2_
FNA:13,14,_ZNK4xlnt8optionalINS_6detail10stylesheetEEeqERKS3_
FNA:13,14,_ZNK4xlnt8optionalINS_6detail13workbook_impl14file_version_tEEeqERKS4_
FNA:13,7,_ZNK4xlnt8optionalINS_6detail14hyperlink_implEEeqERKS3_
FNA:13,29,_ZNK4xlnt8optionalINS_8ext_listEEeqERKS2_
FNA:13,15,_ZNK4xlnt8optionalINS_8sheet_prEEeqERKS2_
FNA:13,891,_ZNK4xlnt8optionalINSt7__cxx1112basic_stringIcSt11char_traitsIcESaIcEEEEeqERKS7_
FNA:13,15,_ZNK4xlnt8optionalISt4pairINS_8column_tES2_EEeqERKS4_
FNA:13,15,_ZNK4xlnt8optionalISt4pairIjjEEeqERKS3_
FNA:13,23667,_ZNK4xlnt8optionalIbEeqERKS1_
FNA:13,6232,_ZNK4xlnt8optionalIdEeqERKS1_
FNA:13,26,_ZNK4xlnt8optionalIiEeqERKS1_
FNA:13,38045,_ZNK4xlnt8optionalImEeqERKS1_
FNL:14,312,315
FNA:14,9942,_ZNK4xlnt8optionalINS_11phonetic_prEEneERKS2_
FNA:14,10,_ZNK4xlnt8optionalIiEneERKS1_
FNA:14,19,_ZNK4xlnt8optionalImEneERKS1_
FNL:15,319,322
FNA:15,9,_ZN4xlnt8optionalI2tmE9value_refEv
FNA:15,3,_ZN4xlnt8optionalIN12_GLOBAL__N_111alive_countEE9value_refEv
FNA:15,1,_ZN4xlnt8optionalIN12_GLOBAL__N_111convertibleEE9value_refEv
FNA:15,71,_ZN4xlnt8optionalINS_10page_setupEE9value_refEv
FNA:15,0,_ZN4xlnt8optionalINS_10paper_sizeEE9value_refEv
FNA:15,9,_ZN4xlnt8optionalINS_11orientationEE9value_refEv
FNA:15,0,_ZN4xlnt8optionalINS_11phonetic_pr13phonetic_typeEE9value_refEv
FNA:15,0,_ZN4xlnt8optionalINS_11phonetic_pr5alignEE9value_refEv
FNA:15,4,_ZN4xlnt8optionalINS_11phonetic_prEE9value_refEv
FNA:15,116,_ZN4xlnt8optionalINS_12border_styleEE9value_refEv
FNA:15,302,_ZN4xlnt8optionalINS_12page_marginsEE9value_refEv
FNA:15,21,_ZN4xlnt8optionalINS_13header_footerEE9value_refEv
FNA:15,2,_ZN4xlnt8optionalINS_13print_optionsEE9value_refEv
FNA:15,175,_ZN4xlnt8optionalINS_13workbook_viewEE9value_refEv
FNA:15,17,_ZN4xlnt8optionalINS_14cell_referenceEE9value_refEv
FNA:15,8,_ZN4xlnt8optionalINS_15range_referenceEE9value_refEv
FNA:15,0,_ZN4xlnt8optionalINS_18diagonal_directionEE9value_refEv
FNA:15,644,_ZN4xlnt8optionalINS_18vertical_alignmentEE9value_refEv
FNA:15,184,_ZN4xlnt8optionalINS_20horizontal_alignmentEE9value_refEv
FNA:15,88,_ZN4xlnt8optionalINS_22calculation_propertiesEE9value_refEv
FNA:15,376,_ZN4xlnt8optionalINS_4fontEE9value_refEv
FNA:15,50,_ZN4xlnt8optionalINS_4paneEE9value_refEv
FNA:15,3279,_ZN4xlnt8optionalINS_5colorEE9value_refEv
FNA:15,1,_ZN4xlnt8optionalINS_5themeEE9value_refEv
FNA:15,8135,_ZN4xlnt8optionalINS_6border15border_propertyEE9value_refEv
FNA:15,2863,_ZN4xlnt8optionalINS_6detail10stylesheetEE9value_refEv
FNA:15,173,_ZN4xlnt8optionalINS_6detail13workbook_impl14file_version_tEE9value_refEv
FNA:15,158,_ZN4xlnt8optionalINS_6detail14hyperlink_implEE9value_refEv
FNA:15,2,_ZN4xlnt8optionalINS_7drawing19spreadsheet_drawingEE9value_refEv
FNA:15,2,_ZN4xlnt8optionalINS_8ext_listEE9value_refEv
FNA:15,5,_ZN4xlnt8optionalINS_8sheet_prEE9value_refEv
FNA:15,100,_ZN4xlnt8optionalINS_9rich_textEE9value_refEv
FNA:15,2510,_ZN4xlnt8optionalINSt7__cxx1112basic_stringIcSt11char_traitsIcESaIcEEEE9value_refEv
FNA:15,673,_ZN4xlnt8optionalIPNS_6detail11format_implEE9value_refEv
FNA:15,88,_ZN4xlnt8optionalIPNS_7commentEE9value_refEv
FNA:15,8,_ZN4xlnt8optionalISt4pairINS_8column_tES2_EE9value_refEv
FNA:15,8,_ZN4xlnt8optionalISt4pairIjjEE9value_refEv
FNA:15,152,_ZN4xlnt8optionalISt5arrayINS0_INS_9rich_textEEELm3EEE9value_refEv
FNA:15,143,_ZN4xlnt8optionalIbE9value_refEv
FNA:15,50654,_ZN4xlnt8optionalIdE9value_refEv
FNA:15,108,_ZN4xlnt8optionalIiE9value_refEv
FNA:15,200520,_ZN4xlnt8optionalImE9value_refEv
FNL:16,324,327
FNA:16,2,_ZNK4xlnt8optionalIN12_GLOBAL__N_111alive_countEE9value_refEv
FNA:16,12,_ZNK4xlnt8optionalINS_10page_setupEE9value_refEv
FNA:16,72,_ZNK4xlnt8optionalINS_10paper_sizeEE9value_refEv
FNA:16,96,_ZNK4xlnt8optionalINS_11orientationEE9value_refEv
FNA:16,154,_ZNK4xlnt8optionalINS_11phonetic_pr13phonetic_typeEE9value_refEv
FNA:16,1,_ZNK4xlnt8optionalINS_11phonetic_pr5alignEE9value_refEv
FNA:16,123,_ZNK4xlnt8optionalINS_11phonetic_prEE9value_refEv
FNA:16,839,_ZNK4xlnt8optionalINS_12border_styleEE9value_refEv
FNA:16,20,_ZNK4xlnt8optionalINS_12page_marginsEE9value_refEv
FNA:16,12,_ZNK4xlnt8optionalINS_13header_footerEE9value_refEv
FNA:16,12,_ZNK4xlnt8optionalINS_13print_optionsEE9value_refEv
FNA:16,17,_ZNK4xlnt8optionalINS_13workbook_viewEE9value_refEv
FNA:16,342,_ZNK4xlnt8optionalINS_14cell_referenceEE9value_refEv
FNA:16,0,_ZNK4xlnt8optionalINS_15range_referenceEE9value_refEv
FNA:16,3,_ZNK4xlnt8optionalINS_18diagonal_directionEE9value_refEv
FNA:16,208,_ZNK4xlnt8optionalINS_18vertical_alignmentEE9value_refEv
FNA:16,108,_ZNK4xlnt8optionalINS_20horizontal_alignmentEE9value_refEv
FNA:16,16,_ZNK4xlnt8optionalINS_22calculation_propertiesEE9value_refEv
FNA:16,1091,_ZNK4xlnt8optionalINS_4fontEE9value_refEv
FNA:16,12,_ZNK4xlnt8optionalINS_4paneEE9value_refEv
FNA:16,15356,_ZNK4xlnt8optionalINS_5colorEE9value_refEv
FNA:16,5,_ZNK4xlnt8optionalINS_5themeEE9value_refEv
FNA:16,23902,_ZNK4xlnt8optionalINS_6border15border_propertyEE9value_refEv
FNA:16,115,_ZNK4xlnt8optionalINS_6detail10stylesheetEE9value_refEv
FNA:16,17,_ZNK4xlnt8optionalINS_6detail13workbook_impl14file_version_tEE9value_refEv
FNA:16,0,_ZNK4xlnt8optionalINS_6detail14hyperlink_implEE9value_refEv
FNA:16,0,_ZNK4xlnt8optionalINS_8ext_listEE9value_refEv
FNA:16,12,_ZNK4xlnt8optionalINS_8sheet_prEE9value_refEv
FNA:16,8108,_ZNK4xlnt8optionalINSt7__cxx1112basic_stringIcSt11char_traitsIcESaIcEEEE9value_refEv
FNA:16,12,_ZNK4xlnt8optionalIPNS_6detail11format_implEE9value_refEv
FNA:16,0,_ZNK4xlnt8optionalIPNS_7commentEE9value_refEv
FNA:16,8,_ZNK4xlnt8optionalISt4pairINS_8column_tES2_EE9value_refEv
FNA:16,8,_ZNK4xlnt8optionalISt4pairIjjEE9value_refEv
FNA:16,3443,_ZNK4xlnt8optionalIbE9value_refEv
FNA:16,63480,_ZNK4xlnt8optionalIdE9value_refEv
FNA:16,1123,_ZNK4xlnt8optionalIiE9value_refEv
FNA:16,116414,_ZNK4xlnt8optionalImE9value_refEv
FNL:17,58,61
FNA:17,6,_ZNK4xlnt8optionalINS_10page_setupEE13compare_equalIS1_LPv0EEEbRKT_S7_
FNA:17,12,_ZNK4xlnt8optionalINS_10paper_sizeEE13compare_equalIS1_LPv0EEEbRKT_S7_
FNA:17,2,_ZNK4xlnt8optionalINS_11phonetic_pr13phonetic_typeEE13compare_equalIS2_LPv0EEEbRKT_S8_
FNA:17,0,_ZNK4xlnt8optionalINS_11phonetic_pr5alignEE13compare_equalIS2_LPv0EEEbRKT_S8_
FNA:17,2,_ZNK4xlnt8optionalINS_11phonetic_prEE13compare_equalIS1_LPv0EEEbRKT_S7_
FNA:17,8,_ZNK4xlnt8optionalINS_12page_marginsEE13compare_equalIS1_LPv0EEEbRKT_S7_
FNA:17,6,_ZNK4xlnt8optionalINS_13header_footerEE13compare_equalIS1_LPv0EEEbRKT_S7_
FNA:17,6,_ZNK4xlnt8optionalINS_13print_optionsEE13compare_equalIS1_LPv0EEEbRKT_S7_
FNA:17,8,_ZNK4xlnt8optionalINS_13workbook_viewEE13compare_equalIS1_LPv0EEEbRKT_S7_
FNA:17,12,_ZNK4xlnt8optionalINS_14cell_referenceEE13compare_equalIS1_LPv0EEEbRKT_S7_
FNA:17,0,_ZNK4xlnt8optionalINS_15range_referenceEE13compare_equalIS1_LPv0EEEbRKT_S7_
FNA:17,8,_ZNK4xlnt8optionalINS_22calculation_propertiesEE13compare_equalIS1_LPv0EEEbRKT_S7_
FNA:17,17,_ZNK4xlnt8optionalINS_4fontEE13compare_equalIS1_LPv0EEEbRKT_S7_
FNA:17,0,_ZNK4xlnt8optionalINS_4paneEE13compare_equalIS1_LPv0EEEbRKT_S7_
FNA:17,2,_ZNK4xlnt8optionalINS_5themeEE13compare_equalIS1_LPv0EEEbRKT_S7_
FNA:17,8,_ZNK4xlnt8optionalINS_6detail10stylesheetEE13compare_equalIS2_LPv0EEEbRKT_S8_
FNA:17,8,_ZNK4xlnt8optionalINS_6detail13workbook_impl14file_version_tEE13compare_equalIS3_LPv0EEEbRKT_S9_
FNA:17,0,_ZNK4xlnt8optionalINS_6detail14hyperlink_implEE13compare_equalIS2_LPv0EEEbRKT_S8_
FNA:17,0,_ZNK4xlnt8optionalINS_8ext_listEE13compare_equalIS1_LPv0EEEbRKT_S7_
FNA:17,6,_ZNK4xlnt8optionalINS_8sheet_prEE13compare_equalIS1_LPv0EEEbRKT_S7_
FNA:17,268,_ZNK4xlnt8optionalINSt7__cxx1112basic_stringIcSt11char_traitsIcESaIcEEEE13compare_equalIS6_LPv0EEEbRKT_SC_
FNA:17,0,_ZNK4xlnt8optionalISt4pairINS_8column_tES2_EE13compare_equalIS3_LPv0EEEbRKT_S9_
FNA:17,0,_ZNK4xlnt8optionalISt4pairIjjEE13compare_equalIS2_LPv0EEEbRKT_S8_
FNA:17,248,_ZNK4xlnt8optionalIbE13compare_equalIbLPv0EEEbRKT_S6_
FNA:17,14,_ZNK4xlnt8optionalIiE13compare_equalIiLPv0EEEbRKT_S6_
FNA:17,23263,_ZNK4xlnt8optionalImE13compare_equalImLPv0EEEbRKT_S6_
FNL:18,67,70
FNA:18,6186,_ZNK4xlnt8optionalIdE13compare_equalIdLPv0EEEbRKT_S6_
FNL:19,76,79
FNA:19,3,_ZN4xlnt8optionalI2tmEC2Ev
FNA:19,1,_ZN4xlnt8optionalIN12_GLOBAL__N_110no_defaultEEC2Ev
FNA:19,3,_ZN4xlnt8optionalIN12_GLOBAL__N_111alive_countEEC2Ev
FNA:19,706,_ZN4xlnt8optionalINS_10page_setupEEC2Ev
FNA:19,27,_ZN4xlnt8optionalINS_10paper_sizeEEC2Ev
FNA:19,27,_ZN4xlnt8optionalINS_11orientationEEC2Ev
FNA:19,47,_ZN4xlnt8optionalINS_11phonetic_pr13phonetic_typeEEC2Ev
FNA:19,47,_ZN4xlnt8optionalINS_11phonetic_pr5alignEEC2Ev
FNA:19,41448,_ZN4xlnt8optionalINS_11phonetic_prEEC2Ev
FNA:19,2151,_ZN4xlnt8optionalINS_12border_styleEEC2Ev
FNA:19,706,_ZN4xlnt8optionalINS_12page_marginsEEC2Ev
FNA:19,706,_ZN4xlnt8optionalINS_13header_footerEEC2Ev
FNA:19,706,_ZN4xlnt8optionalINS_13print_optionsEEC2Ev
FNA:19,445,_ZN4xlnt8optionalINS_13workbook_viewEEC2Ev
FNA:19,461,_ZN4xlnt8optionalINS_14cell_referenceEEC2Ev
FNA:19,1412,_ZN4xlnt8optionalINS_15range_referenceEEC2Ev
FNA:19,434,_ZN4xlnt8optionalINS_18diagonal_directionEEC2Ev
FNA:19,476,_ZN4xlnt8optionalINS_18vertical_alignmentEEC2Ev
FNA:19,476,_ZN4xlnt8optionalINS_20horizontal_alignmentEEC2Ev
FNA:19,445,_ZN4xlnt8optionalINS_22calculation_propertiesEEC2Ev
FNA:19,11219,_ZN4xlnt8optionalINS_4fontEEC2Ev
FNA:19,361,_ZN4xlnt8optionalINS_4paneEEC2Ev
FNA:19,6036,_ZN4xlnt8optionalINS_5colorEEC2Ev
FNA:19,445,_ZN4xlnt8optionalINS_5themeEEC2Ev
FNA:19,3038,_ZN4xlnt8optionalINS_6border15border_propertyEEC2Ev
FNA:19,445,_ZN4xlnt8optionalINS_6detail10stylesheetEEC2Ev
FNA:19,445,_ZN4xlnt8optionalINS_6detail13workbook_impl14file_version_tEEC2Ev
FNA:19,11673,_ZN4xlnt8optionalINS_6detail14hyperlink_implEEC2Ev
FNA:19,706,_ZN4xlnt8optionalINS_7drawing19spreadsheet_drawingEEC2Ev
FNA:19,1151,_ZN4xlnt8optionalINS_8ext_listEEC2Ev
FNA:19,706,_ZN4xlnt8optionalINS_8sheet_prEEC2Ev
FNA:19,102,_ZN4xlnt8optionalINS_9rich_textEEC2Ev
FNA:19,19441,_ZN4xlnt8optionalINSt7__cxx1112basic_stringIcSt11char_traitsIcESaIcEEEEC2Ev
FNA:19,11673,_ZN4xlnt8optionalIPNS_6detail11format_implEEC2Ev
FNA:19,11673,_ZN4xlnt8optionalIPNS_7commentEEC2Ev
FNA:19,706,_ZN4xlnt8optionalISt4pairINS_8column_tES2_EEC2Ev
FNA:19,706,_ZN4xlnt8optionalISt4pairIjjEEC2Ev
FNA:19,108,_ZN4xlnt8optionalISt5arrayINS0_INS_9rich_textEEELm3EEEC2Ev
FNA:19,24618,_ZN4xlnt8optionalIbEC2Ev
FNA:19,97232,_ZN4xlnt8optionalIdEC2Ev
FNA:19,1633,_ZN4xlnt8optionalIiEC2Ev
FNA:19,119954,_ZN4xlnt8optionalImEC2Ev
FNL:20,85,89
FNA:20,18,_ZN4xlnt8optionalINS_14cell_referenceEEC2ERKS1_
FNA:20,4,_ZN4xlnt8optionalINS_4fontEEC2ERKS1_
FNA:20,7,_ZN4xlnt8optionalIiEC2ERKi
FNL:21,95,99
FNA:21,4,_ZN4xlnt8optionalIN12_GLOBAL__N_111alive_countEEC2EOS2_
FNA:21,1,_ZN4xlnt8optionalIN12_GLOBAL__N_111convertibleEEC2EOS2_
FNA:21,60,_ZN4xlnt8optionalIbEC2EOb
FNA:21,106,_ZN4xlnt8optionalIdEC2EOd
FNA:21,4871,_ZN4xlnt8optionalImEC2EOm
FNF:22
FNH:22
DA:58,23904
DA:60,23904
DA:67,6186
DA:69,6186
DA:76,374798
DA:77,374798
DA:79,374798
DA:85,29
DA:86,29
DA:88,29
DA:89,29
DA:95,5042
DA:96,5042
DA:98,5042
DA:99,5042
DA:105,306840
DA:106,306840
DA:108,306840
DA:110,60174
DA:112,306840
DA:118,78398
DA:119,78398
DA:121,78398
DA:123,10612
DA:124,10612
DA:126,78398
DA:132,130636
DA:134,130636
DA:136,95022
DA:140,35614
DA:142,130636
DA:149,7309
DA:151,7309
DA:153,5511
DA:154,5511
DA:158,1798
DA:160,7309
DA:166,715852
DA:168,715852
DA:169,715852
DA:175,403422
DA:177,403422
DA:183,239689
DA:189,239689
DA:191,47016
DA:195,192673
DA:196,192673
DA:201,239689
DA:206,23076
DA:216,23076
DA:218,1298
DA:222,21778
DA:223,21778
DA:228,23076
DA:233,144487
DA:235,144487
DA:236,144487
DA:242,17058
DA:244,17058
DA:245,17058
DA:251,786558
DA:253,786558
DA:255,280036
DA:257,786558
DA:258,786558
DA:264,207228
DA:266,207228
DA:268,3
DA:271,207225
DA:278,19767
DA:280,19767
DA:282,0
DA:285,19767
DA:293,89053
DA:295,89053
DA:297,4110
DA:299,84943
DA:301,54853
DA:304,30090
DA:312,9971
DA:314,9971
DA:319,271662
DA:321,271662
DA:324,235143
DA:326,235143
LF:85
LH:84
end_of_record
TN:
SF:/root/project/include/xlnt/utils/path.hpp
FNL:0,239,243
FNA:0,57470,_ZNKSt4hashIN4xlnt4pathEEclERKS1_
FNF:1
FNH:1
DA:239,57470
DA:242,57470
LF:2
LH:2
end_of_record
TN:
SF:/root/project/include/xlnt/utils/scoped_enum_hash.hpp
FNL:0,41,45
FNA:0,198,_ZNK4xlnt16scoped_enum_hashINS_13header_footer8locationEEclES2_
FNA:0,145,_ZNK4xlnt16scoped_enum_hashINS_7variant4typeEEclES2_
FNF:1
FNH:1
DA:41,343
DA:44,343
LF:2
LH:2
end_of_record
TN:
SF:/root/project/include/xlnt/workbook/calculation_properties.hpp
FNL:0,52,56
FNA:0,8,_ZN4xlnteqERKNS_22calculation_propertiesES2_
FNF:1
FNH:1
DA:52,8
DA:54,8
DA:55,8
LF:3
LH:3
end_of_record
TN:
SF:/root/project/include/xlnt/workbook/theme.hpp
FNL:0,38,41
FNA:0,2,_ZNK4xlnt5themeeqERKS0_
FNF:1
FNH:1
DA:38,2
DA:40,2
LF:2
LH:2
end_of_record
TN:
SF:/root/project/include/xlnt/workbook/workbook.hpp
FNL:0,185,185
FNA:0,1,_ZN4xlnt8workbookC2EOS0_
FNL:1,191,191
FNA:1,2,_ZN4xlnt8workbookC2ERKS0_
FNL:2,198,198
FNA:2,1328,_ZN4xlnt8workbookD2Ev
FNL:3,954,954
FNA:3,2,_ZN4xlnt8workbookaSERKS0_
FNL:4,960,960
FNA:4,9,_ZN4xlnt8workbookaSEOS0_
FNF:5
FNH:5
DA:185,1
DA:191,2
DA:198,1328
DA:954,2
DA:960,9
LF:5
LH:5
end_of_record
TN:
SF:/root/project/include/xlnt/workbook/workbook_view.hpp
FNL:0,106,117
FNA:0,8,_ZN4xlnteqERKNS_13workbook_viewES2_
FNF:1
FNH:1
DA:106,8
DA:108,8
DA:109,8
DA:110,8
DA:111,8
DA:112,8
DA:113,8
DA:114,8
DA:115,8
DA:116,16
LF:10
LH:10
end_of_record
TN:
SF:/root/project/include/xlnt/workbook/worksheet_iterator.hpp
FNL:0,169,169
FNA:0,2,_ZN4xlnt24const_worksheet_iteratorC2Ev
FNL:1,59,59
FNA:1,2,_ZN4xlnt18worksheet_iteratorC2Ev
FNF:2
FNH:2
DA:59,2
DA:169,2
LF:2
LH:2
end_of_record
TN:
SF:/root/project/include/xlnt/worksheet/cell_iterator.hpp
FNL:0,202,202
FNA:0,2,_ZN4xlnt19const_cell_iteratorC2Ev
FNL:1,213,213
FNA:1,517,_ZN4xlnt19const_cell_iteratorC2ERKS0_
FNL:2,63,63
FNA:2,2,_ZN4xlnt13cell_iteratorC2Ev
FNL:3,74,74
FNA:3,198,_ZN4xlnt13cell_iteratorC2ERKS0_
FNL:4,89,89
FNA:4,2,_ZN4xlnt13cell_iteratoraSEOS0_
FNF:5
FNH:5
DA:63,2
DA:74,198
DA:89,2
DA:202,2
DA:213,517
LF:5
LH:5
end_of_record
TN:
SF:/root/project/include/xlnt/worksheet/column_properties.hpp
FNL:0,70,77
FNA:0,6150,_ZN4xlnteqERKNS_17column_propertiesES2_
FNF:1
FNH:1
DA:70,6150
DA:72,6150
DA:73,6150
DA:74,6150
DA:75,6150
DA:76,12300
LF:6
LH:6
end_of_record
TN:
SF:/root/project/include/xlnt/worksheet/pane.hpp
FNL:0,90,97
FNA:0,0,_ZNK4xlnt4paneeqERKS0_
FNF:1
FNH:0
DA:90,0
DA:92,0
DA:93,0
DA:94,0
DA:95,0
DA:96,0
LF:6
LH:0
end_of_record
TN:
SF:/root/project/include/xlnt/worksheet/print_options.hpp
FNL:0,60,67
FNA:0,6,_ZN4xlnteqERKNS_13print_optionsES2_
FNF:1
FNH:1
DA:60,6
DA:62,6
DA:63,6
DA:64,6
DA:65,6
DA:66,12
LF:6
LH:6
end_of_record
TN:
SF:/root/project/include/xlnt/worksheet/range.hpp
FNL:0,90,90
FNA:0,6,_ZN4xlnt5rangeC2ERKS0_
FNF:1
FNH:1
DA:90,6
LF:1
LH:1
end_of_record
TN:
SF:/root/project/include/xlnt/worksheet/range_iterator.hpp
FNL:0,178,178
FNA:0,2,_ZN4xlnt20const_range_iteratorC2Ev
FNL:1,58,58
FNA:1,2,_ZN4xlnt14range_iteratorC2Ev
FNL:2,70,70
FNA:2,22,_ZN4xlnt14range_iteratorC2ERKS0_
FNL:3,85,85
FNA:3,1,_ZN4xlnt14range_iteratoraSEOS0_
FNF:4
FNH:4
DA:58,2
DA:70,22
DA:85,1
DA:178,2
LF:4
LH:4
end_of_record
TN:
SF:/root/project/include/xlnt/worksheet/row_properties.hpp
FNL:0,79,88
FNA:0,6,_ZN4xlnteqERKNS_14row_propertiesES2_
FNF:1
FNH:1
DA:79,6
DA:81,6
DA:82,6
DA:83,6
DA:84,6
DA:85,6
DA:86,6
DA:87,12
LF:8
LH:8
end_of_record
TN:
SF:/root/project/include/xlnt/worksheet/selection.hpp
FNL:0,107,113
FNA:0,7,_ZNK4xlnt9selection5sqrefEv
FNL:1,118,121
FNA:1,41,_ZNK4xlnt9selection6sqrefsEv
FNL:2,149,152
FNA:2,42,_ZNK4xlnt9selection4paneEv
FNL:3,157,160
FNA:3,13,_ZN4xlnt9selection4paneENS_11pane_cornerE
FNL:4,166,171
FNA:4,6,_ZNK4xlnt9selectioneqERKS0_
FNL:5,47,47
FNA:5,66,_ZN4xlnt9selectionC2Ev
FNL:6,53,56
FNA:6,18,_ZN4xlnt9selectionC2ENS_11pane_cornerENS_14cell_referenceE
FNL:7,70,73
FNA:7,32,_ZNK4xlnt9selection15has_active_cellEv
FNL:8,78,81
FNA:8,35,_ZNK4xlnt9selection11active_cellEv
FNL:9,86,89
FNA:9,61,_ZN4xlnt9selection11active_cellERKNS_14cell_referenceE
FNL:10,94,97
FNA:10,39,_ZNK4xlnt9selection9has_sqrefEv
FNF:11
FNH:11
DA:47,66
DA:53,18
DA:54,36
DA:56,18
DA:70,32
DA:72,32
DA:78,35
DA:80,35
DA:86,61
DA:88,61
DA:89,61
DA:94,39
DA:96,39
DA:107,7
DA:109,7
DA:110,0
DA:112,7
DA:118,41
DA:120,41
DA:149,42
DA:151,42
DA:157,13
DA:159,13
DA:160,13
DA:166,6
DA:168,6
DA:169,6
DA:170,12
LF:28
LH:27
end_of_record
TN:
SF:/root/project/include/xlnt/worksheet/sheet_format_properties.hpp
FNL:0,60,66
FNA:0,16,_ZN4xlnteqERKNS_23sheet_format_propertiesES2_
FNF:1
FNH:1
DA:60,16
DA:62,16
DA:63,16
DA:64,16
DA:65,32
LF:5
LH:5
end_of_record
TN:
SF:/root/project/include/xlnt/worksheet/sheet_pr.hpp
FNL:0,83,94
FNA:0,6,_ZN4xlnteqERKNS_8sheet_prES2_
FNF:1
FNH:1
DA:83,6
DA:85,6
DA:86,6
DA:87,6
DA:88,6
DA:89,6
DA:90,6
DA:91,6
DA:92,6
DA:93,12
LF:10
LH:10
end_of_record
TN:
SF:/root/project/include/xlnt/worksheet/sheet_view.hpp
FNL:0,103,106
FNA:0,10,_ZN4xlnt10sheet_view4paneERKNS_4paneE
FNL:1,111,114
FNA:1,7,_ZNK4xlnt10sheet_view14has_selectionsEv
FNL:2,119,122
FNA:2,84,_ZN4xlnt10sheet_view13add_selectionERKNS_9selectionE
FNL:3,127,130
FNA:3,9,_ZN4xlnt10sheet_view16clear_selectionsEv
FNL:4,135,138
FNA:4,72,_ZNK4xlnt10sheet_view10selectionsEv
FNL:5,143,146
FNA:5,11,_ZN4xlnt10sheet_view9selectionEm
FNL:6,151,154
FNA:6,13,_ZN4xlnt10sheet_view15show_grid_linesEb
FNL:7,159,162
FNA:7,54,_ZNK4xlnt10sheet_view15show_grid_linesEv
FNL:8,167,170
FNA:8,13,_ZN4xlnt10sheet_view18default_grid_colorEb
FNL:9,183,186
FNA:9,4,_ZN4xlnt10sheet_view4typeENS_15sheet_view_typeE
FNL:10,191,194
FNA:10,55,_ZNK4xlnt10sheet_view4typeEv
FNL:11,199,202
FNA:11,53,_ZNK4xlnt10sheet_view17has_top_left_cellEv
FNL:12,207,210
FNA:12,15,_ZN4xlnt10sheet_view13top_left_cellERKNS_14cell_referenceE
FNL:13,215,218
FNA:13,3,_ZNK4xlnt10sheet_view13top_left_cellEv
FNL:14,224,232
FNA:14,8,_ZNK4xlnt10sheet_vieweqERKS0_
FNL:15,55,58
FNA:15,110,_ZN4xlnt10sheet_view2idEm
FNL:16,63,66
FNA:16,53,_ZNK4xlnt10sheet_view2idEv
FNL:17,71,74
FNA:17,64,_ZNK4xlnt10sheet_view8has_paneEv
FNL:18,79,82
FNA:18,50,_ZN4xlnt10sheet_view4paneEv
FNL:19,87,90
FNA:19,3,_ZNK4xlnt10sheet_view4paneEv
FNL:20,95,98
FNA:20,2,_ZN4xlnt10sheet_view10clear_paneEv
FNF:21
FNH:21
DA:55,110
DA:57,110
DA:58,110
DA:63,53
DA:65,53
DA:71,64
DA:73,64
DA:79,50
DA:81,50
DA:87,3
DA:89,3
DA:95,2
DA:97,2
DA:98,2
DA:103,10
DA:105,10
DA:106,10
DA:111,7
DA:113,7
DA:119,84
DA:121,84
DA:122,84
DA:127,9
DA:129,9
DA:130,9
DA:135,72
DA:137,72
DA:143,11
DA:145,11
DA:151,13
DA:153,13
DA:154,13
DA:159,54
DA:161,54
DA:167,13
DA:169,13
DA:170,13
DA:183,4
DA:185,4
DA:186,4
DA:191,55
DA:193,55
DA:199,53
DA:201,53
DA:207,15
DA:209,15
DA:210,15
DA:215,3
DA:217,3
DA:224,8
DA:226,8
DA:227,8
DA:228,8
DA:229,8
DA:230,8
DA:231,16
LF:56
LH:56
end_of_record
TN:
SF:/root/project/source/cell/cell.cpp
FNL:0,1003,1006
FNA:0,0,_ZN4xlnt4cell7commentERKNSt7__cxx1112basic_stringIcSt11char_traitsIcESaIcEEES8_
FNL:1,1008,1011
FNA:1,4,_ZN4xlnt4cell7commentERKNSt7__cxx1112basic_stringIcSt11char_traitsIcESaIcEEERKNS_4fontES8_
FNL:2,1013,1033
FNA:2,34,_ZN4xlnt4cell7commentERKNS_7commentE
FNL:3,1035,1038
FNA:3,34,_ZNK4xlnt4cell5widthEv
FNL:4,1040,1043
FNA:4,0,_ZNK4xlnt4cell6heightEv
FNL:5,155,167
FNA:5,1,_ZN4xlnt4cell11error_codesB5cxx11Ev
FNL:6,169,192
FNA:6,20615,_ZN4xlnt4cell12check_stringERKNSt7__cxx1112basic_stringIcSt11char_traitsIcESaIcEEE
FNL:7,194,197
FNA:7,23778,_ZN4xlnt4cellC2EPNS_6detail9cell_implE
FNL:8,199,202
FNA:8,11216,_ZNK4xlnt4cell19garbage_collectibleEv
FNL:9,204,207
FNA:9,1,_ZN4xlnt4cell5valueEDn
FNL:10,209,213
FNA:10,10,_ZN4xlnt4cell5valueEb
FNL:11,215,219
FNA:11,15,_ZN4xlnt4cell5valueEi
FNL:12,221,225
FNA:12,2,_ZN4xlnt4cell5valueEj
FNL:13,227,231
FNA:13,2,_ZN4xlnt4cell5valueEx
FNL:14,233,237
FNA:14,2,_ZN4xlnt4cell5valueEy
FNL:15,239,243
FNA:15,2,_ZN4xlnt4cell5valueEf
FNL:16,245,249
FNA:16,7,_ZN4xlnt4cell5valueEd
FNL:17,251,254
FNA:17,10322,_ZN4xlnt4cell5valueERKNSt7__cxx1112basic_stringIcSt11char_traitsIcESaIcEEE
FNL:18,256,262
FNA:18,10293,_ZN4xlnt4cell5valueERKNS_9rich_textE
FNL:19,264,267
FNA:19,121,_ZN4xlnt4cell5valueEPKc
FNL:20,269,277
FNA:20,1,_ZN4xlnt4cell5valueES0_
FNL:21,279,284
FNA:21,3,_ZN4xlnt4cell5valueERKNS_4dateE
FNL:22,286,291
FNA:22,5,_ZN4xlnt4cell5valueERKNS_8datetimeE
FNL:23,293,298
FNA:23,2,_ZN4xlnt4cell5valueERKNS_4timeE
FNL:24,300,305
FNA:24,2,_ZN4xlnt4cell5valueERKNS_9timedeltaE
FNL:25,307,310
FNA:25,7,_ZNK4xlnt4cell3rowEv
FNL:26,312,315
FNA:26,39,_ZNK4xlnt4cell6columnEv
FNL:27,317,320
FNA:27,1,_ZNK4xlnt4cell12column_indexEv
FNL:28,322,325
FNA:28,776,_ZN4xlnt4cell6mergedEb
FNL:29,327,330
FNA:29,0,_ZNK4xlnt4cell9is_mergedEv
FNL:30,332,335
FNA:30,11223,_ZNK4xlnt4cell17phonetics_visibleEv
FNL:31,337,340
FNA:31,2,_ZN4xlnt4cell14show_phoneticsEb
FNL:32,342,347
FNA:32,7,_ZNK4xlnt4cell7is_dateEv
FNL:33,349,352
FNA:33,11383,_ZNK4xlnt4cell9referenceEv
FNL:34,354,364
FNA:34,17,_ZNK4xlnt4cell7compareERKS0_b
FNL:35,366,369
FNA:35,17,_ZNK4xlnt4celleqERKS0_
FNL:36,371,374
FNA:36,2,_ZNK4xlnt4cellneERKS0_
FNL:37,376,376
FNA:37,1,_ZN4xlnt4cellaSERKS0_
FNL:38,378,381
FNA:38,62,_ZNK4xlnt4cell9hyperlinkEv
FNL:39,383,423
FNA:39,38,_ZN4xlnt4cell9hyperlinkERKNSt7__cxx1112basic_stringIcSt11char_traitsIcESaIcEEES8_
FNL:40,398,398
FNA:40,57,_ZZN4xlnt4cell9hyperlinkERKNSt7__cxx1112basic_stringIcSt11char_traitsIcESaIcEEES8_ENKUlNS_12relationshipEE_clES9_
FNL:41,425,443
FNA:41,4,_ZN4xlnt4cell9hyperlinkES0_RKNSt7__cxx1112basic_stringIcSt11char_traitsIcESaIcEEE
FNL:42,445,464
FNA:42,3,_ZN4xlnt4cell9hyperlinkENS_5rangeERKNSt7__cxx1112basic_stringIcSt11char_traitsIcESaIcEEE
FNL:43,466,483
FNA:43,18,_ZN4xlnt4cell7formulaERKNSt7__cxx1112basic_stringIcSt11char_traitsIcESaIcEEE
FNL:44,485,488
FNA:44,12467,_ZNK4xlnt4cell11has_formulaEv
FNL:45,490,493
FNA:45,19,_ZNK4xlnt4cell7formulaB5cxx11Ev
FNL:46,495,502
FNA:46,795,_ZN4xlnt4cell13clear_formulaEv
FNL:47,504,511
FNA:47,21,_ZNK4xlnt4cell5errorB5cxx11Ev
FNL:48,513,522
FNA:48,17,_ZN4xlnt4cell5errorERKNSt7__cxx1112basic_stringIcSt11char_traitsIcESaIcEEE
FNL:49,524,527
FNA:49,1,_ZN4xlnt4cell6offsetEii
FNL:50,529,532
FNA:50,10966,_ZN4xlnt4cell9worksheetEv
FNL:51,534,537
FNA:51,265,_ZNK4xlnt4cell9worksheetEv
FNL:52,539,542
FNA:52,10855,_ZN4xlnt4cell8workbookEv
FNL:53,544,547
FNA:53,215,_ZNK4xlnt4cell8workbookEv
FNL:54,549,566
FNA:54,35,_ZNK4xlnt4cell6anchorEv
FNL:55,568,571
FNA:55,23504,_ZNK4xlnt4cell9data_typeEv
FNL:56,573,576
FNA:56,151,_ZN4xlnt4cell9data_typeENS_9cell_typeE
FNL:57,578,581
FNA:57,60,_ZNK4xlnt4cell22computed_number_formatEv
FNL:58,583,586
FNA:58,0,_ZNK4xlnt4cell13computed_fontEv
FNL:59,588,591
FNA:59,0,_ZNK4xlnt4cell13computed_fillEv
FNL:60,593,596
FNA:60,0,_ZNK4xlnt4cell15computed_borderEv
FNL:61,598,601
FNA:61,0,_ZNK4xlnt4cell18computed_alignmentEv
FNL:62,603,606
FNA:62,0,_ZNK4xlnt4cell19computed_protectionEv
FNL:63,608,614
FNA:63,768,_ZN4xlnt4cell11clear_valueEv
FNL:64,617,620
FNA:64,7,_ZNK4xlnt4cell5valueIbEET_v
FNL:65,623,626
FNA:65,24,_ZNK4xlnt4cell5valueIiEET_v
FNL:66,629,632
FNA:66,1,_ZNK4xlnt4cell5valueIxEET_v
FNL:67,635,638
FNA:67,1,_ZNK4xlnt4cell5valueIjEET_v
FNL:68,641,644
FNA:68,1,_ZNK4xlnt4cell5valueIyEET_v
FNL:69,647,650
FNA:69,1,_ZNK4xlnt4cell5valueIfEET_v
FNL:70,65,72
FNA:70,11,_ZN12_GLOBAL__N_112cast_numericERKNSt7__cxx1112basic_stringIcSt11char_traitsIcESaIcEEE
FNL:71,653,656
FNA:71,69,_ZNK4xlnt4cell5valueIdEET_v
FNL:72,659,662
FNA:72,3,_ZNK4xlnt4cell5valueINS_4timeEEET_v
FNL:73,665,668
FNA:73,0,_ZNK4xlnt4cell5valueINS_8datetimeEEET_v
FNL:74,671,674
FNA:74,0,_ZNK4xlnt4cell5valueINS_4dateEEET_v
FNL:75,677,680
FNA:75,0,_ZNK4xlnt4cell5valueINS_9timedeltaEEET_v
FNL:76,682,686
FNA:76,1,_ZN4xlnt4cell9alignmentERKNS_9alignmentE
FNL:77,688,692
FNA:77,1,_ZN4xlnt4cell6borderERKNS_6borderE
FNL:78,694,698
FNA:78,3,_ZN4xlnt4cell4fillERKNS_4fillE
FNL:79,700,704
FNA:79,23,_ZN4xlnt4cell4fontERKNS_4fontE
FNL:80,706,710
FNA:80,22,_ZN4xlnt4cell13number_formatERKNS_13number_formatE
FNL:81,712,716
FNA:81,1,_ZN4xlnt4cell10protectionERKNS_10protectionE
FNL:82,719,722
FNA:82,223,_ZNK4xlnt4cell5valueINSt7__cxx1112basic_stringIcSt11char_traitsIcESaIcEEEEET_v
FNL:83,725,733
FNA:83,226,_ZNK4xlnt4cell5valueINS_9rich_textEEET_v
FNL:84,735,738
FNA:84,112,_ZNK4xlnt4cell9has_valueEv
FNL:85,74,87
FNA:85,14,_ZN12_GLOBAL__N_115cast_percentageERKNSt7__cxx1112basic_stringIcSt11char_traitsIcESaIcEEE
FNL:86,740,761
FNA:86,60,_ZNK4xlnt4cell9to_stringB5cxx11Ev
FNL:87,763,766
FNA:87,11904,_ZNK4xlnt4cell10has_formatEv
FNL:88,768,777
FNA:88,349,_ZN4xlnt4cell6formatENS_6formatE
FNL:89,779,782
FNA:89,14,_ZNK4xlnt4cell9base_dateEv
FNL:90,784,787
FNA:90,4,_ZN4xlnteqEDnRKNS_4cellE
FNL:91,789,792
FNA:91,2,_ZN4xlnteqERKNS_4cellEDn
FNL:92,794,797
FNA:92,0,_ZN4xlntneEDnRKNS_4cellE
FNL:93,799,802
FNA:93,0,_ZN4xlntneERKNS_4cellEDn
FNL:94,804,807
FNA:94,6,_ZN4xlntlsERSoRKNS_4cellE
FNL:95,809,859
FNA:95,23,_ZN4xlnt4cell5valueERKNSt7__cxx1112basic_stringIcSt11char_traitsIcESaIcEEEb
FNL:96,861,868
FNA:96,2,_ZN4xlnt4cell12clear_formatEv
FNL:97,870,876
FNA:97,2,_ZN4xlnt4cell11clear_styleEv
FNL:98,878,888
FNA:98,260,_ZN4xlnt4cell5styleERKNS_5styleE
FNL:99,89,149
FNA:99,13,_ZN12_GLOBAL__N_19cast_timeERKNSt7__cxx1112basic_stringIcSt11char_traitsIcESaIcEEE
FNL:100,890,893
FNA:100,258,_ZN4xlnt4cell5styleERKNSt7__cxx1112basic_stringIcSt11char_traitsIcESaIcEEE
FNL:101,895,905
FNA:101,7,_ZN4xlnt4cell5styleEv
FNL:102,907,915
FNA:102,0,_ZNK4xlnt4cell5styleEv
FNL:103,917,920
FNA:103,5,_ZNK4xlnt4cell9has_styleEv
FNL:104,922,930
FNA:104,7,_ZN4xlnt4cell17modifiable_formatEv
FNL:105,932,940
FNA:105,658,_ZNK4xlnt4cell6formatEv
FNL:106,942,945
FNA:106,1,_ZNK4xlnt4cell9alignmentEv
FNL:107,947,950
FNA:107,1,_ZNK4xlnt4cell6borderEv
FNL:108,952,955
FNA:108,3,_ZNK4xlnt4cell4fillEv
FNL:109,957,960
FNA:109,7,_ZNK4xlnt4cell4fontEv
FNL:110,962,965
FNA:110,17,_ZNK4xlnt4cell13number_formatEv
FNL:111,967,970
FNA:111,1,_ZNK4xlnt4cell10protectionEv
FNL:112,972,975
FNA:112,11226,_ZNK4xlnt4cell13has_hyperlinkEv
FNL:113,979,982
FNA:113,11308,_ZN4xlnt4cell11has_commentEv
FNL:114,984,991
FNA:114,1,_ZN4xlnt4cell13clear_commentEv
FNL:115,993,1001
FNA:115,56,_ZN4xlnt4cell7commentEv
FNF:116
FNH:102
DA:65,11
DA:67,11
DA:68,11
DA:69,11
DA:70,11
DA:71,11
DA:74,14
DA:76,14
DA:78,1
DA:80,1
DA:82,1
DA:86,13
DA:89,13
DA:91,13
DA:93,13
DA:94,13
DA:95,13
DA:97,18
DA:99,5
DA:100,5
DA:101,5
DA:104,13
DA:106,13
DA:108,9
DA:111,4
DA:113,12
DA:115,9
DA:117,1
DA:120,34
DA:122,26
DA:124,0
DA:127,8
DA:129,8
DA:132,3
DA:133,3
DA:135,3
DA:137,1
DA:138,1
DA:139,1
DA:140,1
DA:142,2
DA:144,1
DA:145,1
DA:148,3
DA:149,13
DA:155,1
DA:158,0
DA:159,0
DA:160,0
DA:161,0
DA:162,0
DA:163,0
DA:164,10
DA:166,1
DA:167,1
DA:169,20615
DA:172,20615
DA:174,20615
DA:176,2
DA:178,20613
DA:180,1
DA:183,126777
DA:185,106193
DA:187,29
DA:191,20584
DA:192,29
DA:194,23778
DA:195,23778
DA:197,23778
DA:199,11216
DA:201,11216
DA:204,1
DA:206,1
DA:207,1
DA:209,10
DA:211,10
DA:212,10
DA:213,10
DA:215,15
DA:217,15
DA:218,15
DA:219,15
DA:221,2
DA:223,2
DA:224,2
DA:225,2
DA:227,2
DA:229,2
DA:230,2
DA:231,2
DA:233,2
DA:235,2
DA:236,2
DA:237,2
DA:239,2
DA:241,2
DA:242,2
DA:243,2
DA:245,7
DA:247,7
DA:248,7
DA:249,7
DA:251,10322
DA:253,10322
DA:254,10293
DA:256,10293
DA:258,10293
DA:260,10293
DA:261,10293
DA:262,10293
DA:264,121
DA:266,121
DA:267,121
DA:269,1
DA:271,1
DA:272,1
DA:273,1
DA:274,1
DA:275,1
DA:276,1
DA:277,1
DA:279,3
DA:281,3
DA:282,3
DA:283,3
DA:284,3
DA:286,5
DA:288,5
DA:289,5
DA:290,5
DA:291,5
DA:293,2
DA:295,2
DA:296,2
DA:297,2
DA:298,2
DA:300,2
DA:302,2
DA:303,2
DA:304,2
DA:305,2
DA:307,7
DA:309,7
DA:312,39
DA:314,39
DA:317,1
DA:319,1
DA:322,776
DA:324,776
DA:325,776
DA:327,0
DA:329,0
DA:332,11223
DA:334,11223
DA:337,2
DA:339,2
DA:340,2
DA:342,7
DA:344,7
DA:345,4
DA:346,11
DA:349,11383
DA:351,11383
DA:354,17
DA:356,17
DA:358,17
DA:362,0
DA:366,17
DA:368,17
DA:371,2
DA:373,2
DA:376,1
DA:378,62
DA:380,62
DA:383,38
DA:385,38
DA:387,1
DA:390,37
DA:391,37
DA:393,37
DA:396,37
DA:397,37
DA:398,57
DA:399,37
DA:401,30
DA:406,14
DA:408,14
DA:409,7
DA:411,7
DA:412,7
DA:414,37
DA:416,31
DA:420,6
DA:421,6
DA:423,37
DA:425,4
DA:428,4
DA:430,4
DA:431,8
DA:432,28
DA:434,4
DA:436,1
DA:440,3
DA:441,3
DA:443,4
DA:445,3
DA:448,3
DA:450,3
DA:451,6
DA:452,21
DA:455,3
DA:457,1
DA:461,2
DA:462,2
DA:464,3
DA:466,18
DA:468,18
DA:470,1
DA:473,17
DA:475,8
DA:479,9
DA:482,17
DA:485,12467
DA:487,12467
DA:490,19
DA:492,19
DA:495,795
DA:497,795
DA:499,18
DA:500,18
DA:502,795
DA:504,21
DA:506,21
DA:508,21
DA:510,14
DA:513,17
DA:515,17
DA:517,2
DA:520,15
DA:521,15
DA:522,15
DA:524,1
DA:526,1
DA:529,10966
DA:531,10966
DA:534,265
DA:536,265
DA:539,10855
DA:541,10855
DA:544,215
DA:546,215
DA:549,35
DA:551,35
DA:553,35
DA:555,0
DA:558,35
DA:560,51
DA:562,16
DA:565,35
DA:568,23504
DA:570,23504
DA:573,151
DA:575,151
DA:576,151
DA:578,60
DA:580,60
DA:583,0
DA:585,0
DA:588,0
DA:590,0
DA:593,0
DA:595,0
DA:598,0
DA:600,0
DA:603,0
DA:605,0
DA:608,768
DA:610,768
DA:611,768
DA:612,768
DA:613,768
DA:614,768
DA:617,7
DA:619,7
DA:623,24
DA:625,24
DA:629,1
DA:631,1
DA:635,1
DA:637,1
DA:641,1
DA:643,1
DA:647,1
DA:649,1
DA:653,69
DA:655,69
DA:659,3
DA:661,3
DA:665,0
DA:667,0
DA:671,0
DA:673,0
DA:677,0
DA:679,0
DA:682,1
DA:684,1
DA:685,1
DA:686,1
DA:688,1
DA:690,1
DA:691,1
DA:692,1
DA:694,3
DA:696,3
DA:697,3
DA:698,3
DA:700,23
DA:702,23
DA:703,23
DA:704,23
DA:706,22
DA:708,22
DA:709,22
DA:710,22
DA:712,1
DA:714,1
DA:715,1
DA:716,1
DA:719,223
DA:721,223
DA:725,226
DA:727,226
DA:729,201
DA:732,25
DA:735,112
DA:737,112
DA:740,60
DA:742,60
DA:744,60
DA:746,2
DA:747,4
DA:748,6
DA:750,6
DA:751,48
DA:755,48
DA:756,4
DA:757,8
DA:760,0
DA:761,60
DA:763,11904
DA:765,11904
DA:768,349
DA:770,349
DA:772,8
DA:775,349
DA:776,349
DA:777,349
DA:779,14
DA:781,14
DA:784,4
DA:786,4
DA:789,2
DA:791,2
DA:794,0
DA:796,0
DA:799,0
DA:801,0
DA:804,6
DA:806,6
DA:809,23
DA:811,23
DA:813,23
DA:815,9
DA:818,23
DA:820,2
DA:821,2
DA:824,21
DA:826,7
DA:827,7
DA:830,14
DA:832,14
DA:834,1
DA:835,1
DA:836,1
DA:840,13
DA:842,13
DA:844,3
DA:845,3
DA:846,3
DA:850,10
DA:852,10
DA:854,8
DA:855,8
DA:861,2
DA:863,2
DA:865,2
DA:866,2
DA:868,2
DA:870,2
DA:872,2
DA:874,2
DA:876,2
DA:878,260
DA:880,260
DA:882,260
DA:883,260
DA:884,260
DA:885,260
DA:887,260
DA:888,260
DA:890,258
DA:892,259
DA:893,257
DA:895,7
DA:897,7
DA:899,1
DA:902,6
DA:904,12
DA:907,0
DA:909,0
DA:911,0
DA:914,0
DA:917,5
DA:919,5
DA:922,7
DA:924,7
DA:926,0
DA:929,7
DA:932,658
DA:934,658
DA:936,0
DA:939,658
DA:942,1
DA:944,1
DA:947,1
DA:949,1
DA:952,3
DA:954,3
DA:957,7
DA:959,7
DA:962,17
DA:964,17
DA:967,1
DA:969,1
DA:972,11226
DA:974,11226
DA:979,11308
DA:981,11308
DA:984,1
DA:986,1
DA:988,1
DA:989,1
DA:991,1
DA:993,56
DA:995,56
DA:997,6
DA:1000,54
DA:1003,0
DA:1005,0
DA:1006,0
DA:1008,4
DA:1010,4
DA:1011,4
DA:1013,34
DA:1015,34
DA:1017,0
DA:1021,34
DA:1022,34
DA:1026,34
DA:1027,34
DA:1028,34
DA:1030,34
DA:1032,34
DA:1033,34
DA:1035,34
DA:1037,34
DA:1040,0
DA:1042,0
LF:478
LH:434
end_of_record
TN:
SF:/root/project/source/cell/cell_reference.cpp
FNL:0,106,109
FNA:0,0,_ZNK4xlnt14cell_reference8to_rangeEv
FNL:1,111,115
FNA:1,12,_ZN4xlnt14cell_reference15split_referenceERKNSt7__cxx1112basic_stringIcSt11char_traitsIcESaIcEEE
FNL:2,117,196
FNA:2,1462,_ZN4xlnt14cell_reference15split_referenceERKNSt7__cxx1112basic_stringIcSt11char_traitsIcESaIcEEERbS9_
FNL:3,198,201
FNA:3,3,_ZNK4xlnt14cell_reference15column_absoluteEv
FNL:4,203,206
FNA:4,10,_ZN4xlnt14cell_reference15column_absoluteEb
FNL:5,208,211
FNA:5,3,_ZNK4xlnt14cell_reference12row_absoluteEv
FNL:6,213,216
FNA:6,10,_ZN4xlnt14cell_reference12row_absoluteEb
FNL:7,218,221
FNA:7,106242,_ZNK4xlnt14cell_reference6columnEv
FNL:8,223,226
FNA:8,1448,_ZN4xlnt14cell_reference6columnERKNSt7__cxx1112basic_stringIcSt11char_traitsIcESaIcEEE
FNL:9,228,231
FNA:9,120303,_ZNK4xlnt14cell_reference12column_indexEv
FNL:10,233,236
FNA:10,17630,_ZN4xlnt14cell_reference12column_indexENS_8column_tE
FNL:11,238,241
FNA:11,153997,_ZNK4xlnt14cell_reference3rowEv
FNL:12,243,246
FNA:12,3722,_ZN4xlnt14cell_reference3rowEj
FNL:13,248,251
FNA:13,38,_ZNK4xlnt14cell_referenceeqERKNSt7__cxx1112basic_stringIcSt11char_traitsIcESaIcEEE
FNL:14,253,256
FNA:14,36,_ZNK4xlnt14cell_referenceeqEPKc
FNL:15,258,261
FNA:15,1,_ZNK4xlnt14cell_referenceneERKS0_
FNL:16,263,266
FNA:16,1,_ZNK4xlnt14cell_referenceneERKNSt7__cxx1112basic_stringIcSt11char_traitsIcESaIcEEE
FNL:17,268,271
FNA:17,1,_ZNK4xlnt14cell_referenceneEPKc
FNL:18,273,280
FNA:18,39,_ZNK4xlnt14cell_reference11make_offsetEii
FNL:19,282,288
FNA:19,59592,_ZNK4xlnt14cell_referenceeqERKS0_
FNL:20,37,40
FNA:20,4,_ZNK4xlnt19cell_reference_hashclERKNS_14cell_referenceE
FNL:21,42,48
FNA:21,10,_ZN4xlnt14cell_reference13make_absoluteEbb
FNL:22,50,53
FNA:22,8,_ZN4xlnt14cell_referenceC2Ev
FNL:23,55,61
FNA:23,1450,_ZN4xlnt14cell_referenceC2ERKNSt7__cxx1112basic_stringIcSt11char_traitsIcESaIcEEE
FNL:24,63,66
FNA:24,735,_ZN4xlnt14cell_referenceC2EPKc
FNL:25,68,78
FNA:25,74310,_ZN4xlnt14cell_referenceC2ENS_8column_tEj
FNL:26,80,83
FNA:26,1,_ZNK4xlnt14cell_referencecmERKS0_
FNL:27,85,104
FNA:27,11679,_ZNK4xlnt14cell_reference9to_stringB5cxx11Ev
FNF:28
FNH:27
DA:37,4
DA:39,4
DA:42,10
DA:44,10
DA:45,10
DA:47,10
DA:50,8
DA:51,8
DA:53,8
DA:55,1450
DA:57,1450
DA:59,1448
DA:60,1448
DA:61,1448
DA:63,735
DA:64,737
DA:66,733
DA:68,74310
DA:69,74310
DA:71,148620
DA:72,74309
DA:73,74309
DA:74,148619
DA:76,1
DA:78,74309
DA:80,1
DA:82,1
DA:85,11679
DA:87,11679
DA:89,11679
DA:91,8
DA:94,11679
DA:96,11679
DA:98,8
DA:101,11679
DA:103,11679
DA:104,0
DA:106,0
DA:108,0
DA:111,12
DA:114,16
DA:117,1462
DA:120,1462
DA:121,1462
DA:124,1462
DA:126,1462
DA:128,4651
DA:130,3197
DA:132,3197
DA:134,1506
DA:136,1499
DA:140,7
DA:143,1691
DA:145,16
DA:147,16
DA:149,8
DA:153,8
DA:159,1675
DA:161,1452
DA:163,223
DA:165,1
DA:170,1454
DA:172,1454
DA:174,2
DA:177,1452
DA:179,8
DA:180,8
DA:183,1452
DA:185,8
DA:186,8
DA:189,1452
DA:190,1452
DA:192,0
DA:195,2904
DA:196,1464
DA:198,3
DA:200,3
DA:203,10
DA:205,10
DA:206,10
DA:208,3
DA:210,3
DA:213,10
DA:215,10
DA:216,10
DA:218,106242
DA:220,106242
DA:223,1448
DA:225,1448
DA:226,1448
DA:228,120303
DA:230,120303
DA:233,17630
DA:235,17630
DA:236,17630
DA:238,153997
DA:240,153997
DA:243,3722
DA:245,3722
DA:246,3722
DA:248,38
DA:250,38
DA:253,36
DA:255,72
DA:258,1
DA:260,1
DA:263,1
DA:265,1
DA:268,1
DA:270,2
DA:273,39
DA:276,39
DA:277,39
DA:279,39
DA:282,59592
DA:284,59592
DA:285,58144
DA:286,57861
DA:287,117736
LF:119
LH:115
end_of_record
TN:
SF:/root/project/source/cell/comment.cpp
FNL:0,102,105
FNA:0,16,_ZNK4xlnt7comment6heightEv
FNL:1,107,114
FNA:1,2,_ZNK4xlnt7commenteqERKS0_
FNL:2,116,119
FNA:2,0,_ZNK4xlnt7commentneERKS0_
FNL:3,29,32
FNA:3,34,_ZN4xlnt7commentC2Ev
FNL:4,34,37
FNA:4,32,_ZN4xlnt7commentC2ERKNS_9rich_textERKNSt7__cxx1112basic_stringIcSt11char_traitsIcESaIcEEE
FNL:5,39,43
FNA:5,37,_ZN4xlnt7commentC2ERKNSt7__cxx1112basic_stringIcSt11char_traitsIcESaIcEEES8_
FNL:6,45,48
FNA:6,16,_ZNK4xlnt7comment4textEv
FNL:7,50,53
FNA:7,2,_ZNK4xlnt7comment10plain_textB5cxx11Ev
FNL:8,55,58
FNA:8,34,_ZNK4xlnt7comment6authorB5cxx11Ev
FNL:9,60,63
FNA:9,0,_ZN4xlnt7comment4hideEv
FNL:10,65,68
FNA:10,0,_ZN4xlnt7comment4showEv
FNL:11,70,74
FNA:11,34,_ZN4xlnt7comment8positionEii
FNL:12,76,80
FNA:12,1,_ZN4xlnt7comment4sizeEii
FNL:13,82,85
FNA:13,16,_ZNK4xlnt7comment7visibleEv
FNL:14,87,90
FNA:14,16,_ZNK4xlnt7comment4leftEv
FNL:15,92,95
FNA:15,16,_ZNK4xlnt7comment3topEv
FNL:16,97,100
FNA:16,16,_ZNK4xlnt7comment5widthEv
FNF:17
FNH:14
DA:29,34
DA:30,102
DA:32,34
DA:34,32
DA:35,32
DA:37,32
DA:39,37
DA:40,37
DA:42,37
DA:43,37
DA:45,16
DA:47,16
DA:50,2
DA:52,2
DA:55,34
DA:57,34
DA:60,0
DA:62,0
DA:63,0
DA:65,0
DA:67,0
DA:68,0
DA:70,34
DA:72,34
DA:73,34
DA:74,34
DA:76,1
DA:78,1
DA:79,1
DA:80,1
DA:82,16
DA:84,16
DA:87,16
DA:89,16
DA:92,16
DA:94,16
DA:97,16
DA:99,16
DA:102,16
DA:104,16
DA:107,2
DA:110,2
DA:111,2
DA:112,2
DA:113,4
DA:116,0
DA:118,0
LF:47
LH:39
end_of_record
TN:
SF:/root/project/source/cell/hyperlink.cpp
FNL:0,102,105
FNA:0,0,_ZNK4xlnt9hyperlink12has_locationEv
FNL:1,107,110
FNA:1,0,_ZN4xlnt9hyperlink8locationERKNSt7__cxx1112basic_stringIcSt11char_traitsIcESaIcEEE
FNL:2,112,115
FNA:2,0,_ZNK4xlnt9hyperlink8locationB5cxx11Ev
FNL:3,32,35
FNA:3,61,_ZN4xlnt9hyperlinkC2EPNS_6detail14hyperlink_implE
FNL:4,37,45
FNA:4,19,_ZNK4xlnt9hyperlink12relationshipEv
FNL:5,47,55
FNA:5,6,_ZNK4xlnt9hyperlink3urlB5cxx11Ev
FNL:6,57,65
FNA:6,9,_ZNK4xlnt9hyperlink12target_rangeB5cxx11Ev
FNL:7,67,70
FNA:7,61,_ZNK4xlnt9hyperlink8externalEv
FNL:8,72,75
FNA:8,0,_ZNK4xlnt9hyperlink11has_displayEv
FNL:9,77,80
FNA:9,0,_ZN4xlnt9hyperlink7displayERKNSt7__cxx1112basic_stringIcSt11char_traitsIcESaIcEEE
FNL:10,82,85
FNA:10,24,_ZNK4xlnt9hyperlink7displayB5cxx11Ev
FNL:11,87,90
FNA:11,0,_ZNK4xlnt9hyperlink11has_tooltipEv
FNL:12,92,95
FNA:12,0,_ZN4xlnt9hyperlink7tooltipERKNSt7__cxx1112basic_stringIcSt11char_traitsIcESaIcEEE
FNL:13,97,100
FNA:13,0,_ZNK4xlnt9hyperlink7tooltipB5cxx11Ev
FNF:14
FNH:6
DA:32,61
DA:33,61
DA:35,61
DA:37,19
DA:39,19
DA:41,0
DA:44,19
DA:47,6
DA:49,6
DA:51,0
DA:54,6
DA:57,9
DA:59,9
DA:61,0
DA:64,9
DA:67,61
DA:69,61
DA:72,0
DA:74,0
DA:77,0
DA:79,0
DA:80,0
DA:82,24
DA:84,24
DA:87,0
DA:89,0
DA:92,0
DA:94,0
DA:95,0
DA:97,0
DA:99,0
DA:102,0
DA:104,0
DA:107,0
DA:109,0
DA:110,0
DA:112,0
DA:114,0
LF:38
LH:16
end_of_record
TN:
SF:/root/project/source/cell/index_types.cpp
FNL:0,103,106
FNA:0,1520,_ZN4xlnt8column_tC2ERKNSt7__cxx1112basic_stringIcSt11char_traitsIcESaIcEEE
FNL:1,108,111
FNA:1,61,_ZN4xlnt8column_tC2EPKc
FNL:2,113,116
FNA:2,11683,_ZNK4xlnt8column_t13column_stringB5cxx11Ev
FNL:3,118,121
FNA:3,1,_ZN4xlnt8column_taSERKNSt7__cxx1112basic_stringIcSt11char_traitsIcESaIcEEE
FNL:4,123,126
FNA:4,1,_ZN4xlnt8column_taSEPKc
FNL:5,128,131
FNA:5,142775,_ZNK4xlnt8column_teqERKS0_
FNL:6,133,136
FNA:6,1,_ZNK4xlnt8column_tneERKS0_
FNL:7,138,141
FNA:7,74316,_ZNK4xlnt8column_teqEi
FNL:8,143,146
FNA:8,2,_ZNK4xlnt8column_teqEj
FNL:9,148,151
FNA:9,2,_ZNK4xlnt8column_teqERKNSt7__cxx1112basic_stringIcSt11char_traitsIcESaIcEEE
FNL:10,153,156
FNA:10,16,_ZNK4xlnt8column_teqEPKc
FNL:11,158,161
FNA:11,1,_ZNK4xlnt8column_tneEi
FNL:12,163,166
FNA:12,1,_ZNK4xlnt8column_tneEj
FNL:13,168,171
FNA:13,1,_ZNK4xlnt8column_tneERKNSt7__cxx1112basic_stringIcSt11char_traitsIcESaIcEEE
FNL:14,173,176
FNA:14,1,_ZNK4xlnt8column_tneEPKc
FNL:15,178,181
FNA:15,11725,_ZNK4xlnt8column_tgtERKS0_
FNL:16,183,186
FNA:16,3,_ZNK4xlnt8column_tgeERKS0_
FNL:17,188,191
FNA:17,126857,_ZNK4xlnt8column_tltERKS0_
FNL:18,193,196
FNA:18,137172,_ZNK4xlnt8column_tleERKS0_
FNL:19,198,201
FNA:19,1,_ZNK4xlnt8column_tgtERKj
FNL:20,203,206
FNA:20,1,_ZNK4xlnt8column_tgeERKj
FNL:21,208,211
FNA:21,1,_ZNK4xlnt8column_tltERKj
FNL:22,213,216
FNA:22,1,_ZNK4xlnt8column_tleERKj
FNL:23,218,222
FNA:23,40545,_ZN4xlnt8column_tppEv
FNL:24,224,228
FNA:24,2,_ZN4xlnt8column_tmmEv
FNL:25,230,235
FNA:25,1555,_ZN4xlnt8column_tppEi
FNL:26,237,242
FNA:26,1,_ZN4xlnt8column_tmmEi
FNL:27,244,248
FNA:27,3,_ZN4xlntplENS_8column_tERKS0_
FNL:28,250,254
FNA:28,149,_ZN4xlntmiENS_8column_tERKS0_
FNL:29,256,260
FNA:29,3,_ZN4xlnt8column_tpLERKS0_
FNL:30,262,266
FNA:30,149,_ZN4xlnt8column_tmIERKS0_
FNL:31,268,271
FNA:31,11685,_ZN4xlntgtERKjRKNS_8column_tE
FNL:32,273,276
FNA:32,2,_ZN4xlntgeERKjRKNS_8column_tE
FNL:33,278,281
FNA:33,11684,_ZN4xlntltERKjRKNS_8column_tE
FNL:34,283,286
FNA:34,2,_ZN4xlntleERKjRKNS_8column_tE
FNL:35,288,292
FNA:35,0,_ZN4xlnt4swapERNS_8column_tES1_
FNL:36,294,298
FNA:36,46353,_ZNK4xlnt11column_hashclERKNS_8column_tE
FNL:37,33,57
FNA:37,1523,_ZN4xlnt8column_t24column_index_from_stringERKNSt7__cxx1112basic_stringIcSt11char_traitsIcESaIcEEE
FNL:38,63,91
FNA:38,11684,_ZN4xlnt8column_t24column_string_from_indexB5cxx11Ej
FNL:39,93,96
FNA:39,1452,_ZN4xlnt8column_tC2Ev
FNL:40,98,101
FNA:40,294694,_ZN4xlnt8column_tC2Ej
FNF:41
FNH:40
DA:33,1523
DA:35,1523
DA:37,2
DA:40,1521
DA:41,1521
DA:43,3059
DA:45,1539
DA:47,1
DA:50,1538
DA:52,1538
DA:53,1538
DA:56,1520
DA:63,11684
DA:67,11684
DA:69,1
DA:72,11683
DA:73,11683
DA:75,30769
DA:77,19086
DA:80,19086
DA:82,300
DA:83,300
DA:86,19086
DA:87,19086
DA:90,11683
DA:91,0
DA:93,1452
DA:94,1452
DA:96,1452
DA:98,294694
DA:99,294694
DA:101,294694
DA:103,1520
DA:104,1520
DA:106,1520
DA:108,61
DA:109,61
DA:111,61
DA:113,11683
DA:115,11683
DA:118,1
DA:120,1
DA:123,1
DA:125,1
DA:128,142775
DA:130,142775
DA:133,1
DA:135,1
DA:138,74316
DA:140,74316
DA:143,2
DA:145,2
DA:148,2
DA:150,2
DA:153,16
DA:155,16
DA:158,1
DA:160,1
DA:163,1
DA:165,1
DA:168,1
DA:170,1
DA:173,1
DA:175,1
DA:178,11725
DA:180,11725
DA:183,3
DA:185,3
DA:188,126857
DA:190,126857
DA:193,137172
DA:195,137172
DA:198,1
DA:200,1
DA:203,1
DA:205,1
DA:208,1
DA:210,1
DA:213,1
DA:215,1
DA:218,40545
DA:220,40545
DA:221,40545
DA:224,2
DA:226,2
DA:227,2
DA:230,1555
DA:232,1555
DA:233,1555
DA:234,1555
DA:237,1
DA:239,1
DA:240,1
DA:241,1
DA:244,3
DA:246,3
DA:247,3
DA:250,149
DA:252,149
DA:253,149
DA:256,3
DA:258,3
DA:259,3
DA:262,149
DA:264,149
DA:265,149
DA:268,11685
DA:270,11685
DA:273,2
DA:275,2
DA:278,11684
DA:280,11684
DA:283,2
DA:285,2
DA:288,0
DA:291,0
DA:292,0
DA:294,46353
DA:297,46353
LF:119
LH:115
end_of_record
TN:
SF:/root/project/source/cell/phonetic_run.cpp
FNL:0,30,33
FNA:0,0,_ZNK4xlnt12phonetic_runeqERKS0_
FNL:1,35,38
FNA:1,0,_ZNK4xlnt12phonetic_runneERKS0_
FNF:2
FNH:0
DA:30,0
DA:32,0
DA:35,0
DA:37,0
LF:4
LH:0
end_of_record
TN:
SF:/root/project/source/cell/rich_text.cpp
FNL:0,102,105
FNA:0,11227,_ZN4xlnt9rich_text7add_runERKNS_13rich_text_runE
FNL:1,107,110
FNA:1,458,_ZNK4xlnt9rich_text13phonetic_runsEv
FNL:2,112,115
FNA:2,0,_ZN4xlnt9rich_text13phonetic_runsERKSt6vectorINS_12phonetic_runESaIS2_EE
FNL:3,117,120
FNA:3,3,_ZN4xlnt9rich_text16add_phonetic_runERKNS_12phonetic_runE
FNL:4,122,125
FNA:4,453,_ZNK4xlnt9rich_text23has_phonetic_propertiesEv
FNL:5,127,130
FNA:5,11,_ZNK4xlnt9rich_text19phonetic_propertiesEv
FNL:6,132,135
FNA:6,35,_ZN4xlnt9rich_text19phonetic_propertiesERKNS_11phonetic_prE
FNL:7,137,156
FNA:7,9950,_ZNK4xlnt9rich_texteqERKS0_
FNL:8,158,161
FNA:8,6,_ZNK4xlnt9rich_texteqERKNSt7__cxx1112basic_stringIcSt11char_traitsIcESaIcEEE
FNL:9,163,166
FNA:9,6,_ZNK4xlnt9rich_textneERKS0_
FNL:10,168,171
FNA:10,0,_ZNK4xlnt9rich_textneERKNSt7__cxx1112basic_stringIcSt11char_traitsIcESaIcEEE
FNL:11,31,34
FNA:11,10327,_ZN12_GLOBAL__N_123has_trailing_whitespaceERKNSt7__cxx1112basic_stringIcSt11char_traitsIcESaIcEEE
FNL:12,39,42
FNA:12,10323,_ZN4xlnt9rich_textC2ERKNSt7__cxx1112basic_stringIcSt11char_traitsIcESaIcEEE
FNL:13,44,47
FNA:13,4,_ZN4xlnt9rich_textC2ERKNSt7__cxx1112basic_stringIcSt11char_traitsIcESaIcEEERKNS_4fontE
FNL:14,49,52
FNA:14,17833,_ZN4xlnt9rich_textC2ERKS0_
FNL:15,54,61
FNA:15,17982,_ZN4xlnt9rich_textaSERKS0_
FNL:16,63,66
FNA:16,10327,_ZN4xlnt9rich_textC2ERKNS_13rich_text_runE
FNL:17,68,73
FNA:17,19528,_ZN4xlnt9rich_text5clearEv
FNL:18,75,79
FNA:18,778,_ZN4xlnt9rich_text10plain_textERKNSt7__cxx1112basic_stringIcSt11char_traitsIcESaIcEEEb
FNL:19,81,90
FNA:19,11010,_ZNK4xlnt9rich_text10plain_textB5cxx11Ev
FNL:20,89,89
FNA:20,36,_ZZNK4xlnt9rich_text10plain_textB5cxx11EvENKUlRKNSt7__cxx1112basic_stringIcSt11char_traitsIcESaIcEEERKNS_13rich_text_runEE_clES8_SB_
FNL:21,92,95
FNA:21,12752,_ZNK4xlnt9rich_text4runsEv
FNL:22,97,100
FNA:22,1,_ZN4xlnt9rich_text4runsERKSt6vectorINS_13rich_text_runESaIS2_EE
FNF:23
FNH:21
DA:31,10327
DA:33,10327
DA:39,10323
DA:40,10323
DA:42,10323
DA:44,4
DA:45,4
DA:47,4
DA:49,17833
DA:51,17833
DA:52,17833
DA:54,17982
DA:56,17982
DA:57,17982
DA:58,17982
DA:59,17982
DA:60,17982
DA:63,10327
DA:65,10327
DA:66,10327
DA:68,19528
DA:70,19528
DA:71,19528
DA:72,19528
DA:73,19528
DA:75,778
DA:77,778
DA:78,778
DA:79,778
DA:81,11010
DA:83,11010
DA:85,10997
DA:88,26
DA:89,49
DA:92,12752
DA:94,12752
DA:97,1
DA:99,1
DA:100,1
DA:102,11227
DA:104,11227
DA:105,11227
DA:107,458
DA:109,458
DA:112,0
DA:114,0
DA:115,0
DA:117,3
DA:119,3
DA:120,3
DA:122,453
DA:124,453
DA:127,11
DA:129,11
DA:132,35
DA:134,35
DA:135,35
DA:137,9950
DA:139,9950
DA:141,19890
DA:143,9946
DA:146,9944
DA:148,9942
DA:150,0
DA:153,9942
DA:155,9942
DA:158,6
DA:160,6
DA:163,6
DA:165,6
DA:168,0
DA:170,0
LF:72
LH:66
end_of_record
TN:
SF:/root/project/source/cell/rich_text_run.cpp
FNL:0,29,32
FNA:0,9950,_ZNK4xlnt13rich_text_runeqERKS0_
FNL:1,34,37
FNA:1,9946,_ZNK4xlnt13rich_text_runneERKS0_
FNF:2
FNH:2
DA:29,9950
DA:31,9950
DA:34,9946
DA:36,9946
LF:4
LH:4
end_of_record
TN:
SF:/root/project/source/detail/binary.hpp
FNL:0,134,137
FNA:0,5095,_ZNK4xlnt6detail13binary_readerIhE5countEv
FNA:0,8547,_ZNK4xlnt6detail13binary_readerIiE5countEv
FNL:1,139,142
FNA:1,5095,_ZNK4xlnt6detail13binary_readerIhE5bytesEv
FNA:1,8547,_ZNK4xlnt6detail13binary_readerIiE5bytesEv
FNL:2,155,158
FNA:2,265,_ZN4xlnt6detail13binary_writerIhEC2ERSt6vectorIhSaIhEE
FNA:2,66,_ZN4xlnt6detail13binary_writerIiEC2ERSt6vectorIiSaIiEE
FNL:3,165,167
FNA:3,265,_ZN4xlnt6detail13binary_writerIhED2Ev
FNA:3,66,_ZN4xlnt6detail13binary_writerIiED2Ev
FNL:4,194,198
FNA:4,26,_ZN4xlnt6detail13binary_writerIhE6assignIDsEEvRKNSt7__cxx1112basic_stringIT_St11char_traitsIS6_ESaIS6_EEE
FNL:5,205,208
FNA:5,2914,_ZNK4xlnt6detail13binary_writerIhE6offsetEv
FNA:5,175,_ZNK4xlnt6detail13binary_writerIiE6offsetEv
FNL:6,210,214
FNA:6,2302,_ZN4xlnt6detail13binary_writerIhE5resetEv
FNL:7,217,229
FNA:7,0,_ZN4xlnt6detail13binary_writerIhE5writeIjEEvT_
FNA:7,0,_ZN4xlnt6detail13binary_writerIhE5writeItEEvT_
FNA:7,51,_ZN4xlnt6detail13binary_writerIiE5writeIiEEvT_
FNL:8,231,234
FNA:8,5854,_ZNK4xlnt6detail13binary_writerIhE5countEv
FNA:8,248,_ZNK4xlnt6detail13binary_writerIiE5countEv
FNL:9,236,239
FNA:9,2940,_ZNK4xlnt6detail13binary_writerIhE5bytesEv
FNA:9,124,_ZNK4xlnt6detail13binary_writerIiE5bytesEv
FNL:10,241,244
FNA:10,26,_ZN4xlnt6detail13binary_writerIhE6resizeEmh
FNL:11,246,249
FNA:11,2914,_ZN4xlnt6detail13binary_writerIhE6extendEmh
FNA:11,124,_ZN4xlnt6detail13binary_writerIiE6extendEmh
FNL:12,257,261
FNA:12,2719,_ZN4xlnt6detail13binary_writerIhE6appendIhEEvRKSt6vectorIT_SaIS5_EE
FNA:12,73,_ZN4xlnt6detail13binary_writerIiE6appendIhEEvRKSt6vectorIT_SaIS5_EE
FNL:13,264,281
FNA:13,2914,_ZN4xlnt6detail13binary_writerIhE6appendIhEEvRNS0_13binary_readerIT_EEm
FNA:13,73,_ZN4xlnt6detail13binary_writerIiE6appendIhEEvRNS0_13binary_readerIT_EEm
FNL:14,289,296
FNA:14,26,_ZN4xlnt6detail15string_to_bytesIDsEESt6vectorIhSaIhEERKNSt7__cxx1112basic_stringIT_St11char_traitsIS7_ESaIS7_EEE
FNL:15,299,305
FNA:15,187,_ZN4xlnt6detail4readIjEET_RSi
FNA:15,17,_ZN4xlnt6detail4readImEET_RSi
FNA:15,44,_ZN4xlnt6detail4readItEET_RSi
FNL:16,308,315
FNA:16,45,_ZN4xlnt6detail11read_vectorIhEESt6vectorIT_SaIS3_EERSim
FNL:17,318,325
FNA:17,15,_ZN4xlnt6detail11read_stringIDsEENSt7__cxx1112basic_stringIT_St11char_traitsIS4_ESaIS4_EEERSim
FNL:18,45,50
FNA:18,4021,_ZN4xlnt6detail13binary_readerIhEC2ERKSt6vectorIhSaIhEE
FNA:18,2107,_ZN4xlnt6detail13binary_readerIiEC2ERKSt6vectorIiSaIiEE
FNL:19,70,72
FNA:19,4021,_ZN4xlnt6detail13binary_readerIhED2Ev
FNA:19,2107,_ZN4xlnt6detail13binary_readerIiED2Ev
FNL:20,74,77
FNA:20,5095,_ZNK4xlnt6detail13binary_readerIhE4dataEv
FNA:20,8547,_ZNK4xlnt6detail13binary_readerIiE4dataEv
FNL:21,79,82
FNA:21,303,_ZN4xlnt6detail13binary_readerIhE6offsetEm
FNA:21,15,_ZN4xlnt6detail13binary_readerIiE6offsetEm
FNL:22,84,87
FNA:22,10298,_ZNK4xlnt6detail13binary_readerIhE6offsetEv
FNA:22,17094,_ZNK4xlnt6detail13binary_readerIiE6offsetEv
FNL:23,89,92
FNA:23,986,_ZN4xlnt6detail13binary_readerIhE5resetEv
FNF:24
FNH:24
DA:45,6128
DA:46,6128
DA:47,6128
DA:48,6128
DA:50,6128
DA:70,6128
DA:72,6128
DA:74,13642
DA:76,13642
DA:79,318
DA:81,318
DA:82,318
DA:84,27392
DA:86,27392
DA:89,986
DA:91,986
DA:92,986
DA:134,13642
DA:136,13642
DA:139,13642
DA:141,13642
DA:155,331
DA:156,331
DA:158,331
DA:165,331
DA:167,331
DA:194,26
DA:196,26
DA:197,26
DA:198,26
DA:205,3089
DA:207,3089
DA:210,2302
DA:212,2302
DA:213,2302
DA:214,2302
DA:217,51
DA:219,51
DA:220,51
DA:222,51
DA:224,51
DA:227,51
DA:228,51
DA:229,51
DA:231,6102
DA:233,6102
DA:236,3064
DA:238,3064
DA:241,26
DA:243,26
DA:244,26
DA:246,3038
DA:248,3038
DA:249,3038
DA:257,2792
DA:259,2792
DA:260,2792
DA:261,2792
DA:264,2987
DA:266,2987
DA:267,2987
DA:269,2987
DA:271,2987
DA:274,2987
DA:276,0
DA:279,2987
DA:280,2987
DA:281,2987
DA:289,26
DA:291,26
DA:292,26
DA:293,26
DA:295,26
DA:296,26
DA:299,248
DA:302,248
DA:304,248
DA:308,45
DA:310,45
DA:311,45
DA:314,45
DA:315,0
DA:318,15
DA:320,15
DA:321,15
DA:322,15
DA:324,15
DA:325,0
LF:88
LH:85
end_of_record
TN:
SF:/root/project/source/detail/constants.cpp
FNL:0,104,107
FNA:0,0,_ZN4xlnt9constants8part_appEv
FNL:1,109,112
FNA:1,0,_ZN4xlnt9constants13part_workbookEv
FNL:2,114,117
FNA:2,0,_ZN4xlnt9constants11part_stylesEv
FNL:3,119,122
FNA:3,0,_ZN4xlnt9constants10part_themeEv
FNL:4,124,127
FNA:4,0,_ZN4xlnt9constants19part_shared_stringsEv
FNL:5,129,167
FNA:5,5776,_ZN4xlnt9constants10namespacesB5cxx11Ev
FNL:6,169,179
FNA:6,2888,_ZN4xlnt9constants2nsERKNSt7__cxx1112basic_stringIcSt11char_traitsIcESaIcEEE
FNL:7,33,36
FNA:7,346,_ZN4xlnt9constants7min_rowEv
FNL:8,38,41
FNA:8,74492,_ZN4xlnt9constants7max_rowEv
FNL:9,43,46
FNA:9,12198,_ZN4xlnt9constants10min_columnEv
FNL:10,48,51
FNA:10,86379,_ZN4xlnt9constants10max_columnEv
FNL:11,53,56
FNA:11,521,_ZN4xlnt9constants24max_elements_for_reserveEv
FNL:12,59,62
FNA:12,0,_ZN4xlnt9constants18package_propertiesEv
FNL:13,64,67
FNA:13,7,_ZN4xlnt9constants10package_xlEv
FNL:14,69,72
FNA:14,0,_ZN4xlnt9constants17package_root_relsEv
FNL:15,74,77
FNA:15,0,_ZN4xlnt9constants13package_themeEv
FNL:16,79,82
FNA:16,0,_ZN4xlnt9constants18package_worksheetsEv
FNL:17,84,87
FNA:17,0,_ZN4xlnt9constants16package_drawingsEv
FNL:18,89,92
FNA:18,0,_ZN4xlnt9constants18part_content_typesEv
FNL:19,94,97
FNA:19,0,_ZN4xlnt9constants23part_root_relationshipsEv
FNL:20,99,102
FNA:20,0,_ZN4xlnt9constants9part_coreEv
FNF:21
FNH:8
DA:33,346
DA:35,346
DA:38,74492
DA:40,74492
DA:43,12198
DA:45,12198
DA:48,86379
DA:50,86379
DA:53,521
DA:55,521
DA:59,0
DA:61,0
DA:64,7
DA:66,14
DA:69,0
DA:71,0
DA:74,0
DA:76,0
DA:79,0
DA:81,0
DA:84,0
DA:86,0
DA:89,0
DA:91,0
DA:94,0
DA:96,0
DA:99,0
DA:101,0
DA:104,0
DA:106,0
DA:109,0
DA:111,0
DA:114,0
DA:116,0
DA:119,0
DA:121,0
DA:124,0
DA:126,0
DA:129,5776
DA:164,5896
DA:166,5776
DA:167,4
DA:169,2888
DA:171,2888
DA:173,2888
DA:175,0
DA:178,5776
LF:47
LH:20
end_of_record
TN:
SF:/root/project/source/detail/cryptography/aes.cpp
FNL:0,2651,2657
FNA:0,5140,_ZN12_GLOBAL__N_1L9setup_mixEj
FNL:1,2673,2809
FNA:1,466,_ZN12_GLOBAL__N_114rijndael_setupERKSt6vectorIhSaIhEE
FNL:2,2830,2898
FNA:2,32768,_ZN12_GLOBAL__N_120rijndael_ecb_encryptEPKhPhRNS_12rijndael_keyE
FNL:3,2900,2968
FNA:3,71022,_ZN12_GLOBAL__N_120rijndael_ecb_decryptEPKhPhRNS_12rijndael_keyE
FNL:4,2980,3011
FNA:4,0,_ZN4xlnt6detail15aes_ecb_encryptERKSt6vectorIhSaIhEES5_m
FNL:5,3013,3044
FNA:5,56,_ZN4xlnt6detail15aes_ecb_decryptERKSt6vectorIhSaIhEES5_m
FNL:6,3046,3090
FNA:6,128,_ZN4xlnt6detail15aes_cbc_encryptERKSt6vectorIhSaIhEES5_S5_m
FNL:7,3092,3135
FNA:7,282,_ZN4xlnt6detail15aes_cbc_decryptERKSt6vectorIhSaIhEES5_S5_m
FNF:8
FNH:7
DA:2651,5140
DA:2653,5140
DA:2654,5140
DA:2655,5140
DA:2656,5140
DA:2673,466
DA:2681,466
DA:2684,0
DA:2685,0
DA:2688,466
DA:2689,466
DA:2692,466
DA:2693,466
DA:2694,466
DA:2695,466
DA:2696,466
DA:2697,466
DA:2698,466
DA:2702,3060
DA:2703,3060
DA:2704,3060
DA:2705,3060
DA:2706,3060
DA:2707,3060
DA:2709,306
DA:2711,2754
DA:2714,160
DA:2716,0
DA:2717,0
DA:2723,0
DA:2725,0
DA:2726,0
DA:2727,0
DA:2728,0
DA:2729,0
DA:2731,0
DA:2733,0
DA:2734,0
DA:2735,0
DA:2738,160
DA:2740,160
DA:2741,160
DA:2742,160
DA:2743,160
DA:2749,1120
DA:2751,1120
DA:2752,1120
DA:2753,1120
DA:2754,1120
DA:2755,1120
DA:2757,160
DA:2759,960
DA:2760,960
DA:2761,960
DA:2762,960
DA:2763,960
DA:2764,960
DA:2769,466
DA:2770,466
DA:2774,466
DA:2775,466
DA:2776,466
DA:2777,466
DA:2778,466
DA:2779,466
DA:2781,5300
DA:2783,4834
DA:2784,4834
DA:2786,4834
DA:2787,4834
DA:2788,4834
DA:2789,4834
DA:2790,4834
DA:2791,4834
DA:2792,4834
DA:2793,4834
DA:2794,4834
DA:2795,4834
DA:2796,4834
DA:2797,4834
DA:2801,466
DA:2802,466
DA:2803,466
DA:2804,466
DA:2805,466
DA:2806,466
DA:2808,466
DA:2830,32768
DA:2835,32768
DA:2836,32768
DA:2842,32768
DA:2843,32768
DA:2844,32768
DA:2845,32768
DA:2846,32768
DA:2847,32768
DA:2848,32768
DA:2849,32768
DA:2854,32768
DA:2857,229376
DA:2858,229376
DA:2859,229376
DA:2860,229376
DA:2861,229376
DA:2862,229376
DA:2863,229376
DA:2864,229376
DA:2866,229376
DA:2867,229376
DA:2869,32768
DA:2872,196608
DA:2873,196608
DA:2874,196608
DA:2875,196608
DA:2876,196608
DA:2877,196608
DA:2878,196608
DA:2879,196608
DA:2886,32768
DA:2887,32768
DA:2888,32768
DA:2889,32768
DA:2890,32768
DA:2891,32768
DA:2892,32768
DA:2893,32768
DA:2894,32768
DA:2895,32768
DA:2896,32768
DA:2897,32768
DA:2898,32768
DA:2900,71022
DA:2904,71022
DA:2905,71022
DA:2911,71022
DA:2912,71022
DA:2913,71022
DA:2914,71022
DA:2915,71022
DA:2916,71022
DA:2917,71022
DA:2918,71022
DA:2923,71022
DA:2927,359826
DA:2928,359826
DA:2929,359826
DA:2930,359826
DA:2931,359826
DA:2932,359826
DA:2933,359826
DA:2934,359826
DA:2936,359826
DA:2937,359826
DA:2939,71022
DA:2942,288804
DA:2943,288804
DA:2944,288804
DA:2945,288804
DA:2946,288804
DA:2947,288804
DA:2948,288804
DA:2949,288804
DA:2956,71022
DA:2957,71022
DA:2958,71022
DA:2959,71022
DA:2960,71022
DA:2961,71022
DA:2962,71022
DA:2963,71022
DA:2964,71022
DA:2965,71022
DA:2966,71022
DA:2967,71022
DA:2968,71022
DA:2980,0
DA:2985,0
DA:2987,0
DA:2989,0
DA:2992,0
DA:2993,0
DA:2996,0
DA:2997,0
DA:2998,0
DA:2999,0
DA:3001,0
DA:3003,0
DA:3005,0
DA:3006,0
DA:3007,0
DA:3010,0
DA:3011,0
DA:3013,56
DA:3018,56
DA:3020,56
DA:3022,56
DA:3025,0
DA:3026,0
DA:3029,56
DA:3030,56
DA:3031,56
DA:3032,56
DA:3034,6757
DA:3036,6701
DA:3038,6701
DA:3039,6701
DA:3040,6701
DA:3043,56
DA:3044,56
DA:3046,128
DA:3052,128
DA:3054,128
DA:3056,128
DA:3059,0
DA:3060,0
DA:3063,128
DA:3064,128
DA:3065,128
DA:3066,128
DA:3067,128
DA:3068,128
DA:3070,32896
DA:3072,557056
DA:3074,524288
DA:3077,32768
DA:3079,557056
DA:3081,524288
DA:3084,32768
DA:3085,32768
DA:3086,32768
DA:3089,128
DA:3090,128
DA:3092,282
DA:3098,282
DA:3100,282
DA:3102,282
DA:3105,0
DA:3106,0
DA:3109,282
DA:3111,282
DA:3112,282
DA:3113,282
DA:3114,282
DA:3115,282
DA:3116,282
DA:3118,64603
DA:3120,64321
DA:3122,1093457
DA:3124,1029136
DA:3125,1029136
DA:3126,1029136
DA:3129,64321
DA:3130,64321
DA:3131,64321
DA:3134,282
DA:3135,282
LF:256
LH:219
end_of_record
TN:
SF:/root/project/source/detail/cryptography/base64.cpp
FNL:0,115,122
FNA:0,2204,_ZZN4xlnt6detail13decode_base64ERKNSt7__cxx1112basic_stringIcSt11char_traitsIcESaIcEEEENKUlhE_clEh
FNL:1,30,94
FNA:1,28,_ZN4xlnt6detail13encode_base64B5cxx11ERKSt6vectorIhSaIhEE
FNL:2,96,182
FNA:2,49,_ZN4xlnt6detail13decode_base64ERKNSt7__cxx1112basic_stringIcSt11char_traitsIcESaIcEEE
FNF:3
FNH:3
DA:30,28
DA:32,28
DA:33,28
DA:34,28
DA:35,28
DA:36,28
DA:37,28
DA:38,28
DA:39,28
DA:44,28
DA:46,1144
DA:48,1088
DA:50,1088
DA:52,352
DA:53,352
DA:54,352
DA:55,352
DA:56,352
DA:57,352
DA:59,1760
DA:61,1408
DA:64,352
DA:68,28
DA:70,80
DA:72,52
DA:75,28
DA:76,28
DA:77,28
DA:78,28
DA:79,28
DA:80,28
DA:82,88
DA:84,60
DA:87,80
DA:89,52
DA:93,28
DA:94,28
DA:96,49
DA:98,49
DA:99,49
DA:101,134
DA:103,85
DA:106,49
DA:107,49
DA:108,49
DA:109,49
DA:110,49
DA:111,49
DA:112,49
DA:113,49
DA:115,2204
DA:116,2204
DA:117,1370
DA:118,482
DA:119,131
DA:120,111
DA:121,85
DA:124,2217
DA:126,2168
DA:128,49
DA:131,2119
DA:133,2119
DA:135,2510
DA:137,2008
DA:140,502
DA:141,502
DA:142,502
DA:143,502
DA:144,502
DA:145,502
DA:147,2008
DA:149,1506
[...]
FNL:15,64,67
FNA:15,249,_ZNK4xlnt14range_iteratorneERKS0_
FNL:16,69,103
FNA:16,14,_ZN4xlnt14range_iteratormmEv
FNF:17
FNH:16
DA:32,415
DA:34,415
DA:37,0
DA:39,0
DA:42,112
DA:43,112
DA:44,112
DA:45,112
DA:46,112
DA:47,112
DA:48,112
DA:50,112
DA:52,25
DA:54,112
DA:56,254
DA:58,254
DA:59,254
DA:60,48
DA:61,508
DA:64,249
DA:66,249
DA:69,14
DA:71,14
DA:73,3
DA:75,3
DA:78,3
DA:80,0
DA:82,0
DA:88,11
DA:90,11
DA:93,11
DA:95,9
DA:97,0
DA:102,14
DA:105,1
DA:107,1
DA:108,1
DA:110,1
DA:113,230
DA:115,230
DA:117,222
DA:119,201
DA:122,222
DA:124,123
DA:126,7
DA:132,8
DA:134,4
DA:137,8
DA:139,8
DA:141,0
DA:146,230
DA:149,1
DA:151,1
DA:152,1
DA:154,1
DA:157,27
DA:158,27
DA:159,27
DA:160,27
DA:161,27
DA:162,27
DA:163,27
DA:165,27
DA:167,10
DA:169,27
DA:171,22
DA:173,22
DA:174,22
DA:175,8
DA:176,44
DA:179,13
DA:181,13
DA:184,17
DA:186,17
DA:188,8
DA:190,8
DA:193,8
DA:195,7
DA:197,0
DA:203,9
DA:205,9
DA:208,9
DA:210,9
DA:212,0
DA:217,17
DA:220,1
DA:222,1
DA:223,1
DA:225,1
DA:228,22
DA:230,22
DA:232,14
DA:234,8
DA:237,14
DA:239,20
DA:241,7
DA:247,8
DA:249,4
DA:252,8
DA:254,8
DA:256,0
DA:261,22
DA:264,1
DA:266,1
DA:267,1
DA:269,1
DA:272,91
DA:274,91
LF:108
LH:99
end_of_record
TN:
SF:/root/project/source/worksheet/range_reference.cpp
FNL:0,100,103
FNA:0,104,_ZNK4xlnt15range_reference14is_single_cellEv
FNL:1,105,111
FNA:1,101,_ZNK4xlnt15range_reference9to_stringB5cxx11Ev
FNL:2,113,116
FNA:2,428,_ZNK4xlnt15range_referenceeqERKS0_
FNL:3,118,121
FNA:3,30,_ZNK4xlnt15range_referenceneERKS0_
FNL:4,123,126
FNA:4,6667,_ZNK4xlnt15range_reference8top_leftEv
FNL:5,128,131
FNA:5,0,_ZNK4xlnt15range_reference9top_rightEv
FNL:6,133,136
FNA:6,0,_ZNK4xlnt15range_reference11bottom_leftEv
FNL:7,138,141
FNA:7,64117,_ZNK4xlnt15range_reference12bottom_rightEv
FNL:8,143,149
FNA:8,4,_ZNK4xlnt15range_reference8containsERKNS_14cell_referenceE
FNL:9,151,154
FNA:9,32,_ZNK4xlnt15range_referenceeqERKNSt7__cxx1112basic_stringIcSt11char_traitsIcESaIcEEE
FNL:10,156,159
FNA:10,30,_ZNK4xlnt15range_referenceeqEPKc
FNL:11,161,164
FNA:11,5,_ZNK4xlnt15range_referenceneERKNSt7__cxx1112basic_stringIcSt11char_traitsIcESaIcEEE
FNL:12,166,169
FNA:12,3,_ZNK4xlnt15range_referenceneEPKc
FNL:13,171,174
FNA:13,1,_ZN4xlnteqERKNSt7__cxx1112basic_stringIcSt11char_traitsIcESaIcEEERKNS_15range_referenceE
FNL:14,176,179
FNA:14,13,_ZN4xlnteqEPKcRKNS_15range_referenceE
FNL:15,181,184
FNA:15,1,_ZN4xlntneERKNSt7__cxx1112basic_stringIcSt11char_traitsIcESaIcEEERKNS_15range_referenceE
FNL:16,186,189
FNA:16,1,_ZN4xlntneEPKcRKNS_15range_referenceE
FNL:17,29,37
FNA:17,5,_ZN4xlnt15range_reference13make_absoluteERKS0_
FNL:18,39,42
FNA:18,9,_ZN4xlnt15range_referenceC2Ev
FNL:19,44,47
FNA:19,30,_ZN4xlnt15range_referenceC2EPKc
FNL:20,49,64
FNA:20,194,_ZN4xlnt15range_referenceC2ERKNSt7__cxx1112basic_stringIcSt11char_traitsIcESaIcEEE
FNL:21,66,71
FNA:21,45,_ZN4xlnt15range_referenceC2ERKNS_14cell_referenceES3_
FNL:22,73,80
FNA:22,177,_ZN4xlnt15range_referenceC2ENS_8column_tEjS1_j
FNL:23,82,88
FNA:23,0,_ZNK4xlnt15range_reference11make_offsetEii
FNL:24,90,93
FNA:24,73,_ZNK4xlnt15range_reference6heightEv
FNL:25,95,98
FNA:25,108,_ZNK4xlnt15range_reference5widthEv
FNF:26
FNH:23
DA:29,5
DA:31,5
DA:33,5
DA:34,5
DA:36,5
DA:39,9
DA:40,9
DA:42,9
DA:44,30
DA:45,30
DA:47,30
DA:49,194
DA:50,194
DA:52,194
DA:54,194
DA:56,94
DA:57,94
DA:61,100
DA:62,100
DA:64,194
DA:66,45
DA:67,45
DA:68,45
DA:69,45
DA:71,45
DA:73,177
DA:76,177
DA:77,177
DA:78,177
DA:80,177
DA:82,0
DA:84,0
DA:85,0
DA:87,0
DA:90,73
DA:92,73
DA:95,108
DA:97,108
DA:100,104
DA:102,104
DA:105,101
DA:107,101
DA:108,53
DA:110,48
DA:113,428
DA:115,428
DA:118,30
DA:120,30
DA:123,6667
DA:125,6667
DA:128,0
DA:130,0
DA:133,0
DA:135,0
DA:138,64117
DA:140,64117
DA:143,4
DA:145,4
DA:146,4
DA:147,3
DA:148,8
DA:151,32
DA:153,32
DA:156,30
DA:158,60
DA:161,5
DA:163,5
DA:166,3
DA:168,6
DA:171,1
DA:173,1
DA:176,13
DA:178,13
DA:181,1
DA:183,1
DA:186,1
DA:188,1
LF:77
LH:69
end_of_record
TN:
SF:/root/project/source/worksheet/selection.cpp
FNL:0,30,35
FNA:0,66,_ZN4xlnt9selection5sqrefERKNSt7__cxx1112basic_stringIcSt11char_traitsIcESaIcEEE
FNF:1
FNH:1
DA:30,66
DA:32,66
DA:33,141
DA:34,141
DA:35,66
LF:5
LH:5
end_of_record
TN:
SF:/root/project/source/worksheet/worksheet.cpp
FNL:0,1001,1004
FNA:0,60,_ZNK4xlnt9worksheet15has_named_rangeERKNSt7__cxx1112basic_stringIcSt11char_traitsIcESaIcEEE
FNL:1,1006,1014
FNA:1,2,_ZN4xlnt9worksheet18remove_named_rangeERKNSt7__cxx1112basic_stringIcSt11char_traitsIcESaIcEEE
FNL:2,1016,1019
FNA:2,1,_ZN4xlnt9worksheet7reserveEm
FNL:3,1021,1024
FNA:3,21,_ZNK4xlnt9worksheet13header_footerEv
FNL:4,1026,1045
FNA:4,1,_ZNK4xlnt9worksheet9point_posEii
FNL:5,1047,1050
FNA:5,0,_ZN4xlnt9worksheet11sheet_stateENS_11sheet_stateE
FNL:6,1052,1055
FNA:6,8,_ZNK4xlnt9worksheet11sheet_stateEv
FNL:7,1057,1060
FNA:7,43619,_ZN4xlnt9worksheet21add_column_propertiesENS_8column_tERKNS_17column_propertiesE
FNL:8,1062,1065
FNA:8,1601,_ZNK4xlnt9worksheet21has_column_propertiesENS_8column_tE
FNL:9,1067,1070
FNA:9,1354,_ZN4xlnt9worksheet17column_propertiesENS_8column_tE
FNL:10,1072,1075
FNA:10,0,_ZNK4xlnt9worksheet17column_propertiesENS_8column_tE
FNL:11,1077,1080
FNA:11,1400,_ZN4xlnt9worksheet14row_propertiesEj
FNL:12,1082,1085
FNA:12,14,_ZNK4xlnt9worksheet14row_propertiesEj
FNL:13,1087,1090
FNA:13,14,_ZN4xlnt9worksheet18add_row_propertiesEjRKNS_14row_propertiesE
FNL:14,1092,1095
FNA:14,3,_ZN4xlnt9worksheet5beginEv
FNL:15,1097,1100
FNA:15,3,_ZN4xlnt9worksheet3endEv
FNL:16,1102,1105
FNA:16,2,_ZNK4xlnt9worksheet6cbeginEv
FNL:17,1107,1110
FNA:17,2,_ZNK4xlnt9worksheet4cendEv
FNL:18,1112,1115
FNA:18,2,_ZNK4xlnt9worksheet5beginEv
FNL:19,1117,1120
FNA:19,2,_ZNK4xlnt9worksheet3endEv
FNL:20,1122,1125
FNA:20,2,_ZN4xlnt9worksheet16print_title_rowsEjj
FNL:21,1127,1130
FNA:21,10,_ZNK4xlnt9worksheet16print_title_rowsEv
FNL:22,1132,1135
FNA:22,2,_ZN4xlnt9worksheet16print_title_colsENS_8column_tES1_
FNL:23,1137,1140
FNA:23,10,_ZNK4xlnt9worksheet16print_title_colsEv
FNL:24,1142,1145
FNA:24,59,_ZNK4xlnt9worksheet16has_print_titlesEv
FNL:25,1147,1151
FNA:25,0,_ZN4xlnt9worksheet18clear_print_titlesEv
FNL:26,1153,1156
FNA:26,2,_ZN4xlnt9worksheet10print_areaERKNSt7__cxx1112basic_stringIcSt11char_traitsIcESaIcEEE
FNL:27,1158,1161
FNA:27,4,_ZNK4xlnt9worksheet10print_areaEv
FNL:28,1163,1166
FNA:28,59,_ZNK4xlnt9worksheet14has_print_areaEv
FNL:29,1168,1171
FNA:29,0,_ZN4xlnt9worksheet16clear_print_areaEv
FNL:30,117,120
FNA:30,109,_ZN4xlnt9worksheetixERKNS_14cell_referenceE
FNL:31,1173,1176
FNA:31,71,_ZNK4xlnt9worksheet8has_viewEv
FNL:32,1178,1181
FNA:32,68,_ZNK4xlnt9worksheet4viewEm
FNL:33,1183,1186
FNA:33,251,_ZN4xlnt9worksheet8add_viewERKNS_10sheet_viewE
FNL:34,1188,1191
FNA:34,34,_ZN4xlnt9worksheet29register_comments_in_manifestEv
FNL:35,1193,1196
FNA:35,17,_ZN4xlnt9worksheet31register_calc_chain_in_manifestEv
FNL:36,1198,1201
FNA:36,56,_ZNK4xlnt9worksheet23has_phonetic_propertiesEv
FNL:37,1203,1206
FNA:37,4,_ZNK4xlnt9worksheet19phonetic_propertiesEv
FNL:38,1208,1211
FNA:38,0,_ZN4xlnt9worksheet19phonetic_propertiesERKNS_11phonetic_prE
FNL:39,1213,1216
FNA:39,57,_ZNK4xlnt9worksheet17has_header_footerEv
FNL:40,1218,1221
FNA:40,18,_ZN4xlnt9worksheet13header_footerERKNS_13header_footerE
FNL:41,122,125
FNA:41,67,_ZNK4xlnt9worksheet13merged_rangesEv
FNL:42,1223,1227
FNA:42,0,_ZN4xlnt9worksheet17clear_page_breaksEv
FNL:43,1229,1232
FNA:43,0,_ZN4xlnt9worksheet17page_break_at_rowEj
FNL:44,1234,1237
FNA:44,56,_ZNK4xlnt9worksheet15page_break_rowsEv
FNL:45,1239,1242
FNA:45,0,_ZN4xlnt9worksheet20page_break_at_columnENS_8column_tE
FNL:46,1244,1247
FNA:46,56,_ZNK4xlnt9worksheet18page_break_columnsEv
FNL:47,1249,1261
FNA:47,35,_ZNK4xlnt9worksheet12column_widthENS_8column_tE
FNL:48,1263,1275
FNA:48,17,_ZNK4xlnt9worksheet10row_heightEj
FNL:49,127,130
FNA:49,57,_ZNK4xlnt9worksheet16has_page_marginsEv
FNL:50,1277,1280
FNA:50,18,_ZN4xlnt9worksheet24garbage_collect_formulaeEv
FNL:51,1282,1285
FNA:51,2,_ZN4xlnt9worksheet6parentERNS_8workbookE
FNL:52,1287,1290
FNA:52,1,_ZN4xlnt9worksheet18conditional_formatERKNS_15range_referenceERKNS_9conditionE
FNL:53,1292,1296
FNA:53,51,_ZNK4xlnt9worksheet4pathEv
FNL:54,1298,1307
FNA:54,53,_ZNK4xlnt9worksheet22referring_relationshipEv
FNL:55,1309,1312
FNA:55,56,_ZNK4xlnt9worksheet17format_propertiesEv
FNL:56,1314,1317
FNA:56,3,_ZN4xlnt9worksheet17format_propertiesERKNS_23sheet_format_propertiesE
FNL:57,1319,1322
FNA:57,3,_ZNK4xlnt9worksheet11has_drawingEv
FNL:58,132,135
FNA:58,244,_ZNK4xlnt9worksheet14has_page_setupEv
FNL:59,1324,1327
FNA:59,0,_ZNK4xlnt9worksheet8is_emptyEv
FNL:60,137,140
FNA:60,301,_ZNK4xlnt9worksheet12page_marginsEv
FNL:61,142,145
FNA:61,353,_ZN4xlnt9worksheet12page_marginsERKNS_12page_marginsE
FNL:62,147,150
FNA:62,1,_ZN4xlnt9worksheet11auto_filterERKNSt7__cxx1112basic_stringIcSt11char_traitsIcESaIcEEE
FNL:63,152,155
FNA:63,2,_ZN4xlnt9worksheet11auto_filterERKNS_15range_referenceE
FNL:64,157,160
FNA:64,0,_ZN4xlnt9worksheet11auto_filterERKNS_5rangeE
FNL:65,162,165
FNA:65,3,_ZNK4xlnt9worksheet11auto_filterEv
FNL:66,167,170
FNA:66,115,_ZNK4xlnt9worksheet15has_auto_filterEv
FNL:67,172,175
FNA:67,0,_ZN4xlnt9worksheet17clear_auto_filterEv
FNL:68,177,180
FNA:68,25,_ZN4xlnt9worksheet10page_setupERKNS_10page_setupE
FNL:69,182,190
FNA:69,71,_ZNK4xlnt9worksheet10page_setupEv
FNL:70,192,195
FNA:70,11052,_ZN4xlnt9worksheet8workbookEv
FNL:71,197,200
FNA:71,321,_ZNK4xlnt9worksheet8workbookEv
FNL:72,202,217
FNA:72,1,_ZN4xlnt9worksheet15garbage_collectEv
FNL:73,219,222
FNA:73,0,_ZN4xlnt9worksheet2idEm
FNL:74,224,227
FNA:74,268,_ZNK4xlnt9worksheet2idEv
FNL:75,229,232
FNA:75,1201,_ZNK4xlnt9worksheet5titleB5cxx11Ev
FNL:76,234,265
FNA:76,37,_ZN4xlnt9worksheet5titleERKNSt7__cxx1112basic_stringIcSt11char_traitsIcESaIcEEE
FNL:77,267,275
FNA:77,2,_ZNK4xlnt9worksheet12frozen_panesEv
FNL:78,277,280
FNA:78,2,_ZN4xlnt9worksheet12freeze_panesENS_4cellE
FNL:79,282,325
FNA:79,8,_ZN4xlnt9worksheet12freeze_panesERKNS_14cell_referenceE
FNL:80,327,335
FNA:80,2,_ZN4xlnt9worksheet14unfreeze_panesEv
FNL:81,337,354
FNA:81,1,_ZN4xlnt9worksheet11active_cellERKNS_14cell_referenceE
FNL:82,356,364
FNA:82,3,_ZNK4xlnt9worksheet15has_active_cellEv
FNL:83,366,381
FNA:83,2,_ZNK4xlnt9worksheet11active_cellEv
FNL:84,383,396
FNA:84,23449,_ZN4xlnt9worksheet4cellERKNS_14cell_referenceE
FNL:85,398,401
FNA:85,36,_ZNK4xlnt9worksheet4cellERKNS_14cell_referenceE
FNL:86,403,406
FNA:86,23,_ZN4xlnt9worksheet4cellENS_8column_tEj
FNL:87,408,411
FNA:87,0,_ZNK4xlnt9worksheet4cellENS_8column_tEj
FNL:88,413,417
FNA:88,14336,_ZNK4xlnt9worksheet8has_cellERKNS_14cell_referenceE
FNL:89,419,422
FNA:89,3008,_ZNK4xlnt9worksheet18has_row_propertiesEj
FNL:90,424,437
FNA:90,9,_ZN4xlnt9worksheet11named_rangeERKNSt7__cxx1112basic_stringIcSt11char_traitsIcESaIcEEE
FNL:91,439,452
FNA:91,0,_ZNK4xlnt9worksheet11named_rangeERKNSt7__cxx1112basic_stringIcSt11char_traitsIcESaIcEEE
FNL:92,454,469
FNA:92,61,_ZNK4xlnt9worksheet13lowest_columnEv
FNL:93,471,486
FNA:93,57,_ZNK4xlnt9worksheet22lowest_column_or_propsEv
FNL:94,488,503
FNA:94,85,_ZNK4xlnt9worksheet10lowest_rowEv
FNL:95,505,520
FNA:95,57,_ZNK4xlnt9worksheet19lowest_row_or_propsEv
FNL:96,522,532
FNA:96,91,_ZNK4xlnt9worksheet11highest_rowEv
FNL:97,534,549
FNA:97,57,_ZNK4xlnt9worksheet20highest_row_or_propsEv
FNL:98,551,561
FNA:98,62,_ZNK4xlnt9worksheet14highest_columnEv
FNL:99,563,578
FNA:99,57,_ZNK4xlnt9worksheet23highest_column_or_propsEv
FNL:100,57,60
FNA:100,52,_ZN12_GLOBAL__N_116points_to_pixelsEdd
FNL:101,580,626
FNA:101,175,_ZNK4xlnt9worksheet19calculate_dimensionEbb
FNL:102,628,636
FNA:102,22,_ZN4xlnt9worksheet5rangeERKNSt7__cxx1112basic_stringIcSt11char_traitsIcESaIcEEE
FNL:103,638,646
FNA:103,1,_ZNK4xlnt9worksheet5rangeERKNSt7__cxx1112basic_stringIcSt11char_traitsIcESaIcEEE
FNL:104,648,651
FNA:104,40,_ZN4xlnt9worksheet5rangeERKNS_15range_referenceE
FNL:105,653,656
FNA:105,1,_ZNK4xlnt9worksheet5rangeERKNS_15range_referenceE
FNL:106,658,661
FNA:106,10,_ZN4xlnt9worksheet11merge_cellsERKNSt7__cxx1112basic_stringIcSt11char_traitsIcESaIcEEE
FNL:107,66,69
FNA:107,6,_ZN4xlnt9worksheetC2Ev
FNL:108,663,666
FNA:108,2,_ZN4xlnt9worksheet13unmerge_cellsERKNSt7__cxx1112basic_stringIcSt11char_traitsIcESaIcEEE
FNL:109,668,694
FNA:109,12,_ZN4xlnt9worksheet11merge_cellsERKNS_15range_referenceE
FNL:110,696,714
FNA:110,2,_ZN4xlnt9worksheet13unmerge_cellsERKNS_15range_referenceE
FNL:111,71,74
FNA:111,13483,_ZN4xlnt9worksheetC2EPNS_6detail14worksheet_implE
FNL:112,716,726
FNA:112,0,_ZNK4xlnt9worksheet8next_rowEv
FNL:113,728,731
FNA:113,41,_ZN4xlnt9worksheet4rowsEb
FNL:114,733,736
FNA:114,6,_ZNK4xlnt9worksheet4rowsEb
FNL:115,738,741
FNA:115,16,_ZN4xlnt9worksheet7columnsEb
FNL:116,743,746
FNA:116,2,_ZNK4xlnt9worksheet7columnsEb
FNL:117,76,79
FNA:117,4425,_ZN4xlnt9worksheetC2ERKS0_
FNL:118,764,768
FNA:118,7,_ZN4xlnt9worksheet10clear_cellERKNS_14cell_referenceE
FNL:119,770,785
FNA:119,1,_ZN4xlnt9worksheet9clear_rowEj
FNL:120,787,790
FNA:120,3,_ZN4xlnt9worksheet11insert_rowsEjj
FNL:121,792,795
FNA:121,2,_ZN4xlnt9worksheet14insert_columnsENS_8column_tEj
FNL:122,797,800
FNA:122,2,_ZN4xlnt9worksheet11delete_rowsEjj
FNL:123,802,805
FNA:123,2,_ZN4xlnt9worksheet14delete_columnsENS_8column_tEj
FNL:124,807,957
FNA:124,9,_ZN4xlnt9worksheet10move_cellsEjjNS_12row_or_col_tEb
FNL:125,81,86
FNA:125,4,_ZNK4xlnt9worksheet16has_frozen_panesEv
FNL:126,88,91
FNA:126,6,_ZN4xlnt9worksheet18create_named_rangeERKNSt7__cxx1112basic_stringIcSt11char_traitsIcESaIcEEES8_
FNL:127,927,941
FNA:127,48,_ZZN4xlnt9worksheet10move_cellsEjjNS_12row_or_col_tEbENKUlRNS_14cell_referenceEE_clES3_
FNL:128,93,115
FNA:128,12,_ZN4xlnt9worksheet18create_named_rangeERKNSt7__cxx1112basic_stringIcSt11char_traitsIcESaIcEEERKNS_15range_referenceE
FNL:129,959,962
FNA:129,2089,_ZNK4xlnt9worksheeteqERKS0_
FNL:130,964,974
FNA:130,2091,_ZNK4xlnt9worksheet7compareERKS0_b
FNL:131,976,979
FNA:131,1,_ZNK4xlnt9worksheetneERKS0_
FNL:132,981,984
FNA:132,0,_ZNK4xlnt9worksheeteqEDn
FNL:133,986,989
FNA:133,0,_ZNK4xlnt9worksheetneEDn
FNL:134,991,994
FNA:134,6,_ZN4xlnt9worksheetaSERKS0_
FNL:135,996,999
FNA:135,0,_ZNK4xlnt9worksheetixERKNS_14cell_referenceE
FNF:136
FNH:118
DA:57,52
DA:59,52
DA:66,6
DA:67,6
DA:69,6
DA:71,13483
DA:72,13483
DA:74,13483
DA:76,4425
DA:77,4425
DA:79,4425
DA:81,4
DA:83,8
DA:84,8
DA:85,4
DA:88,6
DA:90,6
DA:91,4
DA:93,12
DA:97,12
DA:101,4
DA:103,2
DA:105,4
DA:106,10
DA:109,8
DA:111,10
DA:112,10
DA:114,10
DA:115,10
DA:117,109
DA:119,109
DA:122,67
DA:124,67
DA:127,57
DA:129,57
DA:132,244
DA:134,244
DA:137,301
DA:139,301
DA:142,353
DA:144,353
DA:145,353
DA:147,1
DA:149,1
DA:150,1
DA:152,2
DA:154,2
DA:155,2
DA:157,0
DA:159,0
DA:160,0
DA:162,3
DA:164,3
DA:167,115
DA:169,115
DA:172,0
DA:174,0
DA:175,0
DA:177,25
DA:179,25
DA:180,25
DA:182,71
DA:184,71
DA:186,0
DA:189,71
DA:192,11052
DA:194,11052
DA:197,321
DA:199,321
DA:202,1
DA:204,1
DA:206,2
DA:208,1
DA:210,0
DA:214,1
DA:217,1
DA:219,0
DA:221,0
DA:222,0
DA:224,268
DA:226,268
DA:229,1201
DA:231,1201
DA:234,37
DA:237,37
DA:239,6
DA:242,31
DA:244,2
DA:247,28
DA:249,7
DA:253,42
DA:254,42
DA:255,21
DA:257,2
DA:261,19
DA:262,19
DA:264,19
DA:267,2
DA:269,2
DA:271,0
DA:274,2
DA:277,2
DA:279,2
DA:280,2
DA:282,8
DA:284,8
DA:286,1
DA:287,1
DA:289,7
DA:291,0
DA:294,7
DA:295,7
DA:297,7
DA:300,7
DA:301,7
DA:303,7
DA:304,7
DA:306,1
DA:307,1
DA:308,1
DA:310,6
DA:312,1
DA:313,1
DA:314,1
DA:318,5
DA:319,5
DA:320,5
DA:321,5
DA:322,5
DA:323,5
DA:327,2
DA:329,2
DA:331,2
DA:333,2
DA:334,2
DA:337,1
DA:339,1
DA:341,0
DA:344,1
DA:346,1
DA:348,1
DA:352,0
DA:354,1
DA:356,3
DA:358,3
DA:359,3
DA:360,3
DA:361,2
DA:363,2
DA:364,2
DA:366,2
DA:368,2
DA:370,0
DA:373,2
DA:375,2
DA:377,0
DA:380,2
DA:383,23449
DA:385,23449
DA:386,23449
DA:388,11365
DA:389,11365
DA:390,11365
DA:391,11365
DA:393,11365
DA:394,11365
DA:395,23449
DA:398,36
DA:400,36
DA:403,23
DA:405,23
DA:408,0
DA:410,0
DA:413,14336
DA:415,14336
DA:416,14336
DA:419,3008
DA:421,3008
DA:424,9
DA:426,9
DA:428,1
DA:431,8
DA:433,1
DA:436,7
DA:439,0
DA:441,0
DA:443,0
DA:446,0
DA:448,0
DA:451,0
DA:454,61
DA:456,61
DA:458,20
DA:461,41
DA:463,11263
DA:465,11222
DA:468,41
DA:471,57
DA:473,57
DA:475,57
DA:477,1
DA:480,1391
DA:482,1334
DA:485,57
DA:488,85
DA:490,85
DA:492,34
DA:495,51
DA:497,21743
DA:499,21692
DA:502,51
DA:505,57
DA:507,57
DA:509,57
DA:511,1
DA:514,1341
DA:516,1284
DA:519,57
DA:522,91
DA:524,91
DA:526,22341
DA:528,22250
DA:531,91
DA:534,57
DA:536,57
DA:538,57
DA:540,1
DA:543,1341
DA:545,1284
DA:548,57
DA:551,62
DA:553,62
DA:555,11285
DA:557,11223
DA:560,62
DA:563,57
DA:565,57
DA:567,57
DA:569,1
DA:572,1391
DA:574,1334
DA:577,57
DA:580,175
DA:586,175
DA:589,29
DA:594,146
DA:595,146
DA:596,146
DA:598,2841
DA:600,2740
DA:601,2734
DA:603,2740
DA:606,146
DA:609,0
DA:612,146
DA:613,146
DA:614,146
DA:615,146
DA:616,23620
DA:618,23474
DA:619,23429
DA:620,23429
DA:622,23474
DA:623,23474
DA:625,146
DA:628,22
DA:630,22
DA:632,3
DA:635,19
DA:638,1
DA:640,1
DA:642,0
DA:645,1
DA:648,40
DA:650,40
DA:653,1
DA:655,1
DA:658,10
DA:660,10
DA:661,10
DA:663,2
DA:665,2
DA:666,1
DA:668,12
DA:670,12
DA:671,12
DA:673,154
DA:675,831
DA:677,760
DA:679,760
DA:681,748
DA:683,1
DA:687,747
DA:691,760
DA:693,12
DA:694,12
DA:696,2
DA:698,2
DA:700,2
DA:702,1
DA:705,1
DA:707,9
DA:709,36
DA:711,16
DA:713,1
DA:714,1
DA:716,0
DA:718,0
DA:720,0
DA:722,0
DA:725,0
DA:728,41
DA:730,41
DA:733,6
DA:735,6
DA:738,16
DA:740,16
DA:743,2
DA:745,2
DA:764,7
DA:766,7
DA:768,7
DA:770,1
DA:772,141
DA:774,140
DA:776,4
DA:780,136
DA:783,1
DA:785,1
DA:787,3
DA:789,3
DA:790,2
DA:792,2
DA:794,2
DA:795,2
DA:797,2
DA:799,2
DA:800,2
DA:802,2
DA:804,2
DA:805,2
DA:807,9
DA:809,9
DA:811,0
DA:814,9
DA:816,3
DA:819,8
DA:821,8
DA:822,96
DA:825,88
DA:827,44
DA:828,44
DA:829,44
DA:830,44
DA:831,44
DA:832,44
DA:833,0
DA:834,0
DA:837,88
DA:839,40
DA:840,40
DA:842,24
DA:844,16
DA:846,16
DA:849,40
DA:850,40
DA:851,40
DA:852,48
DA:854,16
DA:858,32
DA:862,48
DA:864,40
DA:867,8
DA:869,4
DA:871,4
DA:872,10
DA:874,6
DA:875,6
DA:877,2
DA:878,2
DA:879,2
DA:881,4
DA:883,2
DA:887,2
DA:891,6
DA:893,2
DA:895,4
DA:896,4
DA:898,4
DA:900,4
DA:901,10
DA:903,6
DA:904,6
DA:906,2
DA:907,2
DA:908,2
DA:910,4
DA:912,2
DA:916,2
DA:920,6
DA:922,2
DA:924,4
DA:927,48
DA:928,48
DA:929,48
DA:931,28
DA:932,28
DA:934,18
DA:936,10
DA:938,10
DA:941,48
DA:943,32
DA:945,24
DA:946,24
DA:948,24
DA:949,24
DA:951,24
DA:952,24
DA:954,16
DA:957,8
DA:959,2089
DA:961,2089
DA:964,2091
DA:966,2091
DA:968,2089
DA:972,2
DA:976,1
DA:978,1
DA:981,0
DA:983,0
DA:986,0
DA:988,0
DA:991,6
DA:993,6
DA:994,6
DA:996,0
DA:998,0
DA:1001,60
DA:1003,60
DA:1006,2
DA:1008,2
DA:1010,1
DA:1013,1
DA:1014,1
DA:1016,1
DA:1018,1
DA:1019,1
DA:1021,21
DA:1023,21
DA:1026,1
DA:1028,1
DA:1029,1
DA:1031,1
DA:1032,1
DA:1034,2
DA:1036,1
DA:1039,2
DA:1041,1
DA:1044,1
DA:1047,0
DA:1049,0
DA:1050,0
DA:1052,8
DA:1054,8
DA:1057,43619
DA:1059,43619
DA:1060,43619
DA:1062,1601
DA:1064,1601
DA:1067,1354
DA:1069,1354
DA:1072,0
DA:1074,0
DA:1077,1400
DA:1079,1400
DA:1082,14
DA:1084,14
DA:1087,14
DA:1089,14
DA:1090,14
DA:1092,3
DA:1094,3
DA:1097,3
DA:1099,3
DA:1102,2
DA:1104,2
DA:1107,2
DA:1109,2
DA:1112,2
DA:1114,2
DA:1117,2
DA:1119,2
DA:1122,2
DA:1124,2
DA:1125,2
DA:1127,10
DA:1129,10
DA:1132,2
DA:1134,2
DA:1135,2
DA:1137,10
DA:1139,10
DA:1142,59
DA:1144,59
DA:1147,0
DA:1149,0
DA:1150,0
DA:1151,0
DA:1153,2
DA:1155,2
DA:1156,2
DA:1158,4
DA:1160,4
DA:1163,59
DA:1165,59
DA:1168,0
DA:1170,0
DA:1173,71
DA:1175,71
DA:1178,68
DA:1180,68
DA:1183,251
DA:1185,251
DA:1186,251
DA:1188,34
DA:1190,34
DA:1191,34
DA:1193,17
DA:1195,17
DA:1196,17
DA:1198,56
DA:1200,56
DA:1203,4
DA:1205,4
DA:1208,0
DA:1210,0
DA:1211,0
DA:1213,57
DA:1215,57
DA:1218,18
DA:1220,18
DA:1221,18
DA:1223,0
DA:1225,0
DA:1226,0
DA:1227,0
DA:1229,0
DA:1231,0
DA:1232,0
DA:1234,56
DA:1236,56
DA:1239,0
DA:1241,0
DA:1242,0
DA:1244,56
DA:1246,56
DA:1249,35
DA:1253,35
DA:1255,0
DA:1259,35
DA:1263,17
DA:1267,17
DA:1269,0
DA:1273,17
DA:1277,18
DA:1279,18
DA:1280,18
DA:1282,2
DA:1284,2
DA:1285,2
DA:1287,1
DA:1289,1
DA:1292,51
DA:1294,51
DA:1295,102
DA:1296,51
DA:1298,53
DA:1300,53
DA:1301,53
DA:1302,106
DA:1303,53
DA:1304,106
DA:1305,53
DA:1306,53
DA:1307,53
DA:1309,56
DA:1311,56
DA:1314,3
DA:1316,3
DA:1317,3
DA:1319,3
DA:1321,3
DA:1324,0
DA:1326,0
LF:594
LH:525
end_of_record
